[2022-03-17 20:46:51,421] {processor.py:163} INFO - Started process (PID=349) to work on /usr/local/lib/python3.9/site-packages/airflow/example_dags/example_kubernetes_executor.py
[2022-03-17 20:46:51,422] {processor.py:642} INFO - Processing file /usr/local/lib/python3.9/site-packages/airflow/example_dags/example_kubernetes_executor.py for tasks to queue
[2022-03-17 20:46:51,422] {logging_mixin.py:109} INFO - [2022-03-17 20:46:51,422] {dagbag.py:500} INFO - Filling up the DagBag from /usr/local/lib/python3.9/site-packages/airflow/example_dags/example_kubernetes_executor.py
[2022-03-17 20:46:51,428] {logging_mixin.py:109} INFO - [2022-03-17 20:46:51,428] {example_kubernetes_executor.py:39} WARNING - The example_kubernetes_executor example DAG requires the kubernetes provider. Please install it with: pip install apache-airflow[cncf.kubernetes]
[2022-03-17 20:46:51,444] {processor.py:656} WARNING - No viable dags retrieved from /usr/local/lib/python3.9/site-packages/airflow/example_dags/example_kubernetes_executor.py
[2022-03-17 20:46:51,446] {processor.py:171} INFO - Processing /usr/local/lib/python3.9/site-packages/airflow/example_dags/example_kubernetes_executor.py took 0.027 seconds
[2022-03-17 20:47:21,915] {processor.py:163} INFO - Started process (PID=381) to work on /usr/local/lib/python3.9/site-packages/airflow/example_dags/example_kubernetes_executor.py
[2022-03-17 20:47:21,916] {processor.py:642} INFO - Processing file /usr/local/lib/python3.9/site-packages/airflow/example_dags/example_kubernetes_executor.py for tasks to queue
[2022-03-17 20:47:21,916] {logging_mixin.py:109} INFO - [2022-03-17 20:47:21,916] {dagbag.py:500} INFO - Filling up the DagBag from /usr/local/lib/python3.9/site-packages/airflow/example_dags/example_kubernetes_executor.py
[2022-03-17 20:47:21,923] {logging_mixin.py:109} INFO - [2022-03-17 20:47:21,923] {example_kubernetes_executor.py:39} WARNING - The example_kubernetes_executor example DAG requires the kubernetes provider. Please install it with: pip install apache-airflow[cncf.kubernetes]
[2022-03-17 20:47:21,939] {processor.py:656} WARNING - No viable dags retrieved from /usr/local/lib/python3.9/site-packages/airflow/example_dags/example_kubernetes_executor.py
[2022-03-17 20:47:21,941] {processor.py:171} INFO - Processing /usr/local/lib/python3.9/site-packages/airflow/example_dags/example_kubernetes_executor.py took 0.028 seconds
[2022-03-17 20:47:52,224] {processor.py:163} INFO - Started process (PID=413) to work on /usr/local/lib/python3.9/site-packages/airflow/example_dags/example_kubernetes_executor.py
[2022-03-17 20:47:52,225] {processor.py:642} INFO - Processing file /usr/local/lib/python3.9/site-packages/airflow/example_dags/example_kubernetes_executor.py for tasks to queue
[2022-03-17 20:47:52,225] {logging_mixin.py:109} INFO - [2022-03-17 20:47:52,225] {dagbag.py:500} INFO - Filling up the DagBag from /usr/local/lib/python3.9/site-packages/airflow/example_dags/example_kubernetes_executor.py
[2022-03-17 20:47:52,232] {logging_mixin.py:109} INFO - [2022-03-17 20:47:52,232] {example_kubernetes_executor.py:39} WARNING - The example_kubernetes_executor example DAG requires the kubernetes provider. Please install it with: pip install apache-airflow[cncf.kubernetes]
[2022-03-17 20:47:52,247] {processor.py:656} WARNING - No viable dags retrieved from /usr/local/lib/python3.9/site-packages/airflow/example_dags/example_kubernetes_executor.py
[2022-03-17 20:47:52,249] {processor.py:171} INFO - Processing /usr/local/lib/python3.9/site-packages/airflow/example_dags/example_kubernetes_executor.py took 0.028 seconds
[2022-03-17 20:48:22,539] {processor.py:163} INFO - Started process (PID=445) to work on /usr/local/lib/python3.9/site-packages/airflow/example_dags/example_kubernetes_executor.py
[2022-03-17 20:48:22,539] {processor.py:642} INFO - Processing file /usr/local/lib/python3.9/site-packages/airflow/example_dags/example_kubernetes_executor.py for tasks to queue
[2022-03-17 20:48:22,540] {logging_mixin.py:109} INFO - [2022-03-17 20:48:22,540] {dagbag.py:500} INFO - Filling up the DagBag from /usr/local/lib/python3.9/site-packages/airflow/example_dags/example_kubernetes_executor.py
[2022-03-17 20:48:22,546] {logging_mixin.py:109} INFO - [2022-03-17 20:48:22,546] {example_kubernetes_executor.py:39} WARNING - The example_kubernetes_executor example DAG requires the kubernetes provider. Please install it with: pip install apache-airflow[cncf.kubernetes]
[2022-03-17 20:48:22,562] {processor.py:656} WARNING - No viable dags retrieved from /usr/local/lib/python3.9/site-packages/airflow/example_dags/example_kubernetes_executor.py
[2022-03-17 20:48:22,564] {processor.py:171} INFO - Processing /usr/local/lib/python3.9/site-packages/airflow/example_dags/example_kubernetes_executor.py took 0.027 seconds
[2022-03-17 20:48:52,924] {processor.py:163} INFO - Started process (PID=477) to work on /usr/local/lib/python3.9/site-packages/airflow/example_dags/example_kubernetes_executor.py
[2022-03-17 20:48:52,927] {processor.py:642} INFO - Processing file /usr/local/lib/python3.9/site-packages/airflow/example_dags/example_kubernetes_executor.py for tasks to queue
[2022-03-17 20:48:52,927] {logging_mixin.py:109} INFO - [2022-03-17 20:48:52,927] {dagbag.py:500} INFO - Filling up the DagBag from /usr/local/lib/python3.9/site-packages/airflow/example_dags/example_kubernetes_executor.py
[2022-03-17 20:48:52,938] {logging_mixin.py:109} INFO - [2022-03-17 20:48:52,938] {example_kubernetes_executor.py:39} WARNING - The example_kubernetes_executor example DAG requires the kubernetes provider. Please install it with: pip install apache-airflow[cncf.kubernetes]
[2022-03-17 20:48:52,957] {processor.py:656} WARNING - No viable dags retrieved from /usr/local/lib/python3.9/site-packages/airflow/example_dags/example_kubernetes_executor.py
[2022-03-17 20:48:52,959] {processor.py:171} INFO - Processing /usr/local/lib/python3.9/site-packages/airflow/example_dags/example_kubernetes_executor.py took 0.037 seconds
[2022-03-17 20:49:23,287] {processor.py:163} INFO - Started process (PID=509) to work on /usr/local/lib/python3.9/site-packages/airflow/example_dags/example_kubernetes_executor.py
[2022-03-17 20:49:23,288] {processor.py:642} INFO - Processing file /usr/local/lib/python3.9/site-packages/airflow/example_dags/example_kubernetes_executor.py for tasks to queue
[2022-03-17 20:49:23,288] {logging_mixin.py:109} INFO - [2022-03-17 20:49:23,288] {dagbag.py:500} INFO - Filling up the DagBag from /usr/local/lib/python3.9/site-packages/airflow/example_dags/example_kubernetes_executor.py
[2022-03-17 20:49:23,294] {logging_mixin.py:109} INFO - [2022-03-17 20:49:23,294] {example_kubernetes_executor.py:39} WARNING - The example_kubernetes_executor example DAG requires the kubernetes provider. Please install it with: pip install apache-airflow[cncf.kubernetes]
[2022-03-17 20:49:23,308] {processor.py:656} WARNING - No viable dags retrieved from /usr/local/lib/python3.9/site-packages/airflow/example_dags/example_kubernetes_executor.py
[2022-03-17 20:49:23,310] {processor.py:171} INFO - Processing /usr/local/lib/python3.9/site-packages/airflow/example_dags/example_kubernetes_executor.py took 0.026 seconds
[2022-03-17 20:49:53,557] {processor.py:163} INFO - Started process (PID=541) to work on /usr/local/lib/python3.9/site-packages/airflow/example_dags/example_kubernetes_executor.py
[2022-03-17 20:49:53,558] {processor.py:642} INFO - Processing file /usr/local/lib/python3.9/site-packages/airflow/example_dags/example_kubernetes_executor.py for tasks to queue
[2022-03-17 20:49:53,558] {logging_mixin.py:109} INFO - [2022-03-17 20:49:53,558] {dagbag.py:500} INFO - Filling up the DagBag from /usr/local/lib/python3.9/site-packages/airflow/example_dags/example_kubernetes_executor.py
[2022-03-17 20:49:53,564] {logging_mixin.py:109} INFO - [2022-03-17 20:49:53,564] {example_kubernetes_executor.py:39} WARNING - The example_kubernetes_executor example DAG requires the kubernetes provider. Please install it with: pip install apache-airflow[cncf.kubernetes]
[2022-03-17 20:49:53,580] {processor.py:656} WARNING - No viable dags retrieved from /usr/local/lib/python3.9/site-packages/airflow/example_dags/example_kubernetes_executor.py
[2022-03-17 20:49:53,581] {processor.py:171} INFO - Processing /usr/local/lib/python3.9/site-packages/airflow/example_dags/example_kubernetes_executor.py took 0.026 seconds
[2022-03-17 20:50:23,952] {processor.py:163} INFO - Started process (PID=573) to work on /usr/local/lib/python3.9/site-packages/airflow/example_dags/example_kubernetes_executor.py
[2022-03-17 20:50:23,953] {processor.py:642} INFO - Processing file /usr/local/lib/python3.9/site-packages/airflow/example_dags/example_kubernetes_executor.py for tasks to queue
[2022-03-17 20:50:23,953] {logging_mixin.py:109} INFO - [2022-03-17 20:50:23,953] {dagbag.py:500} INFO - Filling up the DagBag from /usr/local/lib/python3.9/site-packages/airflow/example_dags/example_kubernetes_executor.py
[2022-03-17 20:50:23,959] {logging_mixin.py:109} INFO - [2022-03-17 20:50:23,959] {example_kubernetes_executor.py:39} WARNING - The example_kubernetes_executor example DAG requires the kubernetes provider. Please install it with: pip install apache-airflow[cncf.kubernetes]
[2022-03-17 20:50:23,973] {processor.py:656} WARNING - No viable dags retrieved from /usr/local/lib/python3.9/site-packages/airflow/example_dags/example_kubernetes_executor.py
[2022-03-17 20:50:23,975] {processor.py:171} INFO - Processing /usr/local/lib/python3.9/site-packages/airflow/example_dags/example_kubernetes_executor.py took 0.025 seconds
[2022-03-17 20:50:54,297] {processor.py:163} INFO - Started process (PID=605) to work on /usr/local/lib/python3.9/site-packages/airflow/example_dags/example_kubernetes_executor.py
[2022-03-17 20:50:54,298] {processor.py:642} INFO - Processing file /usr/local/lib/python3.9/site-packages/airflow/example_dags/example_kubernetes_executor.py for tasks to queue
[2022-03-17 20:50:54,299] {logging_mixin.py:109} INFO - [2022-03-17 20:50:54,299] {dagbag.py:500} INFO - Filling up the DagBag from /usr/local/lib/python3.9/site-packages/airflow/example_dags/example_kubernetes_executor.py
[2022-03-17 20:50:54,306] {logging_mixin.py:109} INFO - [2022-03-17 20:50:54,306] {example_kubernetes_executor.py:39} WARNING - The example_kubernetes_executor example DAG requires the kubernetes provider. Please install it with: pip install apache-airflow[cncf.kubernetes]
[2022-03-17 20:50:54,323] {processor.py:656} WARNING - No viable dags retrieved from /usr/local/lib/python3.9/site-packages/airflow/example_dags/example_kubernetes_executor.py
[2022-03-17 20:50:54,326] {processor.py:171} INFO - Processing /usr/local/lib/python3.9/site-packages/airflow/example_dags/example_kubernetes_executor.py took 0.033 seconds
[2022-03-17 20:51:24,653] {processor.py:163} INFO - Started process (PID=637) to work on /usr/local/lib/python3.9/site-packages/airflow/example_dags/example_kubernetes_executor.py
[2022-03-17 20:51:24,654] {processor.py:642} INFO - Processing file /usr/local/lib/python3.9/site-packages/airflow/example_dags/example_kubernetes_executor.py for tasks to queue
[2022-03-17 20:51:24,654] {logging_mixin.py:109} INFO - [2022-03-17 20:51:24,654] {dagbag.py:500} INFO - Filling up the DagBag from /usr/local/lib/python3.9/site-packages/airflow/example_dags/example_kubernetes_executor.py
[2022-03-17 20:51:24,660] {logging_mixin.py:109} INFO - [2022-03-17 20:51:24,660] {example_kubernetes_executor.py:39} WARNING - The example_kubernetes_executor example DAG requires the kubernetes provider. Please install it with: pip install apache-airflow[cncf.kubernetes]
[2022-03-17 20:51:24,677] {processor.py:656} WARNING - No viable dags retrieved from /usr/local/lib/python3.9/site-packages/airflow/example_dags/example_kubernetes_executor.py
[2022-03-17 20:51:24,679] {processor.py:171} INFO - Processing /usr/local/lib/python3.9/site-packages/airflow/example_dags/example_kubernetes_executor.py took 0.028 seconds
[2022-03-17 20:51:54,928] {processor.py:163} INFO - Started process (PID=669) to work on /usr/local/lib/python3.9/site-packages/airflow/example_dags/example_kubernetes_executor.py
[2022-03-17 20:51:54,929] {processor.py:642} INFO - Processing file /usr/local/lib/python3.9/site-packages/airflow/example_dags/example_kubernetes_executor.py for tasks to queue
[2022-03-17 20:51:54,929] {logging_mixin.py:109} INFO - [2022-03-17 20:51:54,929] {dagbag.py:500} INFO - Filling up the DagBag from /usr/local/lib/python3.9/site-packages/airflow/example_dags/example_kubernetes_executor.py
[2022-03-17 20:51:54,935] {logging_mixin.py:109} INFO - [2022-03-17 20:51:54,935] {example_kubernetes_executor.py:39} WARNING - The example_kubernetes_executor example DAG requires the kubernetes provider. Please install it with: pip install apache-airflow[cncf.kubernetes]
[2022-03-17 20:51:54,951] {processor.py:656} WARNING - No viable dags retrieved from /usr/local/lib/python3.9/site-packages/airflow/example_dags/example_kubernetes_executor.py
[2022-03-17 20:51:54,953] {processor.py:171} INFO - Processing /usr/local/lib/python3.9/site-packages/airflow/example_dags/example_kubernetes_executor.py took 0.028 seconds
