[2022-03-17 20:46:58,710] {processor.py:163} INFO - Started process (PID=377) to work on /usr/local/lib/python3.9/site-packages/airflow/example_dags/example_branch_python_dop_operator_3.py
[2022-03-17 20:46:58,711] {processor.py:642} INFO - Processing file /usr/local/lib/python3.9/site-packages/airflow/example_dags/example_branch_python_dop_operator_3.py for tasks to queue
[2022-03-17 20:46:58,712] {logging_mixin.py:109} INFO - [2022-03-17 20:46:58,712] {dagbag.py:500} INFO - Filling up the DagBag from /usr/local/lib/python3.9/site-packages/airflow/example_dags/example_branch_python_dop_operator_3.py
[2022-03-17 20:46:58,743] {processor.py:654} INFO - DAG(s) dict_keys(['example_branch_dop_operator_v3']) retrieved from /usr/local/lib/python3.9/site-packages/airflow/example_dags/example_branch_python_dop_operator_3.py
[2022-03-17 20:46:58,752] {logging_mixin.py:109} INFO - [2022-03-17 20:46:58,751] {dag.py:2398} INFO - Sync 1 DAGs
[2022-03-17 20:46:58,770] {logging_mixin.py:109} INFO - [2022-03-17 20:46:58,770] {dag.py:2937} INFO - Setting next_dagrun for example_branch_dop_operator_v3 to 2022-03-17T20:45:00+00:00
[2022-03-17 20:46:58,777] {processor.py:171} INFO - Processing /usr/local/lib/python3.9/site-packages/airflow/example_dags/example_branch_python_dop_operator_3.py took 0.070 seconds
[2022-03-17 20:47:29,021] {processor.py:163} INFO - Started process (PID=409) to work on /usr/local/lib/python3.9/site-packages/airflow/example_dags/example_branch_python_dop_operator_3.py
[2022-03-17 20:47:29,022] {processor.py:642} INFO - Processing file /usr/local/lib/python3.9/site-packages/airflow/example_dags/example_branch_python_dop_operator_3.py for tasks to queue
[2022-03-17 20:47:29,023] {logging_mixin.py:109} INFO - [2022-03-17 20:47:29,022] {dagbag.py:500} INFO - Filling up the DagBag from /usr/local/lib/python3.9/site-packages/airflow/example_dags/example_branch_python_dop_operator_3.py
[2022-03-17 20:47:29,051] {processor.py:654} INFO - DAG(s) dict_keys(['example_branch_dop_operator_v3']) retrieved from /usr/local/lib/python3.9/site-packages/airflow/example_dags/example_branch_python_dop_operator_3.py
[2022-03-17 20:47:29,057] {logging_mixin.py:109} INFO - [2022-03-17 20:47:29,057] {dag.py:2398} INFO - Sync 1 DAGs
[2022-03-17 20:47:29,072] {logging_mixin.py:109} INFO - [2022-03-17 20:47:29,072] {dag.py:2937} INFO - Setting next_dagrun for example_branch_dop_operator_v3 to 2022-03-17T20:46:00+00:00
[2022-03-17 20:47:29,078] {processor.py:171} INFO - Processing /usr/local/lib/python3.9/site-packages/airflow/example_dags/example_branch_python_dop_operator_3.py took 0.060 seconds
[2022-03-17 20:47:59,349] {processor.py:163} INFO - Started process (PID=441) to work on /usr/local/lib/python3.9/site-packages/airflow/example_dags/example_branch_python_dop_operator_3.py
[2022-03-17 20:47:59,351] {processor.py:642} INFO - Processing file /usr/local/lib/python3.9/site-packages/airflow/example_dags/example_branch_python_dop_operator_3.py for tasks to queue
[2022-03-17 20:47:59,351] {logging_mixin.py:109} INFO - [2022-03-17 20:47:59,351] {dagbag.py:500} INFO - Filling up the DagBag from /usr/local/lib/python3.9/site-packages/airflow/example_dags/example_branch_python_dop_operator_3.py
[2022-03-17 20:47:59,382] {processor.py:654} INFO - DAG(s) dict_keys(['example_branch_dop_operator_v3']) retrieved from /usr/local/lib/python3.9/site-packages/airflow/example_dags/example_branch_python_dop_operator_3.py
[2022-03-17 20:47:59,390] {logging_mixin.py:109} INFO - [2022-03-17 20:47:59,390] {dag.py:2398} INFO - Sync 1 DAGs
[2022-03-17 20:47:59,405] {logging_mixin.py:109} INFO - [2022-03-17 20:47:59,405] {dag.py:2937} INFO - Setting next_dagrun for example_branch_dop_operator_v3 to 2022-03-17T20:46:00+00:00
[2022-03-17 20:47:59,414] {processor.py:171} INFO - Processing /usr/local/lib/python3.9/site-packages/airflow/example_dags/example_branch_python_dop_operator_3.py took 0.068 seconds
[2022-03-17 20:48:29,711] {processor.py:163} INFO - Started process (PID=473) to work on /usr/local/lib/python3.9/site-packages/airflow/example_dags/example_branch_python_dop_operator_3.py
[2022-03-17 20:48:29,712] {processor.py:642} INFO - Processing file /usr/local/lib/python3.9/site-packages/airflow/example_dags/example_branch_python_dop_operator_3.py for tasks to queue
[2022-03-17 20:48:29,712] {logging_mixin.py:109} INFO - [2022-03-17 20:48:29,712] {dagbag.py:500} INFO - Filling up the DagBag from /usr/local/lib/python3.9/site-packages/airflow/example_dags/example_branch_python_dop_operator_3.py
[2022-03-17 20:48:29,737] {processor.py:654} INFO - DAG(s) dict_keys(['example_branch_dop_operator_v3']) retrieved from /usr/local/lib/python3.9/site-packages/airflow/example_dags/example_branch_python_dop_operator_3.py
[2022-03-17 20:48:29,743] {logging_mixin.py:109} INFO - [2022-03-17 20:48:29,743] {dag.py:2398} INFO - Sync 1 DAGs
[2022-03-17 20:48:29,756] {logging_mixin.py:109} INFO - [2022-03-17 20:48:29,756] {dag.py:2937} INFO - Setting next_dagrun for example_branch_dop_operator_v3 to 2022-03-17T20:47:00+00:00
[2022-03-17 20:48:29,763] {processor.py:171} INFO - Processing /usr/local/lib/python3.9/site-packages/airflow/example_dags/example_branch_python_dop_operator_3.py took 0.055 seconds
[2022-03-17 20:49:00,098] {processor.py:163} INFO - Started process (PID=505) to work on /usr/local/lib/python3.9/site-packages/airflow/example_dags/example_branch_python_dop_operator_3.py
[2022-03-17 20:49:00,099] {processor.py:642} INFO - Processing file /usr/local/lib/python3.9/site-packages/airflow/example_dags/example_branch_python_dop_operator_3.py for tasks to queue
[2022-03-17 20:49:00,099] {logging_mixin.py:109} INFO - [2022-03-17 20:49:00,099] {dagbag.py:500} INFO - Filling up the DagBag from /usr/local/lib/python3.9/site-packages/airflow/example_dags/example_branch_python_dop_operator_3.py
[2022-03-17 20:49:00,123] {processor.py:654} INFO - DAG(s) dict_keys(['example_branch_dop_operator_v3']) retrieved from /usr/local/lib/python3.9/site-packages/airflow/example_dags/example_branch_python_dop_operator_3.py
[2022-03-17 20:49:00,128] {logging_mixin.py:109} INFO - [2022-03-17 20:49:00,128] {dag.py:2398} INFO - Sync 1 DAGs
[2022-03-17 20:49:00,142] {logging_mixin.py:109} INFO - [2022-03-17 20:49:00,142] {dag.py:2937} INFO - Setting next_dagrun for example_branch_dop_operator_v3 to 2022-03-17T20:48:00+00:00
[2022-03-17 20:49:00,148] {processor.py:171} INFO - Processing /usr/local/lib/python3.9/site-packages/airflow/example_dags/example_branch_python_dop_operator_3.py took 0.053 seconds
[2022-03-17 20:49:30,362] {processor.py:163} INFO - Started process (PID=537) to work on /usr/local/lib/python3.9/site-packages/airflow/example_dags/example_branch_python_dop_operator_3.py
[2022-03-17 20:49:30,363] {processor.py:642} INFO - Processing file /usr/local/lib/python3.9/site-packages/airflow/example_dags/example_branch_python_dop_operator_3.py for tasks to queue
[2022-03-17 20:49:30,364] {logging_mixin.py:109} INFO - [2022-03-17 20:49:30,364] {dagbag.py:500} INFO - Filling up the DagBag from /usr/local/lib/python3.9/site-packages/airflow/example_dags/example_branch_python_dop_operator_3.py
[2022-03-17 20:49:30,397] {processor.py:654} INFO - DAG(s) dict_keys(['example_branch_dop_operator_v3']) retrieved from /usr/local/lib/python3.9/site-packages/airflow/example_dags/example_branch_python_dop_operator_3.py
[2022-03-17 20:49:30,406] {logging_mixin.py:109} INFO - [2022-03-17 20:49:30,406] {dag.py:2398} INFO - Sync 1 DAGs
[2022-03-17 20:49:30,424] {logging_mixin.py:109} INFO - [2022-03-17 20:49:30,424] {dag.py:2937} INFO - Setting next_dagrun for example_branch_dop_operator_v3 to 2022-03-17T20:48:00+00:00
[2022-03-17 20:49:30,434] {processor.py:171} INFO - Processing /usr/local/lib/python3.9/site-packages/airflow/example_dags/example_branch_python_dop_operator_3.py took 0.074 seconds
[2022-03-17 20:50:00,726] {processor.py:163} INFO - Started process (PID=569) to work on /usr/local/lib/python3.9/site-packages/airflow/example_dags/example_branch_python_dop_operator_3.py
[2022-03-17 20:50:00,727] {processor.py:642} INFO - Processing file /usr/local/lib/python3.9/site-packages/airflow/example_dags/example_branch_python_dop_operator_3.py for tasks to queue
[2022-03-17 20:50:00,728] {logging_mixin.py:109} INFO - [2022-03-17 20:50:00,728] {dagbag.py:500} INFO - Filling up the DagBag from /usr/local/lib/python3.9/site-packages/airflow/example_dags/example_branch_python_dop_operator_3.py
[2022-03-17 20:50:00,751] {processor.py:654} INFO - DAG(s) dict_keys(['example_branch_dop_operator_v3']) retrieved from /usr/local/lib/python3.9/site-packages/airflow/example_dags/example_branch_python_dop_operator_3.py
[2022-03-17 20:50:00,757] {logging_mixin.py:109} INFO - [2022-03-17 20:50:00,757] {dag.py:2398} INFO - Sync 1 DAGs
[2022-03-17 20:50:00,770] {logging_mixin.py:109} INFO - [2022-03-17 20:50:00,770] {dag.py:2937} INFO - Setting next_dagrun for example_branch_dop_operator_v3 to 2022-03-17T20:49:00+00:00
[2022-03-17 20:50:00,776] {processor.py:171} INFO - Processing /usr/local/lib/python3.9/site-packages/airflow/example_dags/example_branch_python_dop_operator_3.py took 0.052 seconds
[2022-03-17 20:50:31,104] {processor.py:163} INFO - Started process (PID=601) to work on /usr/local/lib/python3.9/site-packages/airflow/example_dags/example_branch_python_dop_operator_3.py
[2022-03-17 20:50:31,105] {processor.py:642} INFO - Processing file /usr/local/lib/python3.9/site-packages/airflow/example_dags/example_branch_python_dop_operator_3.py for tasks to queue
[2022-03-17 20:50:31,106] {logging_mixin.py:109} INFO - [2022-03-17 20:50:31,106] {dagbag.py:500} INFO - Filling up the DagBag from /usr/local/lib/python3.9/site-packages/airflow/example_dags/example_branch_python_dop_operator_3.py
[2022-03-17 20:50:31,130] {processor.py:654} INFO - DAG(s) dict_keys(['example_branch_dop_operator_v3']) retrieved from /usr/local/lib/python3.9/site-packages/airflow/example_dags/example_branch_python_dop_operator_3.py
[2022-03-17 20:50:31,136] {logging_mixin.py:109} INFO - [2022-03-17 20:50:31,136] {dag.py:2398} INFO - Sync 1 DAGs
[2022-03-17 20:50:31,149] {logging_mixin.py:109} INFO - [2022-03-17 20:50:31,149] {dag.py:2937} INFO - Setting next_dagrun for example_branch_dop_operator_v3 to 2022-03-17T20:49:00+00:00
[2022-03-17 20:50:31,155] {processor.py:171} INFO - Processing /usr/local/lib/python3.9/site-packages/airflow/example_dags/example_branch_python_dop_operator_3.py took 0.052 seconds
[2022-03-17 20:51:01,468] {processor.py:163} INFO - Started process (PID=633) to work on /usr/local/lib/python3.9/site-packages/airflow/example_dags/example_branch_python_dop_operator_3.py
[2022-03-17 20:51:01,469] {processor.py:642} INFO - Processing file /usr/local/lib/python3.9/site-packages/airflow/example_dags/example_branch_python_dop_operator_3.py for tasks to queue
[2022-03-17 20:51:01,469] {logging_mixin.py:109} INFO - [2022-03-17 20:51:01,469] {dagbag.py:500} INFO - Filling up the DagBag from /usr/local/lib/python3.9/site-packages/airflow/example_dags/example_branch_python_dop_operator_3.py
[2022-03-17 20:51:01,493] {processor.py:654} INFO - DAG(s) dict_keys(['example_branch_dop_operator_v3']) retrieved from /usr/local/lib/python3.9/site-packages/airflow/example_dags/example_branch_python_dop_operator_3.py
[2022-03-17 20:51:01,499] {logging_mixin.py:109} INFO - [2022-03-17 20:51:01,499] {dag.py:2398} INFO - Sync 1 DAGs
[2022-03-17 20:51:01,513] {logging_mixin.py:109} INFO - [2022-03-17 20:51:01,513] {dag.py:2937} INFO - Setting next_dagrun for example_branch_dop_operator_v3 to 2022-03-17T20:50:00+00:00
[2022-03-17 20:51:01,519] {processor.py:171} INFO - Processing /usr/local/lib/python3.9/site-packages/airflow/example_dags/example_branch_python_dop_operator_3.py took 0.053 seconds
[2022-03-17 20:51:31,725] {processor.py:163} INFO - Started process (PID=665) to work on /usr/local/lib/python3.9/site-packages/airflow/example_dags/example_branch_python_dop_operator_3.py
[2022-03-17 20:51:31,726] {processor.py:642} INFO - Processing file /usr/local/lib/python3.9/site-packages/airflow/example_dags/example_branch_python_dop_operator_3.py for tasks to queue
[2022-03-17 20:51:31,727] {logging_mixin.py:109} INFO - [2022-03-17 20:51:31,727] {dagbag.py:500} INFO - Filling up the DagBag from /usr/local/lib/python3.9/site-packages/airflow/example_dags/example_branch_python_dop_operator_3.py
[2022-03-17 20:51:31,756] {processor.py:654} INFO - DAG(s) dict_keys(['example_branch_dop_operator_v3']) retrieved from /usr/local/lib/python3.9/site-packages/airflow/example_dags/example_branch_python_dop_operator_3.py
[2022-03-17 20:51:31,762] {logging_mixin.py:109} INFO - [2022-03-17 20:51:31,762] {dag.py:2398} INFO - Sync 1 DAGs
[2022-03-17 20:51:31,779] {logging_mixin.py:109} INFO - [2022-03-17 20:51:31,779] {dag.py:2937} INFO - Setting next_dagrun for example_branch_dop_operator_v3 to 2022-03-17T20:50:00+00:00
[2022-03-17 20:51:31,786] {processor.py:171} INFO - Processing /usr/local/lib/python3.9/site-packages/airflow/example_dags/example_branch_python_dop_operator_3.py took 0.063 seconds
[2022-03-17 20:52:02,018] {processor.py:163} INFO - Started process (PID=697) to work on /usr/local/lib/python3.9/site-packages/airflow/example_dags/example_branch_python_dop_operator_3.py
[2022-03-17 20:52:02,018] {processor.py:642} INFO - Processing file /usr/local/lib/python3.9/site-packages/airflow/example_dags/example_branch_python_dop_operator_3.py for tasks to queue
[2022-03-17 20:52:02,019] {logging_mixin.py:109} INFO - [2022-03-17 20:52:02,019] {dagbag.py:500} INFO - Filling up the DagBag from /usr/local/lib/python3.9/site-packages/airflow/example_dags/example_branch_python_dop_operator_3.py
[2022-03-17 20:52:02,043] {processor.py:654} INFO - DAG(s) dict_keys(['example_branch_dop_operator_v3']) retrieved from /usr/local/lib/python3.9/site-packages/airflow/example_dags/example_branch_python_dop_operator_3.py
[2022-03-17 20:52:02,050] {logging_mixin.py:109} INFO - [2022-03-17 20:52:02,050] {dag.py:2398} INFO - Sync 1 DAGs
[2022-03-17 20:52:02,063] {logging_mixin.py:109} INFO - [2022-03-17 20:52:02,063] {dag.py:2937} INFO - Setting next_dagrun for example_branch_dop_operator_v3 to 2022-03-17T20:51:00+00:00
[2022-03-17 20:52:02,069] {processor.py:171} INFO - Processing /usr/local/lib/python3.9/site-packages/airflow/example_dags/example_branch_python_dop_operator_3.py took 0.053 seconds
