[2022-03-17 20:46:53,929] {processor.py:163} INFO - Started process (PID=358) to work on /usr/local/lib/python3.9/site-packages/airflow/example_dags/example_sla_dag.py
[2022-03-17 20:46:53,930] {processor.py:642} INFO - Processing file /usr/local/lib/python3.9/site-packages/airflow/example_dags/example_sla_dag.py for tasks to queue
[2022-03-17 20:46:53,931] {logging_mixin.py:109} INFO - [2022-03-17 20:46:53,931] {dagbag.py:500} INFO - Filling up the DagBag from /usr/local/lib/python3.9/site-packages/airflow/example_dags/example_sla_dag.py
[2022-03-17 20:46:53,971] {processor.py:654} INFO - DAG(s) dict_keys(['example_sla_dag']) retrieved from /usr/local/lib/python3.9/site-packages/airflow/example_dags/example_sla_dag.py
[2022-03-17 20:46:53,981] {logging_mixin.py:109} INFO - [2022-03-17 20:46:53,980] {dag.py:2398} INFO - Sync 1 DAGs
[2022-03-17 20:46:54,002] {logging_mixin.py:109} INFO - [2022-03-17 20:46:54,002] {dag.py:2937} INFO - Setting next_dagrun for example_sla_dag to 2022-03-17T20:44:00+00:00
[2022-03-17 20:46:54,009] {processor.py:171} INFO - Processing /usr/local/lib/python3.9/site-packages/airflow/example_dags/example_sla_dag.py took 0.083 seconds
[2022-03-17 20:47:24,294] {processor.py:163} INFO - Started process (PID=390) to work on /usr/local/lib/python3.9/site-packages/airflow/example_dags/example_sla_dag.py
[2022-03-17 20:47:24,295] {processor.py:642} INFO - Processing file /usr/local/lib/python3.9/site-packages/airflow/example_dags/example_sla_dag.py for tasks to queue
[2022-03-17 20:47:24,296] {logging_mixin.py:109} INFO - [2022-03-17 20:47:24,296] {dagbag.py:500} INFO - Filling up the DagBag from /usr/local/lib/python3.9/site-packages/airflow/example_dags/example_sla_dag.py
[2022-03-17 20:47:24,323] {processor.py:654} INFO - DAG(s) dict_keys(['example_sla_dag']) retrieved from /usr/local/lib/python3.9/site-packages/airflow/example_dags/example_sla_dag.py
[2022-03-17 20:47:24,330] {logging_mixin.py:109} INFO - [2022-03-17 20:47:24,330] {dag.py:2398} INFO - Sync 1 DAGs
[2022-03-17 20:47:24,343] {logging_mixin.py:109} INFO - [2022-03-17 20:47:24,343] {dag.py:2937} INFO - Setting next_dagrun for example_sla_dag to 2022-03-17T20:44:00+00:00
[2022-03-17 20:47:24,349] {processor.py:171} INFO - Processing /usr/local/lib/python3.9/site-packages/airflow/example_dags/example_sla_dag.py took 0.057 seconds
[2022-03-17 20:47:54,635] {processor.py:163} INFO - Started process (PID=422) to work on /usr/local/lib/python3.9/site-packages/airflow/example_dags/example_sla_dag.py
[2022-03-17 20:47:54,636] {processor.py:642} INFO - Processing file /usr/local/lib/python3.9/site-packages/airflow/example_dags/example_sla_dag.py for tasks to queue
[2022-03-17 20:47:54,637] {logging_mixin.py:109} INFO - [2022-03-17 20:47:54,637] {dagbag.py:500} INFO - Filling up the DagBag from /usr/local/lib/python3.9/site-packages/airflow/example_dags/example_sla_dag.py
[2022-03-17 20:47:54,664] {processor.py:654} INFO - DAG(s) dict_keys(['example_sla_dag']) retrieved from /usr/local/lib/python3.9/site-packages/airflow/example_dags/example_sla_dag.py
[2022-03-17 20:47:54,671] {logging_mixin.py:109} INFO - [2022-03-17 20:47:54,671] {dag.py:2398} INFO - Sync 1 DAGs
[2022-03-17 20:47:54,686] {logging_mixin.py:109} INFO - [2022-03-17 20:47:54,686] {dag.py:2937} INFO - Setting next_dagrun for example_sla_dag to 2022-03-17T20:44:00+00:00
[2022-03-17 20:47:54,693] {processor.py:171} INFO - Processing /usr/local/lib/python3.9/site-packages/airflow/example_dags/example_sla_dag.py took 0.060 seconds
[2022-03-17 20:48:25,002] {processor.py:163} INFO - Started process (PID=454) to work on /usr/local/lib/python3.9/site-packages/airflow/example_dags/example_sla_dag.py
[2022-03-17 20:48:25,003] {processor.py:642} INFO - Processing file /usr/local/lib/python3.9/site-packages/airflow/example_dags/example_sla_dag.py for tasks to queue
[2022-03-17 20:48:25,004] {logging_mixin.py:109} INFO - [2022-03-17 20:48:25,004] {dagbag.py:500} INFO - Filling up the DagBag from /usr/local/lib/python3.9/site-packages/airflow/example_dags/example_sla_dag.py
[2022-03-17 20:48:25,029] {processor.py:654} INFO - DAG(s) dict_keys(['example_sla_dag']) retrieved from /usr/local/lib/python3.9/site-packages/airflow/example_dags/example_sla_dag.py
[2022-03-17 20:48:25,035] {logging_mixin.py:109} INFO - [2022-03-17 20:48:25,035] {dag.py:2398} INFO - Sync 1 DAGs
[2022-03-17 20:48:25,048] {logging_mixin.py:109} INFO - [2022-03-17 20:48:25,048] {dag.py:2937} INFO - Setting next_dagrun for example_sla_dag to 2022-03-17T20:46:00+00:00
[2022-03-17 20:48:25,054] {processor.py:171} INFO - Processing /usr/local/lib/python3.9/site-packages/airflow/example_dags/example_sla_dag.py took 0.054 seconds
[2022-03-17 20:48:55,396] {processor.py:163} INFO - Started process (PID=486) to work on /usr/local/lib/python3.9/site-packages/airflow/example_dags/example_sla_dag.py
[2022-03-17 20:48:55,397] {processor.py:642} INFO - Processing file /usr/local/lib/python3.9/site-packages/airflow/example_dags/example_sla_dag.py for tasks to queue
[2022-03-17 20:48:55,397] {logging_mixin.py:109} INFO - [2022-03-17 20:48:55,397] {dagbag.py:500} INFO - Filling up the DagBag from /usr/local/lib/python3.9/site-packages/airflow/example_dags/example_sla_dag.py
[2022-03-17 20:48:55,426] {processor.py:654} INFO - DAG(s) dict_keys(['example_sla_dag']) retrieved from /usr/local/lib/python3.9/site-packages/airflow/example_dags/example_sla_dag.py
[2022-03-17 20:48:55,432] {logging_mixin.py:109} INFO - [2022-03-17 20:48:55,432] {dag.py:2398} INFO - Sync 1 DAGs
[2022-03-17 20:48:55,446] {logging_mixin.py:109} INFO - [2022-03-17 20:48:55,446] {dag.py:2937} INFO - Setting next_dagrun for example_sla_dag to 2022-03-17T20:46:00+00:00
[2022-03-17 20:48:55,452] {processor.py:171} INFO - Processing /usr/local/lib/python3.9/site-packages/airflow/example_dags/example_sla_dag.py took 0.058 seconds
[2022-03-17 20:49:25,666] {processor.py:163} INFO - Started process (PID=518) to work on /usr/local/lib/python3.9/site-packages/airflow/example_dags/example_sla_dag.py
[2022-03-17 20:49:25,667] {processor.py:642} INFO - Processing file /usr/local/lib/python3.9/site-packages/airflow/example_dags/example_sla_dag.py for tasks to queue
[2022-03-17 20:49:25,667] {logging_mixin.py:109} INFO - [2022-03-17 20:49:25,667] {dagbag.py:500} INFO - Filling up the DagBag from /usr/local/lib/python3.9/site-packages/airflow/example_dags/example_sla_dag.py
[2022-03-17 20:49:25,695] {processor.py:654} INFO - DAG(s) dict_keys(['example_sla_dag']) retrieved from /usr/local/lib/python3.9/site-packages/airflow/example_dags/example_sla_dag.py
[2022-03-17 20:49:25,702] {logging_mixin.py:109} INFO - [2022-03-17 20:49:25,702] {dag.py:2398} INFO - Sync 1 DAGs
[2022-03-17 20:49:25,715] {logging_mixin.py:109} INFO - [2022-03-17 20:49:25,715] {dag.py:2937} INFO - Setting next_dagrun for example_sla_dag to 2022-03-17T20:46:00+00:00
[2022-03-17 20:49:25,722] {processor.py:171} INFO - Processing /usr/local/lib/python3.9/site-packages/airflow/example_dags/example_sla_dag.py took 0.057 seconds
[2022-03-17 20:49:55,966] {processor.py:163} INFO - Started process (PID=550) to work on /usr/local/lib/python3.9/site-packages/airflow/example_dags/example_sla_dag.py
[2022-03-17 20:49:55,967] {processor.py:642} INFO - Processing file /usr/local/lib/python3.9/site-packages/airflow/example_dags/example_sla_dag.py for tasks to queue
[2022-03-17 20:49:55,967] {logging_mixin.py:109} INFO - [2022-03-17 20:49:55,967] {dagbag.py:500} INFO - Filling up the DagBag from /usr/local/lib/python3.9/site-packages/airflow/example_dags/example_sla_dag.py
[2022-03-17 20:49:55,998] {processor.py:654} INFO - DAG(s) dict_keys(['example_sla_dag']) retrieved from /usr/local/lib/python3.9/site-packages/airflow/example_dags/example_sla_dag.py
[2022-03-17 20:49:56,005] {logging_mixin.py:109} INFO - [2022-03-17 20:49:56,005] {dag.py:2398} INFO - Sync 1 DAGs
[2022-03-17 20:49:56,018] {logging_mixin.py:109} INFO - [2022-03-17 20:49:56,018] {dag.py:2937} INFO - Setting next_dagrun for example_sla_dag to 2022-03-17T20:46:00+00:00
[2022-03-17 20:49:56,024] {processor.py:171} INFO - Processing /usr/local/lib/python3.9/site-packages/airflow/example_dags/example_sla_dag.py took 0.061 seconds
[2022-03-17 20:50:26,381] {processor.py:163} INFO - Started process (PID=582) to work on /usr/local/lib/python3.9/site-packages/airflow/example_dags/example_sla_dag.py
[2022-03-17 20:50:26,382] {processor.py:642} INFO - Processing file /usr/local/lib/python3.9/site-packages/airflow/example_dags/example_sla_dag.py for tasks to queue
[2022-03-17 20:50:26,382] {logging_mixin.py:109} INFO - [2022-03-17 20:50:26,382] {dagbag.py:500} INFO - Filling up the DagBag from /usr/local/lib/python3.9/site-packages/airflow/example_dags/example_sla_dag.py
[2022-03-17 20:50:26,411] {processor.py:654} INFO - DAG(s) dict_keys(['example_sla_dag']) retrieved from /usr/local/lib/python3.9/site-packages/airflow/example_dags/example_sla_dag.py
[2022-03-17 20:50:26,419] {logging_mixin.py:109} INFO - [2022-03-17 20:50:26,418] {dag.py:2398} INFO - Sync 1 DAGs
[2022-03-17 20:50:26,434] {logging_mixin.py:109} INFO - [2022-03-17 20:50:26,433] {dag.py:2937} INFO - Setting next_dagrun for example_sla_dag to 2022-03-17T20:48:00+00:00
[2022-03-17 20:50:26,440] {processor.py:171} INFO - Processing /usr/local/lib/python3.9/site-packages/airflow/example_dags/example_sla_dag.py took 0.061 seconds
[2022-03-17 20:50:56,752] {processor.py:163} INFO - Started process (PID=614) to work on /usr/local/lib/python3.9/site-packages/airflow/example_dags/example_sla_dag.py
[2022-03-17 20:50:56,753] {processor.py:642} INFO - Processing file /usr/local/lib/python3.9/site-packages/airflow/example_dags/example_sla_dag.py for tasks to queue
[2022-03-17 20:50:56,754] {logging_mixin.py:109} INFO - [2022-03-17 20:50:56,754] {dagbag.py:500} INFO - Filling up the DagBag from /usr/local/lib/python3.9/site-packages/airflow/example_dags/example_sla_dag.py
[2022-03-17 20:50:56,781] {processor.py:654} INFO - DAG(s) dict_keys(['example_sla_dag']) retrieved from /usr/local/lib/python3.9/site-packages/airflow/example_dags/example_sla_dag.py
[2022-03-17 20:50:56,788] {logging_mixin.py:109} INFO - [2022-03-17 20:50:56,788] {dag.py:2398} INFO - Sync 1 DAGs
[2022-03-17 20:50:56,802] {logging_mixin.py:109} INFO - [2022-03-17 20:50:56,802] {dag.py:2937} INFO - Setting next_dagrun for example_sla_dag to 2022-03-17T20:48:00+00:00
[2022-03-17 20:50:56,808] {processor.py:171} INFO - Processing /usr/local/lib/python3.9/site-packages/airflow/example_dags/example_sla_dag.py took 0.058 seconds
[2022-03-17 20:51:27,037] {processor.py:163} INFO - Started process (PID=646) to work on /usr/local/lib/python3.9/site-packages/airflow/example_dags/example_sla_dag.py
[2022-03-17 20:51:27,038] {processor.py:642} INFO - Processing file /usr/local/lib/python3.9/site-packages/airflow/example_dags/example_sla_dag.py for tasks to queue
[2022-03-17 20:51:27,038] {logging_mixin.py:109} INFO - [2022-03-17 20:51:27,038] {dagbag.py:500} INFO - Filling up the DagBag from /usr/local/lib/python3.9/site-packages/airflow/example_dags/example_sla_dag.py
[2022-03-17 20:51:27,065] {processor.py:654} INFO - DAG(s) dict_keys(['example_sla_dag']) retrieved from /usr/local/lib/python3.9/site-packages/airflow/example_dags/example_sla_dag.py
[2022-03-17 20:51:27,071] {logging_mixin.py:109} INFO - [2022-03-17 20:51:27,071] {dag.py:2398} INFO - Sync 1 DAGs
[2022-03-17 20:51:27,085] {logging_mixin.py:109} INFO - [2022-03-17 20:51:27,085] {dag.py:2937} INFO - Setting next_dagrun for example_sla_dag to 2022-03-17T20:48:00+00:00
[2022-03-17 20:51:27,091] {processor.py:171} INFO - Processing /usr/local/lib/python3.9/site-packages/airflow/example_dags/example_sla_dag.py took 0.056 seconds
[2022-03-17 20:51:57,321] {processor.py:163} INFO - Started process (PID=678) to work on /usr/local/lib/python3.9/site-packages/airflow/example_dags/example_sla_dag.py
[2022-03-17 20:51:57,322] {processor.py:642} INFO - Processing file /usr/local/lib/python3.9/site-packages/airflow/example_dags/example_sla_dag.py for tasks to queue
[2022-03-17 20:51:57,322] {logging_mixin.py:109} INFO - [2022-03-17 20:51:57,322] {dagbag.py:500} INFO - Filling up the DagBag from /usr/local/lib/python3.9/site-packages/airflow/example_dags/example_sla_dag.py
[2022-03-17 20:51:57,347] {processor.py:654} INFO - DAG(s) dict_keys(['example_sla_dag']) retrieved from /usr/local/lib/python3.9/site-packages/airflow/example_dags/example_sla_dag.py
[2022-03-17 20:51:57,355] {logging_mixin.py:109} INFO - [2022-03-17 20:51:57,355] {dag.py:2398} INFO - Sync 1 DAGs
[2022-03-17 20:51:57,367] {logging_mixin.py:109} INFO - [2022-03-17 20:51:57,367] {dag.py:2937} INFO - Setting next_dagrun for example_sla_dag to 2022-03-17T20:48:00+00:00
[2022-03-17 20:51:57,373] {processor.py:171} INFO - Processing /usr/local/lib/python3.9/site-packages/airflow/example_dags/example_sla_dag.py took 0.055 seconds
