[2022-03-17 20:46:56,620] {processor.py:163} INFO - Started process (PID=375) to work on /usr/local/lib/python3.9/site-packages/airflow/example_dags/example_branch_datetime_operator.py
[2022-03-17 20:46:56,621] {processor.py:642} INFO - Processing file /usr/local/lib/python3.9/site-packages/airflow/example_dags/example_branch_datetime_operator.py for tasks to queue
[2022-03-17 20:46:56,622] {logging_mixin.py:109} INFO - [2022-03-17 20:46:56,622] {dagbag.py:500} INFO - Filling up the DagBag from /usr/local/lib/python3.9/site-packages/airflow/example_dags/example_branch_datetime_operator.py
[2022-03-17 20:46:56,655] {processor.py:654} INFO - DAG(s) dict_keys(['example_branch_datetime_operator_2']) retrieved from /usr/local/lib/python3.9/site-packages/airflow/example_dags/example_branch_datetime_operator.py
[2022-03-17 20:46:56,665] {logging_mixin.py:109} INFO - [2022-03-17 20:46:56,665] {dag.py:2398} INFO - Sync 1 DAGs
[2022-03-17 20:46:56,684] {logging_mixin.py:109} INFO - [2022-03-17 20:46:56,684] {dag.py:2937} INFO - Setting next_dagrun for example_branch_datetime_operator_2 to 2022-03-16 00:00:00+00:00
[2022-03-17 20:46:56,694] {processor.py:171} INFO - Processing /usr/local/lib/python3.9/site-packages/airflow/example_dags/example_branch_datetime_operator.py took 0.077 seconds
[2022-03-17 20:47:26,959] {processor.py:163} INFO - Started process (PID=407) to work on /usr/local/lib/python3.9/site-packages/airflow/example_dags/example_branch_datetime_operator.py
[2022-03-17 20:47:26,960] {processor.py:642} INFO - Processing file /usr/local/lib/python3.9/site-packages/airflow/example_dags/example_branch_datetime_operator.py for tasks to queue
[2022-03-17 20:47:26,960] {logging_mixin.py:109} INFO - [2022-03-17 20:47:26,960] {dagbag.py:500} INFO - Filling up the DagBag from /usr/local/lib/python3.9/site-packages/airflow/example_dags/example_branch_datetime_operator.py
[2022-03-17 20:47:26,985] {processor.py:654} INFO - DAG(s) dict_keys(['example_branch_datetime_operator_2']) retrieved from /usr/local/lib/python3.9/site-packages/airflow/example_dags/example_branch_datetime_operator.py
[2022-03-17 20:47:26,991] {logging_mixin.py:109} INFO - [2022-03-17 20:47:26,991] {dag.py:2398} INFO - Sync 1 DAGs
[2022-03-17 20:47:27,002] {logging_mixin.py:109} INFO - [2022-03-17 20:47:27,002] {dag.py:2937} INFO - Setting next_dagrun for example_branch_datetime_operator_2 to 2022-03-16 00:00:00+00:00
[2022-03-17 20:47:27,007] {processor.py:171} INFO - Processing /usr/local/lib/python3.9/site-packages/airflow/example_dags/example_branch_datetime_operator.py took 0.051 seconds
[2022-03-17 20:47:57,285] {processor.py:163} INFO - Started process (PID=439) to work on /usr/local/lib/python3.9/site-packages/airflow/example_dags/example_branch_datetime_operator.py
[2022-03-17 20:47:57,286] {processor.py:642} INFO - Processing file /usr/local/lib/python3.9/site-packages/airflow/example_dags/example_branch_datetime_operator.py for tasks to queue
[2022-03-17 20:47:57,287] {logging_mixin.py:109} INFO - [2022-03-17 20:47:57,287] {dagbag.py:500} INFO - Filling up the DagBag from /usr/local/lib/python3.9/site-packages/airflow/example_dags/example_branch_datetime_operator.py
[2022-03-17 20:47:57,310] {processor.py:654} INFO - DAG(s) dict_keys(['example_branch_datetime_operator_2']) retrieved from /usr/local/lib/python3.9/site-packages/airflow/example_dags/example_branch_datetime_operator.py
[2022-03-17 20:47:57,316] {logging_mixin.py:109} INFO - [2022-03-17 20:47:57,316] {dag.py:2398} INFO - Sync 1 DAGs
[2022-03-17 20:47:57,327] {logging_mixin.py:109} INFO - [2022-03-17 20:47:57,327] {dag.py:2937} INFO - Setting next_dagrun for example_branch_datetime_operator_2 to 2022-03-16 00:00:00+00:00
[2022-03-17 20:47:57,333] {processor.py:171} INFO - Processing /usr/local/lib/python3.9/site-packages/airflow/example_dags/example_branch_datetime_operator.py took 0.050 seconds
[2022-03-17 20:48:27,648] {processor.py:163} INFO - Started process (PID=471) to work on /usr/local/lib/python3.9/site-packages/airflow/example_dags/example_branch_datetime_operator.py
[2022-03-17 20:48:27,648] {processor.py:642} INFO - Processing file /usr/local/lib/python3.9/site-packages/airflow/example_dags/example_branch_datetime_operator.py for tasks to queue
[2022-03-17 20:48:27,649] {logging_mixin.py:109} INFO - [2022-03-17 20:48:27,649] {dagbag.py:500} INFO - Filling up the DagBag from /usr/local/lib/python3.9/site-packages/airflow/example_dags/example_branch_datetime_operator.py
[2022-03-17 20:48:27,675] {processor.py:654} INFO - DAG(s) dict_keys(['example_branch_datetime_operator_2']) retrieved from /usr/local/lib/python3.9/site-packages/airflow/example_dags/example_branch_datetime_operator.py
[2022-03-17 20:48:27,681] {logging_mixin.py:109} INFO - [2022-03-17 20:48:27,681] {dag.py:2398} INFO - Sync 1 DAGs
[2022-03-17 20:48:27,693] {logging_mixin.py:109} INFO - [2022-03-17 20:48:27,692] {dag.py:2937} INFO - Setting next_dagrun for example_branch_datetime_operator_2 to 2022-03-16 00:00:00+00:00
[2022-03-17 20:48:27,698] {processor.py:171} INFO - Processing /usr/local/lib/python3.9/site-packages/airflow/example_dags/example_branch_datetime_operator.py took 0.053 seconds
[2022-03-17 20:48:58,037] {processor.py:163} INFO - Started process (PID=503) to work on /usr/local/lib/python3.9/site-packages/airflow/example_dags/example_branch_datetime_operator.py
[2022-03-17 20:48:58,038] {processor.py:642} INFO - Processing file /usr/local/lib/python3.9/site-packages/airflow/example_dags/example_branch_datetime_operator.py for tasks to queue
[2022-03-17 20:48:58,038] {logging_mixin.py:109} INFO - [2022-03-17 20:48:58,038] {dagbag.py:500} INFO - Filling up the DagBag from /usr/local/lib/python3.9/site-packages/airflow/example_dags/example_branch_datetime_operator.py
[2022-03-17 20:48:58,062] {processor.py:654} INFO - DAG(s) dict_keys(['example_branch_datetime_operator_2']) retrieved from /usr/local/lib/python3.9/site-packages/airflow/example_dags/example_branch_datetime_operator.py
[2022-03-17 20:48:58,068] {logging_mixin.py:109} INFO - [2022-03-17 20:48:58,068] {dag.py:2398} INFO - Sync 1 DAGs
[2022-03-17 20:48:58,080] {logging_mixin.py:109} INFO - [2022-03-17 20:48:58,080] {dag.py:2937} INFO - Setting next_dagrun for example_branch_datetime_operator_2 to 2022-03-16 00:00:00+00:00
[2022-03-17 20:48:58,086] {processor.py:171} INFO - Processing /usr/local/lib/python3.9/site-packages/airflow/example_dags/example_branch_datetime_operator.py took 0.052 seconds
[2022-03-17 20:49:28,303] {processor.py:163} INFO - Started process (PID=535) to work on /usr/local/lib/python3.9/site-packages/airflow/example_dags/example_branch_datetime_operator.py
[2022-03-17 20:49:28,303] {processor.py:642} INFO - Processing file /usr/local/lib/python3.9/site-packages/airflow/example_dags/example_branch_datetime_operator.py for tasks to queue
[2022-03-17 20:49:28,304] {logging_mixin.py:109} INFO - [2022-03-17 20:49:28,304] {dagbag.py:500} INFO - Filling up the DagBag from /usr/local/lib/python3.9/site-packages/airflow/example_dags/example_branch_datetime_operator.py
[2022-03-17 20:49:28,327] {processor.py:654} INFO - DAG(s) dict_keys(['example_branch_datetime_operator_2']) retrieved from /usr/local/lib/python3.9/site-packages/airflow/example_dags/example_branch_datetime_operator.py
[2022-03-17 20:49:28,334] {logging_mixin.py:109} INFO - [2022-03-17 20:49:28,334] {dag.py:2398} INFO - Sync 1 DAGs
[2022-03-17 20:49:28,344] {logging_mixin.py:109} INFO - [2022-03-17 20:49:28,344] {dag.py:2937} INFO - Setting next_dagrun for example_branch_datetime_operator_2 to 2022-03-16 00:00:00+00:00
[2022-03-17 20:49:28,350] {processor.py:171} INFO - Processing /usr/local/lib/python3.9/site-packages/airflow/example_dags/example_branch_datetime_operator.py took 0.050 seconds
[2022-03-17 20:49:58,656] {processor.py:163} INFO - Started process (PID=567) to work on /usr/local/lib/python3.9/site-packages/airflow/example_dags/example_branch_datetime_operator.py
[2022-03-17 20:49:58,657] {processor.py:642} INFO - Processing file /usr/local/lib/python3.9/site-packages/airflow/example_dags/example_branch_datetime_operator.py for tasks to queue
[2022-03-17 20:49:58,657] {logging_mixin.py:109} INFO - [2022-03-17 20:49:58,657] {dagbag.py:500} INFO - Filling up the DagBag from /usr/local/lib/python3.9/site-packages/airflow/example_dags/example_branch_datetime_operator.py
[2022-03-17 20:49:58,686] {processor.py:654} INFO - DAG(s) dict_keys(['example_branch_datetime_operator_2']) retrieved from /usr/local/lib/python3.9/site-packages/airflow/example_dags/example_branch_datetime_operator.py
[2022-03-17 20:49:58,693] {logging_mixin.py:109} INFO - [2022-03-17 20:49:58,693] {dag.py:2398} INFO - Sync 1 DAGs
[2022-03-17 20:49:58,706] {logging_mixin.py:109} INFO - [2022-03-17 20:49:58,706] {dag.py:2937} INFO - Setting next_dagrun for example_branch_datetime_operator_2 to 2022-03-16 00:00:00+00:00
[2022-03-17 20:49:58,713] {processor.py:171} INFO - Processing /usr/local/lib/python3.9/site-packages/airflow/example_dags/example_branch_datetime_operator.py took 0.060 seconds
[2022-03-17 20:50:29,043] {processor.py:163} INFO - Started process (PID=599) to work on /usr/local/lib/python3.9/site-packages/airflow/example_dags/example_branch_datetime_operator.py
[2022-03-17 20:50:29,043] {processor.py:642} INFO - Processing file /usr/local/lib/python3.9/site-packages/airflow/example_dags/example_branch_datetime_operator.py for tasks to queue
[2022-03-17 20:50:29,044] {logging_mixin.py:109} INFO - [2022-03-17 20:50:29,044] {dagbag.py:500} INFO - Filling up the DagBag from /usr/local/lib/python3.9/site-packages/airflow/example_dags/example_branch_datetime_operator.py
[2022-03-17 20:50:29,069] {processor.py:654} INFO - DAG(s) dict_keys(['example_branch_datetime_operator_2']) retrieved from /usr/local/lib/python3.9/site-packages/airflow/example_dags/example_branch_datetime_operator.py
[2022-03-17 20:50:29,075] {logging_mixin.py:109} INFO - [2022-03-17 20:50:29,075] {dag.py:2398} INFO - Sync 1 DAGs
[2022-03-17 20:50:29,086] {logging_mixin.py:109} INFO - [2022-03-17 20:50:29,086] {dag.py:2937} INFO - Setting next_dagrun for example_branch_datetime_operator_2 to 2022-03-16 00:00:00+00:00
[2022-03-17 20:50:29,092] {processor.py:171} INFO - Processing /usr/local/lib/python3.9/site-packages/airflow/example_dags/example_branch_datetime_operator.py took 0.052 seconds
[2022-03-17 20:50:59,408] {processor.py:163} INFO - Started process (PID=631) to work on /usr/local/lib/python3.9/site-packages/airflow/example_dags/example_branch_datetime_operator.py
[2022-03-17 20:50:59,409] {processor.py:642} INFO - Processing file /usr/local/lib/python3.9/site-packages/airflow/example_dags/example_branch_datetime_operator.py for tasks to queue
[2022-03-17 20:50:59,409] {logging_mixin.py:109} INFO - [2022-03-17 20:50:59,409] {dagbag.py:500} INFO - Filling up the DagBag from /usr/local/lib/python3.9/site-packages/airflow/example_dags/example_branch_datetime_operator.py
[2022-03-17 20:50:59,433] {processor.py:654} INFO - DAG(s) dict_keys(['example_branch_datetime_operator_2']) retrieved from /usr/local/lib/python3.9/site-packages/airflow/example_dags/example_branch_datetime_operator.py
[2022-03-17 20:50:59,439] {logging_mixin.py:109} INFO - [2022-03-17 20:50:59,439] {dag.py:2398} INFO - Sync 1 DAGs
[2022-03-17 20:50:59,450] {logging_mixin.py:109} INFO - [2022-03-17 20:50:59,450] {dag.py:2937} INFO - Setting next_dagrun for example_branch_datetime_operator_2 to 2022-03-16 00:00:00+00:00
[2022-03-17 20:50:59,456] {processor.py:171} INFO - Processing /usr/local/lib/python3.9/site-packages/airflow/example_dags/example_branch_datetime_operator.py took 0.050 seconds
[2022-03-17 20:51:29,662] {processor.py:163} INFO - Started process (PID=663) to work on /usr/local/lib/python3.9/site-packages/airflow/example_dags/example_branch_datetime_operator.py
[2022-03-17 20:51:29,663] {processor.py:642} INFO - Processing file /usr/local/lib/python3.9/site-packages/airflow/example_dags/example_branch_datetime_operator.py for tasks to queue
[2022-03-17 20:51:29,663] {logging_mixin.py:109} INFO - [2022-03-17 20:51:29,663] {dagbag.py:500} INFO - Filling up the DagBag from /usr/local/lib/python3.9/site-packages/airflow/example_dags/example_branch_datetime_operator.py
[2022-03-17 20:51:29,688] {processor.py:654} INFO - DAG(s) dict_keys(['example_branch_datetime_operator_2']) retrieved from /usr/local/lib/python3.9/site-packages/airflow/example_dags/example_branch_datetime_operator.py
[2022-03-17 20:51:29,694] {logging_mixin.py:109} INFO - [2022-03-17 20:51:29,694] {dag.py:2398} INFO - Sync 1 DAGs
[2022-03-17 20:51:29,706] {logging_mixin.py:109} INFO - [2022-03-17 20:51:29,706] {dag.py:2937} INFO - Setting next_dagrun for example_branch_datetime_operator_2 to 2022-03-16 00:00:00+00:00
[2022-03-17 20:51:29,711] {processor.py:171} INFO - Processing /usr/local/lib/python3.9/site-packages/airflow/example_dags/example_branch_datetime_operator.py took 0.051 seconds
[2022-03-17 20:51:59,952] {processor.py:163} INFO - Started process (PID=695) to work on /usr/local/lib/python3.9/site-packages/airflow/example_dags/example_branch_datetime_operator.py
[2022-03-17 20:51:59,953] {processor.py:642} INFO - Processing file /usr/local/lib/python3.9/site-packages/airflow/example_dags/example_branch_datetime_operator.py for tasks to queue
[2022-03-17 20:51:59,953] {logging_mixin.py:109} INFO - [2022-03-17 20:51:59,953] {dagbag.py:500} INFO - Filling up the DagBag from /usr/local/lib/python3.9/site-packages/airflow/example_dags/example_branch_datetime_operator.py
[2022-03-17 20:51:59,978] {processor.py:654} INFO - DAG(s) dict_keys(['example_branch_datetime_operator_2']) retrieved from /usr/local/lib/python3.9/site-packages/airflow/example_dags/example_branch_datetime_operator.py
[2022-03-17 20:51:59,983] {logging_mixin.py:109} INFO - [2022-03-17 20:51:59,983] {dag.py:2398} INFO - Sync 1 DAGs
[2022-03-17 20:51:59,995] {logging_mixin.py:109} INFO - [2022-03-17 20:51:59,995] {dag.py:2937} INFO - Setting next_dagrun for example_branch_datetime_operator_2 to 2022-03-16 00:00:00+00:00
[2022-03-17 20:52:00,001] {processor.py:171} INFO - Processing /usr/local/lib/python3.9/site-packages/airflow/example_dags/example_branch_datetime_operator.py took 0.051 seconds
