[2022-03-17 20:46:52,616] {processor.py:163} INFO - Started process (PID=351) to work on /usr/local/lib/python3.9/site-packages/airflow/example_dags/example_task_group.py
[2022-03-17 20:46:52,617] {processor.py:642} INFO - Processing file /usr/local/lib/python3.9/site-packages/airflow/example_dags/example_task_group.py for tasks to queue
[2022-03-17 20:46:52,617] {logging_mixin.py:109} INFO - [2022-03-17 20:46:52,617] {dagbag.py:500} INFO - Filling up the DagBag from /usr/local/lib/python3.9/site-packages/airflow/example_dags/example_task_group.py
[2022-03-17 20:46:52,653] {processor.py:654} INFO - DAG(s) dict_keys(['example_task_group']) retrieved from /usr/local/lib/python3.9/site-packages/airflow/example_dags/example_task_group.py
[2022-03-17 20:46:52,660] {logging_mixin.py:109} INFO - [2022-03-17 20:46:52,660] {dag.py:2398} INFO - Sync 1 DAGs
[2022-03-17 20:46:52,673] {logging_mixin.py:109} INFO - [2022-03-17 20:46:52,673] {dag.py:2937} INFO - Setting next_dagrun for example_task_group to 2022-03-16T20:46:52.672896+00:00
[2022-03-17 20:46:52,679] {processor.py:171} INFO - Processing /usr/local/lib/python3.9/site-packages/airflow/example_dags/example_task_group.py took 0.067 seconds
[2022-03-17 20:47:23,115] {processor.py:163} INFO - Started process (PID=383) to work on /usr/local/lib/python3.9/site-packages/airflow/example_dags/example_task_group.py
[2022-03-17 20:47:23,116] {processor.py:642} INFO - Processing file /usr/local/lib/python3.9/site-packages/airflow/example_dags/example_task_group.py for tasks to queue
[2022-03-17 20:47:23,116] {logging_mixin.py:109} INFO - [2022-03-17 20:47:23,116] {dagbag.py:500} INFO - Filling up the DagBag from /usr/local/lib/python3.9/site-packages/airflow/example_dags/example_task_group.py
[2022-03-17 20:47:23,142] {processor.py:654} INFO - DAG(s) dict_keys(['example_task_group']) retrieved from /usr/local/lib/python3.9/site-packages/airflow/example_dags/example_task_group.py
[2022-03-17 20:47:23,149] {logging_mixin.py:109} INFO - [2022-03-17 20:47:23,148] {dag.py:2398} INFO - Sync 1 DAGs
[2022-03-17 20:47:23,158] {logging_mixin.py:109} INFO - [2022-03-17 20:47:23,158] {dag.py:2937} INFO - Setting next_dagrun for example_task_group to 2022-03-16T20:47:23.158369+00:00
[2022-03-17 20:47:23,164] {processor.py:171} INFO - Processing /usr/local/lib/python3.9/site-packages/airflow/example_dags/example_task_group.py took 0.051 seconds
[2022-03-17 20:47:53,432] {processor.py:163} INFO - Started process (PID=415) to work on /usr/local/lib/python3.9/site-packages/airflow/example_dags/example_task_group.py
[2022-03-17 20:47:53,433] {processor.py:642} INFO - Processing file /usr/local/lib/python3.9/site-packages/airflow/example_dags/example_task_group.py for tasks to queue
[2022-03-17 20:47:53,434] {logging_mixin.py:109} INFO - [2022-03-17 20:47:53,434] {dagbag.py:500} INFO - Filling up the DagBag from /usr/local/lib/python3.9/site-packages/airflow/example_dags/example_task_group.py
[2022-03-17 20:47:53,462] {processor.py:654} INFO - DAG(s) dict_keys(['example_task_group']) retrieved from /usr/local/lib/python3.9/site-packages/airflow/example_dags/example_task_group.py
[2022-03-17 20:47:53,470] {logging_mixin.py:109} INFO - [2022-03-17 20:47:53,470] {dag.py:2398} INFO - Sync 1 DAGs
[2022-03-17 20:47:53,480] {logging_mixin.py:109} INFO - [2022-03-17 20:47:53,480] {dag.py:2937} INFO - Setting next_dagrun for example_task_group to 2022-03-16T20:47:53.480252+00:00
[2022-03-17 20:47:53,489] {processor.py:171} INFO - Processing /usr/local/lib/python3.9/site-packages/airflow/example_dags/example_task_group.py took 0.060 seconds
[2022-03-17 20:48:23,748] {processor.py:163} INFO - Started process (PID=447) to work on /usr/local/lib/python3.9/site-packages/airflow/example_dags/example_task_group.py
[2022-03-17 20:48:23,748] {processor.py:642} INFO - Processing file /usr/local/lib/python3.9/site-packages/airflow/example_dags/example_task_group.py for tasks to queue
[2022-03-17 20:48:23,749] {logging_mixin.py:109} INFO - [2022-03-17 20:48:23,749] {dagbag.py:500} INFO - Filling up the DagBag from /usr/local/lib/python3.9/site-packages/airflow/example_dags/example_task_group.py
[2022-03-17 20:48:23,779] {processor.py:654} INFO - DAG(s) dict_keys(['example_task_group']) retrieved from /usr/local/lib/python3.9/site-packages/airflow/example_dags/example_task_group.py
[2022-03-17 20:48:23,787] {logging_mixin.py:109} INFO - [2022-03-17 20:48:23,787] {dag.py:2398} INFO - Sync 1 DAGs
[2022-03-17 20:48:23,800] {logging_mixin.py:109} INFO - [2022-03-17 20:48:23,800] {dag.py:2937} INFO - Setting next_dagrun for example_task_group to 2022-03-16T20:48:23.800113+00:00
[2022-03-17 20:48:23,809] {processor.py:171} INFO - Processing /usr/local/lib/python3.9/site-packages/airflow/example_dags/example_task_group.py took 0.064 seconds
[2022-03-17 20:48:54,212] {processor.py:163} INFO - Started process (PID=479) to work on /usr/local/lib/python3.9/site-packages/airflow/example_dags/example_task_group.py
[2022-03-17 20:48:54,213] {processor.py:642} INFO - Processing file /usr/local/lib/python3.9/site-packages/airflow/example_dags/example_task_group.py for tasks to queue
[2022-03-17 20:48:54,213] {logging_mixin.py:109} INFO - [2022-03-17 20:48:54,213] {dagbag.py:500} INFO - Filling up the DagBag from /usr/local/lib/python3.9/site-packages/airflow/example_dags/example_task_group.py
[2022-03-17 20:48:54,238] {processor.py:654} INFO - DAG(s) dict_keys(['example_task_group']) retrieved from /usr/local/lib/python3.9/site-packages/airflow/example_dags/example_task_group.py
[2022-03-17 20:48:54,246] {logging_mixin.py:109} INFO - [2022-03-17 20:48:54,246] {dag.py:2398} INFO - Sync 1 DAGs
[2022-03-17 20:48:54,255] {logging_mixin.py:109} INFO - [2022-03-17 20:48:54,255] {dag.py:2937} INFO - Setting next_dagrun for example_task_group to 2022-03-16T20:48:54.254926+00:00
[2022-03-17 20:48:54,262] {processor.py:171} INFO - Processing /usr/local/lib/python3.9/site-packages/airflow/example_dags/example_task_group.py took 0.052 seconds
[2022-03-17 20:49:24,488] {processor.py:163} INFO - Started process (PID=511) to work on /usr/local/lib/python3.9/site-packages/airflow/example_dags/example_task_group.py
[2022-03-17 20:49:24,488] {processor.py:642} INFO - Processing file /usr/local/lib/python3.9/site-packages/airflow/example_dags/example_task_group.py for tasks to queue
[2022-03-17 20:49:24,488] {logging_mixin.py:109} INFO - [2022-03-17 20:49:24,488] {dagbag.py:500} INFO - Filling up the DagBag from /usr/local/lib/python3.9/site-packages/airflow/example_dags/example_task_group.py
[2022-03-17 20:49:24,515] {processor.py:654} INFO - DAG(s) dict_keys(['example_task_group']) retrieved from /usr/local/lib/python3.9/site-packages/airflow/example_dags/example_task_group.py
[2022-03-17 20:49:24,521] {logging_mixin.py:109} INFO - [2022-03-17 20:49:24,521] {dag.py:2398} INFO - Sync 1 DAGs
[2022-03-17 20:49:24,532] {logging_mixin.py:109} INFO - [2022-03-17 20:49:24,532] {dag.py:2937} INFO - Setting next_dagrun for example_task_group to 2022-03-16T20:49:24.531791+00:00
[2022-03-17 20:49:24,539] {processor.py:171} INFO - Processing /usr/local/lib/python3.9/site-packages/airflow/example_dags/example_task_group.py took 0.053 seconds
[2022-03-17 20:49:54,756] {processor.py:163} INFO - Started process (PID=543) to work on /usr/local/lib/python3.9/site-packages/airflow/example_dags/example_task_group.py
[2022-03-17 20:49:54,757] {processor.py:642} INFO - Processing file /usr/local/lib/python3.9/site-packages/airflow/example_dags/example_task_group.py for tasks to queue
[2022-03-17 20:49:54,758] {logging_mixin.py:109} INFO - [2022-03-17 20:49:54,758] {dagbag.py:500} INFO - Filling up the DagBag from /usr/local/lib/python3.9/site-packages/airflow/example_dags/example_task_group.py
[2022-03-17 20:49:54,788] {processor.py:654} INFO - DAG(s) dict_keys(['example_task_group']) retrieved from /usr/local/lib/python3.9/site-packages/airflow/example_dags/example_task_group.py
[2022-03-17 20:49:54,798] {logging_mixin.py:109} INFO - [2022-03-17 20:49:54,797] {dag.py:2398} INFO - Sync 1 DAGs
[2022-03-17 20:49:54,809] {logging_mixin.py:109} INFO - [2022-03-17 20:49:54,809] {dag.py:2937} INFO - Setting next_dagrun for example_task_group to 2022-03-16T20:49:54.809582+00:00
[2022-03-17 20:49:54,818] {processor.py:171} INFO - Processing /usr/local/lib/python3.9/site-packages/airflow/example_dags/example_task_group.py took 0.065 seconds
[2022-03-17 20:50:25,158] {processor.py:163} INFO - Started process (PID=575) to work on /usr/local/lib/python3.9/site-packages/airflow/example_dags/example_task_group.py
[2022-03-17 20:50:25,158] {processor.py:642} INFO - Processing file /usr/local/lib/python3.9/site-packages/airflow/example_dags/example_task_group.py for tasks to queue
[2022-03-17 20:50:25,159] {logging_mixin.py:109} INFO - [2022-03-17 20:50:25,159] {dagbag.py:500} INFO - Filling up the DagBag from /usr/local/lib/python3.9/site-packages/airflow/example_dags/example_task_group.py
[2022-03-17 20:50:25,187] {processor.py:654} INFO - DAG(s) dict_keys(['example_task_group']) retrieved from /usr/local/lib/python3.9/site-packages/airflow/example_dags/example_task_group.py
[2022-03-17 20:50:25,195] {logging_mixin.py:109} INFO - [2022-03-17 20:50:25,195] {dag.py:2398} INFO - Sync 1 DAGs
[2022-03-17 20:50:25,206] {logging_mixin.py:109} INFO - [2022-03-17 20:50:25,206] {dag.py:2937} INFO - Setting next_dagrun for example_task_group to 2022-03-16T20:50:25.205666+00:00
[2022-03-17 20:50:25,212] {processor.py:171} INFO - Processing /usr/local/lib/python3.9/site-packages/airflow/example_dags/example_task_group.py took 0.057 seconds
[2022-03-17 20:50:55,554] {processor.py:163} INFO - Started process (PID=607) to work on /usr/local/lib/python3.9/site-packages/airflow/example_dags/example_task_group.py
[2022-03-17 20:50:55,556] {processor.py:642} INFO - Processing file /usr/local/lib/python3.9/site-packages/airflow/example_dags/example_task_group.py for tasks to queue
[2022-03-17 20:50:55,556] {logging_mixin.py:109} INFO - [2022-03-17 20:50:55,556] {dagbag.py:500} INFO - Filling up the DagBag from /usr/local/lib/python3.9/site-packages/airflow/example_dags/example_task_group.py
[2022-03-17 20:50:55,582] {processor.py:654} INFO - DAG(s) dict_keys(['example_task_group']) retrieved from /usr/local/lib/python3.9/site-packages/airflow/example_dags/example_task_group.py
[2022-03-17 20:50:55,588] {logging_mixin.py:109} INFO - [2022-03-17 20:50:55,588] {dag.py:2398} INFO - Sync 1 DAGs
[2022-03-17 20:50:55,599] {logging_mixin.py:109} INFO - [2022-03-17 20:50:55,599] {dag.py:2937} INFO - Setting next_dagrun for example_task_group to 2022-03-16T20:50:55.599463+00:00
[2022-03-17 20:50:55,606] {processor.py:171} INFO - Processing /usr/local/lib/python3.9/site-packages/airflow/example_dags/example_task_group.py took 0.054 seconds
[2022-03-17 20:51:25,853] {processor.py:163} INFO - Started process (PID=639) to work on /usr/local/lib/python3.9/site-packages/airflow/example_dags/example_task_group.py
[2022-03-17 20:51:25,854] {processor.py:642} INFO - Processing file /usr/local/lib/python3.9/site-packages/airflow/example_dags/example_task_group.py for tasks to queue
[2022-03-17 20:51:25,854] {logging_mixin.py:109} INFO - [2022-03-17 20:51:25,854] {dagbag.py:500} INFO - Filling up the DagBag from /usr/local/lib/python3.9/site-packages/airflow/example_dags/example_task_group.py
[2022-03-17 20:51:25,881] {processor.py:654} INFO - DAG(s) dict_keys(['example_task_group']) retrieved from /usr/local/lib/python3.9/site-packages/airflow/example_dags/example_task_group.py
[2022-03-17 20:51:25,890] {logging_mixin.py:109} INFO - [2022-03-17 20:51:25,890] {dag.py:2398} INFO - Sync 1 DAGs
[2022-03-17 20:51:25,902] {logging_mixin.py:109} INFO - [2022-03-17 20:51:25,902] {dag.py:2937} INFO - Setting next_dagrun for example_task_group to 2022-03-16T20:51:25.902663+00:00
[2022-03-17 20:51:25,909] {processor.py:171} INFO - Processing /usr/local/lib/python3.9/site-packages/airflow/example_dags/example_task_group.py took 0.058 seconds
[2022-03-17 20:51:56,126] {processor.py:163} INFO - Started process (PID=671) to work on /usr/local/lib/python3.9/site-packages/airflow/example_dags/example_task_group.py
[2022-03-17 20:51:56,127] {processor.py:642} INFO - Processing file /usr/local/lib/python3.9/site-packages/airflow/example_dags/example_task_group.py for tasks to queue
[2022-03-17 20:51:56,128] {logging_mixin.py:109} INFO - [2022-03-17 20:51:56,128] {dagbag.py:500} INFO - Filling up the DagBag from /usr/local/lib/python3.9/site-packages/airflow/example_dags/example_task_group.py
[2022-03-17 20:51:56,155] {processor.py:654} INFO - DAG(s) dict_keys(['example_task_group']) retrieved from /usr/local/lib/python3.9/site-packages/airflow/example_dags/example_task_group.py
[2022-03-17 20:51:56,163] {logging_mixin.py:109} INFO - [2022-03-17 20:51:56,163] {dag.py:2398} INFO - Sync 1 DAGs
[2022-03-17 20:51:56,177] {logging_mixin.py:109} INFO - [2022-03-17 20:51:56,177] {dag.py:2937} INFO - Setting next_dagrun for example_task_group to 2022-03-16T20:51:56.177168+00:00
[2022-03-17 20:51:56,185] {processor.py:171} INFO - Processing /usr/local/lib/python3.9/site-packages/airflow/example_dags/example_task_group.py took 0.061 seconds
