[2022-03-17 20:46:52,687] {processor.py:163} INFO - Started process (PID=353) to work on /usr/local/lib/python3.9/site-packages/airflow/example_dags/example_skip_dag.py
[2022-03-17 20:46:52,688] {processor.py:642} INFO - Processing file /usr/local/lib/python3.9/site-packages/airflow/example_dags/example_skip_dag.py for tasks to queue
[2022-03-17 20:46:52,688] {logging_mixin.py:109} INFO - [2022-03-17 20:46:52,688] {dagbag.py:500} INFO - Filling up the DagBag from /usr/local/lib/python3.9/site-packages/airflow/example_dags/example_skip_dag.py
[2022-03-17 20:46:52,712] {processor.py:654} INFO - DAG(s) dict_keys(['example_skip_dag']) retrieved from /usr/local/lib/python3.9/site-packages/airflow/example_dags/example_skip_dag.py
[2022-03-17 20:46:52,719] {logging_mixin.py:109} INFO - [2022-03-17 20:46:52,719] {dag.py:2398} INFO - Sync 1 DAGs
[2022-03-17 20:46:52,728] {logging_mixin.py:109} INFO - [2022-03-17 20:46:52,728] {dag.py:2937} INFO - Setting next_dagrun for example_skip_dag to 2022-03-16T20:46:52.728602+00:00
[2022-03-17 20:46:52,735] {processor.py:171} INFO - Processing /usr/local/lib/python3.9/site-packages/airflow/example_dags/example_skip_dag.py took 0.050 seconds
[2022-03-17 20:47:23,172] {processor.py:163} INFO - Started process (PID=385) to work on /usr/local/lib/python3.9/site-packages/airflow/example_dags/example_skip_dag.py
[2022-03-17 20:47:23,173] {processor.py:642} INFO - Processing file /usr/local/lib/python3.9/site-packages/airflow/example_dags/example_skip_dag.py for tasks to queue
[2022-03-17 20:47:23,173] {logging_mixin.py:109} INFO - [2022-03-17 20:47:23,173] {dagbag.py:500} INFO - Filling up the DagBag from /usr/local/lib/python3.9/site-packages/airflow/example_dags/example_skip_dag.py
[2022-03-17 20:47:23,197] {processor.py:654} INFO - DAG(s) dict_keys(['example_skip_dag']) retrieved from /usr/local/lib/python3.9/site-packages/airflow/example_dags/example_skip_dag.py
[2022-03-17 20:47:23,204] {logging_mixin.py:109} INFO - [2022-03-17 20:47:23,204] {dag.py:2398} INFO - Sync 1 DAGs
[2022-03-17 20:47:23,214] {logging_mixin.py:109} INFO - [2022-03-17 20:47:23,214] {dag.py:2937} INFO - Setting next_dagrun for example_skip_dag to 2022-03-16T20:47:23.214110+00:00
[2022-03-17 20:47:23,220] {processor.py:171} INFO - Processing /usr/local/lib/python3.9/site-packages/airflow/example_dags/example_skip_dag.py took 0.050 seconds
[2022-03-17 20:47:53,497] {processor.py:163} INFO - Started process (PID=417) to work on /usr/local/lib/python3.9/site-packages/airflow/example_dags/example_skip_dag.py
[2022-03-17 20:47:53,501] {processor.py:642} INFO - Processing file /usr/local/lib/python3.9/site-packages/airflow/example_dags/example_skip_dag.py for tasks to queue
[2022-03-17 20:47:53,502] {logging_mixin.py:109} INFO - [2022-03-17 20:47:53,502] {dagbag.py:500} INFO - Filling up the DagBag from /usr/local/lib/python3.9/site-packages/airflow/example_dags/example_skip_dag.py
[2022-03-17 20:47:53,525] {processor.py:654} INFO - DAG(s) dict_keys(['example_skip_dag']) retrieved from /usr/local/lib/python3.9/site-packages/airflow/example_dags/example_skip_dag.py
[2022-03-17 20:47:53,533] {logging_mixin.py:109} INFO - [2022-03-17 20:47:53,533] {dag.py:2398} INFO - Sync 1 DAGs
[2022-03-17 20:47:53,544] {logging_mixin.py:109} INFO - [2022-03-17 20:47:53,544] {dag.py:2937} INFO - Setting next_dagrun for example_skip_dag to 2022-03-16T20:47:53.544011+00:00
[2022-03-17 20:47:53,551] {processor.py:171} INFO - Processing /usr/local/lib/python3.9/site-packages/airflow/example_dags/example_skip_dag.py took 0.056 seconds
[2022-03-17 20:48:23,817] {processor.py:163} INFO - Started process (PID=449) to work on /usr/local/lib/python3.9/site-packages/airflow/example_dags/example_skip_dag.py
[2022-03-17 20:48:23,817] {processor.py:642} INFO - Processing file /usr/local/lib/python3.9/site-packages/airflow/example_dags/example_skip_dag.py for tasks to queue
[2022-03-17 20:48:23,818] {logging_mixin.py:109} INFO - [2022-03-17 20:48:23,818] {dagbag.py:500} INFO - Filling up the DagBag from /usr/local/lib/python3.9/site-packages/airflow/example_dags/example_skip_dag.py
[2022-03-17 20:48:23,843] {processor.py:654} INFO - DAG(s) dict_keys(['example_skip_dag']) retrieved from /usr/local/lib/python3.9/site-packages/airflow/example_dags/example_skip_dag.py
[2022-03-17 20:48:23,849] {logging_mixin.py:109} INFO - [2022-03-17 20:48:23,849] {dag.py:2398} INFO - Sync 1 DAGs
[2022-03-17 20:48:23,859] {logging_mixin.py:109} INFO - [2022-03-17 20:48:23,859] {dag.py:2937} INFO - Setting next_dagrun for example_skip_dag to 2022-03-16T20:48:23.859234+00:00
[2022-03-17 20:48:23,865] {processor.py:171} INFO - Processing /usr/local/lib/python3.9/site-packages/airflow/example_dags/example_skip_dag.py took 0.050 seconds
[2022-03-17 20:48:54,269] {processor.py:163} INFO - Started process (PID=481) to work on /usr/local/lib/python3.9/site-packages/airflow/example_dags/example_skip_dag.py
[2022-03-17 20:48:54,269] {processor.py:642} INFO - Processing file /usr/local/lib/python3.9/site-packages/airflow/example_dags/example_skip_dag.py for tasks to queue
[2022-03-17 20:48:54,270] {logging_mixin.py:109} INFO - [2022-03-17 20:48:54,270] {dagbag.py:500} INFO - Filling up the DagBag from /usr/local/lib/python3.9/site-packages/airflow/example_dags/example_skip_dag.py
[2022-03-17 20:48:54,294] {processor.py:654} INFO - DAG(s) dict_keys(['example_skip_dag']) retrieved from /usr/local/lib/python3.9/site-packages/airflow/example_dags/example_skip_dag.py
[2022-03-17 20:48:54,300] {logging_mixin.py:109} INFO - [2022-03-17 20:48:54,300] {dag.py:2398} INFO - Sync 1 DAGs
[2022-03-17 20:48:54,310] {logging_mixin.py:109} INFO - [2022-03-17 20:48:54,310] {dag.py:2937} INFO - Setting next_dagrun for example_skip_dag to 2022-03-16T20:48:54.309858+00:00
[2022-03-17 20:48:54,316] {processor.py:171} INFO - Processing /usr/local/lib/python3.9/site-packages/airflow/example_dags/example_skip_dag.py took 0.049 seconds
[2022-03-17 20:49:24,544] {processor.py:163} INFO - Started process (PID=513) to work on /usr/local/lib/python3.9/site-packages/airflow/example_dags/example_skip_dag.py
[2022-03-17 20:49:24,545] {processor.py:642} INFO - Processing file /usr/local/lib/python3.9/site-packages/airflow/example_dags/example_skip_dag.py for tasks to queue
[2022-03-17 20:49:24,545] {logging_mixin.py:109} INFO - [2022-03-17 20:49:24,545] {dagbag.py:500} INFO - Filling up the DagBag from /usr/local/lib/python3.9/site-packages/airflow/example_dags/example_skip_dag.py
[2022-03-17 20:49:24,568] {processor.py:654} INFO - DAG(s) dict_keys(['example_skip_dag']) retrieved from /usr/local/lib/python3.9/site-packages/airflow/example_dags/example_skip_dag.py
[2022-03-17 20:49:24,575] {logging_mixin.py:109} INFO - [2022-03-17 20:49:24,575] {dag.py:2398} INFO - Sync 1 DAGs
[2022-03-17 20:49:24,586] {logging_mixin.py:109} INFO - [2022-03-17 20:49:24,586] {dag.py:2937} INFO - Setting next_dagrun for example_skip_dag to 2022-03-16T20:49:24.585883+00:00
[2022-03-17 20:49:24,593] {processor.py:171} INFO - Processing /usr/local/lib/python3.9/site-packages/airflow/example_dags/example_skip_dag.py took 0.050 seconds
[2022-03-17 20:49:54,827] {processor.py:163} INFO - Started process (PID=545) to work on /usr/local/lib/python3.9/site-packages/airflow/example_dags/example_skip_dag.py
[2022-03-17 20:49:54,828] {processor.py:642} INFO - Processing file /usr/local/lib/python3.9/site-packages/airflow/example_dags/example_skip_dag.py for tasks to queue
[2022-03-17 20:49:54,828] {logging_mixin.py:109} INFO - [2022-03-17 20:49:54,828] {dagbag.py:500} INFO - Filling up the DagBag from /usr/local/lib/python3.9/site-packages/airflow/example_dags/example_skip_dag.py
[2022-03-17 20:49:54,853] {processor.py:654} INFO - DAG(s) dict_keys(['example_skip_dag']) retrieved from /usr/local/lib/python3.9/site-packages/airflow/example_dags/example_skip_dag.py
[2022-03-17 20:49:54,861] {logging_mixin.py:109} INFO - [2022-03-17 20:49:54,861] {dag.py:2398} INFO - Sync 1 DAGs
[2022-03-17 20:49:54,872] {logging_mixin.py:109} INFO - [2022-03-17 20:49:54,872] {dag.py:2937} INFO - Setting next_dagrun for example_skip_dag to 2022-03-16T20:49:54.872171+00:00
[2022-03-17 20:49:54,880] {processor.py:171} INFO - Processing /usr/local/lib/python3.9/site-packages/airflow/example_dags/example_skip_dag.py took 0.055 seconds
[2022-03-17 20:50:25,220] {processor.py:163} INFO - Started process (PID=577) to work on /usr/local/lib/python3.9/site-packages/airflow/example_dags/example_skip_dag.py
[2022-03-17 20:50:25,221] {processor.py:642} INFO - Processing file /usr/local/lib/python3.9/site-packages/airflow/example_dags/example_skip_dag.py for tasks to queue
[2022-03-17 20:50:25,221] {logging_mixin.py:109} INFO - [2022-03-17 20:50:25,221] {dagbag.py:500} INFO - Filling up the DagBag from /usr/local/lib/python3.9/site-packages/airflow/example_dags/example_skip_dag.py
[2022-03-17 20:50:25,245] {processor.py:654} INFO - DAG(s) dict_keys(['example_skip_dag']) retrieved from /usr/local/lib/python3.9/site-packages/airflow/example_dags/example_skip_dag.py
[2022-03-17 20:50:25,252] {logging_mixin.py:109} INFO - [2022-03-17 20:50:25,252] {dag.py:2398} INFO - Sync 1 DAGs
[2022-03-17 20:50:25,263] {logging_mixin.py:109} INFO - [2022-03-17 20:50:25,263] {dag.py:2937} INFO - Setting next_dagrun for example_skip_dag to 2022-03-16T20:50:25.262897+00:00
[2022-03-17 20:50:25,269] {processor.py:171} INFO - Processing /usr/local/lib/python3.9/site-packages/airflow/example_dags/example_skip_dag.py took 0.051 seconds
[2022-03-17 20:50:55,614] {processor.py:163} INFO - Started process (PID=609) to work on /usr/local/lib/python3.9/site-packages/airflow/example_dags/example_skip_dag.py
[2022-03-17 20:50:55,614] {processor.py:642} INFO - Processing file /usr/local/lib/python3.9/site-packages/airflow/example_dags/example_skip_dag.py for tasks to queue
[2022-03-17 20:50:55,615] {logging_mixin.py:109} INFO - [2022-03-17 20:50:55,615] {dagbag.py:500} INFO - Filling up the DagBag from /usr/local/lib/python3.9/site-packages/airflow/example_dags/example_skip_dag.py
[2022-03-17 20:50:55,639] {processor.py:654} INFO - DAG(s) dict_keys(['example_skip_dag']) retrieved from /usr/local/lib/python3.9/site-packages/airflow/example_dags/example_skip_dag.py
[2022-03-17 20:50:55,646] {logging_mixin.py:109} INFO - [2022-03-17 20:50:55,646] {dag.py:2398} INFO - Sync 1 DAGs
[2022-03-17 20:50:55,656] {logging_mixin.py:109} INFO - [2022-03-17 20:50:55,656] {dag.py:2937} INFO - Setting next_dagrun for example_skip_dag to 2022-03-16T20:50:55.655852+00:00
[2022-03-17 20:50:55,662] {processor.py:171} INFO - Processing /usr/local/lib/python3.9/site-packages/airflow/example_dags/example_skip_dag.py took 0.051 seconds
[2022-03-17 20:51:25,916] {processor.py:163} INFO - Started process (PID=641) to work on /usr/local/lib/python3.9/site-packages/airflow/example_dags/example_skip_dag.py
[2022-03-17 20:51:25,917] {processor.py:642} INFO - Processing file /usr/local/lib/python3.9/site-packages/airflow/example_dags/example_skip_dag.py for tasks to queue
[2022-03-17 20:51:25,917] {logging_mixin.py:109} INFO - [2022-03-17 20:51:25,917] {dagbag.py:500} INFO - Filling up the DagBag from /usr/local/lib/python3.9/site-packages/airflow/example_dags/example_skip_dag.py
[2022-03-17 20:51:25,940] {processor.py:654} INFO - DAG(s) dict_keys(['example_skip_dag']) retrieved from /usr/local/lib/python3.9/site-packages/airflow/example_dags/example_skip_dag.py
[2022-03-17 20:51:25,946] {logging_mixin.py:109} INFO - [2022-03-17 20:51:25,946] {dag.py:2398} INFO - Sync 1 DAGs
[2022-03-17 20:51:25,957] {logging_mixin.py:109} INFO - [2022-03-17 20:51:25,957] {dag.py:2937} INFO - Setting next_dagrun for example_skip_dag to 2022-03-16T20:51:25.957259+00:00
[2022-03-17 20:51:25,964] {processor.py:171} INFO - Processing /usr/local/lib/python3.9/site-packages/airflow/example_dags/example_skip_dag.py took 0.049 seconds
[2022-03-17 20:51:56,194] {processor.py:163} INFO - Started process (PID=673) to work on /usr/local/lib/python3.9/site-packages/airflow/example_dags/example_skip_dag.py
[2022-03-17 20:51:56,195] {processor.py:642} INFO - Processing file /usr/local/lib/python3.9/site-packages/airflow/example_dags/example_skip_dag.py for tasks to queue
[2022-03-17 20:51:56,196] {logging_mixin.py:109} INFO - [2022-03-17 20:51:56,196] {dagbag.py:500} INFO - Filling up the DagBag from /usr/local/lib/python3.9/site-packages/airflow/example_dags/example_skip_dag.py
[2022-03-17 20:51:56,222] {processor.py:654} INFO - DAG(s) dict_keys(['example_skip_dag']) retrieved from /usr/local/lib/python3.9/site-packages/airflow/example_dags/example_skip_dag.py
[2022-03-17 20:51:56,229] {logging_mixin.py:109} INFO - [2022-03-17 20:51:56,229] {dag.py:2398} INFO - Sync 1 DAGs
[2022-03-17 20:51:56,240] {logging_mixin.py:109} INFO - [2022-03-17 20:51:56,239] {dag.py:2937} INFO - Setting next_dagrun for example_skip_dag to 2022-03-16T20:51:56.239695+00:00
[2022-03-17 20:51:56,246] {processor.py:171} INFO - Processing /usr/local/lib/python3.9/site-packages/airflow/example_dags/example_skip_dag.py took 0.055 seconds
