[2022-03-17 20:46:55,117] {processor.py:163} INFO - Started process (PID=362) to work on /usr/local/lib/python3.9/site-packages/airflow/example_dags/example_task_group_decorator.py
[2022-03-17 20:46:55,118] {processor.py:642} INFO - Processing file /usr/local/lib/python3.9/site-packages/airflow/example_dags/example_task_group_decorator.py for tasks to queue
[2022-03-17 20:46:55,118] {logging_mixin.py:109} INFO - [2022-03-17 20:46:55,118] {dagbag.py:500} INFO - Filling up the DagBag from /usr/local/lib/python3.9/site-packages/airflow/example_dags/example_task_group_decorator.py
[2022-03-17 20:46:55,150] {processor.py:654} INFO - DAG(s) dict_keys(['example_task_group_decorator']) retrieved from /usr/local/lib/python3.9/site-packages/airflow/example_dags/example_task_group_decorator.py
[2022-03-17 20:46:55,297] {logging_mixin.py:109} INFO - [2022-03-17 20:46:55,297] {dag.py:2398} INFO - Sync 1 DAGs
[2022-03-17 20:46:55,307] {logging_mixin.py:109} INFO - [2022-03-17 20:46:55,307] {dag.py:2937} INFO - Setting next_dagrun for example_task_group_decorator to 2022-03-16T20:46:55.307698+00:00
[2022-03-17 20:46:55,315] {processor.py:171} INFO - Processing /usr/local/lib/python3.9/site-packages/airflow/example_dags/example_task_group_decorator.py took 0.200 seconds
[2022-03-17 20:47:25,481] {processor.py:163} INFO - Started process (PID=394) to work on /usr/local/lib/python3.9/site-packages/airflow/example_dags/example_task_group_decorator.py
[2022-03-17 20:47:25,481] {processor.py:642} INFO - Processing file /usr/local/lib/python3.9/site-packages/airflow/example_dags/example_task_group_decorator.py for tasks to queue
[2022-03-17 20:47:25,482] {logging_mixin.py:109} INFO - [2022-03-17 20:47:25,481] {dagbag.py:500} INFO - Filling up the DagBag from /usr/local/lib/python3.9/site-packages/airflow/example_dags/example_task_group_decorator.py
[2022-03-17 20:47:25,522] {processor.py:654} INFO - DAG(s) dict_keys(['example_task_group_decorator']) retrieved from /usr/local/lib/python3.9/site-packages/airflow/example_dags/example_task_group_decorator.py
[2022-03-17 20:47:25,673] {logging_mixin.py:109} INFO - [2022-03-17 20:47:25,673] {dag.py:2398} INFO - Sync 1 DAGs
[2022-03-17 20:47:25,685] {logging_mixin.py:109} INFO - [2022-03-17 20:47:25,684] {dag.py:2937} INFO - Setting next_dagrun for example_task_group_decorator to 2022-03-16T20:47:25.684798+00:00
[2022-03-17 20:47:25,693] {processor.py:171} INFO - Processing /usr/local/lib/python3.9/site-packages/airflow/example_dags/example_task_group_decorator.py took 0.214 seconds
[2022-03-17 20:47:55,802] {processor.py:163} INFO - Started process (PID=426) to work on /usr/local/lib/python3.9/site-packages/airflow/example_dags/example_task_group_decorator.py
[2022-03-17 20:47:55,805] {processor.py:642} INFO - Processing file /usr/local/lib/python3.9/site-packages/airflow/example_dags/example_task_group_decorator.py for tasks to queue
[2022-03-17 20:47:55,805] {logging_mixin.py:109} INFO - [2022-03-17 20:47:55,805] {dagbag.py:500} INFO - Filling up the DagBag from /usr/local/lib/python3.9/site-packages/airflow/example_dags/example_task_group_decorator.py
[2022-03-17 20:47:55,841] {processor.py:654} INFO - DAG(s) dict_keys(['example_task_group_decorator']) retrieved from /usr/local/lib/python3.9/site-packages/airflow/example_dags/example_task_group_decorator.py
[2022-03-17 20:47:55,987] {logging_mixin.py:109} INFO - [2022-03-17 20:47:55,987] {dag.py:2398} INFO - Sync 1 DAGs
[2022-03-17 20:47:56,000] {logging_mixin.py:109} INFO - [2022-03-17 20:47:55,999] {dag.py:2937} INFO - Setting next_dagrun for example_task_group_decorator to 2022-03-16T20:47:55.999533+00:00
[2022-03-17 20:47:56,011] {processor.py:171} INFO - Processing /usr/local/lib/python3.9/site-packages/airflow/example_dags/example_task_group_decorator.py took 0.212 seconds
[2022-03-17 20:48:26,156] {processor.py:163} INFO - Started process (PID=458) to work on /usr/local/lib/python3.9/site-packages/airflow/example_dags/example_task_group_decorator.py
[2022-03-17 20:48:26,157] {processor.py:642} INFO - Processing file /usr/local/lib/python3.9/site-packages/airflow/example_dags/example_task_group_decorator.py for tasks to queue
[2022-03-17 20:48:26,157] {logging_mixin.py:109} INFO - [2022-03-17 20:48:26,157] {dagbag.py:500} INFO - Filling up the DagBag from /usr/local/lib/python3.9/site-packages/airflow/example_dags/example_task_group_decorator.py
[2022-03-17 20:48:26,192] {processor.py:654} INFO - DAG(s) dict_keys(['example_task_group_decorator']) retrieved from /usr/local/lib/python3.9/site-packages/airflow/example_dags/example_task_group_decorator.py
[2022-03-17 20:48:26,338] {logging_mixin.py:109} INFO - [2022-03-17 20:48:26,338] {dag.py:2398} INFO - Sync 1 DAGs
[2022-03-17 20:48:26,350] {logging_mixin.py:109} INFO - [2022-03-17 20:48:26,350] {dag.py:2937} INFO - Setting next_dagrun for example_task_group_decorator to 2022-03-16T20:48:26.349892+00:00
[2022-03-17 20:48:26,358] {processor.py:171} INFO - Processing /usr/local/lib/python3.9/site-packages/airflow/example_dags/example_task_group_decorator.py took 0.204 seconds
[2022-03-17 20:48:56,558] {processor.py:163} INFO - Started process (PID=490) to work on /usr/local/lib/python3.9/site-packages/airflow/example_dags/example_task_group_decorator.py
[2022-03-17 20:48:56,559] {processor.py:642} INFO - Processing file /usr/local/lib/python3.9/site-packages/airflow/example_dags/example_task_group_decorator.py for tasks to queue
[2022-03-17 20:48:56,559] {logging_mixin.py:109} INFO - [2022-03-17 20:48:56,559] {dagbag.py:500} INFO - Filling up the DagBag from /usr/local/lib/python3.9/site-packages/airflow/example_dags/example_task_group_decorator.py
[2022-03-17 20:48:56,593] {processor.py:654} INFO - DAG(s) dict_keys(['example_task_group_decorator']) retrieved from /usr/local/lib/python3.9/site-packages/airflow/example_dags/example_task_group_decorator.py
[2022-03-17 20:48:56,733] {logging_mixin.py:109} INFO - [2022-03-17 20:48:56,733] {dag.py:2398} INFO - Sync 1 DAGs
[2022-03-17 20:48:56,743] {logging_mixin.py:109} INFO - [2022-03-17 20:48:56,743] {dag.py:2937} INFO - Setting next_dagrun for example_task_group_decorator to 2022-03-16T20:48:56.743591+00:00
[2022-03-17 20:48:56,751] {processor.py:171} INFO - Processing /usr/local/lib/python3.9/site-packages/airflow/example_dags/example_task_group_decorator.py took 0.195 seconds
[2022-03-17 20:49:26,827] {processor.py:163} INFO - Started process (PID=522) to work on /usr/local/lib/python3.9/site-packages/airflow/example_dags/example_task_group_decorator.py
[2022-03-17 20:49:26,827] {processor.py:642} INFO - Processing file /usr/local/lib/python3.9/site-packages/airflow/example_dags/example_task_group_decorator.py for tasks to queue
[2022-03-17 20:49:26,828] {logging_mixin.py:109} INFO - [2022-03-17 20:49:26,828] {dagbag.py:500} INFO - Filling up the DagBag from /usr/local/lib/python3.9/site-packages/airflow/example_dags/example_task_group_decorator.py
[2022-03-17 20:49:26,863] {processor.py:654} INFO - DAG(s) dict_keys(['example_task_group_decorator']) retrieved from /usr/local/lib/python3.9/site-packages/airflow/example_dags/example_task_group_decorator.py
[2022-03-17 20:49:27,002] {logging_mixin.py:109} INFO - [2022-03-17 20:49:27,002] {dag.py:2398} INFO - Sync 1 DAGs
[2022-03-17 20:49:27,012] {logging_mixin.py:109} INFO - [2022-03-17 20:49:27,012] {dag.py:2937} INFO - Setting next_dagrun for example_task_group_decorator to 2022-03-16T20:49:27.012216+00:00
[2022-03-17 20:49:27,019] {processor.py:171} INFO - Processing /usr/local/lib/python3.9/site-packages/airflow/example_dags/example_task_group_decorator.py took 0.195 seconds
[2022-03-17 20:49:57,132] {processor.py:163} INFO - Started process (PID=554) to work on /usr/local/lib/python3.9/site-packages/airflow/example_dags/example_task_group_decorator.py
[2022-03-17 20:49:57,133] {processor.py:642} INFO - Processing file /usr/local/lib/python3.9/site-packages/airflow/example_dags/example_task_group_decorator.py for tasks to queue
[2022-03-17 20:49:57,133] {logging_mixin.py:109} INFO - [2022-03-17 20:49:57,133] {dagbag.py:500} INFO - Filling up the DagBag from /usr/local/lib/python3.9/site-packages/airflow/example_dags/example_task_group_decorator.py
[2022-03-17 20:49:57,171] {processor.py:654} INFO - DAG(s) dict_keys(['example_task_group_decorator']) retrieved from /usr/local/lib/python3.9/site-packages/airflow/example_dags/example_task_group_decorator.py
[2022-03-17 20:49:57,318] {logging_mixin.py:109} INFO - [2022-03-17 20:49:57,318] {dag.py:2398} INFO - Sync 1 DAGs
[2022-03-17 20:49:57,328] {logging_mixin.py:109} INFO - [2022-03-17 20:49:57,328] {dag.py:2937} INFO - Setting next_dagrun for example_task_group_decorator to 2022-03-16T20:49:57.328694+00:00
[2022-03-17 20:49:57,336] {processor.py:171} INFO - Processing /usr/local/lib/python3.9/site-packages/airflow/example_dags/example_task_group_decorator.py took 0.208 seconds
[2022-03-17 20:50:27,546] {processor.py:163} INFO - Started process (PID=586) to work on /usr/local/lib/python3.9/site-packages/airflow/example_dags/example_task_group_decorator.py
[2022-03-17 20:50:27,547] {processor.py:642} INFO - Processing file /usr/local/lib/python3.9/site-packages/airflow/example_dags/example_task_group_decorator.py for tasks to queue
[2022-03-17 20:50:27,547] {logging_mixin.py:109} INFO - [2022-03-17 20:50:27,547] {dagbag.py:500} INFO - Filling up the DagBag from /usr/local/lib/python3.9/site-packages/airflow/example_dags/example_task_group_decorator.py
[2022-03-17 20:50:27,581] {processor.py:654} INFO - DAG(s) dict_keys(['example_task_group_decorator']) retrieved from /usr/local/lib/python3.9/site-packages/airflow/example_dags/example_task_group_decorator.py
[2022-03-17 20:50:27,752] {logging_mixin.py:109} INFO - [2022-03-17 20:50:27,752] {dag.py:2398} INFO - Sync 1 DAGs
[2022-03-17 20:50:27,762] {logging_mixin.py:109} INFO - [2022-03-17 20:50:27,762] {dag.py:2937} INFO - Setting next_dagrun for example_task_group_decorator to 2022-03-16T20:50:27.762647+00:00
[2022-03-17 20:50:27,769] {processor.py:171} INFO - Processing /usr/local/lib/python3.9/site-packages/airflow/example_dags/example_task_group_decorator.py took 0.225 seconds
[2022-03-17 20:50:57,913] {processor.py:163} INFO - Started process (PID=618) to work on /usr/local/lib/python3.9/site-packages/airflow/example_dags/example_task_group_decorator.py
[2022-03-17 20:50:57,914] {processor.py:642} INFO - Processing file /usr/local/lib/python3.9/site-packages/airflow/example_dags/example_task_group_decorator.py for tasks to queue
[2022-03-17 20:50:57,915] {logging_mixin.py:109} INFO - [2022-03-17 20:50:57,914] {dagbag.py:500} INFO - Filling up the DagBag from /usr/local/lib/python3.9/site-packages/airflow/example_dags/example_task_group_decorator.py
[2022-03-17 20:50:57,950] {processor.py:654} INFO - DAG(s) dict_keys(['example_task_group_decorator']) retrieved from /usr/local/lib/python3.9/site-packages/airflow/example_dags/example_task_group_decorator.py
[2022-03-17 20:50:58,096] {logging_mixin.py:109} INFO - [2022-03-17 20:50:58,096] {dag.py:2398} INFO - Sync 1 DAGs
[2022-03-17 20:50:58,107] {logging_mixin.py:109} INFO - [2022-03-17 20:50:58,107] {dag.py:2937} INFO - Setting next_dagrun for example_task_group_decorator to 2022-03-16T20:50:58.106715+00:00
[2022-03-17 20:50:58,115] {processor.py:171} INFO - Processing /usr/local/lib/python3.9/site-packages/airflow/example_dags/example_task_group_decorator.py took 0.204 seconds
[2022-03-17 20:51:28,200] {processor.py:163} INFO - Started process (PID=650) to work on /usr/local/lib/python3.9/site-packages/airflow/example_dags/example_task_group_decorator.py
[2022-03-17 20:51:28,201] {processor.py:642} INFO - Processing file /usr/local/lib/python3.9/site-packages/airflow/example_dags/example_task_group_decorator.py for tasks to queue
[2022-03-17 20:51:28,201] {logging_mixin.py:109} INFO - [2022-03-17 20:51:28,201] {dagbag.py:500} INFO - Filling up the DagBag from /usr/local/lib/python3.9/site-packages/airflow/example_dags/example_task_group_decorator.py
[2022-03-17 20:51:28,234] {processor.py:654} INFO - DAG(s) dict_keys(['example_task_group_decorator']) retrieved from /usr/local/lib/python3.9/site-packages/airflow/example_dags/example_task_group_decorator.py
[2022-03-17 20:51:28,372] {logging_mixin.py:109} INFO - [2022-03-17 20:51:28,372] {dag.py:2398} INFO - Sync 1 DAGs
[2022-03-17 20:51:28,382] {logging_mixin.py:109} INFO - [2022-03-17 20:51:28,382] {dag.py:2937} INFO - Setting next_dagrun for example_task_group_decorator to 2022-03-16T20:51:28.381812+00:00
[2022-03-17 20:51:28,390] {processor.py:171} INFO - Processing /usr/local/lib/python3.9/site-packages/airflow/example_dags/example_task_group_decorator.py took 0.192 seconds
[2022-03-17 20:51:58,471] {processor.py:163} INFO - Started process (PID=682) to work on /usr/local/lib/python3.9/site-packages/airflow/example_dags/example_task_group_decorator.py
[2022-03-17 20:51:58,472] {processor.py:642} INFO - Processing file /usr/local/lib/python3.9/site-packages/airflow/example_dags/example_task_group_decorator.py for tasks to queue
[2022-03-17 20:51:58,473] {logging_mixin.py:109} INFO - [2022-03-17 20:51:58,473] {dagbag.py:500} INFO - Filling up the DagBag from /usr/local/lib/python3.9/site-packages/airflow/example_dags/example_task_group_decorator.py
[2022-03-17 20:51:58,505] {processor.py:654} INFO - DAG(s) dict_keys(['example_task_group_decorator']) retrieved from /usr/local/lib/python3.9/site-packages/airflow/example_dags/example_task_group_decorator.py
[2022-03-17 20:51:58,649] {logging_mixin.py:109} INFO - [2022-03-17 20:51:58,649] {dag.py:2398} INFO - Sync 1 DAGs
[2022-03-17 20:51:58,658] {logging_mixin.py:109} INFO - [2022-03-17 20:51:58,658] {dag.py:2937} INFO - Setting next_dagrun for example_task_group_decorator to 2022-03-16T20:51:58.658561+00:00
[2022-03-17 20:51:58,666] {processor.py:171} INFO - Processing /usr/local/lib/python3.9/site-packages/airflow/example_dags/example_task_group_decorator.py took 0.197 seconds
