[2022-03-17 20:46:55,175] {processor.py:163} INFO - Started process (PID=364) to work on /usr/local/lib/python3.9/site-packages/airflow/example_dags/example_latest_only_with_trigger.py
[2022-03-17 20:46:55,176] {processor.py:642} INFO - Processing file /usr/local/lib/python3.9/site-packages/airflow/example_dags/example_latest_only_with_trigger.py for tasks to queue
[2022-03-17 20:46:55,176] {logging_mixin.py:109} INFO - [2022-03-17 20:46:55,176] {dagbag.py:500} INFO - Filling up the DagBag from /usr/local/lib/python3.9/site-packages/airflow/example_dags/example_latest_only_with_trigger.py
[2022-03-17 20:46:55,200] {processor.py:654} INFO - DAG(s) dict_keys(['latest_only_with_trigger']) retrieved from /usr/local/lib/python3.9/site-packages/airflow/example_dags/example_latest_only_with_trigger.py
[2022-03-17 20:46:55,208] {logging_mixin.py:109} INFO - [2022-03-17 20:46:55,208] {dag.py:2398} INFO - Sync 1 DAGs
[2022-03-17 20:46:55,218] {logging_mixin.py:109} INFO - [2022-03-17 20:46:55,218] {dag.py:2937} INFO - Setting next_dagrun for latest_only_with_trigger to 2022-03-17T16:46:55.218610+00:00
[2022-03-17 20:46:55,225] {processor.py:171} INFO - Processing /usr/local/lib/python3.9/site-packages/airflow/example_dags/example_latest_only_with_trigger.py took 0.054 seconds
[2022-03-17 20:47:25,547] {processor.py:163} INFO - Started process (PID=396) to work on /usr/local/lib/python3.9/site-packages/airflow/example_dags/example_latest_only_with_trigger.py
[2022-03-17 20:47:25,548] {processor.py:642} INFO - Processing file /usr/local/lib/python3.9/site-packages/airflow/example_dags/example_latest_only_with_trigger.py for tasks to queue
[2022-03-17 20:47:25,549] {logging_mixin.py:109} INFO - [2022-03-17 20:47:25,549] {dagbag.py:500} INFO - Filling up the DagBag from /usr/local/lib/python3.9/site-packages/airflow/example_dags/example_latest_only_with_trigger.py
[2022-03-17 20:47:25,573] {processor.py:654} INFO - DAG(s) dict_keys(['latest_only_with_trigger']) retrieved from /usr/local/lib/python3.9/site-packages/airflow/example_dags/example_latest_only_with_trigger.py
[2022-03-17 20:47:25,579] {logging_mixin.py:109} INFO - [2022-03-17 20:47:25,579] {dag.py:2398} INFO - Sync 1 DAGs
[2022-03-17 20:47:25,591] {logging_mixin.py:109} INFO - [2022-03-17 20:47:25,591] {dag.py:2937} INFO - Setting next_dagrun for latest_only_with_trigger to 2022-03-17T16:47:25.591189+00:00
[2022-03-17 20:47:25,598] {processor.py:171} INFO - Processing /usr/local/lib/python3.9/site-packages/airflow/example_dags/example_latest_only_with_trigger.py took 0.054 seconds
[2022-03-17 20:47:55,866] {processor.py:163} INFO - Started process (PID=428) to work on /usr/local/lib/python3.9/site-packages/airflow/example_dags/example_latest_only_with_trigger.py
[2022-03-17 20:47:55,867] {processor.py:642} INFO - Processing file /usr/local/lib/python3.9/site-packages/airflow/example_dags/example_latest_only_with_trigger.py for tasks to queue
[2022-03-17 20:47:55,867] {logging_mixin.py:109} INFO - [2022-03-17 20:47:55,867] {dagbag.py:500} INFO - Filling up the DagBag from /usr/local/lib/python3.9/site-packages/airflow/example_dags/example_latest_only_with_trigger.py
[2022-03-17 20:47:55,891] {processor.py:654} INFO - DAG(s) dict_keys(['latest_only_with_trigger']) retrieved from /usr/local/lib/python3.9/site-packages/airflow/example_dags/example_latest_only_with_trigger.py
[2022-03-17 20:47:55,899] {logging_mixin.py:109} INFO - [2022-03-17 20:47:55,898] {dag.py:2398} INFO - Sync 1 DAGs
[2022-03-17 20:47:55,909] {logging_mixin.py:109} INFO - [2022-03-17 20:47:55,909] {dag.py:2937} INFO - Setting next_dagrun for latest_only_with_trigger to 2022-03-17T16:47:55.909200+00:00
[2022-03-17 20:47:55,915] {processor.py:171} INFO - Processing /usr/local/lib/python3.9/site-packages/airflow/example_dags/example_latest_only_with_trigger.py took 0.051 seconds
[2022-03-17 20:48:26,228] {processor.py:163} INFO - Started process (PID=460) to work on /usr/local/lib/python3.9/site-packages/airflow/example_dags/example_latest_only_with_trigger.py
[2022-03-17 20:48:26,229] {processor.py:642} INFO - Processing file /usr/local/lib/python3.9/site-packages/airflow/example_dags/example_latest_only_with_trigger.py for tasks to queue
[2022-03-17 20:48:26,229] {logging_mixin.py:109} INFO - [2022-03-17 20:48:26,229] {dagbag.py:500} INFO - Filling up the DagBag from /usr/local/lib/python3.9/site-packages/airflow/example_dags/example_latest_only_with_trigger.py
[2022-03-17 20:48:26,255] {processor.py:654} INFO - DAG(s) dict_keys(['latest_only_with_trigger']) retrieved from /usr/local/lib/python3.9/site-packages/airflow/example_dags/example_latest_only_with_trigger.py
[2022-03-17 20:48:26,261] {logging_mixin.py:109} INFO - [2022-03-17 20:48:26,261] {dag.py:2398} INFO - Sync 1 DAGs
[2022-03-17 20:48:26,271] {logging_mixin.py:109} INFO - [2022-03-17 20:48:26,271] {dag.py:2937} INFO - Setting next_dagrun for latest_only_with_trigger to 2022-03-17T16:48:26.271402+00:00
[2022-03-17 20:48:26,278] {processor.py:171} INFO - Processing /usr/local/lib/python3.9/site-packages/airflow/example_dags/example_latest_only_with_trigger.py took 0.052 seconds
[2022-03-17 20:48:56,615] {processor.py:163} INFO - Started process (PID=492) to work on /usr/local/lib/python3.9/site-packages/airflow/example_dags/example_latest_only_with_trigger.py
[2022-03-17 20:48:56,616] {processor.py:642} INFO - Processing file /usr/local/lib/python3.9/site-packages/airflow/example_dags/example_latest_only_with_trigger.py for tasks to queue
[2022-03-17 20:48:56,616] {logging_mixin.py:109} INFO - [2022-03-17 20:48:56,616] {dagbag.py:500} INFO - Filling up the DagBag from /usr/local/lib/python3.9/site-packages/airflow/example_dags/example_latest_only_with_trigger.py
[2022-03-17 20:48:56,640] {processor.py:654} INFO - DAG(s) dict_keys(['latest_only_with_trigger']) retrieved from /usr/local/lib/python3.9/site-packages/airflow/example_dags/example_latest_only_with_trigger.py
[2022-03-17 20:48:56,647] {logging_mixin.py:109} INFO - [2022-03-17 20:48:56,647] {dag.py:2398} INFO - Sync 1 DAGs
[2022-03-17 20:48:56,656] {logging_mixin.py:109} INFO - [2022-03-17 20:48:56,656] {dag.py:2937} INFO - Setting next_dagrun for latest_only_with_trigger to 2022-03-17T16:48:56.656533+00:00
[2022-03-17 20:48:56,663] {processor.py:171} INFO - Processing /usr/local/lib/python3.9/site-packages/airflow/example_dags/example_latest_only_with_trigger.py took 0.050 seconds
[2022-03-17 20:49:26,889] {processor.py:163} INFO - Started process (PID=524) to work on /usr/local/lib/python3.9/site-packages/airflow/example_dags/example_latest_only_with_trigger.py
[2022-03-17 20:49:26,889] {processor.py:642} INFO - Processing file /usr/local/lib/python3.9/site-packages/airflow/example_dags/example_latest_only_with_trigger.py for tasks to queue
[2022-03-17 20:49:26,890] {logging_mixin.py:109} INFO - [2022-03-17 20:49:26,890] {dagbag.py:500} INFO - Filling up the DagBag from /usr/local/lib/python3.9/site-packages/airflow/example_dags/example_latest_only_with_trigger.py
[2022-03-17 20:49:26,913] {processor.py:654} INFO - DAG(s) dict_keys(['latest_only_with_trigger']) retrieved from /usr/local/lib/python3.9/site-packages/airflow/example_dags/example_latest_only_with_trigger.py
[2022-03-17 20:49:26,920] {logging_mixin.py:109} INFO - [2022-03-17 20:49:26,920] {dag.py:2398} INFO - Sync 1 DAGs
[2022-03-17 20:49:26,930] {logging_mixin.py:109} INFO - [2022-03-17 20:49:26,930] {dag.py:2937} INFO - Setting next_dagrun for latest_only_with_trigger to 2022-03-17T16:49:26.930018+00:00
[2022-03-17 20:49:26,936] {processor.py:171} INFO - Processing /usr/local/lib/python3.9/site-packages/airflow/example_dags/example_latest_only_with_trigger.py took 0.049 seconds
[2022-03-17 20:49:57,200] {processor.py:163} INFO - Started process (PID=556) to work on /usr/local/lib/python3.9/site-packages/airflow/example_dags/example_latest_only_with_trigger.py
[2022-03-17 20:49:57,202] {processor.py:642} INFO - Processing file /usr/local/lib/python3.9/site-packages/airflow/example_dags/example_latest_only_with_trigger.py for tasks to queue
[2022-03-17 20:49:57,202] {logging_mixin.py:109} INFO - [2022-03-17 20:49:57,202] {dagbag.py:500} INFO - Filling up the DagBag from /usr/local/lib/python3.9/site-packages/airflow/example_dags/example_latest_only_with_trigger.py
[2022-03-17 20:49:57,226] {processor.py:654} INFO - DAG(s) dict_keys(['latest_only_with_trigger']) retrieved from /usr/local/lib/python3.9/site-packages/airflow/example_dags/example_latest_only_with_trigger.py
[2022-03-17 20:49:57,233] {logging_mixin.py:109} INFO - [2022-03-17 20:49:57,233] {dag.py:2398} INFO - Sync 1 DAGs
[2022-03-17 20:49:57,243] {logging_mixin.py:109} INFO - [2022-03-17 20:49:57,243] {dag.py:2937} INFO - Setting next_dagrun for latest_only_with_trigger to 2022-03-17T16:49:57.243476+00:00
[2022-03-17 20:49:57,249] {processor.py:171} INFO - Processing /usr/local/lib/python3.9/site-packages/airflow/example_dags/example_latest_only_with_trigger.py took 0.051 seconds
[2022-03-17 20:50:27,606] {processor.py:163} INFO - Started process (PID=588) to work on /usr/local/lib/python3.9/site-packages/airflow/example_dags/example_latest_only_with_trigger.py
[2022-03-17 20:50:27,606] {processor.py:642} INFO - Processing file /usr/local/lib/python3.9/site-packages/airflow/example_dags/example_latest_only_with_trigger.py for tasks to queue
[2022-03-17 20:50:27,607] {logging_mixin.py:109} INFO - [2022-03-17 20:50:27,607] {dagbag.py:500} INFO - Filling up the DagBag from /usr/local/lib/python3.9/site-packages/airflow/example_dags/example_latest_only_with_trigger.py
[2022-03-17 20:50:27,631] {processor.py:654} INFO - DAG(s) dict_keys(['latest_only_with_trigger']) retrieved from /usr/local/lib/python3.9/site-packages/airflow/example_dags/example_latest_only_with_trigger.py
[2022-03-17 20:50:27,639] {logging_mixin.py:109} INFO - [2022-03-17 20:50:27,639] {dag.py:2398} INFO - Sync 1 DAGs
[2022-03-17 20:50:27,650] {logging_mixin.py:109} INFO - [2022-03-17 20:50:27,650] {dag.py:2937} INFO - Setting next_dagrun for latest_only_with_trigger to 2022-03-17T16:50:27.650678+00:00
[2022-03-17 20:50:27,660] {processor.py:171} INFO - Processing /usr/local/lib/python3.9/site-packages/airflow/example_dags/example_latest_only_with_trigger.py took 0.057 seconds
[2022-03-17 20:50:57,977] {processor.py:163} INFO - Started process (PID=620) to work on /usr/local/lib/python3.9/site-packages/airflow/example_dags/example_latest_only_with_trigger.py
[2022-03-17 20:50:57,977] {processor.py:642} INFO - Processing file /usr/local/lib/python3.9/site-packages/airflow/example_dags/example_latest_only_with_trigger.py for tasks to queue
[2022-03-17 20:50:57,978] {logging_mixin.py:109} INFO - [2022-03-17 20:50:57,978] {dagbag.py:500} INFO - Filling up the DagBag from /usr/local/lib/python3.9/site-packages/airflow/example_dags/example_latest_only_with_trigger.py
[2022-03-17 20:50:58,002] {processor.py:654} INFO - DAG(s) dict_keys(['latest_only_with_trigger']) retrieved from /usr/local/lib/python3.9/site-packages/airflow/example_dags/example_latest_only_with_trigger.py
[2022-03-17 20:50:58,008] {logging_mixin.py:109} INFO - [2022-03-17 20:50:58,008] {dag.py:2398} INFO - Sync 1 DAGs
[2022-03-17 20:50:58,019] {logging_mixin.py:109} INFO - [2022-03-17 20:50:58,019] {dag.py:2937} INFO - Setting next_dagrun for latest_only_with_trigger to 2022-03-17T16:50:58.019389+00:00
[2022-03-17 20:50:58,026] {processor.py:171} INFO - Processing /usr/local/lib/python3.9/site-packages/airflow/example_dags/example_latest_only_with_trigger.py took 0.052 seconds
[2022-03-17 20:51:28,255] {processor.py:163} INFO - Started process (PID=652) to work on /usr/local/lib/python3.9/site-packages/airflow/example_dags/example_latest_only_with_trigger.py
[2022-03-17 20:51:28,255] {processor.py:642} INFO - Processing file /usr/local/lib/python3.9/site-packages/airflow/example_dags/example_latest_only_with_trigger.py for tasks to queue
[2022-03-17 20:51:28,256] {logging_mixin.py:109} INFO - [2022-03-17 20:51:28,256] {dagbag.py:500} INFO - Filling up the DagBag from /usr/local/lib/python3.9/site-packages/airflow/example_dags/example_latest_only_with_trigger.py
[2022-03-17 20:51:28,281] {processor.py:654} INFO - DAG(s) dict_keys(['latest_only_with_trigger']) retrieved from /usr/local/lib/python3.9/site-packages/airflow/example_dags/example_latest_only_with_trigger.py
[2022-03-17 20:51:28,287] {logging_mixin.py:109} INFO - [2022-03-17 20:51:28,287] {dag.py:2398} INFO - Sync 1 DAGs
[2022-03-17 20:51:28,298] {logging_mixin.py:109} INFO - [2022-03-17 20:51:28,298] {dag.py:2937} INFO - Setting next_dagrun for latest_only_with_trigger to 2022-03-17T16:51:28.298103+00:00
[2022-03-17 20:51:28,304] {processor.py:171} INFO - Processing /usr/local/lib/python3.9/site-packages/airflow/example_dags/example_latest_only_with_trigger.py took 0.051 seconds
[2022-03-17 20:51:58,527] {processor.py:163} INFO - Started process (PID=684) to work on /usr/local/lib/python3.9/site-packages/airflow/example_dags/example_latest_only_with_trigger.py
[2022-03-17 20:51:58,528] {processor.py:642} INFO - Processing file /usr/local/lib/python3.9/site-packages/airflow/example_dags/example_latest_only_with_trigger.py for tasks to queue
[2022-03-17 20:51:58,528] {logging_mixin.py:109} INFO - [2022-03-17 20:51:58,528] {dagbag.py:500} INFO - Filling up the DagBag from /usr/local/lib/python3.9/site-packages/airflow/example_dags/example_latest_only_with_trigger.py
[2022-03-17 20:51:58,554] {processor.py:654} INFO - DAG(s) dict_keys(['latest_only_with_trigger']) retrieved from /usr/local/lib/python3.9/site-packages/airflow/example_dags/example_latest_only_with_trigger.py
[2022-03-17 20:51:58,561] {logging_mixin.py:109} INFO - [2022-03-17 20:51:58,561] {dag.py:2398} INFO - Sync 1 DAGs
[2022-03-17 20:51:58,573] {logging_mixin.py:109} INFO - [2022-03-17 20:51:58,573] {dag.py:2937} INFO - Setting next_dagrun for latest_only_with_trigger to 2022-03-17T16:51:58.573210+00:00
[2022-03-17 20:51:58,581] {processor.py:171} INFO - Processing /usr/local/lib/python3.9/site-packages/airflow/example_dags/example_latest_only_with_trigger.py took 0.056 seconds
