[2022-03-17 20:46:53,856] {processor.py:163} INFO - Started process (PID=357) to work on /usr/local/lib/python3.9/site-packages/airflow/example_dags/example_python_operator.py
[2022-03-17 20:46:53,857] {processor.py:642} INFO - Processing file /usr/local/lib/python3.9/site-packages/airflow/example_dags/example_python_operator.py for tasks to queue
[2022-03-17 20:46:53,857] {logging_mixin.py:109} INFO - [2022-03-17 20:46:53,857] {dagbag.py:500} INFO - Filling up the DagBag from /usr/local/lib/python3.9/site-packages/airflow/example_dags/example_python_operator.py
[2022-03-17 20:46:53,866] {logging_mixin.py:109} INFO - [2022-03-17 20:46:53,866] {example_python_operator.py:68} WARNING - The virtalenv_python example task requires virtualenv, please install it.
[2022-03-17 20:46:53,889] {processor.py:654} INFO - DAG(s) dict_keys(['example_python_operator']) retrieved from /usr/local/lib/python3.9/site-packages/airflow/example_dags/example_python_operator.py
[2022-03-17 20:46:53,897] {logging_mixin.py:109} INFO - [2022-03-17 20:46:53,897] {dag.py:2398} INFO - Sync 1 DAGs
[2022-03-17 20:46:53,908] {logging_mixin.py:109} INFO - [2022-03-17 20:46:53,908] {dag.py:2937} INFO - Setting next_dagrun for example_python_operator to None
[2022-03-17 20:46:53,917] {processor.py:171} INFO - Processing /usr/local/lib/python3.9/site-packages/airflow/example_dags/example_python_operator.py took 0.064 seconds
[2022-03-17 20:47:24,235] {processor.py:163} INFO - Started process (PID=389) to work on /usr/local/lib/python3.9/site-packages/airflow/example_dags/example_python_operator.py
[2022-03-17 20:47:24,235] {processor.py:642} INFO - Processing file /usr/local/lib/python3.9/site-packages/airflow/example_dags/example_python_operator.py for tasks to queue
[2022-03-17 20:47:24,236] {logging_mixin.py:109} INFO - [2022-03-17 20:47:24,236] {dagbag.py:500} INFO - Filling up the DagBag from /usr/local/lib/python3.9/site-packages/airflow/example_dags/example_python_operator.py
[2022-03-17 20:47:24,243] {logging_mixin.py:109} INFO - [2022-03-17 20:47:24,243] {example_python_operator.py:68} WARNING - The virtalenv_python example task requires virtualenv, please install it.
[2022-03-17 20:47:24,262] {processor.py:654} INFO - DAG(s) dict_keys(['example_python_operator']) retrieved from /usr/local/lib/python3.9/site-packages/airflow/example_dags/example_python_operator.py
[2022-03-17 20:47:24,269] {logging_mixin.py:109} INFO - [2022-03-17 20:47:24,269] {dag.py:2398} INFO - Sync 1 DAGs
[2022-03-17 20:47:24,279] {logging_mixin.py:109} INFO - [2022-03-17 20:47:24,279] {dag.py:2937} INFO - Setting next_dagrun for example_python_operator to None
[2022-03-17 20:47:24,286] {processor.py:171} INFO - Processing /usr/local/lib/python3.9/site-packages/airflow/example_dags/example_python_operator.py took 0.053 seconds
[2022-03-17 20:47:54,567] {processor.py:163} INFO - Started process (PID=421) to work on /usr/local/lib/python3.9/site-packages/airflow/example_dags/example_python_operator.py
[2022-03-17 20:47:54,568] {processor.py:642} INFO - Processing file /usr/local/lib/python3.9/site-packages/airflow/example_dags/example_python_operator.py for tasks to queue
[2022-03-17 20:47:54,569] {logging_mixin.py:109} INFO - [2022-03-17 20:47:54,569] {dagbag.py:500} INFO - Filling up the DagBag from /usr/local/lib/python3.9/site-packages/airflow/example_dags/example_python_operator.py
[2022-03-17 20:47:54,578] {logging_mixin.py:109} INFO - [2022-03-17 20:47:54,577] {example_python_operator.py:68} WARNING - The virtalenv_python example task requires virtualenv, please install it.
[2022-03-17 20:47:54,599] {processor.py:654} INFO - DAG(s) dict_keys(['example_python_operator']) retrieved from /usr/local/lib/python3.9/site-packages/airflow/example_dags/example_python_operator.py
[2022-03-17 20:47:54,605] {logging_mixin.py:109} INFO - [2022-03-17 20:47:54,605] {dag.py:2398} INFO - Sync 1 DAGs
[2022-03-17 20:47:54,618] {logging_mixin.py:109} INFO - [2022-03-17 20:47:54,617] {dag.py:2937} INFO - Setting next_dagrun for example_python_operator to None
[2022-03-17 20:47:54,626] {processor.py:171} INFO - Processing /usr/local/lib/python3.9/site-packages/airflow/example_dags/example_python_operator.py took 0.062 seconds
[2022-03-17 20:48:24,888] {processor.py:163} INFO - Started process (PID=453) to work on /usr/local/lib/python3.9/site-packages/airflow/example_dags/example_python_operator.py
[2022-03-17 20:48:24,898] {processor.py:642} INFO - Processing file /usr/local/lib/python3.9/site-packages/airflow/example_dags/example_python_operator.py for tasks to queue
[2022-03-17 20:48:24,899] {logging_mixin.py:109} INFO - [2022-03-17 20:48:24,899] {dagbag.py:500} INFO - Filling up the DagBag from /usr/local/lib/python3.9/site-packages/airflow/example_dags/example_python_operator.py
[2022-03-17 20:48:24,912] {logging_mixin.py:109} INFO - [2022-03-17 20:48:24,912] {example_python_operator.py:68} WARNING - The virtalenv_python example task requires virtualenv, please install it.
[2022-03-17 20:48:24,952] {processor.py:654} INFO - DAG(s) dict_keys(['example_python_operator']) retrieved from /usr/local/lib/python3.9/site-packages/airflow/example_dags/example_python_operator.py
[2022-03-17 20:48:24,963] {logging_mixin.py:109} INFO - [2022-03-17 20:48:24,963] {dag.py:2398} INFO - Sync 1 DAGs
[2022-03-17 20:48:24,980] {logging_mixin.py:109} INFO - [2022-03-17 20:48:24,980] {dag.py:2937} INFO - Setting next_dagrun for example_python_operator to None
[2022-03-17 20:48:24,991] {processor.py:171} INFO - Processing /usr/local/lib/python3.9/site-packages/airflow/example_dags/example_python_operator.py took 0.107 seconds
[2022-03-17 20:48:55,332] {processor.py:163} INFO - Started process (PID=485) to work on /usr/local/lib/python3.9/site-packages/airflow/example_dags/example_python_operator.py
[2022-03-17 20:48:55,333] {processor.py:642} INFO - Processing file /usr/local/lib/python3.9/site-packages/airflow/example_dags/example_python_operator.py for tasks to queue
[2022-03-17 20:48:55,333] {logging_mixin.py:109} INFO - [2022-03-17 20:48:55,333] {dagbag.py:500} INFO - Filling up the DagBag from /usr/local/lib/python3.9/site-packages/airflow/example_dags/example_python_operator.py
[2022-03-17 20:48:55,342] {logging_mixin.py:109} INFO - [2022-03-17 20:48:55,342] {example_python_operator.py:68} WARNING - The virtalenv_python example task requires virtualenv, please install it.
[2022-03-17 20:48:55,363] {processor.py:654} INFO - DAG(s) dict_keys(['example_python_operator']) retrieved from /usr/local/lib/python3.9/site-packages/airflow/example_dags/example_python_operator.py
[2022-03-17 20:48:55,370] {logging_mixin.py:109} INFO - [2022-03-17 20:48:55,370] {dag.py:2398} INFO - Sync 1 DAGs
[2022-03-17 20:48:55,381] {logging_mixin.py:109} INFO - [2022-03-17 20:48:55,381] {dag.py:2937} INFO - Setting next_dagrun for example_python_operator to None
[2022-03-17 20:48:55,388] {processor.py:171} INFO - Processing /usr/local/lib/python3.9/site-packages/airflow/example_dags/example_python_operator.py took 0.059 seconds
[2022-03-17 20:49:25,607] {processor.py:163} INFO - Started process (PID=517) to work on /usr/local/lib/python3.9/site-packages/airflow/example_dags/example_python_operator.py
[2022-03-17 20:49:25,608] {processor.py:642} INFO - Processing file /usr/local/lib/python3.9/site-packages/airflow/example_dags/example_python_operator.py for tasks to queue
[2022-03-17 20:49:25,608] {logging_mixin.py:109} INFO - [2022-03-17 20:49:25,608] {dagbag.py:500} INFO - Filling up the DagBag from /usr/local/lib/python3.9/site-packages/airflow/example_dags/example_python_operator.py
[2022-03-17 20:49:25,616] {logging_mixin.py:109} INFO - [2022-03-17 20:49:25,616] {example_python_operator.py:68} WARNING - The virtalenv_python example task requires virtualenv, please install it.
[2022-03-17 20:49:25,635] {processor.py:654} INFO - DAG(s) dict_keys(['example_python_operator']) retrieved from /usr/local/lib/python3.9/site-packages/airflow/example_dags/example_python_operator.py
[2022-03-17 20:49:25,641] {logging_mixin.py:109} INFO - [2022-03-17 20:49:25,641] {dag.py:2398} INFO - Sync 1 DAGs
[2022-03-17 20:49:25,652] {logging_mixin.py:109} INFO - [2022-03-17 20:49:25,652] {dag.py:2937} INFO - Setting next_dagrun for example_python_operator to None
[2022-03-17 20:49:25,658] {processor.py:171} INFO - Processing /usr/local/lib/python3.9/site-packages/airflow/example_dags/example_python_operator.py took 0.053 seconds
[2022-03-17 20:49:55,896] {processor.py:163} INFO - Started process (PID=549) to work on /usr/local/lib/python3.9/site-packages/airflow/example_dags/example_python_operator.py
[2022-03-17 20:49:55,897] {processor.py:642} INFO - Processing file /usr/local/lib/python3.9/site-packages/airflow/example_dags/example_python_operator.py for tasks to queue
[2022-03-17 20:49:55,898] {logging_mixin.py:109} INFO - [2022-03-17 20:49:55,898] {dagbag.py:500} INFO - Filling up the DagBag from /usr/local/lib/python3.9/site-packages/airflow/example_dags/example_python_operator.py
[2022-03-17 20:49:55,906] {logging_mixin.py:109} INFO - [2022-03-17 20:49:55,906] {example_python_operator.py:68} WARNING - The virtalenv_python example task requires virtualenv, please install it.
[2022-03-17 20:49:55,928] {processor.py:654} INFO - DAG(s) dict_keys(['example_python_operator']) retrieved from /usr/local/lib/python3.9/site-packages/airflow/example_dags/example_python_operator.py
[2022-03-17 20:49:55,936] {logging_mixin.py:109} INFO - [2022-03-17 20:49:55,936] {dag.py:2398} INFO - Sync 1 DAGs
[2022-03-17 20:49:55,948] {logging_mixin.py:109} INFO - [2022-03-17 20:49:55,947] {dag.py:2937} INFO - Setting next_dagrun for example_python_operator to None
[2022-03-17 20:49:55,957] {processor.py:171} INFO - Processing /usr/local/lib/python3.9/site-packages/airflow/example_dags/example_python_operator.py took 0.063 seconds
[2022-03-17 20:50:26,290] {processor.py:163} INFO - Started process (PID=581) to work on /usr/local/lib/python3.9/site-packages/airflow/example_dags/example_python_operator.py
[2022-03-17 20:50:26,291] {processor.py:642} INFO - Processing file /usr/local/lib/python3.9/site-packages/airflow/example_dags/example_python_operator.py for tasks to queue
[2022-03-17 20:50:26,292] {logging_mixin.py:109} INFO - [2022-03-17 20:50:26,292] {dagbag.py:500} INFO - Filling up the DagBag from /usr/local/lib/python3.9/site-packages/airflow/example_dags/example_python_operator.py
[2022-03-17 20:50:26,307] {logging_mixin.py:109} INFO - [2022-03-17 20:50:26,307] {example_python_operator.py:68} WARNING - The virtalenv_python example task requires virtualenv, please install it.
[2022-03-17 20:50:26,336] {processor.py:654} INFO - DAG(s) dict_keys(['example_python_operator']) retrieved from /usr/local/lib/python3.9/site-packages/airflow/example_dags/example_python_operator.py
[2022-03-17 20:50:26,347] {logging_mixin.py:109} INFO - [2022-03-17 20:50:26,347] {dag.py:2398} INFO - Sync 1 DAGs
[2022-03-17 20:50:26,364] {logging_mixin.py:109} INFO - [2022-03-17 20:50:26,364] {dag.py:2937} INFO - Setting next_dagrun for example_python_operator to None
[2022-03-17 20:50:26,372] {processor.py:171} INFO - Processing /usr/local/lib/python3.9/site-packages/airflow/example_dags/example_python_operator.py took 0.085 seconds
[2022-03-17 20:50:56,679] {processor.py:163} INFO - Started process (PID=613) to work on /usr/local/lib/python3.9/site-packages/airflow/example_dags/example_python_operator.py
[2022-03-17 20:50:56,687] {processor.py:642} INFO - Processing file /usr/local/lib/python3.9/site-packages/airflow/example_dags/example_python_operator.py for tasks to queue
[2022-03-17 20:50:56,688] {logging_mixin.py:109} INFO - [2022-03-17 20:50:56,687] {dagbag.py:500} INFO - Filling up the DagBag from /usr/local/lib/python3.9/site-packages/airflow/example_dags/example_python_operator.py
[2022-03-17 20:50:56,697] {logging_mixin.py:109} INFO - [2022-03-17 20:50:56,696] {example_python_operator.py:68} WARNING - The virtalenv_python example task requires virtualenv, please install it.
[2022-03-17 20:50:56,717] {processor.py:654} INFO - DAG(s) dict_keys(['example_python_operator']) retrieved from /usr/local/lib/python3.9/site-packages/airflow/example_dags/example_python_operator.py
[2022-03-17 20:50:56,726] {logging_mixin.py:109} INFO - [2022-03-17 20:50:56,726] {dag.py:2398} INFO - Sync 1 DAGs
[2022-03-17 20:50:56,739] {logging_mixin.py:109} INFO - [2022-03-17 20:50:56,739] {dag.py:2937} INFO - Setting next_dagrun for example_python_operator to None
[2022-03-17 20:50:56,745] {processor.py:171} INFO - Processing /usr/local/lib/python3.9/site-packages/airflow/example_dags/example_python_operator.py took 0.068 seconds
[2022-03-17 20:51:26,979] {processor.py:163} INFO - Started process (PID=645) to work on /usr/local/lib/python3.9/site-packages/airflow/example_dags/example_python_operator.py
[2022-03-17 20:51:26,979] {processor.py:642} INFO - Processing file /usr/local/lib/python3.9/site-packages/airflow/example_dags/example_python_operator.py for tasks to queue
[2022-03-17 20:51:26,979] {logging_mixin.py:109} INFO - [2022-03-17 20:51:26,979] {dagbag.py:500} INFO - Filling up the DagBag from /usr/local/lib/python3.9/site-packages/airflow/example_dags/example_python_operator.py
[2022-03-17 20:51:26,988] {logging_mixin.py:109} INFO - [2022-03-17 20:51:26,988] {example_python_operator.py:68} WARNING - The virtalenv_python example task requires virtualenv, please install it.
[2022-03-17 20:51:27,006] {processor.py:654} INFO - DAG(s) dict_keys(['example_python_operator']) retrieved from /usr/local/lib/python3.9/site-packages/airflow/example_dags/example_python_operator.py
[2022-03-17 20:51:27,012] {logging_mixin.py:109} INFO - [2022-03-17 20:51:27,012] {dag.py:2398} INFO - Sync 1 DAGs
[2022-03-17 20:51:27,023] {logging_mixin.py:109} INFO - [2022-03-17 20:51:27,023] {dag.py:2937} INFO - Setting next_dagrun for example_python_operator to None
[2022-03-17 20:51:27,029] {processor.py:171} INFO - Processing /usr/local/lib/python3.9/site-packages/airflow/example_dags/example_python_operator.py took 0.052 seconds
[2022-03-17 20:51:57,264] {processor.py:163} INFO - Started process (PID=677) to work on /usr/local/lib/python3.9/site-packages/airflow/example_dags/example_python_operator.py
[2022-03-17 20:51:57,265] {processor.py:642} INFO - Processing file /usr/local/lib/python3.9/site-packages/airflow/example_dags/example_python_operator.py for tasks to queue
[2022-03-17 20:51:57,266] {logging_mixin.py:109} INFO - [2022-03-17 20:51:57,266] {dagbag.py:500} INFO - Filling up the DagBag from /usr/local/lib/python3.9/site-packages/airflow/example_dags/example_python_operator.py
[2022-03-17 20:51:57,273] {logging_mixin.py:109} INFO - [2022-03-17 20:51:57,273] {example_python_operator.py:68} WARNING - The virtalenv_python example task requires virtualenv, please install it.
[2022-03-17 20:51:57,291] {processor.py:654} INFO - DAG(s) dict_keys(['example_python_operator']) retrieved from /usr/local/lib/python3.9/site-packages/airflow/example_dags/example_python_operator.py
[2022-03-17 20:51:57,298] {logging_mixin.py:109} INFO - [2022-03-17 20:51:57,298] {dag.py:2398} INFO - Sync 1 DAGs
[2022-03-17 20:51:57,307] {logging_mixin.py:109} INFO - [2022-03-17 20:51:57,307] {dag.py:2937} INFO - Setting next_dagrun for example_python_operator to None
[2022-03-17 20:51:57,313] {processor.py:171} INFO - Processing /usr/local/lib/python3.9/site-packages/airflow/example_dags/example_python_operator.py took 0.050 seconds
