[2022-03-17 20:46:56,600] {processor.py:163} INFO - Started process (PID=374) to work on /usr/local/lib/python3.9/site-packages/airflow/example_dags/example_branch_operator.py
[2022-03-17 20:46:56,600] {processor.py:642} INFO - Processing file /usr/local/lib/python3.9/site-packages/airflow/example_dags/example_branch_operator.py for tasks to queue
[2022-03-17 20:46:56,601] {logging_mixin.py:109} INFO - [2022-03-17 20:46:56,601] {dagbag.py:500} INFO - Filling up the DagBag from /usr/local/lib/python3.9/site-packages/airflow/example_dags/example_branch_operator.py
[2022-03-17 20:46:56,632] {processor.py:654} INFO - DAG(s) dict_keys(['example_branch_operator']) retrieved from /usr/local/lib/python3.9/site-packages/airflow/example_dags/example_branch_operator.py
[2022-03-17 20:46:56,642] {logging_mixin.py:109} INFO - [2022-03-17 20:46:56,642] {dag.py:2398} INFO - Sync 1 DAGs
[2022-03-17 20:46:56,660] {logging_mixin.py:109} INFO - [2022-03-17 20:46:56,659] {dag.py:2937} INFO - Setting next_dagrun for example_branch_operator to 2022-03-16 00:00:00+00:00
[2022-03-17 20:46:56,670] {processor.py:171} INFO - Processing /usr/local/lib/python3.9/site-packages/airflow/example_dags/example_branch_operator.py took 0.073 seconds
[2022-03-17 20:47:26,936] {processor.py:163} INFO - Started process (PID=406) to work on /usr/local/lib/python3.9/site-packages/airflow/example_dags/example_branch_operator.py
[2022-03-17 20:47:26,937] {processor.py:642} INFO - Processing file /usr/local/lib/python3.9/site-packages/airflow/example_dags/example_branch_operator.py for tasks to queue
[2022-03-17 20:47:26,937] {logging_mixin.py:109} INFO - [2022-03-17 20:47:26,937] {dagbag.py:500} INFO - Filling up the DagBag from /usr/local/lib/python3.9/site-packages/airflow/example_dags/example_branch_operator.py
[2022-03-17 20:47:26,963] {processor.py:654} INFO - DAG(s) dict_keys(['example_branch_operator']) retrieved from /usr/local/lib/python3.9/site-packages/airflow/example_dags/example_branch_operator.py
[2022-03-17 20:47:26,969] {logging_mixin.py:109} INFO - [2022-03-17 20:47:26,969] {dag.py:2398} INFO - Sync 1 DAGs
[2022-03-17 20:47:26,981] {logging_mixin.py:109} INFO - [2022-03-17 20:47:26,981] {dag.py:2937} INFO - Setting next_dagrun for example_branch_operator to 2022-03-16 00:00:00+00:00
[2022-03-17 20:47:26,987] {processor.py:171} INFO - Processing /usr/local/lib/python3.9/site-packages/airflow/example_dags/example_branch_operator.py took 0.054 seconds
[2022-03-17 20:47:57,267] {processor.py:163} INFO - Started process (PID=438) to work on /usr/local/lib/python3.9/site-packages/airflow/example_dags/example_branch_operator.py
[2022-03-17 20:47:57,268] {processor.py:642} INFO - Processing file /usr/local/lib/python3.9/site-packages/airflow/example_dags/example_branch_operator.py for tasks to queue
[2022-03-17 20:47:57,269] {logging_mixin.py:109} INFO - [2022-03-17 20:47:57,269] {dagbag.py:500} INFO - Filling up the DagBag from /usr/local/lib/python3.9/site-packages/airflow/example_dags/example_branch_operator.py
[2022-03-17 20:47:57,295] {processor.py:654} INFO - DAG(s) dict_keys(['example_branch_operator']) retrieved from /usr/local/lib/python3.9/site-packages/airflow/example_dags/example_branch_operator.py
[2022-03-17 20:47:57,302] {logging_mixin.py:109} INFO - [2022-03-17 20:47:57,302] {dag.py:2398} INFO - Sync 1 DAGs
[2022-03-17 20:47:57,313] {logging_mixin.py:109} INFO - [2022-03-17 20:47:57,313] {dag.py:2937} INFO - Setting next_dagrun for example_branch_operator to 2022-03-16 00:00:00+00:00
[2022-03-17 20:47:57,319] {processor.py:171} INFO - Processing /usr/local/lib/python3.9/site-packages/airflow/example_dags/example_branch_operator.py took 0.054 seconds
[2022-03-17 20:48:27,620] {processor.py:163} INFO - Started process (PID=470) to work on /usr/local/lib/python3.9/site-packages/airflow/example_dags/example_branch_operator.py
[2022-03-17 20:48:27,621] {processor.py:642} INFO - Processing file /usr/local/lib/python3.9/site-packages/airflow/example_dags/example_branch_operator.py for tasks to queue
[2022-03-17 20:48:27,621] {logging_mixin.py:109} INFO - [2022-03-17 20:48:27,621] {dagbag.py:500} INFO - Filling up the DagBag from /usr/local/lib/python3.9/site-packages/airflow/example_dags/example_branch_operator.py
[2022-03-17 20:48:27,650] {processor.py:654} INFO - DAG(s) dict_keys(['example_branch_operator']) retrieved from /usr/local/lib/python3.9/site-packages/airflow/example_dags/example_branch_operator.py
[2022-03-17 20:48:27,658] {logging_mixin.py:109} INFO - [2022-03-17 20:48:27,658] {dag.py:2398} INFO - Sync 1 DAGs
[2022-03-17 20:48:27,670] {logging_mixin.py:109} INFO - [2022-03-17 20:48:27,670] {dag.py:2937} INFO - Setting next_dagrun for example_branch_operator to 2022-03-16 00:00:00+00:00
[2022-03-17 20:48:27,676] {processor.py:171} INFO - Processing /usr/local/lib/python3.9/site-packages/airflow/example_dags/example_branch_operator.py took 0.059 seconds
[2022-03-17 20:48:58,017] {processor.py:163} INFO - Started process (PID=502) to work on /usr/local/lib/python3.9/site-packages/airflow/example_dags/example_branch_operator.py
[2022-03-17 20:48:58,018] {processor.py:642} INFO - Processing file /usr/local/lib/python3.9/site-packages/airflow/example_dags/example_branch_operator.py for tasks to queue
[2022-03-17 20:48:58,019] {logging_mixin.py:109} INFO - [2022-03-17 20:48:58,019] {dagbag.py:500} INFO - Filling up the DagBag from /usr/local/lib/python3.9/site-packages/airflow/example_dags/example_branch_operator.py
[2022-03-17 20:48:58,045] {processor.py:654} INFO - DAG(s) dict_keys(['example_branch_operator']) retrieved from /usr/local/lib/python3.9/site-packages/airflow/example_dags/example_branch_operator.py
[2022-03-17 20:48:58,052] {logging_mixin.py:109} INFO - [2022-03-17 20:48:58,052] {dag.py:2398} INFO - Sync 1 DAGs
[2022-03-17 20:48:58,063] {logging_mixin.py:109} INFO - [2022-03-17 20:48:58,063] {dag.py:2937} INFO - Setting next_dagrun for example_branch_operator to 2022-03-16 00:00:00+00:00
[2022-03-17 20:48:58,068] {processor.py:171} INFO - Processing /usr/local/lib/python3.9/site-packages/airflow/example_dags/example_branch_operator.py took 0.053 seconds
[2022-03-17 20:49:28,278] {processor.py:163} INFO - Started process (PID=534) to work on /usr/local/lib/python3.9/site-packages/airflow/example_dags/example_branch_operator.py
[2022-03-17 20:49:28,279] {processor.py:642} INFO - Processing file /usr/local/lib/python3.9/site-packages/airflow/example_dags/example_branch_operator.py for tasks to queue
[2022-03-17 20:49:28,279] {logging_mixin.py:109} INFO - [2022-03-17 20:49:28,279] {dagbag.py:500} INFO - Filling up the DagBag from /usr/local/lib/python3.9/site-packages/airflow/example_dags/example_branch_operator.py
[2022-03-17 20:49:28,305] {processor.py:654} INFO - DAG(s) dict_keys(['example_branch_operator']) retrieved from /usr/local/lib/python3.9/site-packages/airflow/example_dags/example_branch_operator.py
[2022-03-17 20:49:28,311] {logging_mixin.py:109} INFO - [2022-03-17 20:49:28,311] {dag.py:2398} INFO - Sync 1 DAGs
[2022-03-17 20:49:28,323] {logging_mixin.py:109} INFO - [2022-03-17 20:49:28,323] {dag.py:2937} INFO - Setting next_dagrun for example_branch_operator to 2022-03-16 00:00:00+00:00
[2022-03-17 20:49:28,329] {processor.py:171} INFO - Processing /usr/local/lib/python3.9/site-packages/airflow/example_dags/example_branch_operator.py took 0.053 seconds
[2022-03-17 20:49:58,624] {processor.py:163} INFO - Started process (PID=566) to work on /usr/local/lib/python3.9/site-packages/airflow/example_dags/example_branch_operator.py
[2022-03-17 20:49:58,625] {processor.py:642} INFO - Processing file /usr/local/lib/python3.9/site-packages/airflow/example_dags/example_branch_operator.py for tasks to queue
[2022-03-17 20:49:58,626] {logging_mixin.py:109} INFO - [2022-03-17 20:49:58,626] {dagbag.py:500} INFO - Filling up the DagBag from /usr/local/lib/python3.9/site-packages/airflow/example_dags/example_branch_operator.py
[2022-03-17 20:49:58,653] {processor.py:654} INFO - DAG(s) dict_keys(['example_branch_operator']) retrieved from /usr/local/lib/python3.9/site-packages/airflow/example_dags/example_branch_operator.py
[2022-03-17 20:49:58,662] {logging_mixin.py:109} INFO - [2022-03-17 20:49:58,662] {dag.py:2398} INFO - Sync 1 DAGs
[2022-03-17 20:49:58,674] {logging_mixin.py:109} INFO - [2022-03-17 20:49:58,674] {dag.py:2937} INFO - Setting next_dagrun for example_branch_operator to 2022-03-16 00:00:00+00:00
[2022-03-17 20:49:58,682] {processor.py:171} INFO - Processing /usr/local/lib/python3.9/site-packages/airflow/example_dags/example_branch_operator.py took 0.060 seconds
[2022-03-17 20:50:29,024] {processor.py:163} INFO - Started process (PID=598) to work on /usr/local/lib/python3.9/site-packages/airflow/example_dags/example_branch_operator.py
[2022-03-17 20:50:29,024] {processor.py:642} INFO - Processing file /usr/local/lib/python3.9/site-packages/airflow/example_dags/example_branch_operator.py for tasks to queue
[2022-03-17 20:50:29,025] {logging_mixin.py:109} INFO - [2022-03-17 20:50:29,024] {dagbag.py:500} INFO - Filling up the DagBag from /usr/local/lib/python3.9/site-packages/airflow/example_dags/example_branch_operator.py
[2022-03-17 20:50:29,051] {processor.py:654} INFO - DAG(s) dict_keys(['example_branch_operator']) retrieved from /usr/local/lib/python3.9/site-packages/airflow/example_dags/example_branch_operator.py
[2022-03-17 20:50:29,058] {logging_mixin.py:109} INFO - [2022-03-17 20:50:29,058] {dag.py:2398} INFO - Sync 1 DAGs
[2022-03-17 20:50:29,069] {logging_mixin.py:109} INFO - [2022-03-17 20:50:29,069] {dag.py:2937} INFO - Setting next_dagrun for example_branch_operator to 2022-03-16 00:00:00+00:00
[2022-03-17 20:50:29,075] {processor.py:171} INFO - Processing /usr/local/lib/python3.9/site-packages/airflow/example_dags/example_branch_operator.py took 0.054 seconds
[2022-03-17 20:50:59,376] {processor.py:163} INFO - Started process (PID=630) to work on /usr/local/lib/python3.9/site-packages/airflow/example_dags/example_branch_operator.py
[2022-03-17 20:50:59,378] {processor.py:642} INFO - Processing file /usr/local/lib/python3.9/site-packages/airflow/example_dags/example_branch_operator.py for tasks to queue
[2022-03-17 20:50:59,378] {logging_mixin.py:109} INFO - [2022-03-17 20:50:59,378] {dagbag.py:500} INFO - Filling up the DagBag from /usr/local/lib/python3.9/site-packages/airflow/example_dags/example_branch_operator.py
[2022-03-17 20:50:59,404] {processor.py:654} INFO - DAG(s) dict_keys(['example_branch_operator']) retrieved from /usr/local/lib/python3.9/site-packages/airflow/example_dags/example_branch_operator.py
[2022-03-17 20:50:59,411] {logging_mixin.py:109} INFO - [2022-03-17 20:50:59,411] {dag.py:2398} INFO - Sync 1 DAGs
[2022-03-17 20:50:59,423] {logging_mixin.py:109} INFO - [2022-03-17 20:50:59,423] {dag.py:2937} INFO - Setting next_dagrun for example_branch_operator to 2022-03-16 00:00:00+00:00
[2022-03-17 20:50:59,430] {processor.py:171} INFO - Processing /usr/local/lib/python3.9/site-packages/airflow/example_dags/example_branch_operator.py took 0.055 seconds
[2022-03-17 20:51:29,640] {processor.py:163} INFO - Started process (PID=662) to work on /usr/local/lib/python3.9/site-packages/airflow/example_dags/example_branch_operator.py
[2022-03-17 20:51:29,640] {processor.py:642} INFO - Processing file /usr/local/lib/python3.9/site-packages/airflow/example_dags/example_branch_operator.py for tasks to queue
[2022-03-17 20:51:29,640] {logging_mixin.py:109} INFO - [2022-03-17 20:51:29,640] {dagbag.py:500} INFO - Filling up the DagBag from /usr/local/lib/python3.9/site-packages/airflow/example_dags/example_branch_operator.py
[2022-03-17 20:51:29,666] {processor.py:654} INFO - DAG(s) dict_keys(['example_branch_operator']) retrieved from /usr/local/lib/python3.9/site-packages/airflow/example_dags/example_branch_operator.py
[2022-03-17 20:51:29,674] {logging_mixin.py:109} INFO - [2022-03-17 20:51:29,674] {dag.py:2398} INFO - Sync 1 DAGs
[2022-03-17 20:51:29,686] {logging_mixin.py:109} INFO - [2022-03-17 20:51:29,686] {dag.py:2937} INFO - Setting next_dagrun for example_branch_operator to 2022-03-16 00:00:00+00:00
[2022-03-17 20:51:29,692] {processor.py:171} INFO - Processing /usr/local/lib/python3.9/site-packages/airflow/example_dags/example_branch_operator.py took 0.054 seconds
[2022-03-17 20:51:59,914] {processor.py:163} INFO - Started process (PID=694) to work on /usr/local/lib/python3.9/site-packages/airflow/example_dags/example_branch_operator.py
[2022-03-17 20:51:59,915] {processor.py:642} INFO - Processing file /usr/local/lib/python3.9/site-packages/airflow/example_dags/example_branch_operator.py for tasks to queue
[2022-03-17 20:51:59,916] {logging_mixin.py:109} INFO - [2022-03-17 20:51:59,916] {dagbag.py:500} INFO - Filling up the DagBag from /usr/local/lib/python3.9/site-packages/airflow/example_dags/example_branch_operator.py
[2022-03-17 20:51:59,941] {processor.py:654} INFO - DAG(s) dict_keys(['example_branch_operator']) retrieved from /usr/local/lib/python3.9/site-packages/airflow/example_dags/example_branch_operator.py
[2022-03-17 20:51:59,949] {logging_mixin.py:109} INFO - [2022-03-17 20:51:59,949] {dag.py:2398} INFO - Sync 1 DAGs
[2022-03-17 20:51:59,960] {logging_mixin.py:109} INFO - [2022-03-17 20:51:59,960] {dag.py:2937} INFO - Setting next_dagrun for example_branch_operator to 2022-03-16 00:00:00+00:00
[2022-03-17 20:51:59,967] {processor.py:171} INFO - Processing /usr/local/lib/python3.9/site-packages/airflow/example_dags/example_branch_operator.py took 0.054 seconds
