[2022-03-17 20:46:56,328] {processor.py:163} INFO - Started process (PID=368) to work on /usr/local/lib/python3.9/site-packages/airflow/example_dags/example_xcomargs.py
[2022-03-17 20:46:56,329] {processor.py:642} INFO - Processing file /usr/local/lib/python3.9/site-packages/airflow/example_dags/example_xcomargs.py for tasks to queue
[2022-03-17 20:46:56,329] {logging_mixin.py:109} INFO - [2022-03-17 20:46:56,329] {dagbag.py:500} INFO - Filling up the DagBag from /usr/local/lib/python3.9/site-packages/airflow/example_dags/example_xcomargs.py
[2022-03-17 20:46:56,360] {processor.py:654} INFO - DAG(s) dict_keys(['example_xcom_args', 'example_xcom_args_with_operators']) retrieved from /usr/local/lib/python3.9/site-packages/airflow/example_dags/example_xcomargs.py
[2022-03-17 20:46:56,518] {logging_mixin.py:109} INFO - [2022-03-17 20:46:56,518] {dag.py:2398} INFO - Sync 2 DAGs
[2022-03-17 20:46:56,530] {logging_mixin.py:109} INFO - [2022-03-17 20:46:56,530] {dag.py:2937} INFO - Setting next_dagrun for example_xcom_args to None
[2022-03-17 20:46:56,530] {logging_mixin.py:109} INFO - [2022-03-17 20:46:56,530] {dag.py:2937} INFO - Setting next_dagrun for example_xcom_args_with_operators to None
[2022-03-17 20:46:56,539] {processor.py:171} INFO - Processing /usr/local/lib/python3.9/site-packages/airflow/example_dags/example_xcomargs.py took 0.214 seconds
[2022-03-17 20:47:26,705] {processor.py:163} INFO - Started process (PID=400) to work on /usr/local/lib/python3.9/site-packages/airflow/example_dags/example_xcomargs.py
[2022-03-17 20:47:26,706] {processor.py:642} INFO - Processing file /usr/local/lib/python3.9/site-packages/airflow/example_dags/example_xcomargs.py for tasks to queue
[2022-03-17 20:47:26,706] {logging_mixin.py:109} INFO - [2022-03-17 20:47:26,706] {dagbag.py:500} INFO - Filling up the DagBag from /usr/local/lib/python3.9/site-packages/airflow/example_dags/example_xcomargs.py
[2022-03-17 20:47:26,735] {processor.py:654} INFO - DAG(s) dict_keys(['example_xcom_args', 'example_xcom_args_with_operators']) retrieved from /usr/local/lib/python3.9/site-packages/airflow/example_dags/example_xcomargs.py
[2022-03-17 20:47:26,874] {logging_mixin.py:109} INFO - [2022-03-17 20:47:26,874] {dag.py:2398} INFO - Sync 2 DAGs
[2022-03-17 20:47:26,883] {logging_mixin.py:109} INFO - [2022-03-17 20:47:26,883] {dag.py:2937} INFO - Setting next_dagrun for example_xcom_args to None
[2022-03-17 20:47:26,883] {logging_mixin.py:109} INFO - [2022-03-17 20:47:26,883] {dag.py:2937} INFO - Setting next_dagrun for example_xcom_args_with_operators to None
[2022-03-17 20:47:26,891] {processor.py:171} INFO - Processing /usr/local/lib/python3.9/site-packages/airflow/example_dags/example_xcomargs.py took 0.187 seconds
[2022-03-17 20:47:57,027] {processor.py:163} INFO - Started process (PID=432) to work on /usr/local/lib/python3.9/site-packages/airflow/example_dags/example_xcomargs.py
[2022-03-17 20:47:57,028] {processor.py:642} INFO - Processing file /usr/local/lib/python3.9/site-packages/airflow/example_dags/example_xcomargs.py for tasks to queue
[2022-03-17 20:47:57,028] {logging_mixin.py:109} INFO - [2022-03-17 20:47:57,028] {dagbag.py:500} INFO - Filling up the DagBag from /usr/local/lib/python3.9/site-packages/airflow/example_dags/example_xcomargs.py
[2022-03-17 20:47:57,057] {processor.py:654} INFO - DAG(s) dict_keys(['example_xcom_args', 'example_xcom_args_with_operators']) retrieved from /usr/local/lib/python3.9/site-packages/airflow/example_dags/example_xcomargs.py
[2022-03-17 20:47:57,198] {logging_mixin.py:109} INFO - [2022-03-17 20:47:57,198] {dag.py:2398} INFO - Sync 2 DAGs
[2022-03-17 20:47:57,208] {logging_mixin.py:109} INFO - [2022-03-17 20:47:57,208] {dag.py:2937} INFO - Setting next_dagrun for example_xcom_args to None
[2022-03-17 20:47:57,209] {logging_mixin.py:109} INFO - [2022-03-17 20:47:57,209] {dag.py:2937} INFO - Setting next_dagrun for example_xcom_args_with_operators to None
[2022-03-17 20:47:57,218] {processor.py:171} INFO - Processing /usr/local/lib/python3.9/site-packages/airflow/example_dags/example_xcomargs.py took 0.193 seconds
[2022-03-17 20:48:27,375] {processor.py:163} INFO - Started process (PID=464) to work on /usr/local/lib/python3.9/site-packages/airflow/example_dags/example_xcomargs.py
[2022-03-17 20:48:27,376] {processor.py:642} INFO - Processing file /usr/local/lib/python3.9/site-packages/airflow/example_dags/example_xcomargs.py for tasks to queue
[2022-03-17 20:48:27,376] {logging_mixin.py:109} INFO - [2022-03-17 20:48:27,376] {dagbag.py:500} INFO - Filling up the DagBag from /usr/local/lib/python3.9/site-packages/airflow/example_dags/example_xcomargs.py
[2022-03-17 20:48:27,404] {processor.py:654} INFO - DAG(s) dict_keys(['example_xcom_args', 'example_xcom_args_with_operators']) retrieved from /usr/local/lib/python3.9/site-packages/airflow/example_dags/example_xcomargs.py
[2022-03-17 20:48:27,552] {logging_mixin.py:109} INFO - [2022-03-17 20:48:27,552] {dag.py:2398} INFO - Sync 2 DAGs
[2022-03-17 20:48:27,562] {logging_mixin.py:109} INFO - [2022-03-17 20:48:27,562] {dag.py:2937} INFO - Setting next_dagrun for example_xcom_args to None
[2022-03-17 20:48:27,563] {logging_mixin.py:109} INFO - [2022-03-17 20:48:27,563] {dag.py:2937} INFO - Setting next_dagrun for example_xcom_args_with_operators to None
[2022-03-17 20:48:27,570] {processor.py:171} INFO - Processing /usr/local/lib/python3.9/site-packages/airflow/example_dags/example_xcomargs.py took 0.197 seconds
[2022-03-17 20:48:57,766] {processor.py:163} INFO - Started process (PID=496) to work on /usr/local/lib/python3.9/site-packages/airflow/example_dags/example_xcomargs.py
[2022-03-17 20:48:57,767] {processor.py:642} INFO - Processing file /usr/local/lib/python3.9/site-packages/airflow/example_dags/example_xcomargs.py for tasks to queue
[2022-03-17 20:48:57,767] {logging_mixin.py:109} INFO - [2022-03-17 20:48:57,767] {dagbag.py:500} INFO - Filling up the DagBag from /usr/local/lib/python3.9/site-packages/airflow/example_dags/example_xcomargs.py
[2022-03-17 20:48:57,800] {processor.py:654} INFO - DAG(s) dict_keys(['example_xcom_args', 'example_xcom_args_with_operators']) retrieved from /usr/local/lib/python3.9/site-packages/airflow/example_dags/example_xcomargs.py
[2022-03-17 20:48:57,950] {logging_mixin.py:109} INFO - [2022-03-17 20:48:57,950] {dag.py:2398} INFO - Sync 2 DAGs
[2022-03-17 20:48:57,959] {logging_mixin.py:109} INFO - [2022-03-17 20:48:57,959] {dag.py:2937} INFO - Setting next_dagrun for example_xcom_args to None
[2022-03-17 20:48:57,959] {logging_mixin.py:109} INFO - [2022-03-17 20:48:57,959] {dag.py:2937} INFO - Setting next_dagrun for example_xcom_args_with_operators to None
[2022-03-17 20:48:57,968] {processor.py:171} INFO - Processing /usr/local/lib/python3.9/site-packages/airflow/example_dags/example_xcomargs.py took 0.205 seconds
[2022-03-17 20:49:28,038] {processor.py:163} INFO - Started process (PID=528) to work on /usr/local/lib/python3.9/site-packages/airflow/example_dags/example_xcomargs.py
[2022-03-17 20:49:28,039] {processor.py:642} INFO - Processing file /usr/local/lib/python3.9/site-packages/airflow/example_dags/example_xcomargs.py for tasks to queue
[2022-03-17 20:49:28,039] {logging_mixin.py:109} INFO - [2022-03-17 20:49:28,039] {dagbag.py:500} INFO - Filling up the DagBag from /usr/local/lib/python3.9/site-packages/airflow/example_dags/example_xcomargs.py
[2022-03-17 20:49:28,072] {processor.py:654} INFO - DAG(s) dict_keys(['example_xcom_args', 'example_xcom_args_with_operators']) retrieved from /usr/local/lib/python3.9/site-packages/airflow/example_dags/example_xcomargs.py
[2022-03-17 20:49:28,218] {logging_mixin.py:109} INFO - [2022-03-17 20:49:28,218] {dag.py:2398} INFO - Sync 2 DAGs
[2022-03-17 20:49:28,228] {logging_mixin.py:109} INFO - [2022-03-17 20:49:28,228] {dag.py:2937} INFO - Setting next_dagrun for example_xcom_args to None
[2022-03-17 20:49:28,228] {logging_mixin.py:109} INFO - [2022-03-17 20:49:28,228] {dag.py:2937} INFO - Setting next_dagrun for example_xcom_args_with_operators to None
[2022-03-17 20:49:28,235] {processor.py:171} INFO - Processing /usr/local/lib/python3.9/site-packages/airflow/example_dags/example_xcomargs.py took 0.200 seconds
[2022-03-17 20:49:58,352] {processor.py:163} INFO - Started process (PID=560) to work on /usr/local/lib/python3.9/site-packages/airflow/example_dags/example_xcomargs.py
[2022-03-17 20:49:58,352] {processor.py:642} INFO - Processing file /usr/local/lib/python3.9/site-packages/airflow/example_dags/example_xcomargs.py for tasks to queue
[2022-03-17 20:49:58,353] {logging_mixin.py:109} INFO - [2022-03-17 20:49:58,353] {dagbag.py:500} INFO - Filling up the DagBag from /usr/local/lib/python3.9/site-packages/airflow/example_dags/example_xcomargs.py
[2022-03-17 20:49:58,384] {processor.py:654} INFO - DAG(s) dict_keys(['example_xcom_args', 'example_xcom_args_with_operators']) retrieved from /usr/local/lib/python3.9/site-packages/airflow/example_dags/example_xcomargs.py
[2022-03-17 20:49:58,547] {logging_mixin.py:109} INFO - [2022-03-17 20:49:58,547] {dag.py:2398} INFO - Sync 2 DAGs
[2022-03-17 20:49:58,564] {logging_mixin.py:109} INFO - [2022-03-17 20:49:58,564] {dag.py:2937} INFO - Setting next_dagrun for example_xcom_args to None
[2022-03-17 20:49:58,564] {logging_mixin.py:109} INFO - [2022-03-17 20:49:58,564] {dag.py:2937} INFO - Setting next_dagrun for example_xcom_args_with_operators to None
[2022-03-17 20:49:58,575] {processor.py:171} INFO - Processing /usr/local/lib/python3.9/site-packages/airflow/example_dags/example_xcomargs.py took 0.226 seconds
[2022-03-17 20:50:28,790] {processor.py:163} INFO - Started process (PID=592) to work on /usr/local/lib/python3.9/site-packages/airflow/example_dags/example_xcomargs.py
[2022-03-17 20:50:28,791] {processor.py:642} INFO - Processing file /usr/local/lib/python3.9/site-packages/airflow/example_dags/example_xcomargs.py for tasks to queue
[2022-03-17 20:50:28,791] {logging_mixin.py:109} INFO - [2022-03-17 20:50:28,791] {dagbag.py:500} INFO - Filling up the DagBag from /usr/local/lib/python3.9/site-packages/airflow/example_dags/example_xcomargs.py
[2022-03-17 20:50:28,819] {processor.py:654} INFO - DAG(s) dict_keys(['example_xcom_args', 'example_xcom_args_with_operators']) retrieved from /usr/local/lib/python3.9/site-packages/airflow/example_dags/example_xcomargs.py
[2022-03-17 20:50:28,959] {logging_mixin.py:109} INFO - [2022-03-17 20:50:28,959] {dag.py:2398} INFO - Sync 2 DAGs
[2022-03-17 20:50:28,969] {logging_mixin.py:109} INFO - [2022-03-17 20:50:28,969] {dag.py:2937} INFO - Setting next_dagrun for example_xcom_args to None
[2022-03-17 20:50:28,969] {logging_mixin.py:109} INFO - [2022-03-17 20:50:28,969] {dag.py:2937} INFO - Setting next_dagrun for example_xcom_args_with_operators to None
[2022-03-17 20:50:28,976] {processor.py:171} INFO - Processing /usr/local/lib/python3.9/site-packages/airflow/example_dags/example_xcomargs.py took 0.188 seconds
[2022-03-17 20:50:59,136] {processor.py:163} INFO - Started process (PID=624) to work on /usr/local/lib/python3.9/site-packages/airflow/example_dags/example_xcomargs.py
[2022-03-17 20:50:59,138] {processor.py:642} INFO - Processing file /usr/local/lib/python3.9/site-packages/airflow/example_dags/example_xcomargs.py for tasks to queue
[2022-03-17 20:50:59,138] {logging_mixin.py:109} INFO - [2022-03-17 20:50:59,138] {dagbag.py:500} INFO - Filling up the DagBag from /usr/local/lib/python3.9/site-packages/airflow/example_dags/example_xcomargs.py
[2022-03-17 20:50:59,166] {processor.py:654} INFO - DAG(s) dict_keys(['example_xcom_args', 'example_xcom_args_with_operators']) retrieved from /usr/local/lib/python3.9/site-packages/airflow/example_dags/example_xcomargs.py
[2022-03-17 20:50:59,320] {logging_mixin.py:109} INFO - [2022-03-17 20:50:59,320] {dag.py:2398} INFO - Sync 2 DAGs
[2022-03-17 20:50:59,331] {logging_mixin.py:109} INFO - [2022-03-17 20:50:59,331] {dag.py:2937} INFO - Setting next_dagrun for example_xcom_args to None
[2022-03-17 20:50:59,331] {logging_mixin.py:109} INFO - [2022-03-17 20:50:59,331] {dag.py:2937} INFO - Setting next_dagrun for example_xcom_args_with_operators to None
[2022-03-17 20:50:59,338] {processor.py:171} INFO - Processing /usr/local/lib/python3.9/site-packages/airflow/example_dags/example_xcomargs.py took 0.204 seconds
[2022-03-17 20:51:29,408] {processor.py:163} INFO - Started process (PID=656) to work on /usr/local/lib/python3.9/site-packages/airflow/example_dags/example_xcomargs.py
[2022-03-17 20:51:29,408] {processor.py:642} INFO - Processing file /usr/local/lib/python3.9/site-packages/airflow/example_dags/example_xcomargs.py for tasks to queue
[2022-03-17 20:51:29,409] {logging_mixin.py:109} INFO - [2022-03-17 20:51:29,409] {dagbag.py:500} INFO - Filling up the DagBag from /usr/local/lib/python3.9/site-packages/airflow/example_dags/example_xcomargs.py
[2022-03-17 20:51:29,437] {processor.py:654} INFO - DAG(s) dict_keys(['example_xcom_args', 'example_xcom_args_with_operators']) retrieved from /usr/local/lib/python3.9/site-packages/airflow/example_dags/example_xcomargs.py
[2022-03-17 20:51:29,576] {logging_mixin.py:109} INFO - [2022-03-17 20:51:29,576] {dag.py:2398} INFO - Sync 2 DAGs
[2022-03-17 20:51:29,585] {logging_mixin.py:109} INFO - [2022-03-17 20:51:29,585] {dag.py:2937} INFO - Setting next_dagrun for example_xcom_args to None
[2022-03-17 20:51:29,586] {logging_mixin.py:109} INFO - [2022-03-17 20:51:29,586] {dag.py:2937} INFO - Setting next_dagrun for example_xcom_args_with_operators to None
[2022-03-17 20:51:29,594] {processor.py:171} INFO - Processing /usr/local/lib/python3.9/site-packages/airflow/example_dags/example_xcomargs.py took 0.188 seconds
[2022-03-17 20:51:59,679] {processor.py:163} INFO - Started process (PID=688) to work on /usr/local/lib/python3.9/site-packages/airflow/example_dags/example_xcomargs.py
[2022-03-17 20:51:59,680] {processor.py:642} INFO - Processing file /usr/local/lib/python3.9/site-packages/airflow/example_dags/example_xcomargs.py for tasks to queue
[2022-03-17 20:51:59,680] {logging_mixin.py:109} INFO - [2022-03-17 20:51:59,680] {dagbag.py:500} INFO - Filling up the DagBag from /usr/local/lib/python3.9/site-packages/airflow/example_dags/example_xcomargs.py
[2022-03-17 20:51:59,709] {processor.py:654} INFO - DAG(s) dict_keys(['example_xcom_args', 'example_xcom_args_with_operators']) retrieved from /usr/local/lib/python3.9/site-packages/airflow/example_dags/example_xcomargs.py
[2022-03-17 20:51:59,868] {logging_mixin.py:109} INFO - [2022-03-17 20:51:59,868] {dag.py:2398} INFO - Sync 2 DAGs
[2022-03-17 20:51:59,879] {logging_mixin.py:109} INFO - [2022-03-17 20:51:59,879] {dag.py:2937} INFO - Setting next_dagrun for example_xcom_args to None
[2022-03-17 20:51:59,879] {logging_mixin.py:109} INFO - [2022-03-17 20:51:59,879] {dag.py:2937} INFO - Setting next_dagrun for example_xcom_args_with_operators to None
[2022-03-17 20:51:59,886] {processor.py:171} INFO - Processing /usr/local/lib/python3.9/site-packages/airflow/example_dags/example_xcomargs.py took 0.209 seconds
