[2022-03-17 20:46:52,744] {processor.py:163} INFO - Started process (PID=355) to work on /usr/local/lib/python3.9/site-packages/airflow/example_dags/example_latest_only.py
[2022-03-17 20:46:52,745] {processor.py:642} INFO - Processing file /usr/local/lib/python3.9/site-packages/airflow/example_dags/example_latest_only.py for tasks to queue
[2022-03-17 20:46:52,745] {logging_mixin.py:109} INFO - [2022-03-17 20:46:52,745] {dagbag.py:500} INFO - Filling up the DagBag from /usr/local/lib/python3.9/site-packages/airflow/example_dags/example_latest_only.py
[2022-03-17 20:46:52,769] {processor.py:654} INFO - DAG(s) dict_keys(['latest_only']) retrieved from /usr/local/lib/python3.9/site-packages/airflow/example_dags/example_latest_only.py
[2022-03-17 20:46:52,778] {logging_mixin.py:109} INFO - [2022-03-17 20:46:52,778] {dag.py:2398} INFO - Sync 1 DAGs
[2022-03-17 20:46:52,806] {logging_mixin.py:109} INFO - [2022-03-17 20:46:52,806] {dag.py:2937} INFO - Setting next_dagrun for latest_only to 2022-03-17T16:46:52.806023+00:00
[2022-03-17 20:46:52,840] {processor.py:171} INFO - Processing /usr/local/lib/python3.9/site-packages/airflow/example_dags/example_latest_only.py took 0.098 seconds
[2022-03-17 20:47:23,229] {processor.py:163} INFO - Started process (PID=387) to work on /usr/local/lib/python3.9/site-packages/airflow/example_dags/example_latest_only.py
[2022-03-17 20:47:23,230] {processor.py:642} INFO - Processing file /usr/local/lib/python3.9/site-packages/airflow/example_dags/example_latest_only.py for tasks to queue
[2022-03-17 20:47:23,230] {logging_mixin.py:109} INFO - [2022-03-17 20:47:23,230] {dagbag.py:500} INFO - Filling up the DagBag from /usr/local/lib/python3.9/site-packages/airflow/example_dags/example_latest_only.py
[2022-03-17 20:47:23,253] {processor.py:654} INFO - DAG(s) dict_keys(['latest_only']) retrieved from /usr/local/lib/python3.9/site-packages/airflow/example_dags/example_latest_only.py
[2022-03-17 20:47:23,259] {logging_mixin.py:109} INFO - [2022-03-17 20:47:23,259] {dag.py:2398} INFO - Sync 1 DAGs
[2022-03-17 20:47:23,270] {logging_mixin.py:109} INFO - [2022-03-17 20:47:23,270] {dag.py:2937} INFO - Setting next_dagrun for latest_only to 2022-03-17T16:47:23.270097+00:00
[2022-03-17 20:47:23,276] {processor.py:171} INFO - Processing /usr/local/lib/python3.9/site-packages/airflow/example_dags/example_latest_only.py took 0.049 seconds
[2022-03-17 20:47:53,560] {processor.py:163} INFO - Started process (PID=419) to work on /usr/local/lib/python3.9/site-packages/airflow/example_dags/example_latest_only.py
[2022-03-17 20:47:53,563] {processor.py:642} INFO - Processing file /usr/local/lib/python3.9/site-packages/airflow/example_dags/example_latest_only.py for tasks to queue
[2022-03-17 20:47:53,564] {logging_mixin.py:109} INFO - [2022-03-17 20:47:53,563] {dagbag.py:500} INFO - Filling up the DagBag from /usr/local/lib/python3.9/site-packages/airflow/example_dags/example_latest_only.py
[2022-03-17 20:47:53,588] {processor.py:654} INFO - DAG(s) dict_keys(['latest_only']) retrieved from /usr/local/lib/python3.9/site-packages/airflow/example_dags/example_latest_only.py
[2022-03-17 20:47:53,594] {logging_mixin.py:109} INFO - [2022-03-17 20:47:53,594] {dag.py:2398} INFO - Sync 1 DAGs
[2022-03-17 20:47:53,606] {logging_mixin.py:109} INFO - [2022-03-17 20:47:53,605] {dag.py:2937} INFO - Setting next_dagrun for latest_only to 2022-03-17T16:47:53.605786+00:00
[2022-03-17 20:47:53,613] {processor.py:171} INFO - Processing /usr/local/lib/python3.9/site-packages/airflow/example_dags/example_latest_only.py took 0.055 seconds
[2022-03-17 20:48:23,877] {processor.py:163} INFO - Started process (PID=451) to work on /usr/local/lib/python3.9/site-packages/airflow/example_dags/example_latest_only.py
[2022-03-17 20:48:23,878] {processor.py:642} INFO - Processing file /usr/local/lib/python3.9/site-packages/airflow/example_dags/example_latest_only.py for tasks to queue
[2022-03-17 20:48:23,878] {logging_mixin.py:109} INFO - [2022-03-17 20:48:23,878] {dagbag.py:500} INFO - Filling up the DagBag from /usr/local/lib/python3.9/site-packages/airflow/example_dags/example_latest_only.py
[2022-03-17 20:48:23,904] {processor.py:654} INFO - DAG(s) dict_keys(['latest_only']) retrieved from /usr/local/lib/python3.9/site-packages/airflow/example_dags/example_latest_only.py
[2022-03-17 20:48:23,914] {logging_mixin.py:109} INFO - [2022-03-17 20:48:23,914] {dag.py:2398} INFO - Sync 1 DAGs
[2022-03-17 20:48:23,930] {logging_mixin.py:109} INFO - [2022-03-17 20:48:23,930] {dag.py:2937} INFO - Setting next_dagrun for latest_only to 2022-03-17T16:48:23.929921+00:00
[2022-03-17 20:48:23,940] {processor.py:171} INFO - Processing /usr/local/lib/python3.9/site-packages/airflow/example_dags/example_latest_only.py took 0.066 seconds
[2022-03-17 20:48:54,325] {processor.py:163} INFO - Started process (PID=483) to work on /usr/local/lib/python3.9/site-packages/airflow/example_dags/example_latest_only.py
[2022-03-17 20:48:54,326] {processor.py:642} INFO - Processing file /usr/local/lib/python3.9/site-packages/airflow/example_dags/example_latest_only.py for tasks to queue
[2022-03-17 20:48:54,326] {logging_mixin.py:109} INFO - [2022-03-17 20:48:54,326] {dagbag.py:500} INFO - Filling up the DagBag from /usr/local/lib/python3.9/site-packages/airflow/example_dags/example_latest_only.py
[2022-03-17 20:48:54,348] {processor.py:654} INFO - DAG(s) dict_keys(['latest_only']) retrieved from /usr/local/lib/python3.9/site-packages/airflow/example_dags/example_latest_only.py
[2022-03-17 20:48:54,355] {logging_mixin.py:109} INFO - [2022-03-17 20:48:54,354] {dag.py:2398} INFO - Sync 1 DAGs
[2022-03-17 20:48:54,364] {logging_mixin.py:109} INFO - [2022-03-17 20:48:54,364] {dag.py:2937} INFO - Setting next_dagrun for latest_only to 2022-03-17T16:48:54.364398+00:00
[2022-03-17 20:48:54,372] {processor.py:171} INFO - Processing /usr/local/lib/python3.9/site-packages/airflow/example_dags/example_latest_only.py took 0.049 seconds
[2022-03-17 20:49:24,601] {processor.py:163} INFO - Started process (PID=515) to work on /usr/local/lib/python3.9/site-packages/airflow/example_dags/example_latest_only.py
[2022-03-17 20:49:24,602] {processor.py:642} INFO - Processing file /usr/local/lib/python3.9/site-packages/airflow/example_dags/example_latest_only.py for tasks to queue
[2022-03-17 20:49:24,602] {logging_mixin.py:109} INFO - [2022-03-17 20:49:24,602] {dagbag.py:500} INFO - Filling up the DagBag from /usr/local/lib/python3.9/site-packages/airflow/example_dags/example_latest_only.py
[2022-03-17 20:49:24,626] {processor.py:654} INFO - DAG(s) dict_keys(['latest_only']) retrieved from /usr/local/lib/python3.9/site-packages/airflow/example_dags/example_latest_only.py
[2022-03-17 20:49:24,633] {logging_mixin.py:109} INFO - [2022-03-17 20:49:24,633] {dag.py:2398} INFO - Sync 1 DAGs
[2022-03-17 20:49:24,642] {logging_mixin.py:109} INFO - [2022-03-17 20:49:24,642] {dag.py:2937} INFO - Setting next_dagrun for latest_only to 2022-03-17T16:49:24.642591+00:00
[2022-03-17 20:49:24,649] {processor.py:171} INFO - Processing /usr/local/lib/python3.9/site-packages/airflow/example_dags/example_latest_only.py took 0.050 seconds
[2022-03-17 20:49:54,890] {processor.py:163} INFO - Started process (PID=547) to work on /usr/local/lib/python3.9/site-packages/airflow/example_dags/example_latest_only.py
[2022-03-17 20:49:54,891] {processor.py:642} INFO - Processing file /usr/local/lib/python3.9/site-packages/airflow/example_dags/example_latest_only.py for tasks to queue
[2022-03-17 20:49:54,891] {logging_mixin.py:109} INFO - [2022-03-17 20:49:54,891] {dagbag.py:500} INFO - Filling up the DagBag from /usr/local/lib/python3.9/site-packages/airflow/example_dags/example_latest_only.py
[2022-03-17 20:49:54,916] {processor.py:654} INFO - DAG(s) dict_keys(['latest_only']) retrieved from /usr/local/lib/python3.9/site-packages/airflow/example_dags/example_latest_only.py
[2022-03-17 20:49:54,922] {logging_mixin.py:109} INFO - [2022-03-17 20:49:54,922] {dag.py:2398} INFO - Sync 1 DAGs
[2022-03-17 20:49:54,932] {logging_mixin.py:109} INFO - [2022-03-17 20:49:54,932] {dag.py:2937} INFO - Setting next_dagrun for latest_only to 2022-03-17T16:49:54.932478+00:00
[2022-03-17 20:49:54,939] {processor.py:171} INFO - Processing /usr/local/lib/python3.9/site-packages/airflow/example_dags/example_latest_only.py took 0.051 seconds
[2022-03-17 20:50:25,280] {processor.py:163} INFO - Started process (PID=579) to work on /usr/local/lib/python3.9/site-packages/airflow/example_dags/example_latest_only.py
[2022-03-17 20:50:25,281] {processor.py:642} INFO - Processing file /usr/local/lib/python3.9/site-packages/airflow/example_dags/example_latest_only.py for tasks to queue
[2022-03-17 20:50:25,281] {logging_mixin.py:109} INFO - [2022-03-17 20:50:25,281] {dagbag.py:500} INFO - Filling up the DagBag from /usr/local/lib/python3.9/site-packages/airflow/example_dags/example_latest_only.py
[2022-03-17 20:50:25,304] {processor.py:654} INFO - DAG(s) dict_keys(['latest_only']) retrieved from /usr/local/lib/python3.9/site-packages/airflow/example_dags/example_latest_only.py
[2022-03-17 20:50:25,312] {logging_mixin.py:109} INFO - [2022-03-17 20:50:25,312] {dag.py:2398} INFO - Sync 1 DAGs
[2022-03-17 20:50:25,324] {logging_mixin.py:109} INFO - [2022-03-17 20:50:25,324] {dag.py:2937} INFO - Setting next_dagrun for latest_only to 2022-03-17T16:50:25.323903+00:00
[2022-03-17 20:50:25,333] {processor.py:171} INFO - Processing /usr/local/lib/python3.9/site-packages/airflow/example_dags/example_latest_only.py took 0.055 seconds
[2022-03-17 20:50:55,672] {processor.py:163} INFO - Started process (PID=611) to work on /usr/local/lib/python3.9/site-packages/airflow/example_dags/example_latest_only.py
[2022-03-17 20:50:55,673] {processor.py:642} INFO - Processing file /usr/local/lib/python3.9/site-packages/airflow/example_dags/example_latest_only.py for tasks to queue
[2022-03-17 20:50:55,674] {logging_mixin.py:109} INFO - [2022-03-17 20:50:55,674] {dagbag.py:500} INFO - Filling up the DagBag from /usr/local/lib/python3.9/site-packages/airflow/example_dags/example_latest_only.py
[2022-03-17 20:50:55,696] {processor.py:654} INFO - DAG(s) dict_keys(['latest_only']) retrieved from /usr/local/lib/python3.9/site-packages/airflow/example_dags/example_latest_only.py
[2022-03-17 20:50:55,703] {logging_mixin.py:109} INFO - [2022-03-17 20:50:55,703] {dag.py:2398} INFO - Sync 1 DAGs
[2022-03-17 20:50:55,714] {logging_mixin.py:109} INFO - [2022-03-17 20:50:55,714] {dag.py:2937} INFO - Setting next_dagrun for latest_only to 2022-03-17T16:50:55.714075+00:00
[2022-03-17 20:50:55,721] {processor.py:171} INFO - Processing /usr/local/lib/python3.9/site-packages/airflow/example_dags/example_latest_only.py took 0.051 seconds
[2022-03-17 20:51:25,973] {processor.py:163} INFO - Started process (PID=643) to work on /usr/local/lib/python3.9/site-packages/airflow/example_dags/example_latest_only.py
[2022-03-17 20:51:25,974] {processor.py:642} INFO - Processing file /usr/local/lib/python3.9/site-packages/airflow/example_dags/example_latest_only.py for tasks to queue
[2022-03-17 20:51:25,974] {logging_mixin.py:109} INFO - [2022-03-17 20:51:25,974] {dagbag.py:500} INFO - Filling up the DagBag from /usr/local/lib/python3.9/site-packages/airflow/example_dags/example_latest_only.py
[2022-03-17 20:51:25,996] {processor.py:654} INFO - DAG(s) dict_keys(['latest_only']) retrieved from /usr/local/lib/python3.9/site-packages/airflow/example_dags/example_latest_only.py
[2022-03-17 20:51:26,003] {logging_mixin.py:109} INFO - [2022-03-17 20:51:26,003] {dag.py:2398} INFO - Sync 1 DAGs
[2022-03-17 20:51:26,013] {logging_mixin.py:109} INFO - [2022-03-17 20:51:26,012] {dag.py:2937} INFO - Setting next_dagrun for latest_only to 2022-03-17T16:51:26.012771+00:00
[2022-03-17 20:51:26,019] {processor.py:171} INFO - Processing /usr/local/lib/python3.9/site-packages/airflow/example_dags/example_latest_only.py took 0.048 seconds
[2022-03-17 20:51:56,255] {processor.py:163} INFO - Started process (PID=675) to work on /usr/local/lib/python3.9/site-packages/airflow/example_dags/example_latest_only.py
[2022-03-17 20:51:56,256] {processor.py:642} INFO - Processing file /usr/local/lib/python3.9/site-packages/airflow/example_dags/example_latest_only.py for tasks to queue
[2022-03-17 20:51:56,256] {logging_mixin.py:109} INFO - [2022-03-17 20:51:56,256] {dagbag.py:500} INFO - Filling up the DagBag from /usr/local/lib/python3.9/site-packages/airflow/example_dags/example_latest_only.py
[2022-03-17 20:51:56,280] {processor.py:654} INFO - DAG(s) dict_keys(['latest_only']) retrieved from /usr/local/lib/python3.9/site-packages/airflow/example_dags/example_latest_only.py
[2022-03-17 20:51:56,286] {logging_mixin.py:109} INFO - [2022-03-17 20:51:56,286] {dag.py:2398} INFO - Sync 1 DAGs
[2022-03-17 20:51:56,298] {logging_mixin.py:109} INFO - [2022-03-17 20:51:56,298] {dag.py:2937} INFO - Setting next_dagrun for latest_only to 2022-03-17T16:51:56.297828+00:00
[2022-03-17 20:51:56,304] {processor.py:171} INFO - Processing /usr/local/lib/python3.9/site-packages/airflow/example_dags/example_latest_only.py took 0.052 seconds
