[2022-03-17 20:46:56,550] {processor.py:163} INFO - Started process (PID=373) to work on /usr/local/lib/python3.9/site-packages/airflow/example_dags/example_branch_day_of_week_operator.py
[2022-03-17 20:46:56,551] {processor.py:642} INFO - Processing file /usr/local/lib/python3.9/site-packages/airflow/example_dags/example_branch_day_of_week_operator.py for tasks to queue
[2022-03-17 20:46:56,552] {logging_mixin.py:109} INFO - [2022-03-17 20:46:56,552] {dagbag.py:500} INFO - Filling up the DagBag from /usr/local/lib/python3.9/site-packages/airflow/example_dags/example_branch_day_of_week_operator.py
[2022-03-17 20:46:56,580] {processor.py:654} INFO - DAG(s) dict_keys(['example_weekday_branch_operator']) retrieved from /usr/local/lib/python3.9/site-packages/airflow/example_dags/example_branch_day_of_week_operator.py
[2022-03-17 20:46:56,588] {logging_mixin.py:109} INFO - [2022-03-17 20:46:56,588] {dag.py:2398} INFO - Sync 1 DAGs
[2022-03-17 20:46:56,603] {logging_mixin.py:109} INFO - [2022-03-17 20:46:56,603] {dag.py:2937} INFO - Setting next_dagrun for example_weekday_branch_operator to 2022-03-16 00:00:00+00:00
[2022-03-17 20:46:56,609] {processor.py:171} INFO - Processing /usr/local/lib/python3.9/site-packages/airflow/example_dags/example_branch_day_of_week_operator.py took 0.062 seconds
[2022-03-17 20:47:26,900] {processor.py:163} INFO - Started process (PID=405) to work on /usr/local/lib/python3.9/site-packages/airflow/example_dags/example_branch_day_of_week_operator.py
[2022-03-17 20:47:26,901] {processor.py:642} INFO - Processing file /usr/local/lib/python3.9/site-packages/airflow/example_dags/example_branch_day_of_week_operator.py for tasks to queue
[2022-03-17 20:47:26,901] {logging_mixin.py:109} INFO - [2022-03-17 20:47:26,901] {dagbag.py:500} INFO - Filling up the DagBag from /usr/local/lib/python3.9/site-packages/airflow/example_dags/example_branch_day_of_week_operator.py
[2022-03-17 20:47:26,926] {processor.py:654} INFO - DAG(s) dict_keys(['example_weekday_branch_operator']) retrieved from /usr/local/lib/python3.9/site-packages/airflow/example_dags/example_branch_day_of_week_operator.py
[2022-03-17 20:47:26,932] {logging_mixin.py:109} INFO - [2022-03-17 20:47:26,932] {dag.py:2398} INFO - Sync 1 DAGs
[2022-03-17 20:47:26,945] {logging_mixin.py:109} INFO - [2022-03-17 20:47:26,944] {dag.py:2937} INFO - Setting next_dagrun for example_weekday_branch_operator to 2022-03-16 00:00:00+00:00
[2022-03-17 20:47:26,951] {processor.py:171} INFO - Processing /usr/local/lib/python3.9/site-packages/airflow/example_dags/example_branch_day_of_week_operator.py took 0.052 seconds
[2022-03-17 20:47:57,227] {processor.py:163} INFO - Started process (PID=437) to work on /usr/local/lib/python3.9/site-packages/airflow/example_dags/example_branch_day_of_week_operator.py
[2022-03-17 20:47:57,228] {processor.py:642} INFO - Processing file /usr/local/lib/python3.9/site-packages/airflow/example_dags/example_branch_day_of_week_operator.py for tasks to queue
[2022-03-17 20:47:57,229] {logging_mixin.py:109} INFO - [2022-03-17 20:47:57,229] {dagbag.py:500} INFO - Filling up the DagBag from /usr/local/lib/python3.9/site-packages/airflow/example_dags/example_branch_day_of_week_operator.py
[2022-03-17 20:47:57,253] {processor.py:654} INFO - DAG(s) dict_keys(['example_weekday_branch_operator']) retrieved from /usr/local/lib/python3.9/site-packages/airflow/example_dags/example_branch_day_of_week_operator.py
[2022-03-17 20:47:57,260] {logging_mixin.py:109} INFO - [2022-03-17 20:47:57,260] {dag.py:2398} INFO - Sync 1 DAGs
[2022-03-17 20:47:57,272] {logging_mixin.py:109} INFO - [2022-03-17 20:47:57,271] {dag.py:2937} INFO - Setting next_dagrun for example_weekday_branch_operator to 2022-03-16 00:00:00+00:00
[2022-03-17 20:47:57,277] {processor.py:171} INFO - Processing /usr/local/lib/python3.9/site-packages/airflow/example_dags/example_branch_day_of_week_operator.py took 0.052 seconds
[2022-03-17 20:48:27,579] {processor.py:163} INFO - Started process (PID=469) to work on /usr/local/lib/python3.9/site-packages/airflow/example_dags/example_branch_day_of_week_operator.py
[2022-03-17 20:48:27,580] {processor.py:642} INFO - Processing file /usr/local/lib/python3.9/site-packages/airflow/example_dags/example_branch_day_of_week_operator.py for tasks to queue
[2022-03-17 20:48:27,580] {logging_mixin.py:109} INFO - [2022-03-17 20:48:27,580] {dagbag.py:500} INFO - Filling up the DagBag from /usr/local/lib/python3.9/site-packages/airflow/example_dags/example_branch_day_of_week_operator.py
[2022-03-17 20:48:27,608] {processor.py:654} INFO - DAG(s) dict_keys(['example_weekday_branch_operator']) retrieved from /usr/local/lib/python3.9/site-packages/airflow/example_dags/example_branch_day_of_week_operator.py
[2022-03-17 20:48:27,616] {logging_mixin.py:109} INFO - [2022-03-17 20:48:27,616] {dag.py:2398} INFO - Sync 1 DAGs
[2022-03-17 20:48:27,630] {logging_mixin.py:109} INFO - [2022-03-17 20:48:27,630] {dag.py:2937} INFO - Setting next_dagrun for example_weekday_branch_operator to 2022-03-16 00:00:00+00:00
[2022-03-17 20:48:27,638] {processor.py:171} INFO - Processing /usr/local/lib/python3.9/site-packages/airflow/example_dags/example_branch_day_of_week_operator.py took 0.061 seconds
[2022-03-17 20:48:57,976] {processor.py:163} INFO - Started process (PID=501) to work on /usr/local/lib/python3.9/site-packages/airflow/example_dags/example_branch_day_of_week_operator.py
[2022-03-17 20:48:57,977] {processor.py:642} INFO - Processing file /usr/local/lib/python3.9/site-packages/airflow/example_dags/example_branch_day_of_week_operator.py for tasks to queue
[2022-03-17 20:48:57,978] {logging_mixin.py:109} INFO - [2022-03-17 20:48:57,978] {dagbag.py:500} INFO - Filling up the DagBag from /usr/local/lib/python3.9/site-packages/airflow/example_dags/example_branch_day_of_week_operator.py
[2022-03-17 20:48:58,004] {processor.py:654} INFO - DAG(s) dict_keys(['example_weekday_branch_operator']) retrieved from /usr/local/lib/python3.9/site-packages/airflow/example_dags/example_branch_day_of_week_operator.py
[2022-03-17 20:48:58,011] {logging_mixin.py:109} INFO - [2022-03-17 20:48:58,011] {dag.py:2398} INFO - Sync 1 DAGs
[2022-03-17 20:48:58,023] {logging_mixin.py:109} INFO - [2022-03-17 20:48:58,023] {dag.py:2937} INFO - Setting next_dagrun for example_weekday_branch_operator to 2022-03-16 00:00:00+00:00
[2022-03-17 20:48:58,029] {processor.py:171} INFO - Processing /usr/local/lib/python3.9/site-packages/airflow/example_dags/example_branch_day_of_week_operator.py took 0.054 seconds
[2022-03-17 20:49:28,244] {processor.py:163} INFO - Started process (PID=533) to work on /usr/local/lib/python3.9/site-packages/airflow/example_dags/example_branch_day_of_week_operator.py
[2022-03-17 20:49:28,245] {processor.py:642} INFO - Processing file /usr/local/lib/python3.9/site-packages/airflow/example_dags/example_branch_day_of_week_operator.py for tasks to queue
[2022-03-17 20:49:28,245] {logging_mixin.py:109} INFO - [2022-03-17 20:49:28,245] {dagbag.py:500} INFO - Filling up the DagBag from /usr/local/lib/python3.9/site-packages/airflow/example_dags/example_branch_day_of_week_operator.py
[2022-03-17 20:49:28,271] {processor.py:654} INFO - DAG(s) dict_keys(['example_weekday_branch_operator']) retrieved from /usr/local/lib/python3.9/site-packages/airflow/example_dags/example_branch_day_of_week_operator.py
[2022-03-17 20:49:28,277] {logging_mixin.py:109} INFO - [2022-03-17 20:49:28,277] {dag.py:2398} INFO - Sync 1 DAGs
[2022-03-17 20:49:28,289] {logging_mixin.py:109} INFO - [2022-03-17 20:49:28,288] {dag.py:2937} INFO - Setting next_dagrun for example_weekday_branch_operator to 2022-03-16 00:00:00+00:00
[2022-03-17 20:49:28,295] {processor.py:171} INFO - Processing /usr/local/lib/python3.9/site-packages/airflow/example_dags/example_branch_day_of_week_operator.py took 0.053 seconds
[2022-03-17 20:49:58,586] {processor.py:163} INFO - Started process (PID=565) to work on /usr/local/lib/python3.9/site-packages/airflow/example_dags/example_branch_day_of_week_operator.py
[2022-03-17 20:49:58,588] {processor.py:642} INFO - Processing file /usr/local/lib/python3.9/site-packages/airflow/example_dags/example_branch_day_of_week_operator.py for tasks to queue
[2022-03-17 20:49:58,588] {logging_mixin.py:109} INFO - [2022-03-17 20:49:58,588] {dagbag.py:500} INFO - Filling up the DagBag from /usr/local/lib/python3.9/site-packages/airflow/example_dags/example_branch_day_of_week_operator.py
[2022-03-17 20:49:58,619] {processor.py:654} INFO - DAG(s) dict_keys(['example_weekday_branch_operator']) retrieved from /usr/local/lib/python3.9/site-packages/airflow/example_dags/example_branch_day_of_week_operator.py
[2022-03-17 20:49:58,626] {logging_mixin.py:109} INFO - [2022-03-17 20:49:58,626] {dag.py:2398} INFO - Sync 1 DAGs
[2022-03-17 20:49:58,639] {logging_mixin.py:109} INFO - [2022-03-17 20:49:58,639] {dag.py:2937} INFO - Setting next_dagrun for example_weekday_branch_operator to 2022-03-16 00:00:00+00:00
[2022-03-17 20:49:58,646] {processor.py:171} INFO - Processing /usr/local/lib/python3.9/site-packages/airflow/example_dags/example_branch_day_of_week_operator.py took 0.062 seconds
[2022-03-17 20:50:28,984] {processor.py:163} INFO - Started process (PID=597) to work on /usr/local/lib/python3.9/site-packages/airflow/example_dags/example_branch_day_of_week_operator.py
[2022-03-17 20:50:28,985] {processor.py:642} INFO - Processing file /usr/local/lib/python3.9/site-packages/airflow/example_dags/example_branch_day_of_week_operator.py for tasks to queue
[2022-03-17 20:50:28,985] {logging_mixin.py:109} INFO - [2022-03-17 20:50:28,985] {dagbag.py:500} INFO - Filling up the DagBag from /usr/local/lib/python3.9/site-packages/airflow/example_dags/example_branch_day_of_week_operator.py
[2022-03-17 20:50:29,010] {processor.py:654} INFO - DAG(s) dict_keys(['example_weekday_branch_operator']) retrieved from /usr/local/lib/python3.9/site-packages/airflow/example_dags/example_branch_day_of_week_operator.py
[2022-03-17 20:50:29,016] {logging_mixin.py:109} INFO - [2022-03-17 20:50:29,016] {dag.py:2398} INFO - Sync 1 DAGs
[2022-03-17 20:50:29,028] {logging_mixin.py:109} INFO - [2022-03-17 20:50:29,028] {dag.py:2937} INFO - Setting next_dagrun for example_weekday_branch_operator to 2022-03-16 00:00:00+00:00
[2022-03-17 20:50:29,035] {processor.py:171} INFO - Processing /usr/local/lib/python3.9/site-packages/airflow/example_dags/example_branch_day_of_week_operator.py took 0.052 seconds
[2022-03-17 20:50:59,347] {processor.py:163} INFO - Started process (PID=629) to work on /usr/local/lib/python3.9/site-packages/airflow/example_dags/example_branch_day_of_week_operator.py
[2022-03-17 20:50:59,348] {processor.py:642} INFO - Processing file /usr/local/lib/python3.9/site-packages/airflow/example_dags/example_branch_day_of_week_operator.py for tasks to queue
[2022-03-17 20:50:59,348] {logging_mixin.py:109} INFO - [2022-03-17 20:50:59,348] {dagbag.py:500} INFO - Filling up the DagBag from /usr/local/lib/python3.9/site-packages/airflow/example_dags/example_branch_day_of_week_operator.py
[2022-03-17 20:50:59,374] {processor.py:654} INFO - DAG(s) dict_keys(['example_weekday_branch_operator']) retrieved from /usr/local/lib/python3.9/site-packages/airflow/example_dags/example_branch_day_of_week_operator.py
[2022-03-17 20:50:59,381] {logging_mixin.py:109} INFO - [2022-03-17 20:50:59,381] {dag.py:2398} INFO - Sync 1 DAGs
[2022-03-17 20:50:59,393] {logging_mixin.py:109} INFO - [2022-03-17 20:50:59,393] {dag.py:2937} INFO - Setting next_dagrun for example_weekday_branch_operator to 2022-03-16 00:00:00+00:00
[2022-03-17 20:50:59,400] {processor.py:171} INFO - Processing /usr/local/lib/python3.9/site-packages/airflow/example_dags/example_branch_day_of_week_operator.py took 0.055 seconds
[2022-03-17 20:51:29,603] {processor.py:163} INFO - Started process (PID=661) to work on /usr/local/lib/python3.9/site-packages/airflow/example_dags/example_branch_day_of_week_operator.py
[2022-03-17 20:51:29,603] {processor.py:642} INFO - Processing file /usr/local/lib/python3.9/site-packages/airflow/example_dags/example_branch_day_of_week_operator.py for tasks to queue
[2022-03-17 20:51:29,603] {logging_mixin.py:109} INFO - [2022-03-17 20:51:29,603] {dagbag.py:500} INFO - Filling up the DagBag from /usr/local/lib/python3.9/site-packages/airflow/example_dags/example_branch_day_of_week_operator.py
[2022-03-17 20:51:29,629] {processor.py:654} INFO - DAG(s) dict_keys(['example_weekday_branch_operator']) retrieved from /usr/local/lib/python3.9/site-packages/airflow/example_dags/example_branch_day_of_week_operator.py
[2022-03-17 20:51:29,636] {logging_mixin.py:109} INFO - [2022-03-17 20:51:29,636] {dag.py:2398} INFO - Sync 1 DAGs
[2022-03-17 20:51:29,648] {logging_mixin.py:109} INFO - [2022-03-17 20:51:29,648] {dag.py:2937} INFO - Setting next_dagrun for example_weekday_branch_operator to 2022-03-16 00:00:00+00:00
[2022-03-17 20:51:29,655] {processor.py:171} INFO - Processing /usr/local/lib/python3.9/site-packages/airflow/example_dags/example_branch_day_of_week_operator.py took 0.054 seconds
[2022-03-17 20:51:59,895] {processor.py:163} INFO - Started process (PID=693) to work on /usr/local/lib/python3.9/site-packages/airflow/example_dags/example_branch_day_of_week_operator.py
[2022-03-17 20:51:59,895] {processor.py:642} INFO - Processing file /usr/local/lib/python3.9/site-packages/airflow/example_dags/example_branch_day_of_week_operator.py for tasks to queue
[2022-03-17 20:51:59,896] {logging_mixin.py:109} INFO - [2022-03-17 20:51:59,896] {dagbag.py:500} INFO - Filling up the DagBag from /usr/local/lib/python3.9/site-packages/airflow/example_dags/example_branch_day_of_week_operator.py
[2022-03-17 20:51:59,920] {processor.py:654} INFO - DAG(s) dict_keys(['example_weekday_branch_operator']) retrieved from /usr/local/lib/python3.9/site-packages/airflow/example_dags/example_branch_day_of_week_operator.py
[2022-03-17 20:51:59,926] {logging_mixin.py:109} INFO - [2022-03-17 20:51:59,926] {dag.py:2398} INFO - Sync 1 DAGs
[2022-03-17 20:51:59,938] {logging_mixin.py:109} INFO - [2022-03-17 20:51:59,937] {dag.py:2937} INFO - Setting next_dagrun for example_weekday_branch_operator to 2022-03-16 00:00:00+00:00
[2022-03-17 20:51:59,944] {processor.py:171} INFO - Processing /usr/local/lib/python3.9/site-packages/airflow/example_dags/example_branch_day_of_week_operator.py took 0.051 seconds
