[2022-03-17 20:46:54,100] {processor.py:163} INFO - Started process (PID=361) to work on /usr/local/lib/python3.9/site-packages/airflow/example_dags/example_time_delta_sensor_async.py
[2022-03-17 20:46:54,100] {processor.py:642} INFO - Processing file /usr/local/lib/python3.9/site-packages/airflow/example_dags/example_time_delta_sensor_async.py for tasks to queue
[2022-03-17 20:46:54,101] {logging_mixin.py:109} INFO - [2022-03-17 20:46:54,101] {dagbag.py:500} INFO - Filling up the DagBag from /usr/local/lib/python3.9/site-packages/airflow/example_dags/example_time_delta_sensor_async.py
[2022-03-17 20:46:54,125] {processor.py:654} INFO - DAG(s) dict_keys(['example_time_delta_sensor_async']) retrieved from /usr/local/lib/python3.9/site-packages/airflow/example_dags/example_time_delta_sensor_async.py
[2022-03-17 20:46:54,131] {logging_mixin.py:109} INFO - [2022-03-17 20:46:54,131] {dag.py:2398} INFO - Sync 1 DAGs
[2022-03-17 20:46:54,141] {logging_mixin.py:109} INFO - [2022-03-17 20:46:54,141] {dag.py:2937} INFO - Setting next_dagrun for example_time_delta_sensor_async to None
[2022-03-17 20:46:54,147] {processor.py:171} INFO - Processing /usr/local/lib/python3.9/site-packages/airflow/example_dags/example_time_delta_sensor_async.py took 0.049 seconds
[2022-03-17 20:47:24,459] {processor.py:163} INFO - Started process (PID=393) to work on /usr/local/lib/python3.9/site-packages/airflow/example_dags/example_time_delta_sensor_async.py
[2022-03-17 20:47:24,460] {processor.py:642} INFO - Processing file /usr/local/lib/python3.9/site-packages/airflow/example_dags/example_time_delta_sensor_async.py for tasks to queue
[2022-03-17 20:47:24,461] {logging_mixin.py:109} INFO - [2022-03-17 20:47:24,461] {dagbag.py:500} INFO - Filling up the DagBag from /usr/local/lib/python3.9/site-packages/airflow/example_dags/example_time_delta_sensor_async.py
[2022-03-17 20:47:24,496] {processor.py:654} INFO - DAG(s) dict_keys(['example_time_delta_sensor_async']) retrieved from /usr/local/lib/python3.9/site-packages/airflow/example_dags/example_time_delta_sensor_async.py
[2022-03-17 20:47:24,505] {logging_mixin.py:109} INFO - [2022-03-17 20:47:24,504] {dag.py:2398} INFO - Sync 1 DAGs
[2022-03-17 20:47:24,519] {logging_mixin.py:109} INFO - [2022-03-17 20:47:24,519] {dag.py:2937} INFO - Setting next_dagrun for example_time_delta_sensor_async to None
[2022-03-17 20:47:24,528] {processor.py:171} INFO - Processing /usr/local/lib/python3.9/site-packages/airflow/example_dags/example_time_delta_sensor_async.py took 0.073 seconds
[2022-03-17 20:47:54,774] {processor.py:163} INFO - Started process (PID=425) to work on /usr/local/lib/python3.9/site-packages/airflow/example_dags/example_time_delta_sensor_async.py
[2022-03-17 20:47:54,775] {processor.py:642} INFO - Processing file /usr/local/lib/python3.9/site-packages/airflow/example_dags/example_time_delta_sensor_async.py for tasks to queue
[2022-03-17 20:47:54,776] {logging_mixin.py:109} INFO - [2022-03-17 20:47:54,776] {dagbag.py:500} INFO - Filling up the DagBag from /usr/local/lib/python3.9/site-packages/airflow/example_dags/example_time_delta_sensor_async.py
[2022-03-17 20:47:54,802] {processor.py:654} INFO - DAG(s) dict_keys(['example_time_delta_sensor_async']) retrieved from /usr/local/lib/python3.9/site-packages/airflow/example_dags/example_time_delta_sensor_async.py
[2022-03-17 20:47:54,808] {logging_mixin.py:109} INFO - [2022-03-17 20:47:54,807] {dag.py:2398} INFO - Sync 1 DAGs
[2022-03-17 20:47:54,819] {logging_mixin.py:109} INFO - [2022-03-17 20:47:54,819] {dag.py:2937} INFO - Setting next_dagrun for example_time_delta_sensor_async to None
[2022-03-17 20:47:54,825] {processor.py:171} INFO - Processing /usr/local/lib/python3.9/site-packages/airflow/example_dags/example_time_delta_sensor_async.py took 0.053 seconds
[2022-03-17 20:48:25,130] {processor.py:163} INFO - Started process (PID=457) to work on /usr/local/lib/python3.9/site-packages/airflow/example_dags/example_time_delta_sensor_async.py
[2022-03-17 20:48:25,130] {processor.py:642} INFO - Processing file /usr/local/lib/python3.9/site-packages/airflow/example_dags/example_time_delta_sensor_async.py for tasks to queue
[2022-03-17 20:48:25,131] {logging_mixin.py:109} INFO - [2022-03-17 20:48:25,131] {dagbag.py:500} INFO - Filling up the DagBag from /usr/local/lib/python3.9/site-packages/airflow/example_dags/example_time_delta_sensor_async.py
[2022-03-17 20:48:25,154] {processor.py:654} INFO - DAG(s) dict_keys(['example_time_delta_sensor_async']) retrieved from /usr/local/lib/python3.9/site-packages/airflow/example_dags/example_time_delta_sensor_async.py
[2022-03-17 20:48:25,160] {logging_mixin.py:109} INFO - [2022-03-17 20:48:25,160] {dag.py:2398} INFO - Sync 1 DAGs
[2022-03-17 20:48:25,169] {logging_mixin.py:109} INFO - [2022-03-17 20:48:25,169] {dag.py:2937} INFO - Setting next_dagrun for example_time_delta_sensor_async to None
[2022-03-17 20:48:25,176] {processor.py:171} INFO - Processing /usr/local/lib/python3.9/site-packages/airflow/example_dags/example_time_delta_sensor_async.py took 0.049 seconds
[2022-03-17 20:48:55,534] {processor.py:163} INFO - Started process (PID=489) to work on /usr/local/lib/python3.9/site-packages/airflow/example_dags/example_time_delta_sensor_async.py
[2022-03-17 20:48:55,535] {processor.py:642} INFO - Processing file /usr/local/lib/python3.9/site-packages/airflow/example_dags/example_time_delta_sensor_async.py for tasks to queue
[2022-03-17 20:48:55,535] {logging_mixin.py:109} INFO - [2022-03-17 20:48:55,535] {dagbag.py:500} INFO - Filling up the DagBag from /usr/local/lib/python3.9/site-packages/airflow/example_dags/example_time_delta_sensor_async.py
[2022-03-17 20:48:55,560] {processor.py:654} INFO - DAG(s) dict_keys(['example_time_delta_sensor_async']) retrieved from /usr/local/lib/python3.9/site-packages/airflow/example_dags/example_time_delta_sensor_async.py
[2022-03-17 20:48:55,567] {logging_mixin.py:109} INFO - [2022-03-17 20:48:55,566] {dag.py:2398} INFO - Sync 1 DAGs
[2022-03-17 20:48:55,576] {logging_mixin.py:109} INFO - [2022-03-17 20:48:55,576] {dag.py:2937} INFO - Setting next_dagrun for example_time_delta_sensor_async to None
[2022-03-17 20:48:55,583] {processor.py:171} INFO - Processing /usr/local/lib/python3.9/site-packages/airflow/example_dags/example_time_delta_sensor_async.py took 0.051 seconds
[2022-03-17 20:49:25,802] {processor.py:163} INFO - Started process (PID=521) to work on /usr/local/lib/python3.9/site-packages/airflow/example_dags/example_time_delta_sensor_async.py
[2022-03-17 20:49:25,803] {processor.py:642} INFO - Processing file /usr/local/lib/python3.9/site-packages/airflow/example_dags/example_time_delta_sensor_async.py for tasks to queue
[2022-03-17 20:49:25,804] {logging_mixin.py:109} INFO - [2022-03-17 20:49:25,804] {dagbag.py:500} INFO - Filling up the DagBag from /usr/local/lib/python3.9/site-packages/airflow/example_dags/example_time_delta_sensor_async.py
[2022-03-17 20:49:25,827] {processor.py:654} INFO - DAG(s) dict_keys(['example_time_delta_sensor_async']) retrieved from /usr/local/lib/python3.9/site-packages/airflow/example_dags/example_time_delta_sensor_async.py
[2022-03-17 20:49:25,834] {logging_mixin.py:109} INFO - [2022-03-17 20:49:25,833] {dag.py:2398} INFO - Sync 1 DAGs
[2022-03-17 20:49:25,843] {logging_mixin.py:109} INFO - [2022-03-17 20:49:25,843] {dag.py:2937} INFO - Setting next_dagrun for example_time_delta_sensor_async to None
[2022-03-17 20:49:25,850] {processor.py:171} INFO - Processing /usr/local/lib/python3.9/site-packages/airflow/example_dags/example_time_delta_sensor_async.py took 0.051 seconds
[2022-03-17 20:49:56,099] {processor.py:163} INFO - Started process (PID=553) to work on /usr/local/lib/python3.9/site-packages/airflow/example_dags/example_time_delta_sensor_async.py
[2022-03-17 20:49:56,100] {processor.py:642} INFO - Processing file /usr/local/lib/python3.9/site-packages/airflow/example_dags/example_time_delta_sensor_async.py for tasks to queue
[2022-03-17 20:49:56,100] {logging_mixin.py:109} INFO - [2022-03-17 20:49:56,100] {dagbag.py:500} INFO - Filling up the DagBag from /usr/local/lib/python3.9/site-packages/airflow/example_dags/example_time_delta_sensor_async.py
[2022-03-17 20:49:56,124] {processor.py:654} INFO - DAG(s) dict_keys(['example_time_delta_sensor_async']) retrieved from /usr/local/lib/python3.9/site-packages/airflow/example_dags/example_time_delta_sensor_async.py
[2022-03-17 20:49:56,131] {logging_mixin.py:109} INFO - [2022-03-17 20:49:56,131] {dag.py:2398} INFO - Sync 1 DAGs
[2022-03-17 20:49:56,140] {logging_mixin.py:109} INFO - [2022-03-17 20:49:56,140] {dag.py:2937} INFO - Setting next_dagrun for example_time_delta_sensor_async to None
[2022-03-17 20:49:56,146] {processor.py:171} INFO - Processing /usr/local/lib/python3.9/site-packages/airflow/example_dags/example_time_delta_sensor_async.py took 0.049 seconds
[2022-03-17 20:50:26,535] {processor.py:163} INFO - Started process (PID=585) to work on /usr/local/lib/python3.9/site-packages/airflow/example_dags/example_time_delta_sensor_async.py
[2022-03-17 20:50:26,536] {processor.py:642} INFO - Processing file /usr/local/lib/python3.9/site-packages/airflow/example_dags/example_time_delta_sensor_async.py for tasks to queue
[2022-03-17 20:50:26,537] {logging_mixin.py:109} INFO - [2022-03-17 20:50:26,537] {dagbag.py:500} INFO - Filling up the DagBag from /usr/local/lib/python3.9/site-packages/airflow/example_dags/example_time_delta_sensor_async.py
[2022-03-17 20:50:26,561] {processor.py:654} INFO - DAG(s) dict_keys(['example_time_delta_sensor_async']) retrieved from /usr/local/lib/python3.9/site-packages/airflow/example_dags/example_time_delta_sensor_async.py
[2022-03-17 20:50:26,567] {logging_mixin.py:109} INFO - [2022-03-17 20:50:26,567] {dag.py:2398} INFO - Sync 1 DAGs
[2022-03-17 20:50:26,577] {logging_mixin.py:109} INFO - [2022-03-17 20:50:26,577] {dag.py:2937} INFO - Setting next_dagrun for example_time_delta_sensor_async to None
[2022-03-17 20:50:26,584] {processor.py:171} INFO - Processing /usr/local/lib/python3.9/site-packages/airflow/example_dags/example_time_delta_sensor_async.py took 0.051 seconds
[2022-03-17 20:50:56,895] {processor.py:163} INFO - Started process (PID=617) to work on /usr/local/lib/python3.9/site-packages/airflow/example_dags/example_time_delta_sensor_async.py
[2022-03-17 20:50:56,896] {processor.py:642} INFO - Processing file /usr/local/lib/python3.9/site-packages/airflow/example_dags/example_time_delta_sensor_async.py for tasks to queue
[2022-03-17 20:50:56,896] {logging_mixin.py:109} INFO - [2022-03-17 20:50:56,896] {dagbag.py:500} INFO - Filling up the DagBag from /usr/local/lib/python3.9/site-packages/airflow/example_dags/example_time_delta_sensor_async.py
[2022-03-17 20:50:56,919] {processor.py:654} INFO - DAG(s) dict_keys(['example_time_delta_sensor_async']) retrieved from /usr/local/lib/python3.9/site-packages/airflow/example_dags/example_time_delta_sensor_async.py
[2022-03-17 20:50:56,925] {logging_mixin.py:109} INFO - [2022-03-17 20:50:56,925] {dag.py:2398} INFO - Sync 1 DAGs
[2022-03-17 20:50:56,935] {logging_mixin.py:109} INFO - [2022-03-17 20:50:56,935] {dag.py:2937} INFO - Setting next_dagrun for example_time_delta_sensor_async to None
[2022-03-17 20:50:56,942] {processor.py:171} INFO - Processing /usr/local/lib/python3.9/site-packages/airflow/example_dags/example_time_delta_sensor_async.py took 0.049 seconds
[2022-03-17 20:51:27,171] {processor.py:163} INFO - Started process (PID=649) to work on /usr/local/lib/python3.9/site-packages/airflow/example_dags/example_time_delta_sensor_async.py
[2022-03-17 20:51:27,172] {processor.py:642} INFO - Processing file /usr/local/lib/python3.9/site-packages/airflow/example_dags/example_time_delta_sensor_async.py for tasks to queue
[2022-03-17 20:51:27,172] {logging_mixin.py:109} INFO - [2022-03-17 20:51:27,172] {dagbag.py:500} INFO - Filling up the DagBag from /usr/local/lib/python3.9/site-packages/airflow/example_dags/example_time_delta_sensor_async.py
[2022-03-17 20:51:27,197] {processor.py:654} INFO - DAG(s) dict_keys(['example_time_delta_sensor_async']) retrieved from /usr/local/lib/python3.9/site-packages/airflow/example_dags/example_time_delta_sensor_async.py
[2022-03-17 20:51:27,203] {logging_mixin.py:109} INFO - [2022-03-17 20:51:27,203] {dag.py:2398} INFO - Sync 1 DAGs
[2022-03-17 20:51:27,213] {logging_mixin.py:109} INFO - [2022-03-17 20:51:27,213] {dag.py:2937} INFO - Setting next_dagrun for example_time_delta_sensor_async to None
[2022-03-17 20:51:27,219] {processor.py:171} INFO - Processing /usr/local/lib/python3.9/site-packages/airflow/example_dags/example_time_delta_sensor_async.py took 0.050 seconds
[2022-03-17 20:51:57,448] {processor.py:163} INFO - Started process (PID=681) to work on /usr/local/lib/python3.9/site-packages/airflow/example_dags/example_time_delta_sensor_async.py
[2022-03-17 20:51:57,449] {processor.py:642} INFO - Processing file /usr/local/lib/python3.9/site-packages/airflow/example_dags/example_time_delta_sensor_async.py for tasks to queue
[2022-03-17 20:51:57,449] {logging_mixin.py:109} INFO - [2022-03-17 20:51:57,449] {dagbag.py:500} INFO - Filling up the DagBag from /usr/local/lib/python3.9/site-packages/airflow/example_dags/example_time_delta_sensor_async.py
[2022-03-17 20:51:57,472] {processor.py:654} INFO - DAG(s) dict_keys(['example_time_delta_sensor_async']) retrieved from /usr/local/lib/python3.9/site-packages/airflow/example_dags/example_time_delta_sensor_async.py
[2022-03-17 20:51:57,478] {logging_mixin.py:109} INFO - [2022-03-17 20:51:57,478] {dag.py:2398} INFO - Sync 1 DAGs
[2022-03-17 20:51:57,488] {logging_mixin.py:109} INFO - [2022-03-17 20:51:57,488] {dag.py:2937} INFO - Setting next_dagrun for example_time_delta_sensor_async to None
[2022-03-17 20:51:57,494] {processor.py:171} INFO - Processing /usr/local/lib/python3.9/site-packages/airflow/example_dags/example_time_delta_sensor_async.py took 0.049 seconds
