[2022-03-17 20:46:56,455] {processor.py:163} INFO - Started process (PID=371) to work on /usr/local/lib/python3.9/site-packages/airflow/example_dags/example_branch_labels.py
[2022-03-17 20:46:56,456] {processor.py:642} INFO - Processing file /usr/local/lib/python3.9/site-packages/airflow/example_dags/example_branch_labels.py for tasks to queue
[2022-03-17 20:46:56,456] {logging_mixin.py:109} INFO - [2022-03-17 20:46:56,456] {dagbag.py:500} INFO - Filling up the DagBag from /usr/local/lib/python3.9/site-packages/airflow/example_dags/example_branch_labels.py
[2022-03-17 20:46:56,483] {processor.py:654} INFO - DAG(s) dict_keys(['example_branch_labels']) retrieved from /usr/local/lib/python3.9/site-packages/airflow/example_dags/example_branch_labels.py
[2022-03-17 20:46:56,492] {logging_mixin.py:109} INFO - [2022-03-17 20:46:56,492] {dag.py:2398} INFO - Sync 1 DAGs
[2022-03-17 20:46:56,505] {logging_mixin.py:109} INFO - [2022-03-17 20:46:56,505] {dag.py:2937} INFO - Setting next_dagrun for example_branch_labels to 2022-03-16 00:00:00+00:00
[2022-03-17 20:46:56,512] {processor.py:171} INFO - Processing /usr/local/lib/python3.9/site-packages/airflow/example_dags/example_branch_labels.py took 0.059 seconds
[2022-03-17 20:47:26,815] {processor.py:163} INFO - Started process (PID=403) to work on /usr/local/lib/python3.9/site-packages/airflow/example_dags/example_branch_labels.py
[2022-03-17 20:47:26,816] {processor.py:642} INFO - Processing file /usr/local/lib/python3.9/site-packages/airflow/example_dags/example_branch_labels.py for tasks to queue
[2022-03-17 20:47:26,816] {logging_mixin.py:109} INFO - [2022-03-17 20:47:26,816] {dagbag.py:500} INFO - Filling up the DagBag from /usr/local/lib/python3.9/site-packages/airflow/example_dags/example_branch_labels.py
[2022-03-17 20:47:26,840] {processor.py:654} INFO - DAG(s) dict_keys(['example_branch_labels']) retrieved from /usr/local/lib/python3.9/site-packages/airflow/example_dags/example_branch_labels.py
[2022-03-17 20:47:26,847] {logging_mixin.py:109} INFO - [2022-03-17 20:47:26,847] {dag.py:2398} INFO - Sync 1 DAGs
[2022-03-17 20:47:26,858] {logging_mixin.py:109} INFO - [2022-03-17 20:47:26,858] {dag.py:2937} INFO - Setting next_dagrun for example_branch_labels to 2022-03-16 00:00:00+00:00
[2022-03-17 20:47:26,863] {processor.py:171} INFO - Processing /usr/local/lib/python3.9/site-packages/airflow/example_dags/example_branch_labels.py took 0.051 seconds
[2022-03-17 20:47:57,139] {processor.py:163} INFO - Started process (PID=435) to work on /usr/local/lib/python3.9/site-packages/airflow/example_dags/example_branch_labels.py
[2022-03-17 20:47:57,140] {processor.py:642} INFO - Processing file /usr/local/lib/python3.9/site-packages/airflow/example_dags/example_branch_labels.py for tasks to queue
[2022-03-17 20:47:57,141] {logging_mixin.py:109} INFO - [2022-03-17 20:47:57,141] {dagbag.py:500} INFO - Filling up the DagBag from /usr/local/lib/python3.9/site-packages/airflow/example_dags/example_branch_labels.py
[2022-03-17 20:47:57,165] {processor.py:654} INFO - DAG(s) dict_keys(['example_branch_labels']) retrieved from /usr/local/lib/python3.9/site-packages/airflow/example_dags/example_branch_labels.py
[2022-03-17 20:47:57,172] {logging_mixin.py:109} INFO - [2022-03-17 20:47:57,172] {dag.py:2398} INFO - Sync 1 DAGs
[2022-03-17 20:47:57,184] {logging_mixin.py:109} INFO - [2022-03-17 20:47:57,184] {dag.py:2937} INFO - Setting next_dagrun for example_branch_labels to 2022-03-16 00:00:00+00:00
[2022-03-17 20:47:57,189] {processor.py:171} INFO - Processing /usr/local/lib/python3.9/site-packages/airflow/example_dags/example_branch_labels.py took 0.052 seconds
[2022-03-17 20:48:27,486] {processor.py:163} INFO - Started process (PID=467) to work on /usr/local/lib/python3.9/site-packages/airflow/example_dags/example_branch_labels.py
[2022-03-17 20:48:27,486] {processor.py:642} INFO - Processing file /usr/local/lib/python3.9/site-packages/airflow/example_dags/example_branch_labels.py for tasks to queue
[2022-03-17 20:48:27,487] {logging_mixin.py:109} INFO - [2022-03-17 20:48:27,487] {dagbag.py:500} INFO - Filling up the DagBag from /usr/local/lib/python3.9/site-packages/airflow/example_dags/example_branch_labels.py
[2022-03-17 20:48:27,511] {processor.py:654} INFO - DAG(s) dict_keys(['example_branch_labels']) retrieved from /usr/local/lib/python3.9/site-packages/airflow/example_dags/example_branch_labels.py
[2022-03-17 20:48:27,519] {logging_mixin.py:109} INFO - [2022-03-17 20:48:27,518] {dag.py:2398} INFO - Sync 1 DAGs
[2022-03-17 20:48:27,531] {logging_mixin.py:109} INFO - [2022-03-17 20:48:27,531] {dag.py:2937} INFO - Setting next_dagrun for example_branch_labels to 2022-03-16 00:00:00+00:00
[2022-03-17 20:48:27,538] {processor.py:171} INFO - Processing /usr/local/lib/python3.9/site-packages/airflow/example_dags/example_branch_labels.py took 0.054 seconds
[2022-03-17 20:48:57,892] {processor.py:163} INFO - Started process (PID=499) to work on /usr/local/lib/python3.9/site-packages/airflow/example_dags/example_branch_labels.py
[2022-03-17 20:48:57,893] {processor.py:642} INFO - Processing file /usr/local/lib/python3.9/site-packages/airflow/example_dags/example_branch_labels.py for tasks to queue
[2022-03-17 20:48:57,894] {logging_mixin.py:109} INFO - [2022-03-17 20:48:57,894] {dagbag.py:500} INFO - Filling up the DagBag from /usr/local/lib/python3.9/site-packages/airflow/example_dags/example_branch_labels.py
[2022-03-17 20:48:57,918] {processor.py:654} INFO - DAG(s) dict_keys(['example_branch_labels']) retrieved from /usr/local/lib/python3.9/site-packages/airflow/example_dags/example_branch_labels.py
[2022-03-17 20:48:57,925] {logging_mixin.py:109} INFO - [2022-03-17 20:48:57,925] {dag.py:2398} INFO - Sync 1 DAGs
[2022-03-17 20:48:57,936] {logging_mixin.py:109} INFO - [2022-03-17 20:48:57,936] {dag.py:2937} INFO - Setting next_dagrun for example_branch_labels to 2022-03-16 00:00:00+00:00
[2022-03-17 20:48:57,942] {processor.py:171} INFO - Processing /usr/local/lib/python3.9/site-packages/airflow/example_dags/example_branch_labels.py took 0.052 seconds
[2022-03-17 20:49:28,155] {processor.py:163} INFO - Started process (PID=531) to work on /usr/local/lib/python3.9/site-packages/airflow/example_dags/example_branch_labels.py
[2022-03-17 20:49:28,156] {processor.py:642} INFO - Processing file /usr/local/lib/python3.9/site-packages/airflow/example_dags/example_branch_labels.py for tasks to queue
[2022-03-17 20:49:28,156] {logging_mixin.py:109} INFO - [2022-03-17 20:49:28,156] {dagbag.py:500} INFO - Filling up the DagBag from /usr/local/lib/python3.9/site-packages/airflow/example_dags/example_branch_labels.py
[2022-03-17 20:49:28,182] {processor.py:654} INFO - DAG(s) dict_keys(['example_branch_labels']) retrieved from /usr/local/lib/python3.9/site-packages/airflow/example_dags/example_branch_labels.py
[2022-03-17 20:49:28,189] {logging_mixin.py:109} INFO - [2022-03-17 20:49:28,188] {dag.py:2398} INFO - Sync 1 DAGs
[2022-03-17 20:49:28,199] {logging_mixin.py:109} INFO - [2022-03-17 20:49:28,199] {dag.py:2937} INFO - Setting next_dagrun for example_branch_labels to 2022-03-16 00:00:00+00:00
[2022-03-17 20:49:28,205] {processor.py:171} INFO - Processing /usr/local/lib/python3.9/site-packages/airflow/example_dags/example_branch_labels.py took 0.053 seconds
[2022-03-17 20:49:58,473] {processor.py:163} INFO - Started process (PID=563) to work on /usr/local/lib/python3.9/site-packages/airflow/example_dags/example_branch_labels.py
[2022-03-17 20:49:58,474] {processor.py:642} INFO - Processing file /usr/local/lib/python3.9/site-packages/airflow/example_dags/example_branch_labels.py for tasks to queue
[2022-03-17 20:49:58,475] {logging_mixin.py:109} INFO - [2022-03-17 20:49:58,474] {dagbag.py:500} INFO - Filling up the DagBag from /usr/local/lib/python3.9/site-packages/airflow/example_dags/example_branch_labels.py
[2022-03-17 20:49:58,499] {processor.py:654} INFO - DAG(s) dict_keys(['example_branch_labels']) retrieved from /usr/local/lib/python3.9/site-packages/airflow/example_dags/example_branch_labels.py
[2022-03-17 20:49:58,507] {logging_mixin.py:109} INFO - [2022-03-17 20:49:58,507] {dag.py:2398} INFO - Sync 1 DAGs
[2022-03-17 20:49:58,519] {logging_mixin.py:109} INFO - [2022-03-17 20:49:58,519] {dag.py:2937} INFO - Setting next_dagrun for example_branch_labels to 2022-03-16 00:00:00+00:00
[2022-03-17 20:49:58,526] {processor.py:171} INFO - Processing /usr/local/lib/python3.9/site-packages/airflow/example_dags/example_branch_labels.py took 0.056 seconds
[2022-03-17 20:50:28,902] {processor.py:163} INFO - Started process (PID=595) to work on /usr/local/lib/python3.9/site-packages/airflow/example_dags/example_branch_labels.py
[2022-03-17 20:50:28,902] {processor.py:642} INFO - Processing file /usr/local/lib/python3.9/site-packages/airflow/example_dags/example_branch_labels.py for tasks to queue
[2022-03-17 20:50:28,903] {logging_mixin.py:109} INFO - [2022-03-17 20:50:28,903] {dagbag.py:500} INFO - Filling up the DagBag from /usr/local/lib/python3.9/site-packages/airflow/example_dags/example_branch_labels.py
[2022-03-17 20:50:28,927] {processor.py:654} INFO - DAG(s) dict_keys(['example_branch_labels']) retrieved from /usr/local/lib/python3.9/site-packages/airflow/example_dags/example_branch_labels.py
[2022-03-17 20:50:28,933] {logging_mixin.py:109} INFO - [2022-03-17 20:50:28,933] {dag.py:2398} INFO - Sync 1 DAGs
[2022-03-17 20:50:28,945] {logging_mixin.py:109} INFO - [2022-03-17 20:50:28,944] {dag.py:2937} INFO - Setting next_dagrun for example_branch_labels to 2022-03-16 00:00:00+00:00
[2022-03-17 20:50:28,951] {processor.py:171} INFO - Processing /usr/local/lib/python3.9/site-packages/airflow/example_dags/example_branch_labels.py took 0.052 seconds
[2022-03-17 20:50:59,251] {processor.py:163} INFO - Started process (PID=627) to work on /usr/local/lib/python3.9/site-packages/airflow/example_dags/example_branch_labels.py
[2022-03-17 20:50:59,252] {processor.py:642} INFO - Processing file /usr/local/lib/python3.9/site-packages/airflow/example_dags/example_branch_labels.py for tasks to queue
[2022-03-17 20:50:59,253] {logging_mixin.py:109} INFO - [2022-03-17 20:50:59,253] {dagbag.py:500} INFO - Filling up the DagBag from /usr/local/lib/python3.9/site-packages/airflow/example_dags/example_branch_labels.py
[2022-03-17 20:50:59,276] {processor.py:654} INFO - DAG(s) dict_keys(['example_branch_labels']) retrieved from /usr/local/lib/python3.9/site-packages/airflow/example_dags/example_branch_labels.py
[2022-03-17 20:50:59,283] {logging_mixin.py:109} INFO - [2022-03-17 20:50:59,283] {dag.py:2398} INFO - Sync 1 DAGs
[2022-03-17 20:50:59,294] {logging_mixin.py:109} INFO - [2022-03-17 20:50:59,294] {dag.py:2937} INFO - Setting next_dagrun for example_branch_labels to 2022-03-16 00:00:00+00:00
[2022-03-17 20:50:59,302] {processor.py:171} INFO - Processing /usr/local/lib/python3.9/site-packages/airflow/example_dags/example_branch_labels.py took 0.052 seconds
[2022-03-17 20:51:29,518] {processor.py:163} INFO - Started process (PID=659) to work on /usr/local/lib/python3.9/site-packages/airflow/example_dags/example_branch_labels.py
[2022-03-17 20:51:29,519] {processor.py:642} INFO - Processing file /usr/local/lib/python3.9/site-packages/airflow/example_dags/example_branch_labels.py for tasks to queue
[2022-03-17 20:51:29,519] {logging_mixin.py:109} INFO - [2022-03-17 20:51:29,519] {dagbag.py:500} INFO - Filling up the DagBag from /usr/local/lib/python3.9/site-packages/airflow/example_dags/example_branch_labels.py
[2022-03-17 20:51:29,544] {processor.py:654} INFO - DAG(s) dict_keys(['example_branch_labels']) retrieved from /usr/local/lib/python3.9/site-packages/airflow/example_dags/example_branch_labels.py
[2022-03-17 20:51:29,550] {logging_mixin.py:109} INFO - [2022-03-17 20:51:29,550] {dag.py:2398} INFO - Sync 1 DAGs
[2022-03-17 20:51:29,561] {logging_mixin.py:109} INFO - [2022-03-17 20:51:29,560] {dag.py:2937} INFO - Setting next_dagrun for example_branch_labels to 2022-03-16 00:00:00+00:00
[2022-03-17 20:51:29,566] {processor.py:171} INFO - Processing /usr/local/lib/python3.9/site-packages/airflow/example_dags/example_branch_labels.py took 0.050 seconds
[2022-03-17 20:51:59,790] {processor.py:163} INFO - Started process (PID=691) to work on /usr/local/lib/python3.9/site-packages/airflow/example_dags/example_branch_labels.py
[2022-03-17 20:51:59,791] {processor.py:642} INFO - Processing file /usr/local/lib/python3.9/site-packages/airflow/example_dags/example_branch_labels.py for tasks to queue
[2022-03-17 20:51:59,791] {logging_mixin.py:109} INFO - [2022-03-17 20:51:59,791] {dagbag.py:500} INFO - Filling up the DagBag from /usr/local/lib/python3.9/site-packages/airflow/example_dags/example_branch_labels.py
[2022-03-17 20:51:59,816] {processor.py:654} INFO - DAG(s) dict_keys(['example_branch_labels']) retrieved from /usr/local/lib/python3.9/site-packages/airflow/example_dags/example_branch_labels.py
[2022-03-17 20:51:59,822] {logging_mixin.py:109} INFO - [2022-03-17 20:51:59,822] {dag.py:2398} INFO - Sync 1 DAGs
[2022-03-17 20:51:59,834] {logging_mixin.py:109} INFO - [2022-03-17 20:51:59,834] {dag.py:2937} INFO - Setting next_dagrun for example_branch_labels to 2022-03-16 00:00:00+00:00
[2022-03-17 20:51:59,840] {processor.py:171} INFO - Processing /usr/local/lib/python3.9/site-packages/airflow/example_dags/example_branch_labels.py took 0.052 seconds
