[2022-03-17 20:46:57,683] {processor.py:163} INFO - Started process (PID=376) to work on /usr/local/lib/python3.9/site-packages/airflow/example_dags/example_bash_operator.py
[2022-03-17 20:46:57,683] {processor.py:642} INFO - Processing file /usr/local/lib/python3.9/site-packages/airflow/example_dags/example_bash_operator.py for tasks to queue
[2022-03-17 20:46:57,684] {logging_mixin.py:109} INFO - [2022-03-17 20:46:57,684] {dagbag.py:500} INFO - Filling up the DagBag from /usr/local/lib/python3.9/site-packages/airflow/example_dags/example_bash_operator.py
[2022-03-17 20:46:57,711] {processor.py:654} INFO - DAG(s) dict_keys(['example_bash_operator']) retrieved from /usr/local/lib/python3.9/site-packages/airflow/example_dags/example_bash_operator.py
[2022-03-17 20:46:57,718] {logging_mixin.py:109} INFO - [2022-03-17 20:46:57,718] {dag.py:2398} INFO - Sync 1 DAGs
[2022-03-17 20:46:57,730] {logging_mixin.py:109} INFO - [2022-03-17 20:46:57,730] {dag.py:2937} INFO - Setting next_dagrun for example_bash_operator to 2022-03-16 00:00:00+00:00
[2022-03-17 20:46:57,737] {processor.py:171} INFO - Processing /usr/local/lib/python3.9/site-packages/airflow/example_dags/example_bash_operator.py took 0.057 seconds
[2022-03-17 20:47:27,998] {processor.py:163} INFO - Started process (PID=408) to work on /usr/local/lib/python3.9/site-packages/airflow/example_dags/example_bash_operator.py
[2022-03-17 20:47:27,999] {processor.py:642} INFO - Processing file /usr/local/lib/python3.9/site-packages/airflow/example_dags/example_bash_operator.py for tasks to queue
[2022-03-17 20:47:27,999] {logging_mixin.py:109} INFO - [2022-03-17 20:47:27,999] {dagbag.py:500} INFO - Filling up the DagBag from /usr/local/lib/python3.9/site-packages/airflow/example_dags/example_bash_operator.py
[2022-03-17 20:47:28,024] {processor.py:654} INFO - DAG(s) dict_keys(['example_bash_operator']) retrieved from /usr/local/lib/python3.9/site-packages/airflow/example_dags/example_bash_operator.py
[2022-03-17 20:47:28,031] {logging_mixin.py:109} INFO - [2022-03-17 20:47:28,031] {dag.py:2398} INFO - Sync 1 DAGs
[2022-03-17 20:47:28,041] {logging_mixin.py:109} INFO - [2022-03-17 20:47:28,041] {dag.py:2937} INFO - Setting next_dagrun for example_bash_operator to 2022-03-16 00:00:00+00:00
[2022-03-17 20:47:28,047] {processor.py:171} INFO - Processing /usr/local/lib/python3.9/site-packages/airflow/example_dags/example_bash_operator.py took 0.051 seconds
[2022-03-17 20:47:58,330] {processor.py:163} INFO - Started process (PID=440) to work on /usr/local/lib/python3.9/site-packages/airflow/example_dags/example_bash_operator.py
[2022-03-17 20:47:58,331] {processor.py:642} INFO - Processing file /usr/local/lib/python3.9/site-packages/airflow/example_dags/example_bash_operator.py for tasks to queue
[2022-03-17 20:47:58,332] {logging_mixin.py:109} INFO - [2022-03-17 20:47:58,331] {dagbag.py:500} INFO - Filling up the DagBag from /usr/local/lib/python3.9/site-packages/airflow/example_dags/example_bash_operator.py
[2022-03-17 20:47:58,359] {processor.py:654} INFO - DAG(s) dict_keys(['example_bash_operator']) retrieved from /usr/local/lib/python3.9/site-packages/airflow/example_dags/example_bash_operator.py
[2022-03-17 20:47:58,366] {logging_mixin.py:109} INFO - [2022-03-17 20:47:58,366] {dag.py:2398} INFO - Sync 1 DAGs
[2022-03-17 20:47:58,376] {logging_mixin.py:109} INFO - [2022-03-17 20:47:58,376] {dag.py:2937} INFO - Setting next_dagrun for example_bash_operator to 2022-03-16 00:00:00+00:00
[2022-03-17 20:47:58,382] {processor.py:171} INFO - Processing /usr/local/lib/python3.9/site-packages/airflow/example_dags/example_bash_operator.py took 0.054 seconds
[2022-03-17 20:48:28,690] {processor.py:163} INFO - Started process (PID=472) to work on /usr/local/lib/python3.9/site-packages/airflow/example_dags/example_bash_operator.py
[2022-03-17 20:48:28,690] {processor.py:642} INFO - Processing file /usr/local/lib/python3.9/site-packages/airflow/example_dags/example_bash_operator.py for tasks to queue
[2022-03-17 20:48:28,691] {logging_mixin.py:109} INFO - [2022-03-17 20:48:28,691] {dagbag.py:500} INFO - Filling up the DagBag from /usr/local/lib/python3.9/site-packages/airflow/example_dags/example_bash_operator.py
[2022-03-17 20:48:28,716] {processor.py:654} INFO - DAG(s) dict_keys(['example_bash_operator']) retrieved from /usr/local/lib/python3.9/site-packages/airflow/example_dags/example_bash_operator.py
[2022-03-17 20:48:28,722] {logging_mixin.py:109} INFO - [2022-03-17 20:48:28,722] {dag.py:2398} INFO - Sync 1 DAGs
[2022-03-17 20:48:28,733] {logging_mixin.py:109} INFO - [2022-03-17 20:48:28,733] {dag.py:2937} INFO - Setting next_dagrun for example_bash_operator to 2022-03-16 00:00:00+00:00
[2022-03-17 20:48:28,738] {processor.py:171} INFO - Processing /usr/local/lib/python3.9/site-packages/airflow/example_dags/example_bash_operator.py took 0.050 seconds
[2022-03-17 20:48:59,080] {processor.py:163} INFO - Started process (PID=504) to work on /usr/local/lib/python3.9/site-packages/airflow/example_dags/example_bash_operator.py
[2022-03-17 20:48:59,081] {processor.py:642} INFO - Processing file /usr/local/lib/python3.9/site-packages/airflow/example_dags/example_bash_operator.py for tasks to queue
[2022-03-17 20:48:59,081] {logging_mixin.py:109} INFO - [2022-03-17 20:48:59,081] {dagbag.py:500} INFO - Filling up the DagBag from /usr/local/lib/python3.9/site-packages/airflow/example_dags/example_bash_operator.py
[2022-03-17 20:48:59,110] {processor.py:654} INFO - DAG(s) dict_keys(['example_bash_operator']) retrieved from /usr/local/lib/python3.9/site-packages/airflow/example_dags/example_bash_operator.py
[2022-03-17 20:48:59,118] {logging_mixin.py:109} INFO - [2022-03-17 20:48:59,118] {dag.py:2398} INFO - Sync 1 DAGs
[2022-03-17 20:48:59,129] {logging_mixin.py:109} INFO - [2022-03-17 20:48:59,129] {dag.py:2937} INFO - Setting next_dagrun for example_bash_operator to 2022-03-16 00:00:00+00:00
[2022-03-17 20:48:59,135] {processor.py:171} INFO - Processing /usr/local/lib/python3.9/site-packages/airflow/example_dags/example_bash_operator.py took 0.057 seconds
[2022-03-17 20:49:29,341] {processor.py:163} INFO - Started process (PID=536) to work on /usr/local/lib/python3.9/site-packages/airflow/example_dags/example_bash_operator.py
[2022-03-17 20:49:29,342] {processor.py:642} INFO - Processing file /usr/local/lib/python3.9/site-packages/airflow/example_dags/example_bash_operator.py for tasks to queue
[2022-03-17 20:49:29,343] {logging_mixin.py:109} INFO - [2022-03-17 20:49:29,343] {dagbag.py:500} INFO - Filling up the DagBag from /usr/local/lib/python3.9/site-packages/airflow/example_dags/example_bash_operator.py
[2022-03-17 20:49:29,371] {processor.py:654} INFO - DAG(s) dict_keys(['example_bash_operator']) retrieved from /usr/local/lib/python3.9/site-packages/airflow/example_dags/example_bash_operator.py
[2022-03-17 20:49:29,378] {logging_mixin.py:109} INFO - [2022-03-17 20:49:29,378] {dag.py:2398} INFO - Sync 1 DAGs
[2022-03-17 20:49:29,391] {logging_mixin.py:109} INFO - [2022-03-17 20:49:29,391] {dag.py:2937} INFO - Setting next_dagrun for example_bash_operator to 2022-03-16 00:00:00+00:00
[2022-03-17 20:49:29,399] {processor.py:171} INFO - Processing /usr/local/lib/python3.9/site-packages/airflow/example_dags/example_bash_operator.py took 0.060 seconds
[2022-03-17 20:49:59,694] {processor.py:163} INFO - Started process (PID=568) to work on /usr/local/lib/python3.9/site-packages/airflow/example_dags/example_bash_operator.py
[2022-03-17 20:49:59,704] {processor.py:642} INFO - Processing file /usr/local/lib/python3.9/site-packages/airflow/example_dags/example_bash_operator.py for tasks to queue
[2022-03-17 20:49:59,705] {logging_mixin.py:109} INFO - [2022-03-17 20:49:59,704] {dagbag.py:500} INFO - Filling up the DagBag from /usr/local/lib/python3.9/site-packages/airflow/example_dags/example_bash_operator.py
[2022-03-17 20:49:59,733] {processor.py:654} INFO - DAG(s) dict_keys(['example_bash_operator']) retrieved from /usr/local/lib/python3.9/site-packages/airflow/example_dags/example_bash_operator.py
[2022-03-17 20:49:59,739] {logging_mixin.py:109} INFO - [2022-03-17 20:49:59,739] {dag.py:2398} INFO - Sync 1 DAGs
[2022-03-17 20:49:59,750] {logging_mixin.py:109} INFO - [2022-03-17 20:49:59,750] {dag.py:2937} INFO - Setting next_dagrun for example_bash_operator to 2022-03-16 00:00:00+00:00
[2022-03-17 20:49:59,756] {processor.py:171} INFO - Processing /usr/local/lib/python3.9/site-packages/airflow/example_dags/example_bash_operator.py took 0.064 seconds
[2022-03-17 20:50:30,086] {processor.py:163} INFO - Started process (PID=600) to work on /usr/local/lib/python3.9/site-packages/airflow/example_dags/example_bash_operator.py
[2022-03-17 20:50:30,087] {processor.py:642} INFO - Processing file /usr/local/lib/python3.9/site-packages/airflow/example_dags/example_bash_operator.py for tasks to queue
[2022-03-17 20:50:30,087] {logging_mixin.py:109} INFO - [2022-03-17 20:50:30,087] {dagbag.py:500} INFO - Filling up the DagBag from /usr/local/lib/python3.9/site-packages/airflow/example_dags/example_bash_operator.py
[2022-03-17 20:50:30,113] {processor.py:654} INFO - DAG(s) dict_keys(['example_bash_operator']) retrieved from /usr/local/lib/python3.9/site-packages/airflow/example_dags/example_bash_operator.py
[2022-03-17 20:50:30,119] {logging_mixin.py:109} INFO - [2022-03-17 20:50:30,119] {dag.py:2398} INFO - Sync 1 DAGs
[2022-03-17 20:50:30,132] {logging_mixin.py:109} INFO - [2022-03-17 20:50:30,132] {dag.py:2937} INFO - Setting next_dagrun for example_bash_operator to 2022-03-16 00:00:00+00:00
[2022-03-17 20:50:30,139] {processor.py:171} INFO - Processing /usr/local/lib/python3.9/site-packages/airflow/example_dags/example_bash_operator.py took 0.055 seconds
[2022-03-17 20:51:00,441] {processor.py:163} INFO - Started process (PID=632) to work on /usr/local/lib/python3.9/site-packages/airflow/example_dags/example_bash_operator.py
[2022-03-17 20:51:00,442] {processor.py:642} INFO - Processing file /usr/local/lib/python3.9/site-packages/airflow/example_dags/example_bash_operator.py for tasks to queue
[2022-03-17 20:51:00,443] {logging_mixin.py:109} INFO - [2022-03-17 20:51:00,443] {dagbag.py:500} INFO - Filling up the DagBag from /usr/local/lib/python3.9/site-packages/airflow/example_dags/example_bash_operator.py
[2022-03-17 20:51:00,470] {processor.py:654} INFO - DAG(s) dict_keys(['example_bash_operator']) retrieved from /usr/local/lib/python3.9/site-packages/airflow/example_dags/example_bash_operator.py
[2022-03-17 20:51:00,476] {logging_mixin.py:109} INFO - [2022-03-17 20:51:00,476] {dag.py:2398} INFO - Sync 1 DAGs
[2022-03-17 20:51:00,488] {logging_mixin.py:109} INFO - [2022-03-17 20:51:00,488] {dag.py:2937} INFO - Setting next_dagrun for example_bash_operator to 2022-03-16 00:00:00+00:00
[2022-03-17 20:51:00,494] {processor.py:171} INFO - Processing /usr/local/lib/python3.9/site-packages/airflow/example_dags/example_bash_operator.py took 0.055 seconds
[2022-03-17 20:51:30,707] {processor.py:163} INFO - Started process (PID=664) to work on /usr/local/lib/python3.9/site-packages/airflow/example_dags/example_bash_operator.py
[2022-03-17 20:51:30,707] {processor.py:642} INFO - Processing file /usr/local/lib/python3.9/site-packages/airflow/example_dags/example_bash_operator.py for tasks to queue
[2022-03-17 20:51:30,708] {logging_mixin.py:109} INFO - [2022-03-17 20:51:30,708] {dagbag.py:500} INFO - Filling up the DagBag from /usr/local/lib/python3.9/site-packages/airflow/example_dags/example_bash_operator.py
[2022-03-17 20:51:30,733] {processor.py:654} INFO - DAG(s) dict_keys(['example_bash_operator']) retrieved from /usr/local/lib/python3.9/site-packages/airflow/example_dags/example_bash_operator.py
[2022-03-17 20:51:30,739] {logging_mixin.py:109} INFO - [2022-03-17 20:51:30,739] {dag.py:2398} INFO - Sync 1 DAGs
[2022-03-17 20:51:30,750] {logging_mixin.py:109} INFO - [2022-03-17 20:51:30,750] {dag.py:2937} INFO - Setting next_dagrun for example_bash_operator to 2022-03-16 00:00:00+00:00
[2022-03-17 20:51:30,756] {processor.py:171} INFO - Processing /usr/local/lib/python3.9/site-packages/airflow/example_dags/example_bash_operator.py took 0.052 seconds
[2022-03-17 20:52:00,982] {processor.py:163} INFO - Started process (PID=696) to work on /usr/local/lib/python3.9/site-packages/airflow/example_dags/example_bash_operator.py
[2022-03-17 20:52:00,983] {processor.py:642} INFO - Processing file /usr/local/lib/python3.9/site-packages/airflow/example_dags/example_bash_operator.py for tasks to queue
[2022-03-17 20:52:00,984] {logging_mixin.py:109} INFO - [2022-03-17 20:52:00,984] {dagbag.py:500} INFO - Filling up the DagBag from /usr/local/lib/python3.9/site-packages/airflow/example_dags/example_bash_operator.py
[2022-03-17 20:52:01,010] {processor.py:654} INFO - DAG(s) dict_keys(['example_bash_operator']) retrieved from /usr/local/lib/python3.9/site-packages/airflow/example_dags/example_bash_operator.py
[2022-03-17 20:52:01,018] {logging_mixin.py:109} INFO - [2022-03-17 20:52:01,018] {dag.py:2398} INFO - Sync 1 DAGs
[2022-03-17 20:52:01,032] {logging_mixin.py:109} INFO - [2022-03-17 20:52:01,032] {dag.py:2937} INFO - Setting next_dagrun for example_bash_operator to 2022-03-16 00:00:00+00:00
[2022-03-17 20:52:01,039] {processor.py:171} INFO - Processing /usr/local/lib/python3.9/site-packages/airflow/example_dags/example_bash_operator.py took 0.059 seconds
