[2022-03-17 20:46:55,119] {processor.py:163} INFO - Started process (PID=363) to work on /usr/local/lib/python3.9/site-packages/airflow/example_dags/example_trigger_controller_dag.py
[2022-03-17 20:46:55,119] {processor.py:642} INFO - Processing file /usr/local/lib/python3.9/site-packages/airflow/example_dags/example_trigger_controller_dag.py for tasks to queue
[2022-03-17 20:46:55,120] {logging_mixin.py:109} INFO - [2022-03-17 20:46:55,120] {dagbag.py:500} INFO - Filling up the DagBag from /usr/local/lib/python3.9/site-packages/airflow/example_dags/example_trigger_controller_dag.py
[2022-03-17 20:46:55,143] {processor.py:654} INFO - DAG(s) dict_keys(['example_trigger_controller_dag']) retrieved from /usr/local/lib/python3.9/site-packages/airflow/example_dags/example_trigger_controller_dag.py
[2022-03-17 20:46:55,149] {logging_mixin.py:109} INFO - [2022-03-17 20:46:55,149] {dag.py:2398} INFO - Sync 1 DAGs
[2022-03-17 20:46:55,159] {logging_mixin.py:109} INFO - [2022-03-17 20:46:55,159] {dag.py:2937} INFO - Setting next_dagrun for example_trigger_controller_dag to 2021-01-01T00:00:00+00:00
[2022-03-17 20:46:55,166] {processor.py:171} INFO - Processing /usr/local/lib/python3.9/site-packages/airflow/example_dags/example_trigger_controller_dag.py took 0.049 seconds
[2022-03-17 20:47:25,482] {processor.py:163} INFO - Started process (PID=395) to work on /usr/local/lib/python3.9/site-packages/airflow/example_dags/example_trigger_controller_dag.py
[2022-03-17 20:47:25,483] {processor.py:642} INFO - Processing file /usr/local/lib/python3.9/site-packages/airflow/example_dags/example_trigger_controller_dag.py for tasks to queue
[2022-03-17 20:47:25,483] {logging_mixin.py:109} INFO - [2022-03-17 20:47:25,483] {dagbag.py:500} INFO - Filling up the DagBag from /usr/local/lib/python3.9/site-packages/airflow/example_dags/example_trigger_controller_dag.py
[2022-03-17 20:47:25,512] {processor.py:654} INFO - DAG(s) dict_keys(['example_trigger_controller_dag']) retrieved from /usr/local/lib/python3.9/site-packages/airflow/example_dags/example_trigger_controller_dag.py
[2022-03-17 20:47:25,521] {logging_mixin.py:109} INFO - [2022-03-17 20:47:25,521] {dag.py:2398} INFO - Sync 1 DAGs
[2022-03-17 20:47:25,532] {logging_mixin.py:109} INFO - [2022-03-17 20:47:25,532] {dag.py:2937} INFO - Setting next_dagrun for example_trigger_controller_dag to 2021-01-01T00:00:00+00:00
[2022-03-17 20:47:25,539] {processor.py:171} INFO - Processing /usr/local/lib/python3.9/site-packages/airflow/example_dags/example_trigger_controller_dag.py took 0.058 seconds
[2022-03-17 20:47:55,803] {processor.py:163} INFO - Started process (PID=427) to work on /usr/local/lib/python3.9/site-packages/airflow/example_dags/example_trigger_controller_dag.py
[2022-03-17 20:47:55,808] {processor.py:642} INFO - Processing file /usr/local/lib/python3.9/site-packages/airflow/example_dags/example_trigger_controller_dag.py for tasks to queue
[2022-03-17 20:47:55,809] {logging_mixin.py:109} INFO - [2022-03-17 20:47:55,809] {dagbag.py:500} INFO - Filling up the DagBag from /usr/local/lib/python3.9/site-packages/airflow/example_dags/example_trigger_controller_dag.py
[2022-03-17 20:47:55,835] {processor.py:654} INFO - DAG(s) dict_keys(['example_trigger_controller_dag']) retrieved from /usr/local/lib/python3.9/site-packages/airflow/example_dags/example_trigger_controller_dag.py
[2022-03-17 20:47:55,842] {logging_mixin.py:109} INFO - [2022-03-17 20:47:55,842] {dag.py:2398} INFO - Sync 1 DAGs
[2022-03-17 20:47:55,851] {logging_mixin.py:109} INFO - [2022-03-17 20:47:55,851] {dag.py:2937} INFO - Setting next_dagrun for example_trigger_controller_dag to 2021-01-01T00:00:00+00:00
[2022-03-17 20:47:55,858] {processor.py:171} INFO - Processing /usr/local/lib/python3.9/site-packages/airflow/example_dags/example_trigger_controller_dag.py took 0.057 seconds
[2022-03-17 20:48:26,158] {processor.py:163} INFO - Started process (PID=459) to work on /usr/local/lib/python3.9/site-packages/airflow/example_dags/example_trigger_controller_dag.py
[2022-03-17 20:48:26,158] {processor.py:642} INFO - Processing file /usr/local/lib/python3.9/site-packages/airflow/example_dags/example_trigger_controller_dag.py for tasks to queue
[2022-03-17 20:48:26,159] {logging_mixin.py:109} INFO - [2022-03-17 20:48:26,159] {dagbag.py:500} INFO - Filling up the DagBag from /usr/local/lib/python3.9/site-packages/airflow/example_dags/example_trigger_controller_dag.py
[2022-03-17 20:48:26,192] {processor.py:654} INFO - DAG(s) dict_keys(['example_trigger_controller_dag']) retrieved from /usr/local/lib/python3.9/site-packages/airflow/example_dags/example_trigger_controller_dag.py
[2022-03-17 20:48:26,200] {logging_mixin.py:109} INFO - [2022-03-17 20:48:26,200] {dag.py:2398} INFO - Sync 1 DAGs
[2022-03-17 20:48:26,214] {logging_mixin.py:109} INFO - [2022-03-17 20:48:26,214] {dag.py:2937} INFO - Setting next_dagrun for example_trigger_controller_dag to 2021-01-01T00:00:00+00:00
[2022-03-17 20:48:26,220] {processor.py:171} INFO - Processing /usr/local/lib/python3.9/site-packages/airflow/example_dags/example_trigger_controller_dag.py took 0.065 seconds
[2022-03-17 20:48:56,560] {processor.py:163} INFO - Started process (PID=491) to work on /usr/local/lib/python3.9/site-packages/airflow/example_dags/example_trigger_controller_dag.py
[2022-03-17 20:48:56,561] {processor.py:642} INFO - Processing file /usr/local/lib/python3.9/site-packages/airflow/example_dags/example_trigger_controller_dag.py for tasks to queue
[2022-03-17 20:48:56,561] {logging_mixin.py:109} INFO - [2022-03-17 20:48:56,561] {dagbag.py:500} INFO - Filling up the DagBag from /usr/local/lib/python3.9/site-packages/airflow/example_dags/example_trigger_controller_dag.py
[2022-03-17 20:48:56,585] {processor.py:654} INFO - DAG(s) dict_keys(['example_trigger_controller_dag']) retrieved from /usr/local/lib/python3.9/site-packages/airflow/example_dags/example_trigger_controller_dag.py
[2022-03-17 20:48:56,591] {logging_mixin.py:109} INFO - [2022-03-17 20:48:56,591] {dag.py:2398} INFO - Sync 1 DAGs
[2022-03-17 20:48:56,601] {logging_mixin.py:109} INFO - [2022-03-17 20:48:56,601] {dag.py:2937} INFO - Setting next_dagrun for example_trigger_controller_dag to 2021-01-01T00:00:00+00:00
[2022-03-17 20:48:56,607] {processor.py:171} INFO - Processing /usr/local/lib/python3.9/site-packages/airflow/example_dags/example_trigger_controller_dag.py took 0.049 seconds
[2022-03-17 20:49:26,828] {processor.py:163} INFO - Started process (PID=523) to work on /usr/local/lib/python3.9/site-packages/airflow/example_dags/example_trigger_controller_dag.py
[2022-03-17 20:49:26,829] {processor.py:642} INFO - Processing file /usr/local/lib/python3.9/site-packages/airflow/example_dags/example_trigger_controller_dag.py for tasks to queue
[2022-03-17 20:49:26,829] {logging_mixin.py:109} INFO - [2022-03-17 20:49:26,829] {dagbag.py:500} INFO - Filling up the DagBag from /usr/local/lib/python3.9/site-packages/airflow/example_dags/example_trigger_controller_dag.py
[2022-03-17 20:49:26,855] {processor.py:654} INFO - DAG(s) dict_keys(['example_trigger_controller_dag']) retrieved from /usr/local/lib/python3.9/site-packages/airflow/example_dags/example_trigger_controller_dag.py
[2022-03-17 20:49:26,862] {logging_mixin.py:109} INFO - [2022-03-17 20:49:26,861] {dag.py:2398} INFO - Sync 1 DAGs
[2022-03-17 20:49:26,874] {logging_mixin.py:109} INFO - [2022-03-17 20:49:26,874] {dag.py:2937} INFO - Setting next_dagrun for example_trigger_controller_dag to 2021-01-01T00:00:00+00:00
[2022-03-17 20:49:26,881] {processor.py:171} INFO - Processing /usr/local/lib/python3.9/site-packages/airflow/example_dags/example_trigger_controller_dag.py took 0.054 seconds
[2022-03-17 20:49:57,134] {processor.py:163} INFO - Started process (PID=555) to work on /usr/local/lib/python3.9/site-packages/airflow/example_dags/example_trigger_controller_dag.py
[2022-03-17 20:49:57,135] {processor.py:642} INFO - Processing file /usr/local/lib/python3.9/site-packages/airflow/example_dags/example_trigger_controller_dag.py for tasks to queue
[2022-03-17 20:49:57,136] {logging_mixin.py:109} INFO - [2022-03-17 20:49:57,136] {dagbag.py:500} INFO - Filling up the DagBag from /usr/local/lib/python3.9/site-packages/airflow/example_dags/example_trigger_controller_dag.py
[2022-03-17 20:49:57,163] {processor.py:654} INFO - DAG(s) dict_keys(['example_trigger_controller_dag']) retrieved from /usr/local/lib/python3.9/site-packages/airflow/example_dags/example_trigger_controller_dag.py
[2022-03-17 20:49:57,171] {logging_mixin.py:109} INFO - [2022-03-17 20:49:57,171] {dag.py:2398} INFO - Sync 1 DAGs
[2022-03-17 20:49:57,184] {logging_mixin.py:109} INFO - [2022-03-17 20:49:57,184] {dag.py:2937} INFO - Setting next_dagrun for example_trigger_controller_dag to 2021-01-01T00:00:00+00:00
[2022-03-17 20:49:57,192] {processor.py:171} INFO - Processing /usr/local/lib/python3.9/site-packages/airflow/example_dags/example_trigger_controller_dag.py took 0.060 seconds
[2022-03-17 20:50:27,548] {processor.py:163} INFO - Started process (PID=587) to work on /usr/local/lib/python3.9/site-packages/airflow/example_dags/example_trigger_controller_dag.py
[2022-03-17 20:50:27,548] {processor.py:642} INFO - Processing file /usr/local/lib/python3.9/site-packages/airflow/example_dags/example_trigger_controller_dag.py for tasks to queue
[2022-03-17 20:50:27,549] {logging_mixin.py:109} INFO - [2022-03-17 20:50:27,549] {dagbag.py:500} INFO - Filling up the DagBag from /usr/local/lib/python3.9/site-packages/airflow/example_dags/example_trigger_controller_dag.py
[2022-03-17 20:50:27,572] {processor.py:654} INFO - DAG(s) dict_keys(['example_trigger_controller_dag']) retrieved from /usr/local/lib/python3.9/site-packages/airflow/example_dags/example_trigger_controller_dag.py
[2022-03-17 20:50:27,579] {logging_mixin.py:109} INFO - [2022-03-17 20:50:27,579] {dag.py:2398} INFO - Sync 1 DAGs
[2022-03-17 20:50:27,590] {logging_mixin.py:109} INFO - [2022-03-17 20:50:27,590] {dag.py:2937} INFO - Setting next_dagrun for example_trigger_controller_dag to 2021-01-01T00:00:00+00:00
[2022-03-17 20:50:27,597] {processor.py:171} INFO - Processing /usr/local/lib/python3.9/site-packages/airflow/example_dags/example_trigger_controller_dag.py took 0.051 seconds
[2022-03-17 20:50:57,916] {processor.py:163} INFO - Started process (PID=619) to work on /usr/local/lib/python3.9/site-packages/airflow/example_dags/example_trigger_controller_dag.py
[2022-03-17 20:50:57,917] {processor.py:642} INFO - Processing file /usr/local/lib/python3.9/site-packages/airflow/example_dags/example_trigger_controller_dag.py for tasks to queue
[2022-03-17 20:50:57,917] {logging_mixin.py:109} INFO - [2022-03-17 20:50:57,917] {dagbag.py:500} INFO - Filling up the DagBag from /usr/local/lib/python3.9/site-packages/airflow/example_dags/example_trigger_controller_dag.py
[2022-03-17 20:50:57,942] {processor.py:654} INFO - DAG(s) dict_keys(['example_trigger_controller_dag']) retrieved from /usr/local/lib/python3.9/site-packages/airflow/example_dags/example_trigger_controller_dag.py
[2022-03-17 20:50:57,950] {logging_mixin.py:109} INFO - [2022-03-17 20:50:57,949] {dag.py:2398} INFO - Sync 1 DAGs
[2022-03-17 20:50:57,961] {logging_mixin.py:109} INFO - [2022-03-17 20:50:57,961] {dag.py:2937} INFO - Setting next_dagrun for example_trigger_controller_dag to 2021-01-01T00:00:00+00:00
[2022-03-17 20:50:57,968] {processor.py:171} INFO - Processing /usr/local/lib/python3.9/site-packages/airflow/example_dags/example_trigger_controller_dag.py took 0.054 seconds
[2022-03-17 20:51:28,202] {processor.py:163} INFO - Started process (PID=651) to work on /usr/local/lib/python3.9/site-packages/airflow/example_dags/example_trigger_controller_dag.py
[2022-03-17 20:51:28,203] {processor.py:642} INFO - Processing file /usr/local/lib/python3.9/site-packages/airflow/example_dags/example_trigger_controller_dag.py for tasks to queue
[2022-03-17 20:51:28,203] {logging_mixin.py:109} INFO - [2022-03-17 20:51:28,203] {dagbag.py:500} INFO - Filling up the DagBag from /usr/local/lib/python3.9/site-packages/airflow/example_dags/example_trigger_controller_dag.py
[2022-03-17 20:51:28,225] {processor.py:654} INFO - DAG(s) dict_keys(['example_trigger_controller_dag']) retrieved from /usr/local/lib/python3.9/site-packages/airflow/example_dags/example_trigger_controller_dag.py
[2022-03-17 20:51:28,232] {logging_mixin.py:109} INFO - [2022-03-17 20:51:28,232] {dag.py:2398} INFO - Sync 1 DAGs
[2022-03-17 20:51:28,241] {logging_mixin.py:109} INFO - [2022-03-17 20:51:28,241] {dag.py:2937} INFO - Setting next_dagrun for example_trigger_controller_dag to 2021-01-01T00:00:00+00:00
[2022-03-17 20:51:28,247] {processor.py:171} INFO - Processing /usr/local/lib/python3.9/site-packages/airflow/example_dags/example_trigger_controller_dag.py took 0.048 seconds
[2022-03-17 20:51:58,473] {processor.py:163} INFO - Started process (PID=683) to work on /usr/local/lib/python3.9/site-packages/airflow/example_dags/example_trigger_controller_dag.py
[2022-03-17 20:51:58,474] {processor.py:642} INFO - Processing file /usr/local/lib/python3.9/site-packages/airflow/example_dags/example_trigger_controller_dag.py for tasks to queue
[2022-03-17 20:51:58,474] {logging_mixin.py:109} INFO - [2022-03-17 20:51:58,474] {dagbag.py:500} INFO - Filling up the DagBag from /usr/local/lib/python3.9/site-packages/airflow/example_dags/example_trigger_controller_dag.py
[2022-03-17 20:51:58,497] {processor.py:654} INFO - DAG(s) dict_keys(['example_trigger_controller_dag']) retrieved from /usr/local/lib/python3.9/site-packages/airflow/example_dags/example_trigger_controller_dag.py
[2022-03-17 20:51:58,503] {logging_mixin.py:109} INFO - [2022-03-17 20:51:58,503] {dag.py:2398} INFO - Sync 1 DAGs
[2022-03-17 20:51:58,513] {logging_mixin.py:109} INFO - [2022-03-17 20:51:58,513] {dag.py:2937} INFO - Setting next_dagrun for example_trigger_controller_dag to 2021-01-01T00:00:00+00:00
[2022-03-17 20:51:58,519] {processor.py:171} INFO - Processing /usr/local/lib/python3.9/site-packages/airflow/example_dags/example_trigger_controller_dag.py took 0.048 seconds
