[2022-03-17 20:46:54,050] {processor.py:163} INFO - Started process (PID=360) to work on /usr/local/lib/python3.9/site-packages/airflow/example_dags/example_nested_branch_dag.py
[2022-03-17 20:46:54,051] {processor.py:642} INFO - Processing file /usr/local/lib/python3.9/site-packages/airflow/example_dags/example_nested_branch_dag.py for tasks to queue
[2022-03-17 20:46:54,051] {logging_mixin.py:109} INFO - [2022-03-17 20:46:54,051] {dagbag.py:500} INFO - Filling up the DagBag from /usr/local/lib/python3.9/site-packages/airflow/example_dags/example_nested_branch_dag.py
[2022-03-17 20:46:54,078] {processor.py:654} INFO - DAG(s) dict_keys(['example_nested_branch_dag']) retrieved from /usr/local/lib/python3.9/site-packages/airflow/example_dags/example_nested_branch_dag.py
[2022-03-17 20:46:54,086] {logging_mixin.py:109} INFO - [2022-03-17 20:46:54,085] {dag.py:2398} INFO - Sync 1 DAGs
[2022-03-17 20:46:54,099] {logging_mixin.py:109} INFO - [2022-03-17 20:46:54,099] {dag.py:2937} INFO - Setting next_dagrun for example_nested_branch_dag to 2022-03-16 00:00:00+00:00
[2022-03-17 20:46:54,105] {processor.py:171} INFO - Processing /usr/local/lib/python3.9/site-packages/airflow/example_dags/example_nested_branch_dag.py took 0.058 seconds
[2022-03-17 20:47:24,394] {processor.py:163} INFO - Started process (PID=392) to work on /usr/local/lib/python3.9/site-packages/airflow/example_dags/example_nested_branch_dag.py
[2022-03-17 20:47:24,395] {processor.py:642} INFO - Processing file /usr/local/lib/python3.9/site-packages/airflow/example_dags/example_nested_branch_dag.py for tasks to queue
[2022-03-17 20:47:24,396] {logging_mixin.py:109} INFO - [2022-03-17 20:47:24,396] {dagbag.py:500} INFO - Filling up the DagBag from /usr/local/lib/python3.9/site-packages/airflow/example_dags/example_nested_branch_dag.py
[2022-03-17 20:47:24,430] {processor.py:654} INFO - DAG(s) dict_keys(['example_nested_branch_dag']) retrieved from /usr/local/lib/python3.9/site-packages/airflow/example_dags/example_nested_branch_dag.py
[2022-03-17 20:47:24,439] {logging_mixin.py:109} INFO - [2022-03-17 20:47:24,439] {dag.py:2398} INFO - Sync 1 DAGs
[2022-03-17 20:47:24,456] {logging_mixin.py:109} INFO - [2022-03-17 20:47:24,456] {dag.py:2937} INFO - Setting next_dagrun for example_nested_branch_dag to 2022-03-16 00:00:00+00:00
[2022-03-17 20:47:24,468] {processor.py:171} INFO - Processing /usr/local/lib/python3.9/site-packages/airflow/example_dags/example_nested_branch_dag.py took 0.076 seconds
[2022-03-17 20:47:54,733] {processor.py:163} INFO - Started process (PID=424) to work on /usr/local/lib/python3.9/site-packages/airflow/example_dags/example_nested_branch_dag.py
[2022-03-17 20:47:54,734] {processor.py:642} INFO - Processing file /usr/local/lib/python3.9/site-packages/airflow/example_dags/example_nested_branch_dag.py for tasks to queue
[2022-03-17 20:47:54,734] {logging_mixin.py:109} INFO - [2022-03-17 20:47:54,734] {dagbag.py:500} INFO - Filling up the DagBag from /usr/local/lib/python3.9/site-packages/airflow/example_dags/example_nested_branch_dag.py
[2022-03-17 20:47:54,761] {processor.py:654} INFO - DAG(s) dict_keys(['example_nested_branch_dag']) retrieved from /usr/local/lib/python3.9/site-packages/airflow/example_dags/example_nested_branch_dag.py
[2022-03-17 20:47:54,769] {logging_mixin.py:109} INFO - [2022-03-17 20:47:54,769] {dag.py:2398} INFO - Sync 1 DAGs
[2022-03-17 20:47:54,783] {logging_mixin.py:109} INFO - [2022-03-17 20:47:54,783] {dag.py:2937} INFO - Setting next_dagrun for example_nested_branch_dag to 2022-03-16 00:00:00+00:00
[2022-03-17 20:47:54,790] {processor.py:171} INFO - Processing /usr/local/lib/python3.9/site-packages/airflow/example_dags/example_nested_branch_dag.py took 0.060 seconds
[2022-03-17 20:48:25,092] {processor.py:163} INFO - Started process (PID=456) to work on /usr/local/lib/python3.9/site-packages/airflow/example_dags/example_nested_branch_dag.py
[2022-03-17 20:48:25,093] {processor.py:642} INFO - Processing file /usr/local/lib/python3.9/site-packages/airflow/example_dags/example_nested_branch_dag.py for tasks to queue
[2022-03-17 20:48:25,093] {logging_mixin.py:109} INFO - [2022-03-17 20:48:25,093] {dagbag.py:500} INFO - Filling up the DagBag from /usr/local/lib/python3.9/site-packages/airflow/example_dags/example_nested_branch_dag.py
[2022-03-17 20:48:25,117] {processor.py:654} INFO - DAG(s) dict_keys(['example_nested_branch_dag']) retrieved from /usr/local/lib/python3.9/site-packages/airflow/example_dags/example_nested_branch_dag.py
[2022-03-17 20:48:25,123] {logging_mixin.py:109} INFO - [2022-03-17 20:48:25,123] {dag.py:2398} INFO - Sync 1 DAGs
[2022-03-17 20:48:25,135] {logging_mixin.py:109} INFO - [2022-03-17 20:48:25,135] {dag.py:2937} INFO - Setting next_dagrun for example_nested_branch_dag to 2022-03-16 00:00:00+00:00
[2022-03-17 20:48:25,141] {processor.py:171} INFO - Processing /usr/local/lib/python3.9/site-packages/airflow/example_dags/example_nested_branch_dag.py took 0.052 seconds
[2022-03-17 20:48:55,492] {processor.py:163} INFO - Started process (PID=488) to work on /usr/local/lib/python3.9/site-packages/airflow/example_dags/example_nested_branch_dag.py
[2022-03-17 20:48:55,492] {processor.py:642} INFO - Processing file /usr/local/lib/python3.9/site-packages/airflow/example_dags/example_nested_branch_dag.py for tasks to queue
[2022-03-17 20:48:55,493] {logging_mixin.py:109} INFO - [2022-03-17 20:48:55,493] {dagbag.py:500} INFO - Filling up the DagBag from /usr/local/lib/python3.9/site-packages/airflow/example_dags/example_nested_branch_dag.py
[2022-03-17 20:48:55,519] {processor.py:654} INFO - DAG(s) dict_keys(['example_nested_branch_dag']) retrieved from /usr/local/lib/python3.9/site-packages/airflow/example_dags/example_nested_branch_dag.py
[2022-03-17 20:48:55,527] {logging_mixin.py:109} INFO - [2022-03-17 20:48:55,527] {dag.py:2398} INFO - Sync 1 DAGs
[2022-03-17 20:48:55,539] {logging_mixin.py:109} INFO - [2022-03-17 20:48:55,539] {dag.py:2937} INFO - Setting next_dagrun for example_nested_branch_dag to 2022-03-16 00:00:00+00:00
[2022-03-17 20:48:55,545] {processor.py:171} INFO - Processing /usr/local/lib/python3.9/site-packages/airflow/example_dags/example_nested_branch_dag.py took 0.056 seconds
[2022-03-17 20:49:25,762] {processor.py:163} INFO - Started process (PID=520) to work on /usr/local/lib/python3.9/site-packages/airflow/example_dags/example_nested_branch_dag.py
[2022-03-17 20:49:25,763] {processor.py:642} INFO - Processing file /usr/local/lib/python3.9/site-packages/airflow/example_dags/example_nested_branch_dag.py for tasks to queue
[2022-03-17 20:49:25,764] {logging_mixin.py:109} INFO - [2022-03-17 20:49:25,764] {dagbag.py:500} INFO - Filling up the DagBag from /usr/local/lib/python3.9/site-packages/airflow/example_dags/example_nested_branch_dag.py
[2022-03-17 20:49:25,790] {processor.py:654} INFO - DAG(s) dict_keys(['example_nested_branch_dag']) retrieved from /usr/local/lib/python3.9/site-packages/airflow/example_dags/example_nested_branch_dag.py
[2022-03-17 20:49:25,797] {logging_mixin.py:109} INFO - [2022-03-17 20:49:25,797] {dag.py:2398} INFO - Sync 1 DAGs
[2022-03-17 20:49:25,810] {logging_mixin.py:109} INFO - [2022-03-17 20:49:25,810] {dag.py:2937} INFO - Setting next_dagrun for example_nested_branch_dag to 2022-03-16 00:00:00+00:00
[2022-03-17 20:49:25,816] {processor.py:171} INFO - Processing /usr/local/lib/python3.9/site-packages/airflow/example_dags/example_nested_branch_dag.py took 0.055 seconds
[2022-03-17 20:49:56,063] {processor.py:163} INFO - Started process (PID=552) to work on /usr/local/lib/python3.9/site-packages/airflow/example_dags/example_nested_branch_dag.py
[2022-03-17 20:49:56,064] {processor.py:642} INFO - Processing file /usr/local/lib/python3.9/site-packages/airflow/example_dags/example_nested_branch_dag.py for tasks to queue
[2022-03-17 20:49:56,064] {logging_mixin.py:109} INFO - [2022-03-17 20:49:56,064] {dagbag.py:500} INFO - Filling up the DagBag from /usr/local/lib/python3.9/site-packages/airflow/example_dags/example_nested_branch_dag.py
[2022-03-17 20:49:56,091] {processor.py:654} INFO - DAG(s) dict_keys(['example_nested_branch_dag']) retrieved from /usr/local/lib/python3.9/site-packages/airflow/example_dags/example_nested_branch_dag.py
[2022-03-17 20:49:56,099] {logging_mixin.py:109} INFO - [2022-03-17 20:49:56,099] {dag.py:2398} INFO - Sync 1 DAGs
[2022-03-17 20:49:56,111] {logging_mixin.py:109} INFO - [2022-03-17 20:49:56,111] {dag.py:2937} INFO - Setting next_dagrun for example_nested_branch_dag to 2022-03-16 00:00:00+00:00
[2022-03-17 20:49:56,118] {processor.py:171} INFO - Processing /usr/local/lib/python3.9/site-packages/airflow/example_dags/example_nested_branch_dag.py took 0.058 seconds
[2022-03-17 20:50:26,481] {processor.py:163} INFO - Started process (PID=584) to work on /usr/local/lib/python3.9/site-packages/airflow/example_dags/example_nested_branch_dag.py
[2022-03-17 20:50:26,482] {processor.py:642} INFO - Processing file /usr/local/lib/python3.9/site-packages/airflow/example_dags/example_nested_branch_dag.py for tasks to queue
[2022-03-17 20:50:26,482] {logging_mixin.py:109} INFO - [2022-03-17 20:50:26,482] {dagbag.py:500} INFO - Filling up the DagBag from /usr/local/lib/python3.9/site-packages/airflow/example_dags/example_nested_branch_dag.py
[2022-03-17 20:50:26,508] {processor.py:654} INFO - DAG(s) dict_keys(['example_nested_branch_dag']) retrieved from /usr/local/lib/python3.9/site-packages/airflow/example_dags/example_nested_branch_dag.py
[2022-03-17 20:50:26,515] {logging_mixin.py:109} INFO - [2022-03-17 20:50:26,515] {dag.py:2398} INFO - Sync 1 DAGs
[2022-03-17 20:50:26,528] {logging_mixin.py:109} INFO - [2022-03-17 20:50:26,528] {dag.py:2937} INFO - Setting next_dagrun for example_nested_branch_dag to 2022-03-16 00:00:00+00:00
[2022-03-17 20:50:26,535] {processor.py:171} INFO - Processing /usr/local/lib/python3.9/site-packages/airflow/example_dags/example_nested_branch_dag.py took 0.056 seconds
[2022-03-17 20:50:56,846] {processor.py:163} INFO - Started process (PID=616) to work on /usr/local/lib/python3.9/site-packages/airflow/example_dags/example_nested_branch_dag.py
[2022-03-17 20:50:56,847] {processor.py:642} INFO - Processing file /usr/local/lib/python3.9/site-packages/airflow/example_dags/example_nested_branch_dag.py for tasks to queue
[2022-03-17 20:50:56,848] {logging_mixin.py:109} INFO - [2022-03-17 20:50:56,848] {dagbag.py:500} INFO - Filling up the DagBag from /usr/local/lib/python3.9/site-packages/airflow/example_dags/example_nested_branch_dag.py
[2022-03-17 20:50:56,874] {processor.py:654} INFO - DAG(s) dict_keys(['example_nested_branch_dag']) retrieved from /usr/local/lib/python3.9/site-packages/airflow/example_dags/example_nested_branch_dag.py
[2022-03-17 20:50:56,881] {logging_mixin.py:109} INFO - [2022-03-17 20:50:56,881] {dag.py:2398} INFO - Sync 1 DAGs
[2022-03-17 20:50:56,894] {logging_mixin.py:109} INFO - [2022-03-17 20:50:56,894] {dag.py:2937} INFO - Setting next_dagrun for example_nested_branch_dag to 2022-03-16 00:00:00+00:00
[2022-03-17 20:50:56,901] {processor.py:171} INFO - Processing /usr/local/lib/python3.9/site-packages/airflow/example_dags/example_nested_branch_dag.py took 0.057 seconds
[2022-03-17 20:51:27,131] {processor.py:163} INFO - Started process (PID=648) to work on /usr/local/lib/python3.9/site-packages/airflow/example_dags/example_nested_branch_dag.py
[2022-03-17 20:51:27,132] {processor.py:642} INFO - Processing file /usr/local/lib/python3.9/site-packages/airflow/example_dags/example_nested_branch_dag.py for tasks to queue
[2022-03-17 20:51:27,133] {logging_mixin.py:109} INFO - [2022-03-17 20:51:27,132] {dagbag.py:500} INFO - Filling up the DagBag from /usr/local/lib/python3.9/site-packages/airflow/example_dags/example_nested_branch_dag.py
[2022-03-17 20:51:27,160] {processor.py:654} INFO - DAG(s) dict_keys(['example_nested_branch_dag']) retrieved from /usr/local/lib/python3.9/site-packages/airflow/example_dags/example_nested_branch_dag.py
[2022-03-17 20:51:27,167] {logging_mixin.py:109} INFO - [2022-03-17 20:51:27,167] {dag.py:2398} INFO - Sync 1 DAGs
[2022-03-17 20:51:27,180] {logging_mixin.py:109} INFO - [2022-03-17 20:51:27,180] {dag.py:2937} INFO - Setting next_dagrun for example_nested_branch_dag to 2022-03-16 00:00:00+00:00
[2022-03-17 20:51:27,188] {processor.py:171} INFO - Processing /usr/local/lib/python3.9/site-packages/airflow/example_dags/example_nested_branch_dag.py took 0.058 seconds
[2022-03-17 20:51:57,410] {processor.py:163} INFO - Started process (PID=680) to work on /usr/local/lib/python3.9/site-packages/airflow/example_dags/example_nested_branch_dag.py
[2022-03-17 20:51:57,410] {processor.py:642} INFO - Processing file /usr/local/lib/python3.9/site-packages/airflow/example_dags/example_nested_branch_dag.py for tasks to queue
[2022-03-17 20:51:57,410] {logging_mixin.py:109} INFO - [2022-03-17 20:51:57,410] {dagbag.py:500} INFO - Filling up the DagBag from /usr/local/lib/python3.9/site-packages/airflow/example_dags/example_nested_branch_dag.py
[2022-03-17 20:51:57,435] {processor.py:654} INFO - DAG(s) dict_keys(['example_nested_branch_dag']) retrieved from /usr/local/lib/python3.9/site-packages/airflow/example_dags/example_nested_branch_dag.py
[2022-03-17 20:51:57,442] {logging_mixin.py:109} INFO - [2022-03-17 20:51:57,442] {dag.py:2398} INFO - Sync 1 DAGs
[2022-03-17 20:51:57,454] {logging_mixin.py:109} INFO - [2022-03-17 20:51:57,454] {dag.py:2937} INFO - Setting next_dagrun for example_nested_branch_dag to 2022-03-16 00:00:00+00:00
[2022-03-17 20:51:57,460] {processor.py:171} INFO - Processing /usr/local/lib/python3.9/site-packages/airflow/example_dags/example_nested_branch_dag.py took 0.053 seconds
