[2022-03-17 20:46:53,853] {processor.py:163} INFO - Started process (PID=356) to work on /usr/local/lib/python3.9/site-packages/airflow/example_dags/tutorial_taskflow_api_etl.py
[2022-03-17 20:46:53,854] {processor.py:642} INFO - Processing file /usr/local/lib/python3.9/site-packages/airflow/example_dags/tutorial_taskflow_api_etl.py for tasks to queue
[2022-03-17 20:46:53,855] {logging_mixin.py:109} INFO - [2022-03-17 20:46:53,855] {dagbag.py:500} INFO - Filling up the DagBag from /usr/local/lib/python3.9/site-packages/airflow/example_dags/tutorial_taskflow_api_etl.py
[2022-03-17 20:46:53,890] {processor.py:654} INFO - DAG(s) dict_keys(['tutorial_taskflow_api_etl']) retrieved from /usr/local/lib/python3.9/site-packages/airflow/example_dags/tutorial_taskflow_api_etl.py
[2022-03-17 20:46:54,072] {logging_mixin.py:109} INFO - [2022-03-17 20:46:54,072] {dag.py:2398} INFO - Sync 1 DAGs
[2022-03-17 20:46:54,083] {logging_mixin.py:109} INFO - [2022-03-17 20:46:54,083] {dag.py:2937} INFO - Setting next_dagrun for tutorial_taskflow_api_etl to None
[2022-03-17 20:46:54,091] {processor.py:171} INFO - Processing /usr/local/lib/python3.9/site-packages/airflow/example_dags/tutorial_taskflow_api_etl.py took 0.240 seconds
[2022-03-17 20:47:24,233] {processor.py:163} INFO - Started process (PID=388) to work on /usr/local/lib/python3.9/site-packages/airflow/example_dags/tutorial_taskflow_api_etl.py
[2022-03-17 20:47:24,234] {processor.py:642} INFO - Processing file /usr/local/lib/python3.9/site-packages/airflow/example_dags/tutorial_taskflow_api_etl.py for tasks to queue
[2022-03-17 20:47:24,234] {logging_mixin.py:109} INFO - [2022-03-17 20:47:24,234] {dagbag.py:500} INFO - Filling up the DagBag from /usr/local/lib/python3.9/site-packages/airflow/example_dags/tutorial_taskflow_api_etl.py
[2022-03-17 20:47:24,262] {processor.py:654} INFO - DAG(s) dict_keys(['tutorial_taskflow_api_etl']) retrieved from /usr/local/lib/python3.9/site-packages/airflow/example_dags/tutorial_taskflow_api_etl.py
[2022-03-17 20:47:24,422] {logging_mixin.py:109} INFO - [2022-03-17 20:47:24,422] {dag.py:2398} INFO - Sync 1 DAGs
[2022-03-17 20:47:24,435] {logging_mixin.py:109} INFO - [2022-03-17 20:47:24,435] {dag.py:2937} INFO - Setting next_dagrun for tutorial_taskflow_api_etl to None
[2022-03-17 20:47:24,446] {processor.py:171} INFO - Processing /usr/local/lib/python3.9/site-packages/airflow/example_dags/tutorial_taskflow_api_etl.py took 0.215 seconds
[2022-03-17 20:47:54,565] {processor.py:163} INFO - Started process (PID=420) to work on /usr/local/lib/python3.9/site-packages/airflow/example_dags/tutorial_taskflow_api_etl.py
[2022-03-17 20:47:54,566] {processor.py:642} INFO - Processing file /usr/local/lib/python3.9/site-packages/airflow/example_dags/tutorial_taskflow_api_etl.py for tasks to queue
[2022-03-17 20:47:54,567] {logging_mixin.py:109} INFO - [2022-03-17 20:47:54,567] {dagbag.py:500} INFO - Filling up the DagBag from /usr/local/lib/python3.9/site-packages/airflow/example_dags/tutorial_taskflow_api_etl.py
[2022-03-17 20:47:54,597] {processor.py:654} INFO - DAG(s) dict_keys(['tutorial_taskflow_api_etl']) retrieved from /usr/local/lib/python3.9/site-packages/airflow/example_dags/tutorial_taskflow_api_etl.py
[2022-03-17 20:47:54,748] {logging_mixin.py:109} INFO - [2022-03-17 20:47:54,748] {dag.py:2398} INFO - Sync 1 DAGs
[2022-03-17 20:47:54,757] {logging_mixin.py:109} INFO - [2022-03-17 20:47:54,757] {dag.py:2937} INFO - Setting next_dagrun for tutorial_taskflow_api_etl to None
[2022-03-17 20:47:54,764] {processor.py:171} INFO - Processing /usr/local/lib/python3.9/site-packages/airflow/example_dags/tutorial_taskflow_api_etl.py took 0.201 seconds
[2022-03-17 20:48:24,883] {processor.py:163} INFO - Started process (PID=452) to work on /usr/local/lib/python3.9/site-packages/airflow/example_dags/tutorial_taskflow_api_etl.py
[2022-03-17 20:48:24,898] {processor.py:642} INFO - Processing file /usr/local/lib/python3.9/site-packages/airflow/example_dags/tutorial_taskflow_api_etl.py for tasks to queue
[2022-03-17 20:48:24,899] {logging_mixin.py:109} INFO - [2022-03-17 20:48:24,899] {dagbag.py:500} INFO - Filling up the DagBag from /usr/local/lib/python3.9/site-packages/airflow/example_dags/tutorial_taskflow_api_etl.py
[2022-03-17 20:48:24,951] {processor.py:654} INFO - DAG(s) dict_keys(['tutorial_taskflow_api_etl']) retrieved from /usr/local/lib/python3.9/site-packages/airflow/example_dags/tutorial_taskflow_api_etl.py
[2022-03-17 20:48:25,105] {logging_mixin.py:109} INFO - [2022-03-17 20:48:25,105] {dag.py:2398} INFO - Sync 1 DAGs
[2022-03-17 20:48:25,114] {logging_mixin.py:109} INFO - [2022-03-17 20:48:25,114] {dag.py:2937} INFO - Setting next_dagrun for tutorial_taskflow_api_etl to None
[2022-03-17 20:48:25,121] {processor.py:171} INFO - Processing /usr/local/lib/python3.9/site-packages/airflow/example_dags/tutorial_taskflow_api_etl.py took 0.241 seconds
[2022-03-17 20:48:55,330] {processor.py:163} INFO - Started process (PID=484) to work on /usr/local/lib/python3.9/site-packages/airflow/example_dags/tutorial_taskflow_api_etl.py
[2022-03-17 20:48:55,331] {processor.py:642} INFO - Processing file /usr/local/lib/python3.9/site-packages/airflow/example_dags/tutorial_taskflow_api_etl.py for tasks to queue
[2022-03-17 20:48:55,332] {logging_mixin.py:109} INFO - [2022-03-17 20:48:55,331] {dagbag.py:500} INFO - Filling up the DagBag from /usr/local/lib/python3.9/site-packages/airflow/example_dags/tutorial_taskflow_api_etl.py
[2022-03-17 20:48:55,360] {processor.py:654} INFO - DAG(s) dict_keys(['tutorial_taskflow_api_etl']) retrieved from /usr/local/lib/python3.9/site-packages/airflow/example_dags/tutorial_taskflow_api_etl.py
[2022-03-17 20:48:55,507] {logging_mixin.py:109} INFO - [2022-03-17 20:48:55,507] {dag.py:2398} INFO - Sync 1 DAGs
[2022-03-17 20:48:55,517] {logging_mixin.py:109} INFO - [2022-03-17 20:48:55,517] {dag.py:2937} INFO - Setting next_dagrun for tutorial_taskflow_api_etl to None
[2022-03-17 20:48:55,525] {processor.py:171} INFO - Processing /usr/local/lib/python3.9/site-packages/airflow/example_dags/tutorial_taskflow_api_etl.py took 0.198 seconds
[2022-03-17 20:49:25,605] {processor.py:163} INFO - Started process (PID=516) to work on /usr/local/lib/python3.9/site-packages/airflow/example_dags/tutorial_taskflow_api_etl.py
[2022-03-17 20:49:25,606] {processor.py:642} INFO - Processing file /usr/local/lib/python3.9/site-packages/airflow/example_dags/tutorial_taskflow_api_etl.py for tasks to queue
[2022-03-17 20:49:25,606] {logging_mixin.py:109} INFO - [2022-03-17 20:49:25,606] {dagbag.py:500} INFO - Filling up the DagBag from /usr/local/lib/python3.9/site-packages/airflow/example_dags/tutorial_taskflow_api_etl.py
[2022-03-17 20:49:25,633] {processor.py:654} INFO - DAG(s) dict_keys(['tutorial_taskflow_api_etl']) retrieved from /usr/local/lib/python3.9/site-packages/airflow/example_dags/tutorial_taskflow_api_etl.py
[2022-03-17 20:49:25,774] {logging_mixin.py:109} INFO - [2022-03-17 20:49:25,774] {dag.py:2398} INFO - Sync 1 DAGs
[2022-03-17 20:49:25,784] {logging_mixin.py:109} INFO - [2022-03-17 20:49:25,784] {dag.py:2937} INFO - Setting next_dagrun for tutorial_taskflow_api_etl to None
[2022-03-17 20:49:25,792] {processor.py:171} INFO - Processing /usr/local/lib/python3.9/site-packages/airflow/example_dags/tutorial_taskflow_api_etl.py took 0.190 seconds
[2022-03-17 20:49:55,894] {processor.py:163} INFO - Started process (PID=548) to work on /usr/local/lib/python3.9/site-packages/airflow/example_dags/tutorial_taskflow_api_etl.py
[2022-03-17 20:49:55,895] {processor.py:642} INFO - Processing file /usr/local/lib/python3.9/site-packages/airflow/example_dags/tutorial_taskflow_api_etl.py for tasks to queue
[2022-03-17 20:49:55,896] {logging_mixin.py:109} INFO - [2022-03-17 20:49:55,896] {dagbag.py:500} INFO - Filling up the DagBag from /usr/local/lib/python3.9/site-packages/airflow/example_dags/tutorial_taskflow_api_etl.py
[2022-03-17 20:49:55,925] {processor.py:654} INFO - DAG(s) dict_keys(['tutorial_taskflow_api_etl']) retrieved from /usr/local/lib/python3.9/site-packages/airflow/example_dags/tutorial_taskflow_api_etl.py
[2022-03-17 20:49:56,072] {logging_mixin.py:109} INFO - [2022-03-17 20:49:56,072] {dag.py:2398} INFO - Sync 1 DAGs
[2022-03-17 20:49:56,083] {logging_mixin.py:109} INFO - [2022-03-17 20:49:56,083] {dag.py:2937} INFO - Setting next_dagrun for tutorial_taskflow_api_etl to None
[2022-03-17 20:49:56,090] {processor.py:171} INFO - Processing /usr/local/lib/python3.9/site-packages/airflow/example_dags/tutorial_taskflow_api_etl.py took 0.198 seconds
[2022-03-17 20:50:26,287] {processor.py:163} INFO - Started process (PID=580) to work on /usr/local/lib/python3.9/site-packages/airflow/example_dags/tutorial_taskflow_api_etl.py
[2022-03-17 20:50:26,288] {processor.py:642} INFO - Processing file /usr/local/lib/python3.9/site-packages/airflow/example_dags/tutorial_taskflow_api_etl.py for tasks to queue
[2022-03-17 20:50:26,288] {logging_mixin.py:109} INFO - [2022-03-17 20:50:26,288] {dagbag.py:500} INFO - Filling up the DagBag from /usr/local/lib/python3.9/site-packages/airflow/example_dags/tutorial_taskflow_api_etl.py
[2022-03-17 20:50:26,333] {processor.py:654} INFO - DAG(s) dict_keys(['tutorial_taskflow_api_etl']) retrieved from /usr/local/lib/python3.9/site-packages/airflow/example_dags/tutorial_taskflow_api_etl.py
[2022-03-17 20:50:26,507] {logging_mixin.py:109} INFO - [2022-03-17 20:50:26,507] {dag.py:2398} INFO - Sync 1 DAGs
[2022-03-17 20:50:26,518] {logging_mixin.py:109} INFO - [2022-03-17 20:50:26,518] {dag.py:2937} INFO - Setting next_dagrun for tutorial_taskflow_api_etl to None
[2022-03-17 20:50:26,526] {processor.py:171} INFO - Processing /usr/local/lib/python3.9/site-packages/airflow/example_dags/tutorial_taskflow_api_etl.py took 0.243 seconds
[2022-03-17 20:50:56,677] {processor.py:163} INFO - Started process (PID=612) to work on /usr/local/lib/python3.9/site-packages/airflow/example_dags/tutorial_taskflow_api_etl.py
[2022-03-17 20:50:56,687] {processor.py:642} INFO - Processing file /usr/local/lib/python3.9/site-packages/airflow/example_dags/tutorial_taskflow_api_etl.py for tasks to queue
[2022-03-17 20:50:56,688] {logging_mixin.py:109} INFO - [2022-03-17 20:50:56,687] {dagbag.py:500} INFO - Filling up the DagBag from /usr/local/lib/python3.9/site-packages/airflow/example_dags/tutorial_taskflow_api_etl.py
[2022-03-17 20:50:56,716] {processor.py:654} INFO - DAG(s) dict_keys(['tutorial_taskflow_api_etl']) retrieved from /usr/local/lib/python3.9/site-packages/airflow/example_dags/tutorial_taskflow_api_etl.py
[2022-03-17 20:50:56,868] {logging_mixin.py:109} INFO - [2022-03-17 20:50:56,868] {dag.py:2398} INFO - Sync 1 DAGs
[2022-03-17 20:50:56,879] {logging_mixin.py:109} INFO - [2022-03-17 20:50:56,879] {dag.py:2937} INFO - Setting next_dagrun for tutorial_taskflow_api_etl to None
[2022-03-17 20:50:56,886] {processor.py:171} INFO - Processing /usr/local/lib/python3.9/site-packages/airflow/example_dags/tutorial_taskflow_api_etl.py took 0.212 seconds
[2022-03-17 20:51:26,977] {processor.py:163} INFO - Started process (PID=644) to work on /usr/local/lib/python3.9/site-packages/airflow/example_dags/tutorial_taskflow_api_etl.py
[2022-03-17 20:51:26,978] {processor.py:642} INFO - Processing file /usr/local/lib/python3.9/site-packages/airflow/example_dags/tutorial_taskflow_api_etl.py for tasks to queue
[2022-03-17 20:51:26,978] {logging_mixin.py:109} INFO - [2022-03-17 20:51:26,978] {dagbag.py:500} INFO - Filling up the DagBag from /usr/local/lib/python3.9/site-packages/airflow/example_dags/tutorial_taskflow_api_etl.py
[2022-03-17 20:51:27,004] {processor.py:654} INFO - DAG(s) dict_keys(['tutorial_taskflow_api_etl']) retrieved from /usr/local/lib/python3.9/site-packages/airflow/example_dags/tutorial_taskflow_api_etl.py
[2022-03-17 20:51:27,144] {logging_mixin.py:109} INFO - [2022-03-17 20:51:27,144] {dag.py:2398} INFO - Sync 1 DAGs
[2022-03-17 20:51:27,155] {logging_mixin.py:109} INFO - [2022-03-17 20:51:27,155] {dag.py:2937} INFO - Setting next_dagrun for tutorial_taskflow_api_etl to None
[2022-03-17 20:51:27,163] {processor.py:171} INFO - Processing /usr/local/lib/python3.9/site-packages/airflow/example_dags/tutorial_taskflow_api_etl.py took 0.188 seconds
[2022-03-17 20:51:57,263] {processor.py:163} INFO - Started process (PID=676) to work on /usr/local/lib/python3.9/site-packages/airflow/example_dags/tutorial_taskflow_api_etl.py
[2022-03-17 20:51:57,264] {processor.py:642} INFO - Processing file /usr/local/lib/python3.9/site-packages/airflow/example_dags/tutorial_taskflow_api_etl.py for tasks to queue
[2022-03-17 20:51:57,264] {logging_mixin.py:109} INFO - [2022-03-17 20:51:57,264] {dagbag.py:500} INFO - Filling up the DagBag from /usr/local/lib/python3.9/site-packages/airflow/example_dags/tutorial_taskflow_api_etl.py
[2022-03-17 20:51:57,290] {processor.py:654} INFO - DAG(s) dict_keys(['tutorial_taskflow_api_etl']) retrieved from /usr/local/lib/python3.9/site-packages/airflow/example_dags/tutorial_taskflow_api_etl.py
[2022-03-17 20:51:57,423] {logging_mixin.py:109} INFO - [2022-03-17 20:51:57,423] {dag.py:2398} INFO - Sync 1 DAGs
[2022-03-17 20:51:57,432] {logging_mixin.py:109} INFO - [2022-03-17 20:51:57,432] {dag.py:2937} INFO - Setting next_dagrun for tutorial_taskflow_api_etl to None
[2022-03-17 20:51:57,439] {processor.py:171} INFO - Processing /usr/local/lib/python3.9/site-packages/airflow/example_dags/tutorial_taskflow_api_etl.py took 0.179 seconds
