[2022-03-17 20:46:52,619] {processor.py:163} INFO - Started process (PID=352) to work on /usr/local/lib/python3.9/site-packages/airflow/example_dags/tutorial_etl_dag.py
[2022-03-17 20:46:52,620] {processor.py:642} INFO - Processing file /usr/local/lib/python3.9/site-packages/airflow/example_dags/tutorial_etl_dag.py for tasks to queue
[2022-03-17 20:46:52,621] {logging_mixin.py:109} INFO - [2022-03-17 20:46:52,621] {dagbag.py:500} INFO - Filling up the DagBag from /usr/local/lib/python3.9/site-packages/airflow/example_dags/tutorial_etl_dag.py
[2022-03-17 20:46:52,654] {processor.py:654} INFO - DAG(s) dict_keys(['tutorial_etl_dag']) retrieved from /usr/local/lib/python3.9/site-packages/airflow/example_dags/tutorial_etl_dag.py
[2022-03-17 20:46:52,660] {logging_mixin.py:109} INFO - [2022-03-17 20:46:52,660] {dag.py:2398} INFO - Sync 1 DAGs
[2022-03-17 20:46:52,672] {logging_mixin.py:109} INFO - [2022-03-17 20:46:52,672] {dag.py:2937} INFO - Setting next_dagrun for tutorial_etl_dag to None
[2022-03-17 20:46:52,679] {processor.py:171} INFO - Processing /usr/local/lib/python3.9/site-packages/airflow/example_dags/tutorial_etl_dag.py took 0.063 seconds
[2022-03-17 20:47:23,117] {processor.py:163} INFO - Started process (PID=384) to work on /usr/local/lib/python3.9/site-packages/airflow/example_dags/tutorial_etl_dag.py
[2022-03-17 20:47:23,117] {processor.py:642} INFO - Processing file /usr/local/lib/python3.9/site-packages/airflow/example_dags/tutorial_etl_dag.py for tasks to queue
[2022-03-17 20:47:23,118] {logging_mixin.py:109} INFO - [2022-03-17 20:47:23,118] {dagbag.py:500} INFO - Filling up the DagBag from /usr/local/lib/python3.9/site-packages/airflow/example_dags/tutorial_etl_dag.py
[2022-03-17 20:47:23,142] {processor.py:654} INFO - DAG(s) dict_keys(['tutorial_etl_dag']) retrieved from /usr/local/lib/python3.9/site-packages/airflow/example_dags/tutorial_etl_dag.py
[2022-03-17 20:47:23,148] {logging_mixin.py:109} INFO - [2022-03-17 20:47:23,148] {dag.py:2398} INFO - Sync 1 DAGs
[2022-03-17 20:47:23,158] {logging_mixin.py:109} INFO - [2022-03-17 20:47:23,158] {dag.py:2937} INFO - Setting next_dagrun for tutorial_etl_dag to None
[2022-03-17 20:47:23,164] {processor.py:171} INFO - Processing /usr/local/lib/python3.9/site-packages/airflow/example_dags/tutorial_etl_dag.py took 0.049 seconds
[2022-03-17 20:47:53,435] {processor.py:163} INFO - Started process (PID=416) to work on /usr/local/lib/python3.9/site-packages/airflow/example_dags/tutorial_etl_dag.py
[2022-03-17 20:47:53,435] {processor.py:642} INFO - Processing file /usr/local/lib/python3.9/site-packages/airflow/example_dags/tutorial_etl_dag.py for tasks to queue
[2022-03-17 20:47:53,436] {logging_mixin.py:109} INFO - [2022-03-17 20:47:53,436] {dagbag.py:500} INFO - Filling up the DagBag from /usr/local/lib/python3.9/site-packages/airflow/example_dags/tutorial_etl_dag.py
[2022-03-17 20:47:53,462] {processor.py:654} INFO - DAG(s) dict_keys(['tutorial_etl_dag']) retrieved from /usr/local/lib/python3.9/site-packages/airflow/example_dags/tutorial_etl_dag.py
[2022-03-17 20:47:53,469] {logging_mixin.py:109} INFO - [2022-03-17 20:47:53,469] {dag.py:2398} INFO - Sync 1 DAGs
[2022-03-17 20:47:53,479] {logging_mixin.py:109} INFO - [2022-03-17 20:47:53,479] {dag.py:2937} INFO - Setting next_dagrun for tutorial_etl_dag to None
[2022-03-17 20:47:53,489] {processor.py:171} INFO - Processing /usr/local/lib/python3.9/site-packages/airflow/example_dags/tutorial_etl_dag.py took 0.057 seconds
[2022-03-17 20:48:23,750] {processor.py:163} INFO - Started process (PID=448) to work on /usr/local/lib/python3.9/site-packages/airflow/example_dags/tutorial_etl_dag.py
[2022-03-17 20:48:23,751] {processor.py:642} INFO - Processing file /usr/local/lib/python3.9/site-packages/airflow/example_dags/tutorial_etl_dag.py for tasks to queue
[2022-03-17 20:48:23,751] {logging_mixin.py:109} INFO - [2022-03-17 20:48:23,751] {dagbag.py:500} INFO - Filling up the DagBag from /usr/local/lib/python3.9/site-packages/airflow/example_dags/tutorial_etl_dag.py
[2022-03-17 20:48:23,779] {processor.py:654} INFO - DAG(s) dict_keys(['tutorial_etl_dag']) retrieved from /usr/local/lib/python3.9/site-packages/airflow/example_dags/tutorial_etl_dag.py
[2022-03-17 20:48:23,786] {logging_mixin.py:109} INFO - [2022-03-17 20:48:23,786] {dag.py:2398} INFO - Sync 1 DAGs
[2022-03-17 20:48:23,799] {logging_mixin.py:109} INFO - [2022-03-17 20:48:23,799] {dag.py:2937} INFO - Setting next_dagrun for tutorial_etl_dag to None
[2022-03-17 20:48:23,806] {processor.py:171} INFO - Processing /usr/local/lib/python3.9/site-packages/airflow/example_dags/tutorial_etl_dag.py took 0.059 seconds
[2022-03-17 20:48:54,214] {processor.py:163} INFO - Started process (PID=480) to work on /usr/local/lib/python3.9/site-packages/airflow/example_dags/tutorial_etl_dag.py
[2022-03-17 20:48:54,214] {processor.py:642} INFO - Processing file /usr/local/lib/python3.9/site-packages/airflow/example_dags/tutorial_etl_dag.py for tasks to queue
[2022-03-17 20:48:54,215] {logging_mixin.py:109} INFO - [2022-03-17 20:48:54,215] {dagbag.py:500} INFO - Filling up the DagBag from /usr/local/lib/python3.9/site-packages/airflow/example_dags/tutorial_etl_dag.py
[2022-03-17 20:48:54,238] {processor.py:654} INFO - DAG(s) dict_keys(['tutorial_etl_dag']) retrieved from /usr/local/lib/python3.9/site-packages/airflow/example_dags/tutorial_etl_dag.py
[2022-03-17 20:48:54,245] {logging_mixin.py:109} INFO - [2022-03-17 20:48:54,245] {dag.py:2398} INFO - Sync 1 DAGs
[2022-03-17 20:48:54,254] {logging_mixin.py:109} INFO - [2022-03-17 20:48:54,254] {dag.py:2937} INFO - Setting next_dagrun for tutorial_etl_dag to None
[2022-03-17 20:48:54,261] {processor.py:171} INFO - Processing /usr/local/lib/python3.9/site-packages/airflow/example_dags/tutorial_etl_dag.py took 0.049 seconds
[2022-03-17 20:49:24,489] {processor.py:163} INFO - Started process (PID=512) to work on /usr/local/lib/python3.9/site-packages/airflow/example_dags/tutorial_etl_dag.py
[2022-03-17 20:49:24,489] {processor.py:642} INFO - Processing file /usr/local/lib/python3.9/site-packages/airflow/example_dags/tutorial_etl_dag.py for tasks to queue
[2022-03-17 20:49:24,490] {logging_mixin.py:109} INFO - [2022-03-17 20:49:24,490] {dagbag.py:500} INFO - Filling up the DagBag from /usr/local/lib/python3.9/site-packages/airflow/example_dags/tutorial_etl_dag.py
[2022-03-17 20:49:24,514] {processor.py:654} INFO - DAG(s) dict_keys(['tutorial_etl_dag']) retrieved from /usr/local/lib/python3.9/site-packages/airflow/example_dags/tutorial_etl_dag.py
[2022-03-17 20:49:24,520] {logging_mixin.py:109} INFO - [2022-03-17 20:49:24,520] {dag.py:2398} INFO - Sync 1 DAGs
[2022-03-17 20:49:24,530] {logging_mixin.py:109} INFO - [2022-03-17 20:49:24,530] {dag.py:2937} INFO - Setting next_dagrun for tutorial_etl_dag to None
[2022-03-17 20:49:24,536] {processor.py:171} INFO - Processing /usr/local/lib/python3.9/site-packages/airflow/example_dags/tutorial_etl_dag.py took 0.049 seconds
[2022-03-17 20:49:54,758] {processor.py:163} INFO - Started process (PID=544) to work on /usr/local/lib/python3.9/site-packages/airflow/example_dags/tutorial_etl_dag.py
[2022-03-17 20:49:54,759] {processor.py:642} INFO - Processing file /usr/local/lib/python3.9/site-packages/airflow/example_dags/tutorial_etl_dag.py for tasks to queue
[2022-03-17 20:49:54,759] {logging_mixin.py:109} INFO - [2022-03-17 20:49:54,759] {dagbag.py:500} INFO - Filling up the DagBag from /usr/local/lib/python3.9/site-packages/airflow/example_dags/tutorial_etl_dag.py
[2022-03-17 20:49:54,792] {processor.py:654} INFO - DAG(s) dict_keys(['tutorial_etl_dag']) retrieved from /usr/local/lib/python3.9/site-packages/airflow/example_dags/tutorial_etl_dag.py
[2022-03-17 20:49:54,799] {logging_mixin.py:109} INFO - [2022-03-17 20:49:54,799] {dag.py:2398} INFO - Sync 1 DAGs
[2022-03-17 20:49:54,810] {logging_mixin.py:109} INFO - [2022-03-17 20:49:54,810] {dag.py:2937} INFO - Setting next_dagrun for tutorial_etl_dag to None
[2022-03-17 20:49:54,818] {processor.py:171} INFO - Processing /usr/local/lib/python3.9/site-packages/airflow/example_dags/tutorial_etl_dag.py took 0.062 seconds
[2022-03-17 20:50:25,160] {processor.py:163} INFO - Started process (PID=576) to work on /usr/local/lib/python3.9/site-packages/airflow/example_dags/tutorial_etl_dag.py
[2022-03-17 20:50:25,160] {processor.py:642} INFO - Processing file /usr/local/lib/python3.9/site-packages/airflow/example_dags/tutorial_etl_dag.py for tasks to queue
[2022-03-17 20:50:25,161] {logging_mixin.py:109} INFO - [2022-03-17 20:50:25,161] {dagbag.py:500} INFO - Filling up the DagBag from /usr/local/lib/python3.9/site-packages/airflow/example_dags/tutorial_etl_dag.py
[2022-03-17 20:50:25,187] {processor.py:654} INFO - DAG(s) dict_keys(['tutorial_etl_dag']) retrieved from /usr/local/lib/python3.9/site-packages/airflow/example_dags/tutorial_etl_dag.py
[2022-03-17 20:50:25,194] {logging_mixin.py:109} INFO - [2022-03-17 20:50:25,194] {dag.py:2398} INFO - Sync 1 DAGs
[2022-03-17 20:50:25,205] {logging_mixin.py:109} INFO - [2022-03-17 20:50:25,205] {dag.py:2937} INFO - Setting next_dagrun for tutorial_etl_dag to None
[2022-03-17 20:50:25,212] {processor.py:171} INFO - Processing /usr/local/lib/python3.9/site-packages/airflow/example_dags/tutorial_etl_dag.py took 0.054 seconds
[2022-03-17 20:50:55,557] {processor.py:163} INFO - Started process (PID=608) to work on /usr/local/lib/python3.9/site-packages/airflow/example_dags/tutorial_etl_dag.py
[2022-03-17 20:50:55,557] {processor.py:642} INFO - Processing file /usr/local/lib/python3.9/site-packages/airflow/example_dags/tutorial_etl_dag.py for tasks to queue
[2022-03-17 20:50:55,558] {logging_mixin.py:109} INFO - [2022-03-17 20:50:55,558] {dagbag.py:500} INFO - Filling up the DagBag from /usr/local/lib/python3.9/site-packages/airflow/example_dags/tutorial_etl_dag.py
[2022-03-17 20:50:55,582] {processor.py:654} INFO - DAG(s) dict_keys(['tutorial_etl_dag']) retrieved from /usr/local/lib/python3.9/site-packages/airflow/example_dags/tutorial_etl_dag.py
[2022-03-17 20:50:55,588] {logging_mixin.py:109} INFO - [2022-03-17 20:50:55,588] {dag.py:2398} INFO - Sync 1 DAGs
[2022-03-17 20:50:55,599] {logging_mixin.py:109} INFO - [2022-03-17 20:50:55,599] {dag.py:2937} INFO - Setting next_dagrun for tutorial_etl_dag to None
[2022-03-17 20:50:55,605] {processor.py:171} INFO - Processing /usr/local/lib/python3.9/site-packages/airflow/example_dags/tutorial_etl_dag.py took 0.051 seconds
[2022-03-17 20:51:25,855] {processor.py:163} INFO - Started process (PID=640) to work on /usr/local/lib/python3.9/site-packages/airflow/example_dags/tutorial_etl_dag.py
[2022-03-17 20:51:25,855] {processor.py:642} INFO - Processing file /usr/local/lib/python3.9/site-packages/airflow/example_dags/tutorial_etl_dag.py for tasks to queue
[2022-03-17 20:51:25,855] {logging_mixin.py:109} INFO - [2022-03-17 20:51:25,855] {dagbag.py:500} INFO - Filling up the DagBag from /usr/local/lib/python3.9/site-packages/airflow/example_dags/tutorial_etl_dag.py
[2022-03-17 20:51:25,881] {processor.py:654} INFO - DAG(s) dict_keys(['tutorial_etl_dag']) retrieved from /usr/local/lib/python3.9/site-packages/airflow/example_dags/tutorial_etl_dag.py
[2022-03-17 20:51:25,889] {logging_mixin.py:109} INFO - [2022-03-17 20:51:25,889] {dag.py:2398} INFO - Sync 1 DAGs
[2022-03-17 20:51:25,902] {logging_mixin.py:109} INFO - [2022-03-17 20:51:25,902] {dag.py:2937} INFO - Setting next_dagrun for tutorial_etl_dag to None
[2022-03-17 20:51:25,909] {processor.py:171} INFO - Processing /usr/local/lib/python3.9/site-packages/airflow/example_dags/tutorial_etl_dag.py took 0.056 seconds
[2022-03-17 20:51:56,128] {processor.py:163} INFO - Started process (PID=672) to work on /usr/local/lib/python3.9/site-packages/airflow/example_dags/tutorial_etl_dag.py
[2022-03-17 20:51:56,129] {processor.py:642} INFO - Processing file /usr/local/lib/python3.9/site-packages/airflow/example_dags/tutorial_etl_dag.py for tasks to queue
[2022-03-17 20:51:56,129] {logging_mixin.py:109} INFO - [2022-03-17 20:51:56,129] {dagbag.py:500} INFO - Filling up the DagBag from /usr/local/lib/python3.9/site-packages/airflow/example_dags/tutorial_etl_dag.py
[2022-03-17 20:51:56,157] {processor.py:654} INFO - DAG(s) dict_keys(['tutorial_etl_dag']) retrieved from /usr/local/lib/python3.9/site-packages/airflow/example_dags/tutorial_etl_dag.py
[2022-03-17 20:51:56,164] {logging_mixin.py:109} INFO - [2022-03-17 20:51:56,164] {dag.py:2398} INFO - Sync 1 DAGs
[2022-03-17 20:51:56,179] {logging_mixin.py:109} INFO - [2022-03-17 20:51:56,179] {dag.py:2937} INFO - Setting next_dagrun for tutorial_etl_dag to None
[2022-03-17 20:51:56,187] {processor.py:171} INFO - Processing /usr/local/lib/python3.9/site-packages/airflow/example_dags/tutorial_etl_dag.py took 0.062 seconds
