[2022-03-17 20:46:54,018] {processor.py:163} INFO - Started process (PID=359) to work on /usr/local/lib/python3.9/site-packages/airflow/example_dags/tutorial_taskflow_api_etl_virtualenv.py
[2022-03-17 20:46:54,019] {processor.py:642} INFO - Processing file /usr/local/lib/python3.9/site-packages/airflow/example_dags/tutorial_taskflow_api_etl_virtualenv.py for tasks to queue
[2022-03-17 20:46:54,019] {logging_mixin.py:109} INFO - [2022-03-17 20:46:54,019] {dagbag.py:500} INFO - Filling up the DagBag from /usr/local/lib/python3.9/site-packages/airflow/example_dags/tutorial_taskflow_api_etl_virtualenv.py
[2022-03-17 20:46:54,025] {logging_mixin.py:109} INFO - [2022-03-17 20:46:54,025] {tutorial_taskflow_api_etl_virtualenv.py:29} WARNING - The tutorial_taskflow_api_etl_virtualenv example DAG requires virtualenv, please install it.
[2022-03-17 20:46:54,040] {processor.py:656} WARNING - No viable dags retrieved from /usr/local/lib/python3.9/site-packages/airflow/example_dags/tutorial_taskflow_api_etl_virtualenv.py
[2022-03-17 20:46:54,042] {processor.py:171} INFO - Processing /usr/local/lib/python3.9/site-packages/airflow/example_dags/tutorial_taskflow_api_etl_virtualenv.py took 0.026 seconds
[2022-03-17 20:47:24,356] {processor.py:163} INFO - Started process (PID=391) to work on /usr/local/lib/python3.9/site-packages/airflow/example_dags/tutorial_taskflow_api_etl_virtualenv.py
[2022-03-17 20:47:24,358] {processor.py:642} INFO - Processing file /usr/local/lib/python3.9/site-packages/airflow/example_dags/tutorial_taskflow_api_etl_virtualenv.py for tasks to queue
[2022-03-17 20:47:24,358] {logging_mixin.py:109} INFO - [2022-03-17 20:47:24,358] {dagbag.py:500} INFO - Filling up the DagBag from /usr/local/lib/python3.9/site-packages/airflow/example_dags/tutorial_taskflow_api_etl_virtualenv.py
[2022-03-17 20:47:24,365] {logging_mixin.py:109} INFO - [2022-03-17 20:47:24,365] {tutorial_taskflow_api_etl_virtualenv.py:29} WARNING - The tutorial_taskflow_api_etl_virtualenv example DAG requires virtualenv, please install it.
[2022-03-17 20:47:24,381] {processor.py:656} WARNING - No viable dags retrieved from /usr/local/lib/python3.9/site-packages/airflow/example_dags/tutorial_taskflow_api_etl_virtualenv.py
[2022-03-17 20:47:24,384] {processor.py:171} INFO - Processing /usr/local/lib/python3.9/site-packages/airflow/example_dags/tutorial_taskflow_api_etl_virtualenv.py took 0.030 seconds
[2022-03-17 20:47:54,701] {processor.py:163} INFO - Started process (PID=423) to work on /usr/local/lib/python3.9/site-packages/airflow/example_dags/tutorial_taskflow_api_etl_virtualenv.py
[2022-03-17 20:47:54,702] {processor.py:642} INFO - Processing file /usr/local/lib/python3.9/site-packages/airflow/example_dags/tutorial_taskflow_api_etl_virtualenv.py for tasks to queue
[2022-03-17 20:47:54,703] {logging_mixin.py:109} INFO - [2022-03-17 20:47:54,703] {dagbag.py:500} INFO - Filling up the DagBag from /usr/local/lib/python3.9/site-packages/airflow/example_dags/tutorial_taskflow_api_etl_virtualenv.py
[2022-03-17 20:47:54,709] {logging_mixin.py:109} INFO - [2022-03-17 20:47:54,709] {tutorial_taskflow_api_etl_virtualenv.py:29} WARNING - The tutorial_taskflow_api_etl_virtualenv example DAG requires virtualenv, please install it.
[2022-03-17 20:47:54,723] {processor.py:656} WARNING - No viable dags retrieved from /usr/local/lib/python3.9/site-packages/airflow/example_dags/tutorial_taskflow_api_etl_virtualenv.py
[2022-03-17 20:47:54,725] {processor.py:171} INFO - Processing /usr/local/lib/python3.9/site-packages/airflow/example_dags/tutorial_taskflow_api_etl_virtualenv.py took 0.026 seconds
[2022-03-17 20:48:25,062] {processor.py:163} INFO - Started process (PID=455) to work on /usr/local/lib/python3.9/site-packages/airflow/example_dags/tutorial_taskflow_api_etl_virtualenv.py
[2022-03-17 20:48:25,064] {processor.py:642} INFO - Processing file /usr/local/lib/python3.9/site-packages/airflow/example_dags/tutorial_taskflow_api_etl_virtualenv.py for tasks to queue
[2022-03-17 20:48:25,064] {logging_mixin.py:109} INFO - [2022-03-17 20:48:25,064] {dagbag.py:500} INFO - Filling up the DagBag from /usr/local/lib/python3.9/site-packages/airflow/example_dags/tutorial_taskflow_api_etl_virtualenv.py
[2022-03-17 20:48:25,069] {logging_mixin.py:109} INFO - [2022-03-17 20:48:25,069] {tutorial_taskflow_api_etl_virtualenv.py:29} WARNING - The tutorial_taskflow_api_etl_virtualenv example DAG requires virtualenv, please install it.
[2022-03-17 20:48:25,083] {processor.py:656} WARNING - No viable dags retrieved from /usr/local/lib/python3.9/site-packages/airflow/example_dags/tutorial_taskflow_api_etl_virtualenv.py
[2022-03-17 20:48:25,084] {processor.py:171} INFO - Processing /usr/local/lib/python3.9/site-packages/airflow/example_dags/tutorial_taskflow_api_etl_virtualenv.py took 0.024 seconds
[2022-03-17 20:48:55,460] {processor.py:163} INFO - Started process (PID=487) to work on /usr/local/lib/python3.9/site-packages/airflow/example_dags/tutorial_taskflow_api_etl_virtualenv.py
[2022-03-17 20:48:55,461] {processor.py:642} INFO - Processing file /usr/local/lib/python3.9/site-packages/airflow/example_dags/tutorial_taskflow_api_etl_virtualenv.py for tasks to queue
[2022-03-17 20:48:55,462] {logging_mixin.py:109} INFO - [2022-03-17 20:48:55,461] {dagbag.py:500} INFO - Filling up the DagBag from /usr/local/lib/python3.9/site-packages/airflow/example_dags/tutorial_taskflow_api_etl_virtualenv.py
[2022-03-17 20:48:55,467] {logging_mixin.py:109} INFO - [2022-03-17 20:48:55,467] {tutorial_taskflow_api_etl_virtualenv.py:29} WARNING - The tutorial_taskflow_api_etl_virtualenv example DAG requires virtualenv, please install it.
[2022-03-17 20:48:55,481] {processor.py:656} WARNING - No viable dags retrieved from /usr/local/lib/python3.9/site-packages/airflow/example_dags/tutorial_taskflow_api_etl_virtualenv.py
[2022-03-17 20:48:55,483] {processor.py:171} INFO - Processing /usr/local/lib/python3.9/site-packages/airflow/example_dags/tutorial_taskflow_api_etl_virtualenv.py took 0.024 seconds
[2022-03-17 20:49:25,730] {processor.py:163} INFO - Started process (PID=519) to work on /usr/local/lib/python3.9/site-packages/airflow/example_dags/tutorial_taskflow_api_etl_virtualenv.py
[2022-03-17 20:49:25,731] {processor.py:642} INFO - Processing file /usr/local/lib/python3.9/site-packages/airflow/example_dags/tutorial_taskflow_api_etl_virtualenv.py for tasks to queue
[2022-03-17 20:49:25,732] {logging_mixin.py:109} INFO - [2022-03-17 20:49:25,731] {dagbag.py:500} INFO - Filling up the DagBag from /usr/local/lib/python3.9/site-packages/airflow/example_dags/tutorial_taskflow_api_etl_virtualenv.py
[2022-03-17 20:49:25,737] {logging_mixin.py:109} INFO - [2022-03-17 20:49:25,737] {tutorial_taskflow_api_etl_virtualenv.py:29} WARNING - The tutorial_taskflow_api_etl_virtualenv example DAG requires virtualenv, please install it.
[2022-03-17 20:49:25,753] {processor.py:656} WARNING - No viable dags retrieved from /usr/local/lib/python3.9/site-packages/airflow/example_dags/tutorial_taskflow_api_etl_virtualenv.py
[2022-03-17 20:49:25,755] {processor.py:171} INFO - Processing /usr/local/lib/python3.9/site-packages/airflow/example_dags/tutorial_taskflow_api_etl_virtualenv.py took 0.027 seconds
[2022-03-17 20:49:56,033] {processor.py:163} INFO - Started process (PID=551) to work on /usr/local/lib/python3.9/site-packages/airflow/example_dags/tutorial_taskflow_api_etl_virtualenv.py
[2022-03-17 20:49:56,033] {processor.py:642} INFO - Processing file /usr/local/lib/python3.9/site-packages/airflow/example_dags/tutorial_taskflow_api_etl_virtualenv.py for tasks to queue
[2022-03-17 20:49:56,034] {logging_mixin.py:109} INFO - [2022-03-17 20:49:56,034] {dagbag.py:500} INFO - Filling up the DagBag from /usr/local/lib/python3.9/site-packages/airflow/example_dags/tutorial_taskflow_api_etl_virtualenv.py
[2022-03-17 20:49:56,039] {logging_mixin.py:109} INFO - [2022-03-17 20:49:56,039] {tutorial_taskflow_api_etl_virtualenv.py:29} WARNING - The tutorial_taskflow_api_etl_virtualenv example DAG requires virtualenv, please install it.
[2022-03-17 20:49:56,053] {processor.py:656} WARNING - No viable dags retrieved from /usr/local/lib/python3.9/site-packages/airflow/example_dags/tutorial_taskflow_api_etl_virtualenv.py
[2022-03-17 20:49:56,055] {processor.py:171} INFO - Processing /usr/local/lib/python3.9/site-packages/airflow/example_dags/tutorial_taskflow_api_etl_virtualenv.py took 0.025 seconds
[2022-03-17 20:50:26,448] {processor.py:163} INFO - Started process (PID=583) to work on /usr/local/lib/python3.9/site-packages/airflow/example_dags/tutorial_taskflow_api_etl_virtualenv.py
[2022-03-17 20:50:26,449] {processor.py:642} INFO - Processing file /usr/local/lib/python3.9/site-packages/airflow/example_dags/tutorial_taskflow_api_etl_virtualenv.py for tasks to queue
[2022-03-17 20:50:26,449] {logging_mixin.py:109} INFO - [2022-03-17 20:50:26,449] {dagbag.py:500} INFO - Filling up the DagBag from /usr/local/lib/python3.9/site-packages/airflow/example_dags/tutorial_taskflow_api_etl_virtualenv.py
[2022-03-17 20:50:26,455] {logging_mixin.py:109} INFO - [2022-03-17 20:50:26,455] {tutorial_taskflow_api_etl_virtualenv.py:29} WARNING - The tutorial_taskflow_api_etl_virtualenv example DAG requires virtualenv, please install it.
[2022-03-17 20:50:26,470] {processor.py:656} WARNING - No viable dags retrieved from /usr/local/lib/python3.9/site-packages/airflow/example_dags/tutorial_taskflow_api_etl_virtualenv.py
[2022-03-17 20:50:26,472] {processor.py:171} INFO - Processing /usr/local/lib/python3.9/site-packages/airflow/example_dags/tutorial_taskflow_api_etl_virtualenv.py took 0.026 seconds
[2022-03-17 20:50:56,817] {processor.py:163} INFO - Started process (PID=615) to work on /usr/local/lib/python3.9/site-packages/airflow/example_dags/tutorial_taskflow_api_etl_virtualenv.py
[2022-03-17 20:50:56,817] {processor.py:642} INFO - Processing file /usr/local/lib/python3.9/site-packages/airflow/example_dags/tutorial_taskflow_api_etl_virtualenv.py for tasks to queue
[2022-03-17 20:50:56,818] {logging_mixin.py:109} INFO - [2022-03-17 20:50:56,818] {dagbag.py:500} INFO - Filling up the DagBag from /usr/local/lib/python3.9/site-packages/airflow/example_dags/tutorial_taskflow_api_etl_virtualenv.py
[2022-03-17 20:50:56,823] {logging_mixin.py:109} INFO - [2022-03-17 20:50:56,823] {tutorial_taskflow_api_etl_virtualenv.py:29} WARNING - The tutorial_taskflow_api_etl_virtualenv example DAG requires virtualenv, please install it.
[2022-03-17 20:50:56,837] {processor.py:656} WARNING - No viable dags retrieved from /usr/local/lib/python3.9/site-packages/airflow/example_dags/tutorial_taskflow_api_etl_virtualenv.py
[2022-03-17 20:50:56,839] {processor.py:171} INFO - Processing /usr/local/lib/python3.9/site-packages/airflow/example_dags/tutorial_taskflow_api_etl_virtualenv.py took 0.025 seconds
[2022-03-17 20:51:27,100] {processor.py:163} INFO - Started process (PID=647) to work on /usr/local/lib/python3.9/site-packages/airflow/example_dags/tutorial_taskflow_api_etl_virtualenv.py
[2022-03-17 20:51:27,101] {processor.py:642} INFO - Processing file /usr/local/lib/python3.9/site-packages/airflow/example_dags/tutorial_taskflow_api_etl_virtualenv.py for tasks to queue
[2022-03-17 20:51:27,101] {logging_mixin.py:109} INFO - [2022-03-17 20:51:27,101] {dagbag.py:500} INFO - Filling up the DagBag from /usr/local/lib/python3.9/site-packages/airflow/example_dags/tutorial_taskflow_api_etl_virtualenv.py
[2022-03-17 20:51:27,107] {logging_mixin.py:109} INFO - [2022-03-17 20:51:27,107] {tutorial_taskflow_api_etl_virtualenv.py:29} WARNING - The tutorial_taskflow_api_etl_virtualenv example DAG requires virtualenv, please install it.
[2022-03-17 20:51:27,121] {processor.py:656} WARNING - No viable dags retrieved from /usr/local/lib/python3.9/site-packages/airflow/example_dags/tutorial_taskflow_api_etl_virtualenv.py
[2022-03-17 20:51:27,123] {processor.py:171} INFO - Processing /usr/local/lib/python3.9/site-packages/airflow/example_dags/tutorial_taskflow_api_etl_virtualenv.py took 0.025 seconds
[2022-03-17 20:51:57,381] {processor.py:163} INFO - Started process (PID=679) to work on /usr/local/lib/python3.9/site-packages/airflow/example_dags/tutorial_taskflow_api_etl_virtualenv.py
[2022-03-17 20:51:57,381] {processor.py:642} INFO - Processing file /usr/local/lib/python3.9/site-packages/airflow/example_dags/tutorial_taskflow_api_etl_virtualenv.py for tasks to queue
[2022-03-17 20:51:57,382] {logging_mixin.py:109} INFO - [2022-03-17 20:51:57,382] {dagbag.py:500} INFO - Filling up the DagBag from /usr/local/lib/python3.9/site-packages/airflow/example_dags/tutorial_taskflow_api_etl_virtualenv.py
[2022-03-17 20:51:57,387] {logging_mixin.py:109} INFO - [2022-03-17 20:51:57,387] {tutorial_taskflow_api_etl_virtualenv.py:29} WARNING - The tutorial_taskflow_api_etl_virtualenv example DAG requires virtualenv, please install it.
[2022-03-17 20:51:57,401] {processor.py:656} WARNING - No viable dags retrieved from /usr/local/lib/python3.9/site-packages/airflow/example_dags/tutorial_taskflow_api_etl_virtualenv.py
[2022-03-17 20:51:57,402] {processor.py:171} INFO - Processing /usr/local/lib/python3.9/site-packages/airflow/example_dags/tutorial_taskflow_api_etl_virtualenv.py took 0.023 seconds
