[2022-03-17 20:46:52,743] {processor.py:163} INFO - Started process (PID=354) to work on /usr/local/lib/python3.9/site-packages/airflow/example_dags/tutorial.py
[2022-03-17 20:46:52,743] {processor.py:642} INFO - Processing file /usr/local/lib/python3.9/site-packages/airflow/example_dags/tutorial.py for tasks to queue
[2022-03-17 20:46:52,744] {logging_mixin.py:109} INFO - [2022-03-17 20:46:52,744] {dagbag.py:500} INFO - Filling up the DagBag from /usr/local/lib/python3.9/site-packages/airflow/example_dags/tutorial.py
[2022-03-17 20:46:52,769] {processor.py:654} INFO - DAG(s) dict_keys(['tutorial']) retrieved from /usr/local/lib/python3.9/site-packages/airflow/example_dags/tutorial.py
[2022-03-17 20:46:52,778] {logging_mixin.py:109} INFO - [2022-03-17 20:46:52,778] {dag.py:2398} INFO - Sync 1 DAGs
[2022-03-17 20:46:52,809] {logging_mixin.py:109} INFO - [2022-03-17 20:46:52,809] {dag.py:2937} INFO - Setting next_dagrun for tutorial to 2022-03-16T20:46:52.808985+00:00
[2022-03-17 20:46:52,838] {processor.py:171} INFO - Processing /usr/local/lib/python3.9/site-packages/airflow/example_dags/tutorial.py took 0.098 seconds
[2022-03-17 20:47:23,227] {processor.py:163} INFO - Started process (PID=386) to work on /usr/local/lib/python3.9/site-packages/airflow/example_dags/tutorial.py
[2022-03-17 20:47:23,228] {processor.py:642} INFO - Processing file /usr/local/lib/python3.9/site-packages/airflow/example_dags/tutorial.py for tasks to queue
[2022-03-17 20:47:23,228] {logging_mixin.py:109} INFO - [2022-03-17 20:47:23,228] {dagbag.py:500} INFO - Filling up the DagBag from /usr/local/lib/python3.9/site-packages/airflow/example_dags/tutorial.py
[2022-03-17 20:47:23,253] {processor.py:654} INFO - DAG(s) dict_keys(['tutorial']) retrieved from /usr/local/lib/python3.9/site-packages/airflow/example_dags/tutorial.py
[2022-03-17 20:47:23,260] {logging_mixin.py:109} INFO - [2022-03-17 20:47:23,259] {dag.py:2398} INFO - Sync 1 DAGs
[2022-03-17 20:47:23,270] {logging_mixin.py:109} INFO - [2022-03-17 20:47:23,270] {dag.py:2937} INFO - Setting next_dagrun for tutorial to 2022-03-16T20:47:23.270097+00:00
[2022-03-17 20:47:23,276] {processor.py:171} INFO - Processing /usr/local/lib/python3.9/site-packages/airflow/example_dags/tutorial.py took 0.051 seconds
[2022-03-17 20:47:53,559] {processor.py:163} INFO - Started process (PID=418) to work on /usr/local/lib/python3.9/site-packages/airflow/example_dags/tutorial.py
[2022-03-17 20:47:53,561] {processor.py:642} INFO - Processing file /usr/local/lib/python3.9/site-packages/airflow/example_dags/tutorial.py for tasks to queue
[2022-03-17 20:47:53,561] {logging_mixin.py:109} INFO - [2022-03-17 20:47:53,561] {dagbag.py:500} INFO - Filling up the DagBag from /usr/local/lib/python3.9/site-packages/airflow/example_dags/tutorial.py
[2022-03-17 20:47:53,588] {processor.py:654} INFO - DAG(s) dict_keys(['tutorial']) retrieved from /usr/local/lib/python3.9/site-packages/airflow/example_dags/tutorial.py
[2022-03-17 20:47:53,595] {logging_mixin.py:109} INFO - [2022-03-17 20:47:53,595] {dag.py:2398} INFO - Sync 1 DAGs
[2022-03-17 20:47:53,606] {logging_mixin.py:109} INFO - [2022-03-17 20:47:53,605] {dag.py:2937} INFO - Setting next_dagrun for tutorial to 2022-03-16T20:47:53.605785+00:00
[2022-03-17 20:47:53,613] {processor.py:171} INFO - Processing /usr/local/lib/python3.9/site-packages/airflow/example_dags/tutorial.py took 0.056 seconds
[2022-03-17 20:48:23,874] {processor.py:163} INFO - Started process (PID=450) to work on /usr/local/lib/python3.9/site-packages/airflow/example_dags/tutorial.py
[2022-03-17 20:48:23,875] {processor.py:642} INFO - Processing file /usr/local/lib/python3.9/site-packages/airflow/example_dags/tutorial.py for tasks to queue
[2022-03-17 20:48:23,876] {logging_mixin.py:109} INFO - [2022-03-17 20:48:23,875] {dagbag.py:500} INFO - Filling up the DagBag from /usr/local/lib/python3.9/site-packages/airflow/example_dags/tutorial.py
[2022-03-17 20:48:23,903] {processor.py:654} INFO - DAG(s) dict_keys(['tutorial']) retrieved from /usr/local/lib/python3.9/site-packages/airflow/example_dags/tutorial.py
[2022-03-17 20:48:23,914] {logging_mixin.py:109} INFO - [2022-03-17 20:48:23,914] {dag.py:2398} INFO - Sync 1 DAGs
[2022-03-17 20:48:23,930] {logging_mixin.py:109} INFO - [2022-03-17 20:48:23,930] {dag.py:2937} INFO - Setting next_dagrun for tutorial to 2022-03-16T20:48:23.929918+00:00
[2022-03-17 20:48:23,940] {processor.py:171} INFO - Processing /usr/local/lib/python3.9/site-packages/airflow/example_dags/tutorial.py took 0.068 seconds
[2022-03-17 20:48:54,323] {processor.py:163} INFO - Started process (PID=482) to work on /usr/local/lib/python3.9/site-packages/airflow/example_dags/tutorial.py
[2022-03-17 20:48:54,324] {processor.py:642} INFO - Processing file /usr/local/lib/python3.9/site-packages/airflow/example_dags/tutorial.py for tasks to queue
[2022-03-17 20:48:54,324] {logging_mixin.py:109} INFO - [2022-03-17 20:48:54,324] {dagbag.py:500} INFO - Filling up the DagBag from /usr/local/lib/python3.9/site-packages/airflow/example_dags/tutorial.py
[2022-03-17 20:48:54,348] {processor.py:654} INFO - DAG(s) dict_keys(['tutorial']) retrieved from /usr/local/lib/python3.9/site-packages/airflow/example_dags/tutorial.py
[2022-03-17 20:48:54,355] {logging_mixin.py:109} INFO - [2022-03-17 20:48:54,355] {dag.py:2398} INFO - Sync 1 DAGs
[2022-03-17 20:48:54,364] {logging_mixin.py:109} INFO - [2022-03-17 20:48:54,364] {dag.py:2937} INFO - Setting next_dagrun for tutorial to 2022-03-16T20:48:54.364380+00:00
[2022-03-17 20:48:54,372] {processor.py:171} INFO - Processing /usr/local/lib/python3.9/site-packages/airflow/example_dags/tutorial.py took 0.051 seconds
[2022-03-17 20:49:24,547] {processor.py:163} INFO - Started process (PID=514) to work on /usr/local/lib/python3.9/site-packages/airflow/example_dags/tutorial.py
[2022-03-17 20:49:24,548] {processor.py:642} INFO - Processing file /usr/local/lib/python3.9/site-packages/airflow/example_dags/tutorial.py for tasks to queue
[2022-03-17 20:49:24,548] {logging_mixin.py:109} INFO - [2022-03-17 20:49:24,548] {dagbag.py:500} INFO - Filling up the DagBag from /usr/local/lib/python3.9/site-packages/airflow/example_dags/tutorial.py
[2022-03-17 20:49:24,572] {processor.py:654} INFO - DAG(s) dict_keys(['tutorial']) retrieved from /usr/local/lib/python3.9/site-packages/airflow/example_dags/tutorial.py
[2022-03-17 20:49:24,578] {logging_mixin.py:109} INFO - [2022-03-17 20:49:24,578] {dag.py:2398} INFO - Sync 1 DAGs
[2022-03-17 20:49:24,588] {logging_mixin.py:109} INFO - [2022-03-17 20:49:24,588] {dag.py:2937} INFO - Setting next_dagrun for tutorial to 2022-03-16T20:49:24.588425+00:00
[2022-03-17 20:49:24,594] {processor.py:171} INFO - Processing /usr/local/lib/python3.9/site-packages/airflow/example_dags/tutorial.py took 0.050 seconds
[2022-03-17 20:49:54,888] {processor.py:163} INFO - Started process (PID=546) to work on /usr/local/lib/python3.9/site-packages/airflow/example_dags/tutorial.py
[2022-03-17 20:49:54,889] {processor.py:642} INFO - Processing file /usr/local/lib/python3.9/site-packages/airflow/example_dags/tutorial.py for tasks to queue
[2022-03-17 20:49:54,890] {logging_mixin.py:109} INFO - [2022-03-17 20:49:54,890] {dagbag.py:500} INFO - Filling up the DagBag from /usr/local/lib/python3.9/site-packages/airflow/example_dags/tutorial.py
[2022-03-17 20:49:54,916] {processor.py:654} INFO - DAG(s) dict_keys(['tutorial']) retrieved from /usr/local/lib/python3.9/site-packages/airflow/example_dags/tutorial.py
[2022-03-17 20:49:54,922] {logging_mixin.py:109} INFO - [2022-03-17 20:49:54,922] {dag.py:2398} INFO - Sync 1 DAGs
[2022-03-17 20:49:54,932] {logging_mixin.py:109} INFO - [2022-03-17 20:49:54,932] {dag.py:2937} INFO - Setting next_dagrun for tutorial to 2022-03-16T20:49:54.932570+00:00
[2022-03-17 20:49:54,939] {processor.py:171} INFO - Processing /usr/local/lib/python3.9/site-packages/airflow/example_dags/tutorial.py took 0.053 seconds
[2022-03-17 20:50:25,278] {processor.py:163} INFO - Started process (PID=578) to work on /usr/local/lib/python3.9/site-packages/airflow/example_dags/tutorial.py
[2022-03-17 20:50:25,279] {processor.py:642} INFO - Processing file /usr/local/lib/python3.9/site-packages/airflow/example_dags/tutorial.py for tasks to queue
[2022-03-17 20:50:25,279] {logging_mixin.py:109} INFO - [2022-03-17 20:50:25,279] {dagbag.py:500} INFO - Filling up the DagBag from /usr/local/lib/python3.9/site-packages/airflow/example_dags/tutorial.py
[2022-03-17 20:50:25,305] {processor.py:654} INFO - DAG(s) dict_keys(['tutorial']) retrieved from /usr/local/lib/python3.9/site-packages/airflow/example_dags/tutorial.py
[2022-03-17 20:50:25,312] {logging_mixin.py:109} INFO - [2022-03-17 20:50:25,312] {dag.py:2398} INFO - Sync 1 DAGs
[2022-03-17 20:50:25,324] {logging_mixin.py:109} INFO - [2022-03-17 20:50:25,324] {dag.py:2937} INFO - Setting next_dagrun for tutorial to 2022-03-16T20:50:25.323894+00:00
[2022-03-17 20:50:25,333] {processor.py:171} INFO - Processing /usr/local/lib/python3.9/site-packages/airflow/example_dags/tutorial.py took 0.058 seconds
[2022-03-17 20:50:55,671] {processor.py:163} INFO - Started process (PID=610) to work on /usr/local/lib/python3.9/site-packages/airflow/example_dags/tutorial.py
[2022-03-17 20:50:55,672] {processor.py:642} INFO - Processing file /usr/local/lib/python3.9/site-packages/airflow/example_dags/tutorial.py for tasks to queue
[2022-03-17 20:50:55,672] {logging_mixin.py:109} INFO - [2022-03-17 20:50:55,672] {dagbag.py:500} INFO - Filling up the DagBag from /usr/local/lib/python3.9/site-packages/airflow/example_dags/tutorial.py
[2022-03-17 20:50:55,696] {processor.py:654} INFO - DAG(s) dict_keys(['tutorial']) retrieved from /usr/local/lib/python3.9/site-packages/airflow/example_dags/tutorial.py
[2022-03-17 20:50:55,703] {logging_mixin.py:109} INFO - [2022-03-17 20:50:55,703] {dag.py:2398} INFO - Sync 1 DAGs
[2022-03-17 20:50:55,714] {logging_mixin.py:109} INFO - [2022-03-17 20:50:55,714] {dag.py:2937} INFO - Setting next_dagrun for tutorial to 2022-03-16T20:50:55.713929+00:00
[2022-03-17 20:50:55,721] {processor.py:171} INFO - Processing /usr/local/lib/python3.9/site-packages/airflow/example_dags/tutorial.py took 0.052 seconds
[2022-03-17 20:51:25,972] {processor.py:163} INFO - Started process (PID=642) to work on /usr/local/lib/python3.9/site-packages/airflow/example_dags/tutorial.py
[2022-03-17 20:51:25,972] {processor.py:642} INFO - Processing file /usr/local/lib/python3.9/site-packages/airflow/example_dags/tutorial.py for tasks to queue
[2022-03-17 20:51:25,972] {logging_mixin.py:109} INFO - [2022-03-17 20:51:25,972] {dagbag.py:500} INFO - Filling up the DagBag from /usr/local/lib/python3.9/site-packages/airflow/example_dags/tutorial.py
[2022-03-17 20:51:25,995] {processor.py:654} INFO - DAG(s) dict_keys(['tutorial']) retrieved from /usr/local/lib/python3.9/site-packages/airflow/example_dags/tutorial.py
[2022-03-17 20:51:26,002] {logging_mixin.py:109} INFO - [2022-03-17 20:51:26,002] {dag.py:2398} INFO - Sync 1 DAGs
[2022-03-17 20:51:26,012] {logging_mixin.py:109} INFO - [2022-03-17 20:51:26,012] {dag.py:2937} INFO - Setting next_dagrun for tutorial to 2022-03-16T20:51:26.012058+00:00
[2022-03-17 20:51:26,018] {processor.py:171} INFO - Processing /usr/local/lib/python3.9/site-packages/airflow/example_dags/tutorial.py took 0.049 seconds
[2022-03-17 20:51:56,198] {processor.py:163} INFO - Started process (PID=674) to work on /usr/local/lib/python3.9/site-packages/airflow/example_dags/tutorial.py
[2022-03-17 20:51:56,200] {processor.py:642} INFO - Processing file /usr/local/lib/python3.9/site-packages/airflow/example_dags/tutorial.py for tasks to queue
[2022-03-17 20:51:56,200] {logging_mixin.py:109} INFO - [2022-03-17 20:51:56,200] {dagbag.py:500} INFO - Filling up the DagBag from /usr/local/lib/python3.9/site-packages/airflow/example_dags/tutorial.py
[2022-03-17 20:51:56,227] {processor.py:654} INFO - DAG(s) dict_keys(['tutorial']) retrieved from /usr/local/lib/python3.9/site-packages/airflow/example_dags/tutorial.py
[2022-03-17 20:51:56,233] {logging_mixin.py:109} INFO - [2022-03-17 20:51:56,233] {dag.py:2398} INFO - Sync 1 DAGs
[2022-03-17 20:51:56,244] {logging_mixin.py:109} INFO - [2022-03-17 20:51:56,244] {dag.py:2937} INFO - Setting next_dagrun for tutorial to 2022-03-16T20:51:56.244579+00:00
[2022-03-17 20:51:56,251] {processor.py:171} INFO - Processing /usr/local/lib/python3.9/site-packages/airflow/example_dags/tutorial.py took 0.056 seconds
