[2022-03-24 15:46:04,611] {taskinstance.py:1037} INFO - Dependencies all met for <TaskInstance: dbt_dag.model.iowa.general_vendor_facts manual__2022-03-24T15:40:32.745573+00:00 [queued]>
[2022-03-24 15:46:04,619] {taskinstance.py:1037} INFO - Dependencies all met for <TaskInstance: dbt_dag.model.iowa.general_vendor_facts manual__2022-03-24T15:40:32.745573+00:00 [queued]>
[2022-03-24 15:46:04,620] {taskinstance.py:1243} INFO - 
--------------------------------------------------------------------------------
[2022-03-24 15:46:04,620] {taskinstance.py:1244} INFO - Starting attempt 1 of 1
[2022-03-24 15:46:04,620] {taskinstance.py:1245} INFO - 
--------------------------------------------------------------------------------
[2022-03-24 15:46:04,630] {taskinstance.py:1264} INFO - Executing <Task(BashOperator): model.iowa.general_vendor_facts> on 2022-03-24 15:40:32.745573+00:00
[2022-03-24 15:46:04,632] {standard_task_runner.py:52} INFO - Started process 944 to run task
[2022-03-24 15:46:04,636] {standard_task_runner.py:76} INFO - Running: ['airflow', 'tasks', 'run', 'dbt_dag', 'model.iowa.general_vendor_facts', 'manual__2022-03-24T15:40:32.745573+00:00', '--job-id', '194', '--raw', '--subdir', 'DAGS_FOLDER/transform_dags.py', '--cfg-path', '/tmp/tmpxnjp2kqi', '--error-file', '/tmp/tmpiw1iy7ni']
[2022-03-24 15:46:04,637] {standard_task_runner.py:77} INFO - Job 194: Subtask model.iowa.general_vendor_facts
[2022-03-24 15:46:04,700] {logging_mixin.py:109} INFO - Running <TaskInstance: dbt_dag.model.iowa.general_vendor_facts manual__2022-03-24T15:40:32.745573+00:00 [running]> on host a91ac75a8f43
[2022-03-24 15:46:04,759] {taskinstance.py:1429} INFO - Exporting the following env vars:
AIRFLOW_CTX_DAG_OWNER=airflow
AIRFLOW_CTX_DAG_ID=dbt_dag
AIRFLOW_CTX_TASK_ID=model.iowa.general_vendor_facts
AIRFLOW_CTX_EXECUTION_DATE=2022-03-24T15:40:32.745573+00:00
AIRFLOW_CTX_DAG_RUN_ID=manual__2022-03-24T15:40:32.745573+00:00
[2022-03-24 15:46:04,760] {subprocess.py:62} INFO - Tmp dir root location: 
 /tmp
[2022-03-24 15:46:04,760] {subprocess.py:74} INFO - Running command: ['bash', '-c', '\n            cd /opt/iowa/dbt/iowa &&\n            dbt --no-write-json run --target dev --models general_vendor_facts\n            ']
[2022-03-24 15:46:04,765] {subprocess.py:85} INFO - Output:
[2022-03-24 15:46:08,524] {subprocess.py:89} INFO - 15:46:08  Running with dbt=1.0.4
[2022-03-24 15:46:08,597] {subprocess.py:89} INFO - 15:46:08  Found 8 models, 2 tests, 0 snapshots, 0 analyses, 188 macros, 0 operations, 0 seed files, 1 source, 0 exposures, 0 metrics
[2022-03-24 15:46:08,599] {subprocess.py:89} INFO - 15:46:08
[2022-03-24 15:46:15,868] {subprocess.py:89} INFO - 15:46:15  Concurrency: 4 threads (target='dev')
[2022-03-24 15:46:15,869] {subprocess.py:89} INFO - 15:46:15
[2022-03-24 15:46:15,875] {subprocess.py:89} INFO - 15:46:15  1 of 1 START incremental model iowa_staging.general_vendor_facts................ [RUN]
[2022-03-24 15:46:25,492] {subprocess.py:89} INFO - 15:46:25  1 of 1 OK created incremental model iowa_staging.general_vendor_facts........... [MERGE (3.0k rows, 1.5 MB processed) in 9.62s]
[2022-03-24 15:46:25,494] {subprocess.py:89} INFO - 15:46:25
[2022-03-24 15:46:25,494] {subprocess.py:89} INFO - 15:46:25  Finished running 1 incremental model in 16.89s.
[2022-03-24 15:46:25,495] {subprocess.py:89} INFO - 15:46:25
[2022-03-24 15:46:25,496] {subprocess.py:89} INFO - 15:46:25  Completed successfully
[2022-03-24 15:46:25,496] {subprocess.py:89} INFO - 15:46:25
[2022-03-24 15:46:25,496] {subprocess.py:89} INFO - 15:46:25  Done. PASS=1 WARN=0 ERROR=0 SKIP=0 TOTAL=1
[2022-03-24 15:46:28,450] {subprocess.py:93} INFO - Command exited with return code 0
[2022-03-24 15:46:28,474] {taskinstance.py:1272} INFO - Marking task as SUCCESS. dag_id=dbt_dag, task_id=model.iowa.general_vendor_facts, execution_date=20220324T154032, start_date=20220324T154604, end_date=20220324T154628
[2022-03-24 15:46:28,518] {local_task_job.py:154} INFO - Task exited with return code 0
[2022-03-24 15:46:28,553] {local_task_job.py:264} INFO - 1 downstream tasks scheduled from follow-on schedule check
