[2022-03-24 15:46:27,996] {taskinstance.py:1037} INFO - Dependencies all met for <TaskInstance: dbt_dag.model.iowa.monthly_store_revenue manual__2022-03-24T15:40:32.745573+00:00 [queued]>
[2022-03-24 15:46:28,005] {taskinstance.py:1037} INFO - Dependencies all met for <TaskInstance: dbt_dag.model.iowa.monthly_store_revenue manual__2022-03-24T15:40:32.745573+00:00 [queued]>
[2022-03-24 15:46:28,005] {taskinstance.py:1243} INFO - 
--------------------------------------------------------------------------------
[2022-03-24 15:46:28,005] {taskinstance.py:1244} INFO - Starting attempt 1 of 1
[2022-03-24 15:46:28,005] {taskinstance.py:1245} INFO - 
--------------------------------------------------------------------------------
[2022-03-24 15:46:28,013] {taskinstance.py:1264} INFO - Executing <Task(BashOperator): model.iowa.monthly_store_revenue> on 2022-03-24 15:40:32.745573+00:00
[2022-03-24 15:46:28,015] {standard_task_runner.py:52} INFO - Started process 1081 to run task
[2022-03-24 15:46:28,018] {standard_task_runner.py:76} INFO - Running: ['airflow', 'tasks', 'run', 'dbt_dag', 'model.iowa.monthly_store_revenue', 'manual__2022-03-24T15:40:32.745573+00:00', '--job-id', '197', '--raw', '--subdir', 'DAGS_FOLDER/transform_dags.py', '--cfg-path', '/tmp/tmphqt3ywj3', '--error-file', '/tmp/tmpsdx6i0y_']
[2022-03-24 15:46:28,020] {standard_task_runner.py:77} INFO - Job 197: Subtask model.iowa.monthly_store_revenue
[2022-03-24 15:46:28,141] {logging_mixin.py:109} INFO - Running <TaskInstance: dbt_dag.model.iowa.monthly_store_revenue manual__2022-03-24T15:40:32.745573+00:00 [running]> on host a91ac75a8f43
[2022-03-24 15:46:28,191] {taskinstance.py:1429} INFO - Exporting the following env vars:
AIRFLOW_CTX_DAG_OWNER=airflow
AIRFLOW_CTX_DAG_ID=dbt_dag
AIRFLOW_CTX_TASK_ID=model.iowa.monthly_store_revenue
AIRFLOW_CTX_EXECUTION_DATE=2022-03-24T15:40:32.745573+00:00
AIRFLOW_CTX_DAG_RUN_ID=manual__2022-03-24T15:40:32.745573+00:00
[2022-03-24 15:46:28,191] {subprocess.py:62} INFO - Tmp dir root location: 
 /tmp
[2022-03-24 15:46:28,192] {subprocess.py:74} INFO - Running command: ['bash', '-c', '\n            cd /opt/iowa/dbt/iowa &&\n            dbt --no-write-json run --target dev --models monthly_store_revenue\n            ']
[2022-03-24 15:46:28,201] {subprocess.py:85} INFO - Output:
[2022-03-24 15:46:31,202] {subprocess.py:89} INFO - 15:46:31  Running with dbt=1.0.4
[2022-03-24 15:46:31,249] {subprocess.py:89} INFO - 15:46:31  Found 8 models, 2 tests, 0 snapshots, 0 analyses, 188 macros, 0 operations, 0 seed files, 1 source, 0 exposures, 0 metrics
[2022-03-24 15:46:31,250] {subprocess.py:89} INFO - 15:46:31
[2022-03-24 15:47:30,886] {subprocess.py:89} INFO - 15:47:30  Concurrency: 4 threads (target='dev')
[2022-03-24 15:47:30,887] {subprocess.py:89} INFO - 15:47:30
[2022-03-24 15:47:30,892] {subprocess.py:89} INFO - 15:47:30  1 of 1 START incremental model iowa_staging.monthly_store_revenue............... [RUN]
[2022-03-24 15:47:39,331] {subprocess.py:89} INFO - 15:47:39  1 of 1 OK created incremental model iowa_staging.monthly_store_revenue.......... [MERGE (1.4k rows, 402.7 KB processed) in 8.44s]
[2022-03-24 15:47:39,333] {subprocess.py:89} INFO - 15:47:39
[2022-03-24 15:47:39,333] {subprocess.py:89} INFO - 15:47:39  Finished running 1 incremental model in 68.08s.
[2022-03-24 15:47:39,334] {subprocess.py:89} INFO - 15:47:39
[2022-03-24 15:47:39,335] {subprocess.py:89} INFO - 15:47:39  Completed successfully
[2022-03-24 15:47:39,335] {subprocess.py:89} INFO - 15:47:39
[2022-03-24 15:47:39,335] {subprocess.py:89} INFO - 15:47:39  Done. PASS=1 WARN=0 ERROR=0 SKIP=0 TOTAL=1
[2022-03-24 15:47:42,871] {subprocess.py:93} INFO - Command exited with return code 0
[2022-03-24 15:47:42,895] {taskinstance.py:1272} INFO - Marking task as SUCCESS. dag_id=dbt_dag, task_id=model.iowa.monthly_store_revenue, execution_date=20220324T154032, start_date=20220324T154627, end_date=20220324T154742
[2022-03-24 15:47:42,909] {local_task_job.py:154} INFO - Task exited with return code 0
[2022-03-24 15:47:42,936] {local_task_job.py:264} INFO - 1 downstream tasks scheduled from follow-on schedule check
