[2022-03-24 15:44:29,609] {taskinstance.py:1037} INFO - Dependencies all met for <TaskInstance: dbt_dag.model.iowa.monthly_vendor_revenue manual__2022-03-23T19:14:12.667416+00:00 [queued]>
[2022-03-24 15:44:29,622] {taskinstance.py:1037} INFO - Dependencies all met for <TaskInstance: dbt_dag.model.iowa.monthly_vendor_revenue manual__2022-03-23T19:14:12.667416+00:00 [queued]>
[2022-03-24 15:44:29,623] {taskinstance.py:1243} INFO - 
--------------------------------------------------------------------------------
[2022-03-24 15:44:29,623] {taskinstance.py:1244} INFO - Starting attempt 2 of 2
[2022-03-24 15:44:29,623] {taskinstance.py:1245} INFO - 
--------------------------------------------------------------------------------
[2022-03-24 15:44:29,642] {taskinstance.py:1264} INFO - Executing <Task(BashOperator): model.iowa.monthly_vendor_revenue> on 2022-03-23 19:14:12.667416+00:00
[2022-03-24 15:44:29,646] {standard_task_runner.py:52} INFO - Started process 740 to run task
[2022-03-24 15:44:29,649] {standard_task_runner.py:76} INFO - Running: ['airflow', 'tasks', 'run', 'dbt_dag', 'model.iowa.monthly_vendor_revenue', 'manual__2022-03-23T19:14:12.667416+00:00', '--job-id', '187', '--raw', '--subdir', 'DAGS_FOLDER/transform_dags.py', '--cfg-path', '/tmp/tmpv1zlg1ji', '--error-file', '/tmp/tmpdeymhph4']
[2022-03-24 15:44:29,650] {standard_task_runner.py:77} INFO - Job 187: Subtask model.iowa.monthly_vendor_revenue
[2022-03-24 15:44:29,712] {logging_mixin.py:109} INFO - Running <TaskInstance: dbt_dag.model.iowa.monthly_vendor_revenue manual__2022-03-23T19:14:12.667416+00:00 [running]> on host a91ac75a8f43
[2022-03-24 15:44:29,780] {taskinstance.py:1429} INFO - Exporting the following env vars:
AIRFLOW_CTX_DAG_OWNER=airflow
AIRFLOW_CTX_DAG_ID=dbt_dag
AIRFLOW_CTX_TASK_ID=model.iowa.monthly_vendor_revenue
AIRFLOW_CTX_EXECUTION_DATE=2022-03-23T19:14:12.667416+00:00
AIRFLOW_CTX_DAG_RUN_ID=manual__2022-03-23T19:14:12.667416+00:00
[2022-03-24 15:44:29,781] {subprocess.py:62} INFO - Tmp dir root location: 
 /tmp
[2022-03-24 15:44:29,782] {subprocess.py:74} INFO - Running command: ['bash', '-c', '\n            cd /opt/iowa/dbt/iowa &&\n            dbt --no-write-json run --target dev --models monthly_vendor_revenue\n            ']
[2022-03-24 15:44:29,788] {subprocess.py:85} INFO - Output:
[2022-03-24 15:44:32,547] {subprocess.py:89} INFO - 15:44:32  Running with dbt=1.0.4
[2022-03-24 15:44:32,638] {subprocess.py:89} INFO - 15:44:32  Found 8 models, 2 tests, 0 snapshots, 0 analyses, 188 macros, 0 operations, 0 seed files, 1 source, 0 exposures, 0 metrics
[2022-03-24 15:44:32,639] {subprocess.py:89} INFO - 15:44:32
[2022-03-24 15:44:39,141] {subprocess.py:89} INFO - 15:44:39  Concurrency: 4 threads (target='dev')
[2022-03-24 15:44:39,141] {subprocess.py:89} INFO - 15:44:39
[2022-03-24 15:44:39,146] {subprocess.py:89} INFO - 15:44:39  1 of 1 START incremental model iowa_staging.monthly_vendor_revenue.............. [RUN]
[2022-03-24 15:44:46,941] {subprocess.py:89} INFO - 15:44:46  1 of 1 OK created incremental model iowa_staging.monthly_vendor_revenue......... [CREATE TABLE (110.0 rows, 402.7 KB processed) in 7.79s]
[2022-03-24 15:44:46,943] {subprocess.py:89} INFO - 15:44:46
[2022-03-24 15:44:46,944] {subprocess.py:89} INFO - 15:44:46  Finished running 1 incremental model in 14.30s.
[2022-03-24 15:44:46,945] {subprocess.py:89} INFO - 15:44:46
[2022-03-24 15:44:46,945] {subprocess.py:89} INFO - 15:44:46  Completed successfully
[2022-03-24 15:44:46,946] {subprocess.py:89} INFO - 15:44:46
[2022-03-24 15:44:46,946] {subprocess.py:89} INFO - 15:44:46  Done. PASS=1 WARN=0 ERROR=0 SKIP=0 TOTAL=1
[2022-03-24 15:44:50,053] {subprocess.py:93} INFO - Command exited with return code 0
[2022-03-24 15:44:50,076] {taskinstance.py:1272} INFO - Marking task as SUCCESS. dag_id=dbt_dag, task_id=model.iowa.monthly_vendor_revenue, execution_date=20220323T191412, start_date=20220324T154429, end_date=20220324T154450
[2022-03-24 15:44:50,123] {local_task_job.py:154} INFO - Task exited with return code 0
[2022-03-24 15:44:50,150] {local_task_job.py:264} INFO - 1 downstream tasks scheduled from follow-on schedule check
