[2022-03-21 23:13:55,802] {taskinstance.py:1037} INFO - Dependencies all met for <TaskInstance: EL_dag.extract_task scheduled__2012-02-02T01:00:00+00:00 [queued]>
[2022-03-21 23:13:55,812] {taskinstance.py:1037} INFO - Dependencies all met for <TaskInstance: EL_dag.extract_task scheduled__2012-02-02T01:00:00+00:00 [queued]>
[2022-03-21 23:13:55,812] {taskinstance.py:1243} INFO - 
--------------------------------------------------------------------------------
[2022-03-21 23:13:55,813] {taskinstance.py:1244} INFO - Starting attempt 7 of 8
[2022-03-21 23:13:55,813] {taskinstance.py:1245} INFO - 
--------------------------------------------------------------------------------
[2022-03-21 23:13:55,820] {taskinstance.py:1264} INFO - Executing <Task(PythonOperator): extract_task> on 2012-02-02 01:00:00+00:00
[2022-03-21 23:13:55,824] {standard_task_runner.py:52} INFO - Started process 490 to run task
[2022-03-21 23:13:55,828] {standard_task_runner.py:76} INFO - Running: ['airflow', 'tasks', 'run', 'EL_dag', 'extract_task', 'scheduled__2012-02-02T01:00:00+00:00', '--job-id', '80', '--raw', '--subdir', 'DAGS_FOLDER/extract_load_dags.py', '--cfg-path', '/tmp/tmp6gp4r161', '--error-file', '/tmp/tmpp7j4qy_g']
[2022-03-21 23:13:55,829] {standard_task_runner.py:77} INFO - Job 80: Subtask extract_task
[2022-03-21 23:13:57,682] {logging_mixin.py:109} INFO - Running <TaskInstance: EL_dag.extract_task scheduled__2012-02-02T01:00:00+00:00 [running]> on host 7fae4c5ec6da
[2022-03-21 23:14:28,311] {logging_mixin.py:109} WARNING - /usr/local/lib/python3.9/site-packages/airflow/utils/context.py:156 AirflowContextDeprecationWarning: Accessing 'execution_date' from the template is deprecated and will be removed in a future version. Please use 'data_interval_start' or 'logical_date' instead.
[2022-03-21 23:14:28,353] {taskinstance.py:1429} INFO - Exporting the following env vars:
AIRFLOW_CTX_DAG_OWNER=airflow
AIRFLOW_CTX_DAG_ID=EL_dag
AIRFLOW_CTX_TASK_ID=extract_task
AIRFLOW_CTX_EXECUTION_DATE=2012-02-02T01:00:00+00:00
AIRFLOW_CTX_DAG_RUN_ID=scheduled__2012-02-02T01:00:00+00:00
[2022-03-21 23:14:28,354] {logging_mixin.py:109} INFO - 02 2012
[2022-03-21 23:14:31,883] {logging_mixin.py:109} INFO - the response is  200
[2022-03-21 23:14:31,883] {logging_mixin.py:109} INFO - here.........
[2022-03-21 23:14:31,917] {logging_mixin.py:109} INFO -   invoice_line_no                     date  ... sale_liters sale_gallons
0    S04124000003  2012-02-16T00:00:00.000  ...       10.50         2.77
1    S04279000054  2012-02-27T00:00:00.000  ...        2.25         0.59
2    S04205700007  2012-02-22T00:00:00.000  ...        9.00         2.38
3    S04155000153  2012-02-20T00:00:00.000  ...        3.50         0.92
4    S04042400079  2012-02-13T00:00:00.000  ...        1.50         0.40

[5 rows x 24 columns]
[2022-03-21 23:14:31,934] {logging_mixin.py:109} INFO - Data saved..........
[2022-03-21 23:14:31,934] {python.py:175} INFO - Done. Returned value was: None
[2022-03-21 23:14:31,954] {taskinstance.py:1272} INFO - Marking task as SUCCESS. dag_id=EL_dag, task_id=extract_task, execution_date=20120202T010000, start_date=20220321T231355, end_date=20220321T231431
[2022-03-21 23:14:31,995] {local_task_job.py:154} INFO - Task exited with return code 0
[2022-03-21 23:14:32,093] {local_task_job.py:264} INFO - 1 downstream tasks scheduled from follow-on schedule check
