[2022-03-21 10:56:02,772] {taskinstance.py:1037} INFO - Dependencies all met for <TaskInstance: EL_dag.bigquery_external_dataset_task scheduled__2012-01-02T01:00:00+00:00 [queued]>
[2022-03-21 10:56:02,778] {taskinstance.py:1037} INFO - Dependencies all met for <TaskInstance: EL_dag.bigquery_external_dataset_task scheduled__2012-01-02T01:00:00+00:00 [queued]>
[2022-03-21 10:56:02,779] {taskinstance.py:1243} INFO - 
--------------------------------------------------------------------------------
[2022-03-21 10:56:02,779] {taskinstance.py:1244} INFO - Starting attempt 2 of 3
[2022-03-21 10:56:02,779] {taskinstance.py:1245} INFO - 
--------------------------------------------------------------------------------
[2022-03-21 10:56:02,785] {taskinstance.py:1264} INFO - Executing <Task(BigQueryCreateExternalTableOperator): bigquery_external_dataset_task> on 2012-01-02 01:00:00+00:00
[2022-03-21 10:56:02,789] {standard_task_runner.py:52} INFO - Started process 513 to run task
[2022-03-21 10:56:02,793] {standard_task_runner.py:76} INFO - Running: ['airflow', 'tasks', 'run', 'EL_dag', 'bigquery_external_dataset_task', 'scheduled__2012-01-02T01:00:00+00:00', '--job-id', '10', '--raw', '--subdir', 'DAGS_FOLDER/extract_load_dags.py', '--cfg-path', '/tmp/tmpdavc605q', '--error-file', '/tmp/tmpk9tk49xm']
[2022-03-21 10:56:02,794] {standard_task_runner.py:77} INFO - Job 10: Subtask bigquery_external_dataset_task
[2022-03-21 10:56:02,840] {logging_mixin.py:109} INFO - Running <TaskInstance: EL_dag.bigquery_external_dataset_task scheduled__2012-01-02T01:00:00+00:00 [running]> on host 5908b9c456cd
[2022-03-21 10:56:02,951] {taskinstance.py:1429} INFO - Exporting the following env vars:
AIRFLOW_CTX_DAG_OWNER=airflow
AIRFLOW_CTX_DAG_ID=EL_dag
AIRFLOW_CTX_TASK_ID=bigquery_external_dataset_task
AIRFLOW_CTX_EXECUTION_DATE=2012-01-02T01:00:00+00:00
AIRFLOW_CTX_DAG_RUN_ID=scheduled__2012-01-02T01:00:00+00:00
[2022-03-21 10:56:02,952] {crypto.py:82} WARNING - empty cryptography key - values will not be stored encrypted.
[2022-03-21 10:56:06,607] {taskinstance.py:1272} INFO - Marking task as SUCCESS. dag_id=EL_dag, task_id=bigquery_external_dataset_task, execution_date=20120102T010000, start_date=20220321T105602, end_date=20220321T105606
[2022-03-21 10:56:06,663] {local_task_job.py:154} INFO - Task exited with return code 0
[2022-03-21 10:56:06,704] {local_task_job.py:264} INFO - 0 downstream tasks scheduled from follow-on schedule check
