[2022-03-21 21:32:44,859] {taskinstance.py:1037} INFO - Dependencies all met for <TaskInstance: EL_dag.extract_task scheduled__2012-01-02T01:00:00+00:00 [queued]>
[2022-03-21 21:32:44,864] {taskinstance.py:1037} INFO - Dependencies all met for <TaskInstance: EL_dag.extract_task scheduled__2012-01-02T01:00:00+00:00 [queued]>
[2022-03-21 21:32:44,865] {taskinstance.py:1243} INFO - 
--------------------------------------------------------------------------------
[2022-03-21 21:32:44,865] {taskinstance.py:1244} INFO - Starting attempt 5 of 6
[2022-03-21 21:32:44,865] {taskinstance.py:1245} INFO - 
--------------------------------------------------------------------------------
[2022-03-21 21:32:44,873] {taskinstance.py:1264} INFO - Executing <Task(PythonOperator): extract_task> on 2012-01-02 01:00:00+00:00
[2022-03-21 21:32:44,876] {standard_task_runner.py:52} INFO - Started process 1981 to run task
[2022-03-21 21:32:44,879] {standard_task_runner.py:76} INFO - Running: ['airflow', 'tasks', 'run', 'EL_dag', 'extract_task', 'scheduled__2012-01-02T01:00:00+00:00', '--job-id', '29', '--raw', '--subdir', 'DAGS_FOLDER/extract_load_dags.py', '--cfg-path', '/tmp/tmp7gu5usdt', '--error-file', '/tmp/tmp32grlsjx']
[2022-03-21 21:32:44,879] {standard_task_runner.py:77} INFO - Job 29: Subtask extract_task
[2022-03-21 21:32:44,989] {logging_mixin.py:109} INFO - Running <TaskInstance: EL_dag.extract_task scheduled__2012-01-02T01:00:00+00:00 [running]> on host 7fae4c5ec6da
[2022-03-21 21:32:45,015] {logging_mixin.py:109} WARNING - /usr/local/lib/python3.9/site-packages/airflow/utils/context.py:156 AirflowContextDeprecationWarning: Accessing 'execution_date' from the template is deprecated and will be removed in a future version. Please use 'data_interval_start' or 'logical_date' instead.
[2022-03-21 21:32:45,034] {taskinstance.py:1429} INFO - Exporting the following env vars:
AIRFLOW_CTX_DAG_OWNER=airflow
AIRFLOW_CTX_DAG_ID=EL_dag
AIRFLOW_CTX_TASK_ID=extract_task
AIRFLOW_CTX_EXECUTION_DATE=2012-01-02T01:00:00+00:00
AIRFLOW_CTX_DAG_RUN_ID=scheduled__2012-01-02T01:00:00+00:00
[2022-03-21 21:32:45,035] {logging_mixin.py:109} INFO - 01 2012
[2022-03-21 21:32:48,898] {logging_mixin.py:109} INFO - the response is  200
[2022-03-21 21:32:48,898] {logging_mixin.py:109} INFO - here.........
[2022-03-21 21:32:48,932] {logging_mixin.py:109} INFO -   invoice_line_no                     date  ... sale_liters sale_gallons
0    S03422100053  2012-01-04T00:00:00.000  ...        1.50         0.40
1    S03577800003  2012-01-17T00:00:00.000  ...       10.50         2.77
2    S03688200007  2012-01-23T00:00:00.000  ...       10.50         2.77
3    S03510600071  2012-01-10T00:00:00.000  ...       18.00         4.76
4    S03665300112  2012-01-19T00:00:00.000  ...       12.00         3.17

[5 rows x 24 columns]
[2022-03-21 21:32:48,949] {logging_mixin.py:109} INFO - Data saved..........
[2022-03-21 21:32:48,949] {python.py:175} INFO - Done. Returned value was: None
[2022-03-21 21:32:48,960] {taskinstance.py:1272} INFO - Marking task as SUCCESS. dag_id=EL_dag, task_id=extract_task, execution_date=20120102T010000, start_date=20220321T213244, end_date=20220321T213248
[2022-03-21 21:32:48,990] {local_task_job.py:154} INFO - Task exited with return code 0
[2022-03-21 21:32:49,072] {local_task_job.py:264} INFO - 1 downstream tasks scheduled from follow-on schedule check
