[2022-03-21 22:03:10,619] {taskinstance.py:1037} INFO - Dependencies all met for <TaskInstance: EL_dag.extract_task scheduled__2012-01-02T01:00:00+00:00 [queued]>
[2022-03-21 22:03:10,625] {taskinstance.py:1037} INFO - Dependencies all met for <TaskInstance: EL_dag.extract_task scheduled__2012-01-02T01:00:00+00:00 [queued]>
[2022-03-21 22:03:10,626] {taskinstance.py:1243} INFO - 
--------------------------------------------------------------------------------
[2022-03-21 22:03:10,626] {taskinstance.py:1244} INFO - Starting attempt 6 of 7
[2022-03-21 22:03:10,626] {taskinstance.py:1245} INFO - 
--------------------------------------------------------------------------------
[2022-03-21 22:03:10,634] {taskinstance.py:1264} INFO - Executing <Task(PythonOperator): extract_task> on 2012-01-02 01:00:00+00:00
[2022-03-21 22:03:10,637] {standard_task_runner.py:52} INFO - Started process 3640 to run task
[2022-03-21 22:03:10,640] {standard_task_runner.py:76} INFO - Running: ['airflow', 'tasks', 'run', 'EL_dag', 'extract_task', 'scheduled__2012-01-02T01:00:00+00:00', '--job-id', '47', '--raw', '--subdir', 'DAGS_FOLDER/extract_load_dags.py', '--cfg-path', '/tmp/tmpweyft495', '--error-file', '/tmp/tmpm9dn487l']
[2022-03-21 22:03:10,640] {standard_task_runner.py:77} INFO - Job 47: Subtask extract_task
[2022-03-21 22:03:10,756] {logging_mixin.py:109} INFO - Running <TaskInstance: EL_dag.extract_task scheduled__2012-01-02T01:00:00+00:00 [running]> on host 7fae4c5ec6da
[2022-03-21 22:03:10,782] {logging_mixin.py:109} WARNING - /usr/local/lib/python3.9/site-packages/airflow/utils/context.py:156 AirflowContextDeprecationWarning: Accessing 'execution_date' from the template is deprecated and will be removed in a future version. Please use 'data_interval_start' or 'logical_date' instead.
[2022-03-21 22:03:10,802] {taskinstance.py:1429} INFO - Exporting the following env vars:
AIRFLOW_CTX_DAG_OWNER=airflow
AIRFLOW_CTX_DAG_ID=EL_dag
AIRFLOW_CTX_TASK_ID=extract_task
AIRFLOW_CTX_EXECUTION_DATE=2012-01-02T01:00:00+00:00
AIRFLOW_CTX_DAG_RUN_ID=scheduled__2012-01-02T01:00:00+00:00
[2022-03-21 22:03:10,802] {logging_mixin.py:109} INFO - 01 2012
[2022-03-21 22:03:14,976] {logging_mixin.py:109} INFO - the response is  200
[2022-03-21 22:03:14,976] {logging_mixin.py:109} INFO - here.........
[2022-03-21 22:03:15,011] {logging_mixin.py:109} INFO -   invoice_line_no                     date  ... sale_liters sale_gallons
0    S03581400001  2012-01-16T00:00:00.000  ...       12.00         3.17
1    S03844600010  2012-01-31T00:00:00.000  ...       21.00         5.55
2    S03500200066  2012-01-10T00:00:00.000  ...       12.00         3.17
3    S03630600013  2012-01-18T00:00:00.000  ...        9.00         2.38
4    S03480700001  2012-01-09T00:00:00.000  ...        9.00         2.38

[5 rows x 24 columns]
[2022-03-21 22:03:15,029] {logging_mixin.py:109} INFO - Data saved..........
[2022-03-21 22:03:15,030] {python.py:175} INFO - Done. Returned value was: None
[2022-03-21 22:03:15,041] {taskinstance.py:1272} INFO - Marking task as SUCCESS. dag_id=EL_dag, task_id=extract_task, execution_date=20120102T010000, start_date=20220321T220310, end_date=20220321T220315
[2022-03-21 22:03:15,074] {local_task_job.py:154} INFO - Task exited with return code 0
[2022-03-21 22:03:15,163] {local_task_job.py:264} INFO - 1 downstream tasks scheduled from follow-on schedule check
