[2022-03-21 23:13:51,201] {taskinstance.py:1037} INFO - Dependencies all met for <TaskInstance: EL_dag.extract_task scheduled__2012-01-02T01:00:00+00:00 [queued]>
[2022-03-21 23:13:51,211] {taskinstance.py:1037} INFO - Dependencies all met for <TaskInstance: EL_dag.extract_task scheduled__2012-01-02T01:00:00+00:00 [queued]>
[2022-03-21 23:13:51,211] {taskinstance.py:1243} INFO - 
--------------------------------------------------------------------------------
[2022-03-21 23:13:51,211] {taskinstance.py:1244} INFO - Starting attempt 7 of 8
[2022-03-21 23:13:51,211] {taskinstance.py:1245} INFO - 
--------------------------------------------------------------------------------
[2022-03-21 23:13:51,220] {taskinstance.py:1264} INFO - Executing <Task(PythonOperator): extract_task> on 2012-01-02 01:00:00+00:00
[2022-03-21 23:13:51,224] {standard_task_runner.py:52} INFO - Started process 462 to run task
[2022-03-21 23:13:51,227] {standard_task_runner.py:76} INFO - Running: ['airflow', 'tasks', 'run', 'EL_dag', 'extract_task', 'scheduled__2012-01-02T01:00:00+00:00', '--job-id', '79', '--raw', '--subdir', 'DAGS_FOLDER/extract_load_dags.py', '--cfg-path', '/tmp/tmphhsjhas2', '--error-file', '/tmp/tmpojzhbazk']
[2022-03-21 23:13:51,228] {standard_task_runner.py:77} INFO - Job 79: Subtask extract_task
[2022-03-21 23:13:51,284] {logging_mixin.py:109} INFO - Running <TaskInstance: EL_dag.extract_task scheduled__2012-01-02T01:00:00+00:00 [running]> on host 7fae4c5ec6da
[2022-03-21 23:13:51,385] {logging_mixin.py:109} WARNING - /usr/local/lib/python3.9/site-packages/airflow/utils/context.py:156 AirflowContextDeprecationWarning: Accessing 'execution_date' from the template is deprecated and will be removed in a future version. Please use 'data_interval_start' or 'logical_date' instead.
[2022-03-21 23:13:51,404] {taskinstance.py:1429} INFO - Exporting the following env vars:
AIRFLOW_CTX_DAG_OWNER=airflow
AIRFLOW_CTX_DAG_ID=EL_dag
AIRFLOW_CTX_TASK_ID=extract_task
AIRFLOW_CTX_EXECUTION_DATE=2012-01-02T01:00:00+00:00
AIRFLOW_CTX_DAG_RUN_ID=scheduled__2012-01-02T01:00:00+00:00
[2022-03-21 23:13:51,405] {logging_mixin.py:109} INFO - 01 2012
[2022-03-21 23:13:54,182] {logging_mixin.py:109} INFO - the response is  200
[2022-03-21 23:13:54,182] {logging_mixin.py:109} INFO - here.........
[2022-03-21 23:13:54,218] {logging_mixin.py:109} INFO -   invoice_line_no                     date  ... sale_liters sale_gallons
0    S03461400004  2012-01-09T00:00:00.000  ...        9.00         2.38
1    S03845500013  2012-01-31T00:00:00.000  ...       10.50         2.77
2    S03637900015  2012-01-18T00:00:00.000  ...        4.00         1.06
3    S03645600036  2012-01-18T00:00:00.000  ...        4.00         1.06
4    S03580800009  2012-01-16T00:00:00.000  ...        9.00         2.38

[5 rows x 24 columns]
[2022-03-21 23:13:54,246] {logging_mixin.py:109} INFO - Data saved..........
[2022-03-21 23:13:54,246] {python.py:175} INFO - Done. Returned value was: None
[2022-03-21 23:13:54,258] {taskinstance.py:1272} INFO - Marking task as SUCCESS. dag_id=EL_dag, task_id=extract_task, execution_date=20120102T010000, start_date=20220321T231351, end_date=20220321T231354
[2022-03-21 23:13:54,293] {local_task_job.py:154} INFO - Task exited with return code 0
[2022-03-21 23:13:54,331] {local_task_job.py:264} INFO - 1 downstream tasks scheduled from follow-on schedule check
