[2022-03-24 15:46:24,755] {taskinstance.py:1037} INFO - Dependencies all met for <TaskInstance: dbt_dag.model.iowa.monthly_revenue manual__2022-03-24T15:40:32.745573+00:00 [queued]>
[2022-03-24 15:46:24,761] {taskinstance.py:1037} INFO - Dependencies all met for <TaskInstance: dbt_dag.model.iowa.monthly_revenue manual__2022-03-24T15:40:32.745573+00:00 [queued]>
[2022-03-24 15:46:24,761] {taskinstance.py:1243} INFO - 
--------------------------------------------------------------------------------
[2022-03-24 15:46:24,762] {taskinstance.py:1244} INFO - Starting attempt 1 of 1
[2022-03-24 15:46:24,762] {taskinstance.py:1245} INFO - 
--------------------------------------------------------------------------------
[2022-03-24 15:46:24,769] {taskinstance.py:1264} INFO - Executing <Task(BashOperator): model.iowa.monthly_revenue> on 2022-03-24 15:40:32.745573+00:00
[2022-03-24 15:46:24,771] {standard_task_runner.py:52} INFO - Started process 1065 to run task
[2022-03-24 15:46:24,787] {standard_task_runner.py:76} INFO - Running: ['airflow', 'tasks', 'run', 'dbt_dag', 'model.iowa.monthly_revenue', 'manual__2022-03-24T15:40:32.745573+00:00', '--job-id', '196', '--raw', '--subdir', 'DAGS_FOLDER/transform_dags.py', '--cfg-path', '/tmp/tmpeytfawai', '--error-file', '/tmp/tmpgnqroa5o']
[2022-03-24 15:46:24,789] {standard_task_runner.py:77} INFO - Job 196: Subtask model.iowa.monthly_revenue
[2022-03-24 15:46:24,922] {logging_mixin.py:109} INFO - Running <TaskInstance: dbt_dag.model.iowa.monthly_revenue manual__2022-03-24T15:40:32.745573+00:00 [running]> on host a91ac75a8f43
[2022-03-24 15:46:24,977] {taskinstance.py:1429} INFO - Exporting the following env vars:
AIRFLOW_CTX_DAG_OWNER=airflow
AIRFLOW_CTX_DAG_ID=dbt_dag
AIRFLOW_CTX_TASK_ID=model.iowa.monthly_revenue
AIRFLOW_CTX_EXECUTION_DATE=2022-03-24T15:40:32.745573+00:00
AIRFLOW_CTX_DAG_RUN_ID=manual__2022-03-24T15:40:32.745573+00:00
[2022-03-24 15:46:24,977] {subprocess.py:62} INFO - Tmp dir root location: 
 /tmp
[2022-03-24 15:46:24,978] {subprocess.py:74} INFO - Running command: ['bash', '-c', '\n            cd /opt/iowa/dbt/iowa &&\n            dbt --no-write-json run --target dev --models monthly_revenue\n            ']
[2022-03-24 15:46:24,982] {subprocess.py:85} INFO - Output:
[2022-03-24 15:46:28,097] {subprocess.py:89} INFO - 15:46:28  Running with dbt=1.0.4
[2022-03-24 15:46:28,146] {subprocess.py:89} INFO - 15:46:28  Found 8 models, 2 tests, 0 snapshots, 0 analyses, 188 macros, 0 operations, 0 seed files, 1 source, 0 exposures, 0 metrics
[2022-03-24 15:46:28,148] {subprocess.py:89} INFO - 15:46:28
[2022-03-24 15:47:25,527] {subprocess.py:89} INFO - 15:47:25  Concurrency: 4 threads (target='dev')
[2022-03-24 15:47:25,527] {subprocess.py:89} INFO - 15:47:25
[2022-03-24 15:47:25,532] {subprocess.py:89} INFO - 15:47:25  1 of 1 START incremental model iowa_staging.monthly_revenue..................... [RUN]
[2022-03-24 15:47:36,903] {subprocess.py:89} INFO - 15:47:36  1 of 1 OK created incremental model iowa_staging.monthly_revenue................ [MERGE (3.0 rows, 402.7 KB processed) in 11.37s]
[2022-03-24 15:47:36,906] {subprocess.py:89} INFO - 15:47:36
[2022-03-24 15:47:36,906] {subprocess.py:89} INFO - 15:47:36  Finished running 1 incremental model in 68.76s.
[2022-03-24 15:47:36,907] {subprocess.py:89} INFO - 15:47:36
[2022-03-24 15:47:36,907] {subprocess.py:89} INFO - 15:47:36  Completed successfully
[2022-03-24 15:47:36,908] {subprocess.py:89} INFO - 15:47:36
[2022-03-24 15:47:36,908] {subprocess.py:89} INFO - 15:47:36  Done. PASS=1 WARN=0 ERROR=0 SKIP=0 TOTAL=1
[2022-03-24 15:47:42,876] {subprocess.py:93} INFO - Command exited with return code 0
[2022-03-24 15:47:42,905] {taskinstance.py:1272} INFO - Marking task as SUCCESS. dag_id=dbt_dag, task_id=model.iowa.monthly_revenue, execution_date=20220324T154032, start_date=20220324T154624, end_date=20220324T154742
[2022-03-24 15:47:42,916] {local_task_job.py:154} INFO - Task exited with return code 0
[2022-03-24 15:47:42,944] {local_task_job.py:264} INFO - 1 downstream tasks scheduled from follow-on schedule check
