[2022-03-24 15:41:44,902] {taskinstance.py:1037} INFO - Dependencies all met for <TaskInstance: dbt_dag.model.iowa.general_vendor_facts manual__2022-03-23T19:14:12.667416+00:00 [queued]>
[2022-03-24 15:41:44,911] {taskinstance.py:1037} INFO - Dependencies all met for <TaskInstance: dbt_dag.model.iowa.general_vendor_facts manual__2022-03-23T19:14:12.667416+00:00 [queued]>
[2022-03-24 15:41:44,911] {taskinstance.py:1243} INFO - 
--------------------------------------------------------------------------------
[2022-03-24 15:41:44,911] {taskinstance.py:1244} INFO - Starting attempt 1 of 1
[2022-03-24 15:41:44,911] {taskinstance.py:1245} INFO - 
--------------------------------------------------------------------------------
[2022-03-24 15:41:44,920] {taskinstance.py:1264} INFO - Executing <Task(BashOperator): model.iowa.general_vendor_facts> on 2022-03-23 19:14:12.667416+00:00
[2022-03-24 15:41:44,922] {standard_task_runner.py:52} INFO - Started process 328 to run task
[2022-03-24 15:41:44,925] {standard_task_runner.py:76} INFO - Running: ['airflow', 'tasks', 'run', 'dbt_dag', 'model.iowa.general_vendor_facts', 'manual__2022-03-23T19:14:12.667416+00:00', '--job-id', '174', '--raw', '--subdir', 'DAGS_FOLDER/transform_dags.py', '--cfg-path', '/tmp/tmpgt_pe2qw', '--error-file', '/tmp/tmp280r0sfk']
[2022-03-24 15:41:44,926] {standard_task_runner.py:77} INFO - Job 174: Subtask model.iowa.general_vendor_facts
[2022-03-24 15:41:44,977] {logging_mixin.py:109} INFO - Running <TaskInstance: dbt_dag.model.iowa.general_vendor_facts manual__2022-03-23T19:14:12.667416+00:00 [running]> on host a91ac75a8f43
[2022-03-24 15:41:45,022] {taskinstance.py:1429} INFO - Exporting the following env vars:
AIRFLOW_CTX_DAG_OWNER=airflow
AIRFLOW_CTX_DAG_ID=dbt_dag
AIRFLOW_CTX_TASK_ID=model.iowa.general_vendor_facts
AIRFLOW_CTX_EXECUTION_DATE=2022-03-23T19:14:12.667416+00:00
AIRFLOW_CTX_DAG_RUN_ID=manual__2022-03-23T19:14:12.667416+00:00
[2022-03-24 15:41:45,023] {subprocess.py:62} INFO - Tmp dir root location: 
 /tmp
[2022-03-24 15:41:45,024] {subprocess.py:74} INFO - Running command: ['bash', '-c', '\n            cd /opt/iowa/dbt/iowa &&\n            dbt --no-write-json run --target dev --models general_vendor_facts\n            ']
[2022-03-24 15:41:45,028] {subprocess.py:85} INFO - Output:
[2022-03-24 15:41:49,048] {subprocess.py:89} INFO - 15:41:49  Running with dbt=1.0.4
[2022-03-24 15:41:49,099] {subprocess.py:89} INFO - 15:41:49  Found 8 models, 2 tests, 0 snapshots, 0 analyses, 188 macros, 0 operations, 0 seed files, 1 source, 0 exposures, 0 metrics
[2022-03-24 15:41:49,100] {subprocess.py:89} INFO - 15:41:49
[2022-03-24 15:42:14,177] {subprocess.py:89} INFO - 15:42:14  Concurrency: 4 threads (target='dev')
[2022-03-24 15:42:14,177] {subprocess.py:89} INFO - 15:42:14
[2022-03-24 15:42:14,181] {subprocess.py:89} INFO - 15:42:14  1 of 1 START incremental model iowa_staging.general_vendor_facts................ [RUN]
[2022-03-24 15:42:22,077] {subprocess.py:89} INFO - 15:42:22  1 of 1 OK created incremental model iowa_staging.general_vendor_facts........... [CREATE TABLE (3.0k rows, 711.1 KB processed) in 7.89s]
[2022-03-24 15:42:22,080] {subprocess.py:89} INFO - 15:42:22
[2022-03-24 15:42:22,080] {subprocess.py:89} INFO - 15:42:22  Finished running 1 incremental model in 32.98s.
[2022-03-24 15:42:22,081] {subprocess.py:89} INFO - 15:42:22
[2022-03-24 15:42:22,081] {subprocess.py:89} INFO - 15:42:22  Completed successfully
[2022-03-24 15:42:22,082] {subprocess.py:89} INFO - 15:42:22
[2022-03-24 15:42:22,082] {subprocess.py:89} INFO - 15:42:22  Done. PASS=1 WARN=0 ERROR=0 SKIP=0 TOTAL=1
[2022-03-24 15:42:24,406] {subprocess.py:93} INFO - Command exited with return code 0
[2022-03-24 15:42:24,430] {taskinstance.py:1272} INFO - Marking task as SUCCESS. dag_id=dbt_dag, task_id=model.iowa.general_vendor_facts, execution_date=20220323T191412, start_date=20220324T154144, end_date=20220324T154224
[2022-03-24 15:42:24,470] {local_task_job.py:154} INFO - Task exited with return code 0
[2022-03-24 15:42:24,502] {local_task_job.py:264} INFO - 1 downstream tasks scheduled from follow-on schedule check
