[2022-03-24 15:44:37,456] {taskinstance.py:1037} INFO - Dependencies all met for <TaskInstance: dbt_dag.model.iowa.monthly_store_revenue manual__2022-03-23T19:14:12.667416+00:00 [queued]>
[2022-03-24 15:44:37,467] {taskinstance.py:1037} INFO - Dependencies all met for <TaskInstance: dbt_dag.model.iowa.monthly_store_revenue manual__2022-03-23T19:14:12.667416+00:00 [queued]>
[2022-03-24 15:44:37,468] {taskinstance.py:1243} INFO - 
--------------------------------------------------------------------------------
[2022-03-24 15:44:37,468] {taskinstance.py:1244} INFO - Starting attempt 2 of 2
[2022-03-24 15:44:37,468] {taskinstance.py:1245} INFO - 
--------------------------------------------------------------------------------
[2022-03-24 15:44:37,483] {taskinstance.py:1264} INFO - Executing <Task(BashOperator): model.iowa.monthly_store_revenue> on 2022-03-23 19:14:12.667416+00:00
[2022-03-24 15:44:37,486] {standard_task_runner.py:52} INFO - Started process 777 to run task
[2022-03-24 15:44:37,489] {standard_task_runner.py:76} INFO - Running: ['airflow', 'tasks', 'run', 'dbt_dag', 'model.iowa.monthly_store_revenue', 'manual__2022-03-23T19:14:12.667416+00:00', '--job-id', '188', '--raw', '--subdir', 'DAGS_FOLDER/transform_dags.py', '--cfg-path', '/tmp/tmp4kofd06x', '--error-file', '/tmp/tmp2br5an58']
[2022-03-24 15:44:37,490] {standard_task_runner.py:77} INFO - Job 188: Subtask model.iowa.monthly_store_revenue
[2022-03-24 15:44:37,541] {logging_mixin.py:109} INFO - Running <TaskInstance: dbt_dag.model.iowa.monthly_store_revenue manual__2022-03-23T19:14:12.667416+00:00 [running]> on host a91ac75a8f43
[2022-03-24 15:44:37,602] {taskinstance.py:1429} INFO - Exporting the following env vars:
AIRFLOW_CTX_DAG_OWNER=airflow
AIRFLOW_CTX_DAG_ID=dbt_dag
AIRFLOW_CTX_TASK_ID=model.iowa.monthly_store_revenue
AIRFLOW_CTX_EXECUTION_DATE=2022-03-23T19:14:12.667416+00:00
AIRFLOW_CTX_DAG_RUN_ID=manual__2022-03-23T19:14:12.667416+00:00
[2022-03-24 15:44:37,602] {subprocess.py:62} INFO - Tmp dir root location: 
 /tmp
[2022-03-24 15:44:37,603] {subprocess.py:74} INFO - Running command: ['bash', '-c', '\n            cd /opt/iowa/dbt/iowa &&\n            dbt --no-write-json run --target dev --models monthly_store_revenue\n            ']
[2022-03-24 15:44:37,608] {subprocess.py:85} INFO - Output:
[2022-03-24 15:44:40,404] {subprocess.py:89} INFO - 15:44:40  Running with dbt=1.0.4
[2022-03-24 15:44:40,444] {subprocess.py:89} INFO - 15:44:40  Found 8 models, 2 tests, 0 snapshots, 0 analyses, 188 macros, 0 operations, 0 seed files, 1 source, 0 exposures, 0 metrics
[2022-03-24 15:44:40,446] {subprocess.py:89} INFO - 15:44:40
[2022-03-24 15:44:49,089] {subprocess.py:89} INFO - 15:44:49  Concurrency: 4 threads (target='dev')
[2022-03-24 15:44:49,090] {subprocess.py:89} INFO - 15:44:49
[2022-03-24 15:44:49,095] {subprocess.py:89} INFO - 15:44:49  1 of 1 START incremental model iowa_staging.monthly_store_revenue............... [RUN]
[2022-03-24 15:44:54,320] {subprocess.py:89} INFO - 15:44:54  1 of 1 OK created incremental model iowa_staging.monthly_store_revenue.......... [CREATE TABLE (1.4k rows, 402.7 KB processed) in 5.22s]
[2022-03-24 15:44:54,322] {subprocess.py:89} INFO - 15:44:54
[2022-03-24 15:44:54,323] {subprocess.py:89} INFO - 15:44:54  Finished running 1 incremental model in 13.88s.
[2022-03-24 15:44:54,323] {subprocess.py:89} INFO - 15:44:54
[2022-03-24 15:44:54,324] {subprocess.py:89} INFO - 15:44:54  Completed successfully
[2022-03-24 15:44:54,324] {subprocess.py:89} INFO - 15:44:54
[2022-03-24 15:44:54,325] {subprocess.py:89} INFO - 15:44:54  Done. PASS=1 WARN=0 ERROR=0 SKIP=0 TOTAL=1
[2022-03-24 15:44:57,104] {subprocess.py:93} INFO - Command exited with return code 0
[2022-03-24 15:44:57,128] {taskinstance.py:1272} INFO - Marking task as SUCCESS. dag_id=dbt_dag, task_id=model.iowa.monthly_store_revenue, execution_date=20220323T191412, start_date=20220324T154437, end_date=20220324T154457
[2022-03-24 15:44:57,157] {local_task_job.py:154} INFO - Task exited with return code 0
[2022-03-24 15:44:57,184] {local_task_job.py:264} INFO - 1 downstream tasks scheduled from follow-on schedule check
