[2022-03-21 21:44:11,360] {taskinstance.py:1037} INFO - Dependencies all met for <TaskInstance: BQ_dag.external_task_sensor scheduled__2012-03-01T00:00:00+00:00 [queued]>
[2022-03-21 21:44:11,369] {taskinstance.py:1037} INFO - Dependencies all met for <TaskInstance: BQ_dag.external_task_sensor scheduled__2012-03-01T00:00:00+00:00 [queued]>
[2022-03-21 21:44:11,369] {taskinstance.py:1243} INFO - 
--------------------------------------------------------------------------------
[2022-03-21 21:44:11,369] {taskinstance.py:1244} INFO - Starting attempt 1 of 3
[2022-03-21 21:44:11,369] {taskinstance.py:1245} INFO - 
--------------------------------------------------------------------------------
[2022-03-21 21:44:11,378] {taskinstance.py:1264} INFO - Executing <Task(ExternalTaskSensor): external_task_sensor> on 2012-03-01 00:00:00+00:00
[2022-03-21 21:44:11,381] {standard_task_runner.py:52} INFO - Started process 2691 to run task
[2022-03-21 21:44:11,384] {standard_task_runner.py:76} INFO - Running: ['airflow', 'tasks', 'run', 'BQ_dag', 'external_task_sensor', 'scheduled__2012-03-01T00:00:00+00:00', '--job-id', '41', '--raw', '--subdir', 'DAGS_FOLDER/extract_load_dags.py', '--cfg-path', '/tmp/tmpf6n788__', '--error-file', '/tmp/tmp6c0j9twm']
[2022-03-21 21:44:11,385] {standard_task_runner.py:77} INFO - Job 41: Subtask external_task_sensor
[2022-03-21 21:44:11,510] {logging_mixin.py:109} INFO - Running <TaskInstance: BQ_dag.external_task_sensor scheduled__2012-03-01T00:00:00+00:00 [running]> on host 7fae4c5ec6da
[2022-03-21 21:44:11,555] {taskinstance.py:1429} INFO - Exporting the following env vars:
AIRFLOW_CTX_DAG_OWNER=airflow
AIRFLOW_CTX_DAG_ID=BQ_dag
AIRFLOW_CTX_TASK_ID=external_task_sensor
AIRFLOW_CTX_EXECUTION_DATE=2012-03-01T00:00:00+00:00
AIRFLOW_CTX_DAG_RUN_ID=scheduled__2012-03-01T00:00:00+00:00
[2022-03-21 21:44:11,556] {external_task.py:169} INFO - Poking for tasks None in dag EL_dag on 2012-03-01T00:00:00+00:00 ... 
[2022-03-21 21:45:11,624] {external_task.py:169} INFO - Poking for tasks None in dag EL_dag on 2012-03-01T00:00:00+00:00 ... 
[2022-03-21 21:46:11,693] {external_task.py:169} INFO - Poking for tasks None in dag EL_dag on 2012-03-01T00:00:00+00:00 ... 
[2022-03-21 21:47:11,762] {external_task.py:169} INFO - Poking for tasks None in dag EL_dag on 2012-03-01T00:00:00+00:00 ... 
[2022-03-21 21:47:11,770] {taskinstance.py:1718} ERROR - Task failed with exception
Traceback (most recent call last):
  File "/usr/local/lib/python3.9/site-packages/airflow/models/taskinstance.py", line 1334, in _run_raw_task
    self._execute_task_with_callbacks(context)
  File "/usr/local/lib/python3.9/site-packages/airflow/models/taskinstance.py", line 1460, in _execute_task_with_callbacks
    result = self._execute_task(context, self.task)
  File "/usr/local/lib/python3.9/site-packages/airflow/models/taskinstance.py", line 1516, in _execute_task
    result = execute_callable(context=context)
  File "/usr/local/lib/python3.9/site-packages/airflow/sensors/base.py", line 242, in execute
    raise AirflowSensorTimeout(f"Snap. Time is OUT. DAG id: {log_dag_id}")
airflow.exceptions.AirflowSensorTimeout: Snap. Time is OUT. DAG id: BQ_dag
[2022-03-21 21:47:11,782] {taskinstance.py:1272} INFO - Immediate failure requested. Marking task as FAILED. dag_id=BQ_dag, task_id=external_task_sensor, execution_date=20120301T000000, start_date=20220321T214411, end_date=20220321T214711
[2022-03-21 21:47:11,790] {standard_task_runner.py:89} ERROR - Failed to execute job 41 for task external_task_sensor
Traceback (most recent call last):
  File "/usr/local/lib/python3.9/site-packages/airflow/task/task_runner/standard_task_runner.py", line 85, in _start_by_fork
    args.func(args, dag=self.dag)
  File "/usr/local/lib/python3.9/site-packages/airflow/cli/cli_parser.py", line 48, in command
    return func(*args, **kwargs)
  File "/usr/local/lib/python3.9/site-packages/airflow/utils/cli.py", line 92, in wrapper
    return f(*args, **kwargs)
  File "/usr/local/lib/python3.9/site-packages/airflow/cli/commands/task_command.py", line 298, in task_run
    _run_task_by_selected_method(args, dag, ti)
  File "/usr/local/lib/python3.9/site-packages/airflow/cli/commands/task_command.py", line 107, in _run_task_by_selected_method
    _run_raw_task(args, ti)
  File "/usr/local/lib/python3.9/site-packages/airflow/cli/commands/task_command.py", line 180, in _run_raw_task
    ti._run_raw_task(
  File "/usr/local/lib/python3.9/site-packages/airflow/utils/session.py", line 70, in wrapper
    return func(*args, session=session, **kwargs)
  File "/usr/local/lib/python3.9/site-packages/airflow/models/taskinstance.py", line 1334, in _run_raw_task
    self._execute_task_with_callbacks(context)
  File "/usr/local/lib/python3.9/site-packages/airflow/models/taskinstance.py", line 1460, in _execute_task_with_callbacks
    result = self._execute_task(context, self.task)
  File "/usr/local/lib/python3.9/site-packages/airflow/models/taskinstance.py", line 1516, in _execute_task
    result = execute_callable(context=context)
  File "/usr/local/lib/python3.9/site-packages/airflow/sensors/base.py", line 242, in execute
    raise AirflowSensorTimeout(f"Snap. Time is OUT. DAG id: {log_dag_id}")
airflow.exceptions.AirflowSensorTimeout: Snap. Time is OUT. DAG id: BQ_dag
[2022-03-21 21:47:11,833] {local_task_job.py:154} INFO - Task exited with return code 1
[2022-03-21 21:47:11,876] {local_task_job.py:264} INFO - 0 downstream tasks scheduled from follow-on schedule check
