[2022-03-21 21:48:06,631] {taskinstance.py:1037} INFO - Dependencies all met for <TaskInstance: BQ_dag.external_task_sensor scheduled__2012-03-01T00:00:00+00:00 [queued]>
[2022-03-21 21:48:06,638] {taskinstance.py:1037} INFO - Dependencies all met for <TaskInstance: BQ_dag.external_task_sensor scheduled__2012-03-01T00:00:00+00:00 [queued]>
[2022-03-21 21:48:06,639] {taskinstance.py:1243} INFO - 
--------------------------------------------------------------------------------
[2022-03-21 21:48:06,639] {taskinstance.py:1244} INFO - Starting attempt 2 of 4
[2022-03-21 21:48:06,639] {taskinstance.py:1245} INFO - 
--------------------------------------------------------------------------------
[2022-03-21 21:48:06,646] {taskinstance.py:1264} INFO - Executing <Task(ExternalTaskSensor): external_task_sensor> on 2012-03-01 00:00:00+00:00
[2022-03-21 21:48:06,650] {standard_task_runner.py:52} INFO - Started process 2898 to run task
[2022-03-21 21:48:06,652] {standard_task_runner.py:76} INFO - Running: ['airflow', 'tasks', 'run', 'BQ_dag', 'external_task_sensor', 'scheduled__2012-03-01T00:00:00+00:00', '--job-id', '42', '--raw', '--subdir', 'DAGS_FOLDER/extract_load_dags.py', '--cfg-path', '/tmp/tmpsjt03e8d', '--error-file', '/tmp/tmp9avtx994']
[2022-03-21 21:48:06,653] {standard_task_runner.py:77} INFO - Job 42: Subtask external_task_sensor
[2022-03-21 21:48:06,765] {logging_mixin.py:109} INFO - Running <TaskInstance: BQ_dag.external_task_sensor scheduled__2012-03-01T00:00:00+00:00 [running]> on host 7fae4c5ec6da
[2022-03-21 21:48:06,808] {taskinstance.py:1429} INFO - Exporting the following env vars:
AIRFLOW_CTX_DAG_OWNER=airflow
AIRFLOW_CTX_DAG_ID=BQ_dag
AIRFLOW_CTX_TASK_ID=external_task_sensor
AIRFLOW_CTX_EXECUTION_DATE=2012-03-01T00:00:00+00:00
AIRFLOW_CTX_DAG_RUN_ID=scheduled__2012-03-01T00:00:00+00:00
[2022-03-21 21:48:06,809] {external_task.py:169} INFO - Poking for tasks ['remove_dataset_task'] in dag EL_dag on 2012-03-01T00:00:00+00:00 ... 
[2022-03-21 21:48:37,011] {local_task_job.py:211} WARNING - State of this instance has been externally set to failed. Terminating instance.
[2022-03-21 21:48:37,012] {process_utils.py:120} INFO - Sending Signals.SIGTERM to group 2898. PIDs of all processes in the group: [2898]
[2022-03-21 21:48:37,012] {process_utils.py:75} INFO - Sending the signal Signals.SIGTERM to group 2898
[2022-03-21 21:48:37,012] {taskinstance.py:1413} ERROR - Received SIGTERM. Terminating subprocesses.
[2022-03-21 21:48:37,039] {process_utils.py:70} INFO - Process psutil.Process(pid=2898, status='terminated', exitcode=0, started='21:48:05') (2898) terminated with exit code 0
