[2022-03-21 23:14:36,124] {taskinstance.py:1037} INFO - Dependencies all met for <TaskInstance: EL_dag.remove_dataset_task scheduled__2012-02-02T01:00:00+00:00 [queued]>
[2022-03-21 23:14:36,135] {taskinstance.py:1037} INFO - Dependencies all met for <TaskInstance: EL_dag.remove_dataset_task scheduled__2012-02-02T01:00:00+00:00 [queued]>
[2022-03-21 23:14:36,135] {taskinstance.py:1243} INFO - 
--------------------------------------------------------------------------------
[2022-03-21 23:14:36,135] {taskinstance.py:1244} INFO - Starting attempt 3 of 4
[2022-03-21 23:14:36,135] {taskinstance.py:1245} INFO - 
--------------------------------------------------------------------------------
[2022-03-21 23:14:36,142] {taskinstance.py:1264} INFO - Executing <Task(BashOperator): remove_dataset_task> on 2012-02-02 01:00:00+00:00
[2022-03-21 23:14:36,146] {standard_task_runner.py:52} INFO - Started process 568 to run task
[2022-03-21 23:14:36,148] {standard_task_runner.py:76} INFO - Running: ['airflow', 'tasks', 'run', 'EL_dag', 'remove_dataset_task', 'scheduled__2012-02-02T01:00:00+00:00', '--job-id', '85', '--raw', '--subdir', 'DAGS_FOLDER/extract_load_dags.py', '--cfg-path', '/tmp/tmpdzmvjnz0', '--error-file', '/tmp/tmpx71l_94a']
[2022-03-21 23:14:36,149] {standard_task_runner.py:77} INFO - Job 85: Subtask remove_dataset_task
[2022-03-21 23:14:36,272] {logging_mixin.py:109} INFO - Running <TaskInstance: EL_dag.remove_dataset_task scheduled__2012-02-02T01:00:00+00:00 [running]> on host 7fae4c5ec6da
[2022-03-21 23:14:36,301] {logging_mixin.py:109} WARNING - /usr/local/lib/python3.9/site-packages/airflow/utils/context.py:156 AirflowContextDeprecationWarning: Accessing 'execution_date' from the template is deprecated and will be removed in a future version. Please use 'data_interval_start' or 'logical_date' instead.
[2022-03-21 23:14:36,321] {taskinstance.py:1429} INFO - Exporting the following env vars:
AIRFLOW_CTX_DAG_OWNER=airflow
AIRFLOW_CTX_DAG_ID=EL_dag
AIRFLOW_CTX_TASK_ID=remove_dataset_task
AIRFLOW_CTX_EXECUTION_DATE=2012-02-02T01:00:00+00:00
AIRFLOW_CTX_DAG_RUN_ID=scheduled__2012-02-02T01:00:00+00:00
[2022-03-21 23:14:36,321] {subprocess.py:62} INFO - Tmp dir root location: 
 /tmp
[2022-03-21 23:14:36,322] {subprocess.py:74} INFO - Running command: ['bash', '-c', 'rm /opt/iowa/data/data_2012-02.parquet ']
[2022-03-21 23:14:36,328] {subprocess.py:85} INFO - Output:
[2022-03-21 23:14:36,330] {subprocess.py:93} INFO - Command exited with return code 0
[2022-03-21 23:14:36,353] {taskinstance.py:1272} INFO - Marking task as SUCCESS. dag_id=EL_dag, task_id=remove_dataset_task, execution_date=20120202T010000, start_date=20220321T231436, end_date=20220321T231436
[2022-03-21 23:14:36,401] {local_task_job.py:154} INFO - Task exited with return code 0
[2022-03-21 23:14:36,428] {local_task_job.py:264} INFO - 0 downstream tasks scheduled from follow-on schedule check
