[2022-03-18 20:17:20,443] {taskinstance.py:1037} INFO - Dependencies all met for <TaskInstance: EL_dag.extract_task manual__2022-03-18T20:17:18.625503+00:00 [queued]>
[2022-03-18 20:17:20,450] {taskinstance.py:1037} INFO - Dependencies all met for <TaskInstance: EL_dag.extract_task manual__2022-03-18T20:17:18.625503+00:00 [queued]>
[2022-03-18 20:17:20,450] {taskinstance.py:1243} INFO - 
--------------------------------------------------------------------------------
[2022-03-18 20:17:20,450] {taskinstance.py:1244} INFO - Starting attempt 1 of 2
[2022-03-18 20:17:20,450] {taskinstance.py:1245} INFO - 
--------------------------------------------------------------------------------
[2022-03-18 20:17:20,458] {taskinstance.py:1264} INFO - Executing <Task(PythonOperator): extract_task> on 2022-03-18 20:17:18.625503+00:00
[2022-03-18 20:17:20,464] {standard_task_runner.py:52} INFO - Started process 171 to run task
[2022-03-18 20:17:20,476] {standard_task_runner.py:76} INFO - Running: ['airflow', 'tasks', 'run', 'EL_dag', 'extract_task', 'manual__2022-03-18T20:17:18.625503+00:00', '--job-id', '3', '--raw', '--subdir', 'DAGS_FOLDER/extract_load_dags.py', '--cfg-path', '/tmp/tmpp6b5rdmo', '--error-file', '/tmp/tmpvv0bllbq']
[2022-03-18 20:17:20,481] {standard_task_runner.py:77} INFO - Job 3: Subtask extract_task
[2022-03-18 20:17:20,767] {logging_mixin.py:109} INFO - Running <TaskInstance: EL_dag.extract_task manual__2022-03-18T20:17:18.625503+00:00 [running]> on host f6d3a5984fe0
[2022-03-18 20:17:20,849] {logging_mixin.py:109} WARNING - /usr/local/lib/python3.9/site-packages/airflow/utils/context.py:156 AirflowContextDeprecationWarning: Accessing 'execution_date' from the template is deprecated and will be removed in a future version. Please use 'data_interval_start' or 'logical_date' instead.
[2022-03-18 20:17:20,876] {taskinstance.py:1429} INFO - Exporting the following env vars:
AIRFLOW_CTX_DAG_OWNER=airflow
AIRFLOW_CTX_DAG_ID=EL_dag
AIRFLOW_CTX_TASK_ID=extract_task
AIRFLOW_CTX_EXECUTION_DATE=2022-03-18T20:17:18.625503+00:00
AIRFLOW_CTX_DAG_RUN_ID=manual__2022-03-18T20:17:18.625503+00:00
[2022-03-18 20:17:20,877] {logging_mixin.py:109} INFO - date................. https://data.iowa.gov/resource/m3tr-qhgy.json?$where=date ='2022-03'
[2022-03-18 20:17:22,278] {logging_mixin.py:109} INFO - the response is  200
[2022-03-18 20:17:22,278] {logging_mixin.py:109} INFO - here.........
[2022-03-18 20:17:22,279] {logging_mixin.py:109} INFO - []
[2022-03-18 20:17:22,279] {python.py:175} INFO - Done. Returned value was: None
[2022-03-18 20:17:22,324] {taskinstance.py:1272} INFO - Marking task as SUCCESS. dag_id=EL_dag, task_id=extract_task, execution_date=20220318T201718, start_date=20220318T201720, end_date=20220318T201722
[2022-03-18 20:17:22,367] {local_task_job.py:154} INFO - Task exited with return code 0
[2022-03-18 20:17:22,395] {local_task_job.py:264} INFO - 0 downstream tasks scheduled from follow-on schedule check
