[2022-03-21 23:05:06,358] {taskinstance.py:1037} INFO - Dependencies all met for <TaskInstance: BQ_dag.trigger_dependent_dag scheduled__2012-01-01T00:00:00+00:00 [queued]>
[2022-03-21 23:05:06,365] {taskinstance.py:1037} INFO - Dependencies all met for <TaskInstance: BQ_dag.trigger_dependent_dag scheduled__2012-01-01T00:00:00+00:00 [queued]>
[2022-03-21 23:05:06,365] {taskinstance.py:1243} INFO - 
--------------------------------------------------------------------------------
[2022-03-21 23:05:06,365] {taskinstance.py:1244} INFO - Starting attempt 2 of 3
[2022-03-21 23:05:06,365] {taskinstance.py:1245} INFO - 
--------------------------------------------------------------------------------
[2022-03-21 23:05:06,372] {taskinstance.py:1264} INFO - Executing <Task(TriggerDagRunOperator): trigger_dependent_dag> on 2012-01-01 00:00:00+00:00
[2022-03-21 23:05:06,375] {standard_task_runner.py:52} INFO - Started process 2021 to run task
[2022-03-21 23:05:06,378] {standard_task_runner.py:76} INFO - Running: ['airflow', 'tasks', 'run', 'BQ_dag', 'trigger_dependent_dag', 'scheduled__2012-01-01T00:00:00+00:00', '--job-id', '72', '--raw', '--subdir', 'DAGS_FOLDER/extract_load_dags.py', '--cfg-path', '/tmp/tmpgq8kelz7', '--error-file', '/tmp/tmp_vc4v5lw']
[2022-03-21 23:05:06,378] {standard_task_runner.py:77} INFO - Job 72: Subtask trigger_dependent_dag
[2022-03-21 23:05:06,423] {logging_mixin.py:109} INFO - Running <TaskInstance: BQ_dag.trigger_dependent_dag scheduled__2012-01-01T00:00:00+00:00 [running]> on host 7fae4c5ec6da
[2022-03-21 23:05:06,527] {taskinstance.py:1429} INFO - Exporting the following env vars:
AIRFLOW_CTX_DAG_OWNER=airflow
AIRFLOW_CTX_DAG_ID=BQ_dag
AIRFLOW_CTX_TASK_ID=trigger_dependent_dag
AIRFLOW_CTX_EXECUTION_DATE=2012-01-01T00:00:00+00:00
AIRFLOW_CTX_DAG_RUN_ID=scheduled__2012-01-01T00:00:00+00:00
[2022-03-21 23:05:06,556] {logging_mixin.py:109} WARNING - /usr/local/lib/python3.9/site-packages/airflow/api/common/trigger_dag.py:84 DeprecationWarning: Calling `DAG.create_dagrun()` without an explicit data interval is deprecated
[2022-03-21 23:05:06,592] {trigger_dagrun.py:178} INFO - Waiting for EL_dag on 2022-03-21T23:05:06.527741+00:00 to become allowed state ['success'] ...
[2022-03-21 23:06:06,663] {trigger_dagrun.py:178} INFO - Waiting for EL_dag on 2022-03-21T23:05:06.527741+00:00 to become allowed state ['success'] ...
[2022-03-21 23:07:06,732] {trigger_dagrun.py:178} INFO - Waiting for EL_dag on 2022-03-21T23:05:06.527741+00:00 to become allowed state ['success'] ...
