[2022-03-21 23:13:11,670] {taskinstance.py:1037} INFO - Dependencies all met for <TaskInstance: BQ_dag.trigger_dependent_dag scheduled__2012-01-01T00:00:00+00:00 [queued]>
[2022-03-21 23:13:11,677] {taskinstance.py:1037} INFO - Dependencies all met for <TaskInstance: BQ_dag.trigger_dependent_dag scheduled__2012-01-01T00:00:00+00:00 [queued]>
[2022-03-21 23:13:11,677] {taskinstance.py:1243} INFO - 
--------------------------------------------------------------------------------
[2022-03-21 23:13:11,677] {taskinstance.py:1244} INFO - Starting attempt 3 of 4
[2022-03-21 23:13:11,677] {taskinstance.py:1245} INFO - 
--------------------------------------------------------------------------------
[2022-03-21 23:13:11,684] {taskinstance.py:1264} INFO - Executing <Task(TriggerDagRunOperator): trigger_dependent_dag> on 2012-01-01 00:00:00+00:00
[2022-03-21 23:13:11,687] {standard_task_runner.py:52} INFO - Started process 413 to run task
[2022-03-21 23:13:11,690] {standard_task_runner.py:76} INFO - Running: ['airflow', 'tasks', 'run', 'BQ_dag', 'trigger_dependent_dag', 'scheduled__2012-01-01T00:00:00+00:00', '--job-id', '77', '--raw', '--subdir', 'DAGS_FOLDER/extract_load_dags.py', '--cfg-path', '/tmp/tmpzpd_9keq', '--error-file', '/tmp/tmpn6_h9dmv']
[2022-03-21 23:13:11,691] {standard_task_runner.py:77} INFO - Job 77: Subtask trigger_dependent_dag
[2022-03-21 23:13:11,744] {logging_mixin.py:109} INFO - Running <TaskInstance: BQ_dag.trigger_dependent_dag scheduled__2012-01-01T00:00:00+00:00 [running]> on host 7fae4c5ec6da
[2022-03-21 23:13:11,863] {taskinstance.py:1429} INFO - Exporting the following env vars:
AIRFLOW_CTX_DAG_OWNER=airflow
AIRFLOW_CTX_DAG_ID=BQ_dag
AIRFLOW_CTX_TASK_ID=trigger_dependent_dag
AIRFLOW_CTX_EXECUTION_DATE=2012-01-01T00:00:00+00:00
AIRFLOW_CTX_DAG_RUN_ID=scheduled__2012-01-01T00:00:00+00:00
[2022-03-21 23:13:11,895] {logging_mixin.py:109} WARNING - /usr/local/lib/python3.9/site-packages/airflow/api/common/trigger_dag.py:84 DeprecationWarning: Calling `DAG.create_dagrun()` without an explicit data interval is deprecated
[2022-03-21 23:13:11,934] {trigger_dagrun.py:178} INFO - Waiting for EL_dag on 2022-03-21T23:13:11.864096+00:00 to become allowed state ['success'] ...
[2022-03-21 23:14:12,844] {trigger_dagrun.py:178} INFO - Waiting for EL_dag on 2022-03-21T23:13:11.864096+00:00 to become allowed state ['success'] ...
[2022-03-21 23:15:12,914] {trigger_dagrun.py:178} INFO - Waiting for EL_dag on 2022-03-21T23:13:11.864096+00:00 to become allowed state ['success'] ...
[2022-03-21 23:16:12,955] {trigger_dagrun.py:178} INFO - Waiting for EL_dag on 2022-03-21T23:13:11.864096+00:00 to become allowed state ['success'] ...
[2022-03-21 23:17:13,025] {trigger_dagrun.py:178} INFO - Waiting for EL_dag on 2022-03-21T23:13:11.864096+00:00 to become allowed state ['success'] ...
[2022-03-21 23:18:13,072] {trigger_dagrun.py:178} INFO - Waiting for EL_dag on 2022-03-21T23:13:11.864096+00:00 to become allowed state ['success'] ...
[2022-03-21 23:19:00,754] {local_task_job.py:211} WARNING - State of this instance has been externally set to restarting. Terminating instance.
[2022-03-21 23:19:00,755] {process_utils.py:120} INFO - Sending Signals.SIGTERM to group 413. PIDs of all processes in the group: [413]
[2022-03-21 23:19:00,755] {process_utils.py:75} INFO - Sending the signal Signals.SIGTERM to group 413
[2022-03-21 23:19:00,755] {taskinstance.py:1413} ERROR - Received SIGTERM. Terminating subprocesses.
[2022-03-21 23:19:00,815] {taskinstance.py:1718} ERROR - Task failed with exception
Traceback (most recent call last):
  File "/usr/local/lib/python3.9/site-packages/airflow/models/taskinstance.py", line 1334, in _run_raw_task
    self._execute_task_with_callbacks(context)
  File "/usr/local/lib/python3.9/site-packages/airflow/models/taskinstance.py", line 1460, in _execute_task_with_callbacks
    result = self._execute_task(context, self.task)
  File "/usr/local/lib/python3.9/site-packages/airflow/models/taskinstance.py", line 1516, in _execute_task
    result = execute_callable(context=context)
  File "/usr/local/lib/python3.9/site-packages/airflow/operators/trigger_dagrun.py", line 184, in execute
    time.sleep(self.poke_interval)
  File "/usr/local/lib/python3.9/site-packages/airflow/models/taskinstance.py", line 1415, in signal_handler
    raise AirflowException("Task received SIGTERM signal")
airflow.exceptions.AirflowException: Task received SIGTERM signal
[2022-03-21 23:19:00,819] {taskinstance.py:1272} INFO - Marking task as UP_FOR_RETRY. dag_id=BQ_dag, task_id=trigger_dependent_dag, execution_date=20120101T000000, start_date=20220321T231311, end_date=20220321T231900
[2022-03-21 23:19:00,827] {standard_task_runner.py:89} ERROR - Failed to execute job 77 for task trigger_dependent_dag
Traceback (most recent call last):
  File "/usr/local/lib/python3.9/site-packages/airflow/task/task_runner/standard_task_runner.py", line 85, in _start_by_fork
    args.func(args, dag=self.dag)
  File "/usr/local/lib/python3.9/site-packages/airflow/cli/cli_parser.py", line 48, in command
    return func(*args, **kwargs)
  File "/usr/local/lib/python3.9/site-packages/airflow/utils/cli.py", line 92, in wrapper
    return f(*args, **kwargs)
  File "/usr/local/lib/python3.9/site-packages/airflow/cli/commands/task_command.py", line 298, in task_run
    _run_task_by_selected_method(args, dag, ti)
  File "/usr/local/lib/python3.9/site-packages/airflow/cli/commands/task_command.py", line 107, in _run_task_by_selected_method
    _run_raw_task(args, ti)
  File "/usr/local/lib/python3.9/site-packages/airflow/cli/commands/task_command.py", line 180, in _run_raw_task
    ti._run_raw_task(
  File "/usr/local/lib/python3.9/site-packages/airflow/utils/session.py", line 70, in wrapper
    return func(*args, session=session, **kwargs)
  File "/usr/local/lib/python3.9/site-packages/airflow/models/taskinstance.py", line 1334, in _run_raw_task
    self._execute_task_with_callbacks(context)
  File "/usr/local/lib/python3.9/site-packages/airflow/models/taskinstance.py", line 1460, in _execute_task_with_callbacks
    result = self._execute_task(context, self.task)
  File "/usr/local/lib/python3.9/site-packages/airflow/models/taskinstance.py", line 1516, in _execute_task
    result = execute_callable(context=context)
  File "/usr/local/lib/python3.9/site-packages/airflow/operators/trigger_dagrun.py", line 184, in execute
    time.sleep(self.poke_interval)
  File "/usr/local/lib/python3.9/site-packages/airflow/models/taskinstance.py", line 1415, in signal_handler
    raise AirflowException("Task received SIGTERM signal")
airflow.exceptions.AirflowException: Task received SIGTERM signal
[2022-03-21 23:19:00,848] {process_utils.py:70} INFO - Process psutil.Process(pid=413, status='terminated', exitcode=1, started='23:13:10') (413) terminated with exit code 1
