[2022-03-21 23:30:40,278] {taskinstance.py:1037} INFO - Dependencies all met for <TaskInstance: BQ_dag.trigger_dependent_dag scheduled__2012-01-01T00:00:00+00:00 [queued]>
[2022-03-21 23:30:40,285] {taskinstance.py:1037} INFO - Dependencies all met for <TaskInstance: BQ_dag.trigger_dependent_dag scheduled__2012-01-01T00:00:00+00:00 [queued]>
[2022-03-21 23:30:40,285] {taskinstance.py:1243} INFO - 
--------------------------------------------------------------------------------
[2022-03-21 23:30:40,285] {taskinstance.py:1244} INFO - Starting attempt 5 of 5
[2022-03-21 23:30:40,285] {taskinstance.py:1245} INFO - 
--------------------------------------------------------------------------------
[2022-03-21 23:30:40,292] {taskinstance.py:1264} INFO - Executing <Task(TriggerDagRunOperator): trigger_dependent_dag> on 2012-01-01 00:00:00+00:00
[2022-03-21 23:30:40,295] {standard_task_runner.py:52} INFO - Started process 1375 to run task
[2022-03-21 23:30:40,298] {standard_task_runner.py:76} INFO - Running: ['airflow', 'tasks', 'run', 'BQ_dag', 'trigger_dependent_dag', 'scheduled__2012-01-01T00:00:00+00:00', '--job-id', '94', '--raw', '--subdir', 'DAGS_FOLDER/extract_load_dags.py', '--cfg-path', '/tmp/tmp6c37fjbb', '--error-file', '/tmp/tmpbb0mcdim']
[2022-03-21 23:30:40,298] {standard_task_runner.py:77} INFO - Job 94: Subtask trigger_dependent_dag
[2022-03-21 23:30:40,347] {logging_mixin.py:109} INFO - Running <TaskInstance: BQ_dag.trigger_dependent_dag scheduled__2012-01-01T00:00:00+00:00 [running]> on host 7fae4c5ec6da
[2022-03-21 23:30:40,447] {taskinstance.py:1429} INFO - Exporting the following env vars:
AIRFLOW_CTX_DAG_OWNER=airflow
AIRFLOW_CTX_DAG_ID=BQ_dag
AIRFLOW_CTX_TASK_ID=trigger_dependent_dag
AIRFLOW_CTX_EXECUTION_DATE=2012-01-01T00:00:00+00:00
AIRFLOW_CTX_DAG_RUN_ID=scheduled__2012-01-01T00:00:00+00:00
[2022-03-21 23:30:40,473] {logging_mixin.py:109} WARNING - /usr/local/lib/python3.9/site-packages/airflow/api/common/trigger_dag.py:84 DeprecationWarning: Calling `DAG.create_dagrun()` without an explicit data interval is deprecated
[2022-03-21 23:30:40,516] {taskinstance.py:1272} INFO - Marking task as SUCCESS. dag_id=BQ_dag, task_id=trigger_dependent_dag, execution_date=20120101T000000, start_date=20220321T233040, end_date=20220321T233040
[2022-03-21 23:30:40,550] {local_task_job.py:154} INFO - Task exited with return code 0
[2022-03-21 23:30:40,574] {dagrun.py:627} WARNING - Failed to get task '<TaskInstance: BQ_dag.external_task_sensor scheduled__2012-01-01T00:00:00+00:00 [removed]>' for dag 'BQ_dag'. Marking it as removed.
[2022-03-21 23:30:40,578] {local_task_job.py:264} INFO - 1 downstream tasks scheduled from follow-on schedule check
