[2022-03-18 21:14:45,679] {taskinstance.py:1037} INFO - Dependencies all met for <TaskInstance: EL_dag.extract_task manual__2022-03-18T21:14:43.407998+00:00 [queued]>
[2022-03-18 21:14:45,689] {taskinstance.py:1037} INFO - Dependencies all met for <TaskInstance: EL_dag.extract_task manual__2022-03-18T21:14:43.407998+00:00 [queued]>
[2022-03-18 21:14:45,689] {taskinstance.py:1243} INFO - 
--------------------------------------------------------------------------------
[2022-03-18 21:14:45,689] {taskinstance.py:1244} INFO - Starting attempt 1 of 2
[2022-03-18 21:14:45,689] {taskinstance.py:1245} INFO - 
--------------------------------------------------------------------------------
[2022-03-18 21:14:45,698] {taskinstance.py:1264} INFO - Executing <Task(PythonOperator): extract_task> on 2022-03-18 21:14:43.407998+00:00
[2022-03-18 21:14:45,705] {standard_task_runner.py:52} INFO - Started process 194 to run task
[2022-03-18 21:14:45,734] {standard_task_runner.py:76} INFO - Running: ['airflow', 'tasks', 'run', 'EL_dag', 'extract_task', 'manual__2022-03-18T21:14:43.407998+00:00', '--job-id', '22', '--raw', '--subdir', 'DAGS_FOLDER/extract_load_dags.py', '--cfg-path', '/tmp/tmpma_v7oer', '--error-file', '/tmp/tmpb76owoxs']
[2022-03-18 21:14:45,737] {standard_task_runner.py:77} INFO - Job 22: Subtask extract_task
[2022-03-18 21:14:45,907] {logging_mixin.py:109} INFO - Running <TaskInstance: EL_dag.extract_task manual__2022-03-18T21:14:43.407998+00:00 [running]> on host d6b2ec1ac43c
[2022-03-18 21:14:45,992] {logging_mixin.py:109} WARNING - /usr/local/lib/python3.9/site-packages/airflow/utils/context.py:156 AirflowContextDeprecationWarning: Accessing 'execution_date' from the template is deprecated and will be removed in a future version. Please use 'data_interval_start' or 'logical_date' instead.
[2022-03-18 21:14:46,030] {taskinstance.py:1429} INFO - Exporting the following env vars:
AIRFLOW_CTX_DAG_OWNER=airflow
AIRFLOW_CTX_DAG_ID=EL_dag
AIRFLOW_CTX_TASK_ID=extract_task
AIRFLOW_CTX_EXECUTION_DATE=2022-03-18T21:14:43.407998+00:00
AIRFLOW_CTX_DAG_RUN_ID=manual__2022-03-18T21:14:43.407998+00:00
[2022-03-18 21:14:47,489] {logging_mixin.py:109} INFO - the response is  200
[2022-03-18 21:14:47,490] {logging_mixin.py:109} INFO - here.........
[2022-03-18 21:14:47,490] {python.py:175} INFO - Done. Returned value was: None
[2022-03-18 21:14:47,501] {taskinstance.py:1272} INFO - Marking task as SUCCESS. dag_id=EL_dag, task_id=extract_task, execution_date=20220318T211443, start_date=20220318T211445, end_date=20220318T211447
[2022-03-18 21:14:47,524] {local_task_job.py:154} INFO - Task exited with return code 0
[2022-03-18 21:14:47,549] {local_task_job.py:264} INFO - 0 downstream tasks scheduled from follow-on schedule check
