[2022-03-24 15:46:29,833] {taskinstance.py:1037} INFO - Dependencies all met for <TaskInstance: dbt_dag.model.iowa.monthly_vendor_revenue manual__2022-03-24T15:40:32.745573+00:00 [queued]>
[2022-03-24 15:46:29,842] {taskinstance.py:1037} INFO - Dependencies all met for <TaskInstance: dbt_dag.model.iowa.monthly_vendor_revenue manual__2022-03-24T15:40:32.745573+00:00 [queued]>
[2022-03-24 15:46:29,843] {taskinstance.py:1243} INFO - 
--------------------------------------------------------------------------------
[2022-03-24 15:46:29,843] {taskinstance.py:1244} INFO - Starting attempt 1 of 1
[2022-03-24 15:46:29,843] {taskinstance.py:1245} INFO - 
--------------------------------------------------------------------------------
[2022-03-24 15:46:29,854] {taskinstance.py:1264} INFO - Executing <Task(BashOperator): model.iowa.monthly_vendor_revenue> on 2022-03-24 15:40:32.745573+00:00
[2022-03-24 15:46:29,856] {standard_task_runner.py:52} INFO - Started process 1088 to run task
[2022-03-24 15:46:29,866] {standard_task_runner.py:76} INFO - Running: ['airflow', 'tasks', 'run', 'dbt_dag', 'model.iowa.monthly_vendor_revenue', 'manual__2022-03-24T15:40:32.745573+00:00', '--job-id', '198', '--raw', '--subdir', 'DAGS_FOLDER/transform_dags.py', '--cfg-path', '/tmp/tmpsrgtssx2', '--error-file', '/tmp/tmp9slpyo84']
[2022-03-24 15:46:29,867] {standard_task_runner.py:77} INFO - Job 198: Subtask model.iowa.monthly_vendor_revenue
[2022-03-24 15:46:29,919] {logging_mixin.py:109} INFO - Running <TaskInstance: dbt_dag.model.iowa.monthly_vendor_revenue manual__2022-03-24T15:40:32.745573+00:00 [running]> on host a91ac75a8f43
[2022-03-24 15:46:29,968] {taskinstance.py:1429} INFO - Exporting the following env vars:
AIRFLOW_CTX_DAG_OWNER=airflow
AIRFLOW_CTX_DAG_ID=dbt_dag
AIRFLOW_CTX_TASK_ID=model.iowa.monthly_vendor_revenue
AIRFLOW_CTX_EXECUTION_DATE=2022-03-24T15:40:32.745573+00:00
AIRFLOW_CTX_DAG_RUN_ID=manual__2022-03-24T15:40:32.745573+00:00
[2022-03-24 15:46:29,969] {subprocess.py:62} INFO - Tmp dir root location: 
 /tmp
[2022-03-24 15:46:29,969] {subprocess.py:74} INFO - Running command: ['bash', '-c', '\n            cd /opt/iowa/dbt/iowa &&\n            dbt --no-write-json run --target dev --models monthly_vendor_revenue\n            ']
[2022-03-24 15:46:29,973] {subprocess.py:85} INFO - Output:
[2022-03-24 15:46:32,917] {subprocess.py:89} INFO - 15:46:32  Running with dbt=1.0.4
[2022-03-24 15:46:32,966] {subprocess.py:89} INFO - 15:46:32  Found 8 models, 2 tests, 0 snapshots, 0 analyses, 188 macros, 0 operations, 0 seed files, 1 source, 0 exposures, 0 metrics
[2022-03-24 15:46:32,968] {subprocess.py:89} INFO - 15:46:32
[2022-03-24 15:47:25,528] {subprocess.py:89} INFO - 15:47:25  Concurrency: 4 threads (target='dev')
[2022-03-24 15:47:25,528] {subprocess.py:89} INFO - 15:47:25
[2022-03-24 15:47:25,533] {subprocess.py:89} INFO - 15:47:25  1 of 1 START incremental model iowa_staging.monthly_vendor_revenue.............. [RUN]
[2022-03-24 15:47:32,820] {subprocess.py:89} INFO - 15:47:32  1 of 1 OK created incremental model iowa_staging.monthly_vendor_revenue......... [MERGE (110.0 rows, 402.7 KB processed) in 7.29s]
[2022-03-24 15:47:32,822] {subprocess.py:89} INFO - 15:47:32
[2022-03-24 15:47:32,823] {subprocess.py:89} INFO - 15:47:32  Finished running 1 incremental model in 59.85s.
[2022-03-24 15:47:32,823] {subprocess.py:89} INFO - 15:47:32
[2022-03-24 15:47:32,824] {subprocess.py:89} INFO - 15:47:32  Completed successfully
[2022-03-24 15:47:32,824] {subprocess.py:89} INFO - 15:47:32
[2022-03-24 15:47:32,824] {subprocess.py:89} INFO - 15:47:32  Done. PASS=1 WARN=0 ERROR=0 SKIP=0 TOTAL=1
[2022-03-24 15:47:34,853] {subprocess.py:93} INFO - Command exited with return code 0
[2022-03-24 15:47:34,878] {taskinstance.py:1272} INFO - Marking task as SUCCESS. dag_id=dbt_dag, task_id=model.iowa.monthly_vendor_revenue, execution_date=20220324T154032, start_date=20220324T154629, end_date=20220324T154734
[2022-03-24 15:47:34,915] {local_task_job.py:154} INFO - Task exited with return code 0
[2022-03-24 15:47:34,944] {local_task_job.py:264} INFO - 1 downstream tasks scheduled from follow-on schedule check
