[2022-03-24 12:10:09,291] {taskinstance.py:1037} INFO - Dependencies all met for <TaskInstance: dbt_dag.model.iowa.general_store_facts manual__2022-03-23T19:14:12.667416+00:00 [queued]>
[2022-03-24 12:10:09,298] {taskinstance.py:1037} INFO - Dependencies all met for <TaskInstance: dbt_dag.model.iowa.general_store_facts manual__2022-03-23T19:14:12.667416+00:00 [queued]>
[2022-03-24 12:10:09,298] {taskinstance.py:1243} INFO - 
--------------------------------------------------------------------------------
[2022-03-24 12:10:09,298] {taskinstance.py:1244} INFO - Starting attempt 4 of 4
[2022-03-24 12:10:09,298] {taskinstance.py:1245} INFO - 
--------------------------------------------------------------------------------
[2022-03-24 12:10:09,306] {taskinstance.py:1264} INFO - Executing <Task(BashOperator): model.iowa.general_store_facts> on 2022-03-23 19:14:12.667416+00:00
[2022-03-24 12:10:09,308] {standard_task_runner.py:52} INFO - Started process 625 to run task
[2022-03-24 12:10:09,311] {standard_task_runner.py:76} INFO - Running: ['airflow', 'tasks', 'run', 'dbt_dag', 'model.iowa.general_store_facts', 'manual__2022-03-23T19:14:12.667416+00:00', '--job-id', '140', '--raw', '--subdir', 'DAGS_FOLDER/transform_dags.py', '--cfg-path', '/tmp/tmph8t46fnn', '--error-file', '/tmp/tmp_99idd7x']
[2022-03-24 12:10:09,312] {standard_task_runner.py:77} INFO - Job 140: Subtask model.iowa.general_store_facts
[2022-03-24 12:10:09,358] {logging_mixin.py:109} INFO - Running <TaskInstance: dbt_dag.model.iowa.general_store_facts manual__2022-03-23T19:14:12.667416+00:00 [running]> on host a91ac75a8f43
[2022-03-24 12:10:09,403] {taskinstance.py:1429} INFO - Exporting the following env vars:
AIRFLOW_CTX_DAG_OWNER=airflow
AIRFLOW_CTX_DAG_ID=dbt_dag
AIRFLOW_CTX_TASK_ID=model.iowa.general_store_facts
AIRFLOW_CTX_EXECUTION_DATE=2022-03-23T19:14:12.667416+00:00
AIRFLOW_CTX_DAG_RUN_ID=manual__2022-03-23T19:14:12.667416+00:00
[2022-03-24 12:10:09,403] {subprocess.py:62} INFO - Tmp dir root location: 
 /tmp
[2022-03-24 12:10:09,403] {subprocess.py:74} INFO - Running command: ['bash', '-c', '\n            cd /opt/iowa/dbt/iowa &&\n            dbt --no-write-json run --target dev --models general_store_facts\n            ']
[2022-03-24 12:10:09,408] {subprocess.py:85} INFO - Output:
[2022-03-24 12:10:12,157] {subprocess.py:89} INFO - 12:10:12  Running with dbt=1.0.4
[2022-03-24 12:10:12,258] {subprocess.py:89} INFO - 12:10:12  Found 5 models, 0 tests, 0 snapshots, 0 analyses, 188 macros, 0 operations, 0 seed files, 1 source, 0 exposures, 0 metrics
[2022-03-24 12:10:12,259] {subprocess.py:89} INFO - 12:10:12
[2022-03-24 12:10:19,461] {subprocess.py:89} INFO - 12:10:19  Concurrency: 4 threads (target='dev')
[2022-03-24 12:10:19,461] {subprocess.py:89} INFO - 12:10:19
[2022-03-24 12:10:19,465] {subprocess.py:89} INFO - 12:10:19  1 of 1 START incremental model iowa_staging.general_store_facts................. [RUN]
[2022-03-24 12:10:26,388] {subprocess.py:89} INFO - 12:10:26  1 of 1 OK created incremental model iowa_staging.general_store_facts............ [MERGE (3.0k rows, 1.4 MB processed) in 6.92s]
[2022-03-24 12:10:26,390] {subprocess.py:89} INFO - 12:10:26
[2022-03-24 12:10:26,391] {subprocess.py:89} INFO - 12:10:26  Finished running 1 incremental model in 14.13s.
[2022-03-24 12:10:26,391] {subprocess.py:89} INFO - 12:10:26
[2022-03-24 12:10:26,392] {subprocess.py:89} INFO - 12:10:26  Completed successfully
[2022-03-24 12:10:26,392] {subprocess.py:89} INFO - 12:10:26
[2022-03-24 12:10:26,392] {subprocess.py:89} INFO - 12:10:26  Done. PASS=1 WARN=0 ERROR=0 SKIP=0 TOTAL=1
[2022-03-24 12:10:28,800] {subprocess.py:93} INFO - Command exited with return code 0
[2022-03-24 12:10:28,825] {taskinstance.py:1272} INFO - Marking task as SUCCESS. dag_id=dbt_dag, task_id=model.iowa.general_store_facts, execution_date=20220323T191412, start_date=20220324T121009, end_date=20220324T121028
[2022-03-24 12:10:28,877] {local_task_job.py:154} INFO - Task exited with return code 0
[2022-03-24 12:10:28,908] {local_task_job.py:264} INFO - 1 downstream tasks scheduled from follow-on schedule check
