[2022-03-24 14:44:21,963] {taskinstance.py:1037} INFO - Dependencies all met for <TaskInstance: dbt_dag.model.iowa.general_store_facts manual__2022-03-23T19:14:12.667416+00:00 [queued]>
[2022-03-24 14:44:21,972] {taskinstance.py:1037} INFO - Dependencies all met for <TaskInstance: dbt_dag.model.iowa.general_store_facts manual__2022-03-23T19:14:12.667416+00:00 [queued]>
[2022-03-24 14:44:21,972] {taskinstance.py:1243} INFO - 
--------------------------------------------------------------------------------
[2022-03-24 14:44:21,972] {taskinstance.py:1244} INFO - Starting attempt 6 of 6
[2022-03-24 14:44:21,972] {taskinstance.py:1245} INFO - 
--------------------------------------------------------------------------------
[2022-03-24 14:44:21,980] {taskinstance.py:1264} INFO - Executing <Task(BashOperator): model.iowa.general_store_facts> on 2022-03-23 19:14:12.667416+00:00
[2022-03-24 14:44:21,982] {standard_task_runner.py:52} INFO - Started process 1542 to run task
[2022-03-24 14:44:21,984] {standard_task_runner.py:76} INFO - Running: ['airflow', 'tasks', 'run', 'dbt_dag', 'model.iowa.general_store_facts', 'manual__2022-03-23T19:14:12.667416+00:00', '--job-id', '164', '--raw', '--subdir', 'DAGS_FOLDER/transform_dags.py', '--cfg-path', '/tmp/tmpe0d917r6', '--error-file', '/tmp/tmp_eealm_o']
[2022-03-24 14:44:21,993] {standard_task_runner.py:77} INFO - Job 164: Subtask model.iowa.general_store_facts
[2022-03-24 14:44:22,041] {logging_mixin.py:109} INFO - Running <TaskInstance: dbt_dag.model.iowa.general_store_facts manual__2022-03-23T19:14:12.667416+00:00 [running]> on host a91ac75a8f43
[2022-03-24 14:44:22,084] {taskinstance.py:1429} INFO - Exporting the following env vars:
AIRFLOW_CTX_DAG_OWNER=airflow
AIRFLOW_CTX_DAG_ID=dbt_dag
AIRFLOW_CTX_TASK_ID=model.iowa.general_store_facts
AIRFLOW_CTX_EXECUTION_DATE=2022-03-23T19:14:12.667416+00:00
AIRFLOW_CTX_DAG_RUN_ID=manual__2022-03-23T19:14:12.667416+00:00
[2022-03-24 14:44:22,085] {subprocess.py:62} INFO - Tmp dir root location: 
 /tmp
[2022-03-24 14:44:22,086] {subprocess.py:74} INFO - Running command: ['bash', '-c', '\n            cd /opt/iowa/dbt/iowa &&\n            dbt --no-write-json run --target dev --models general_store_facts\n            ']
[2022-03-24 14:44:22,090] {subprocess.py:85} INFO - Output:
[2022-03-24 14:44:24,838] {subprocess.py:89} INFO - 14:44:24  Running with dbt=1.0.4
[2022-03-24 14:44:24,877] {subprocess.py:89} INFO - 14:44:24  Found 5 models, 2 tests, 0 snapshots, 0 analyses, 188 macros, 0 operations, 0 seed files, 1 source, 0 exposures, 0 metrics
[2022-03-24 14:44:24,879] {subprocess.py:89} INFO - 14:44:24
[2022-03-24 14:44:31,237] {subprocess.py:89} INFO - 14:44:31  Concurrency: 4 threads (target='dev')
[2022-03-24 14:44:31,237] {subprocess.py:89} INFO - 14:44:31
[2022-03-24 14:44:31,241] {subprocess.py:89} INFO - 14:44:31  1 of 1 START incremental model iowa_staging.general_store_facts................. [RUN]
[2022-03-24 14:44:38,422] {subprocess.py:89} INFO - 14:44:38  1 of 1 OK created incremental model iowa_staging.general_store_facts............ [CREATE TABLE (3.0k rows, 711.1 KB processed) in 7.18s]
[2022-03-24 14:44:38,426] {subprocess.py:89} INFO - 14:44:38
[2022-03-24 14:44:38,426] {subprocess.py:89} INFO - 14:44:38  Finished running 1 incremental model in 13.55s.
[2022-03-24 14:44:38,427] {subprocess.py:89} INFO - 14:44:38
[2022-03-24 14:44:38,427] {subprocess.py:89} INFO - 14:44:38  Completed successfully
[2022-03-24 14:44:38,428] {subprocess.py:89} INFO - 14:44:38
[2022-03-24 14:44:38,428] {subprocess.py:89} INFO - 14:44:38  Done. PASS=1 WARN=0 ERROR=0 SKIP=0 TOTAL=1
[2022-03-24 14:44:40,890] {subprocess.py:93} INFO - Command exited with return code 0
[2022-03-24 14:44:40,945] {taskinstance.py:1272} INFO - Marking task as SUCCESS. dag_id=dbt_dag, task_id=model.iowa.general_store_facts, execution_date=20220323T191412, start_date=20220324T144421, end_date=20220324T144440
[2022-03-24 14:44:40,964] {local_task_job.py:154} INFO - Task exited with return code 0
[2022-03-24 14:44:41,014] {local_task_job.py:264} INFO - 1 downstream tasks scheduled from follow-on schedule check
