[2022-03-24 15:41:44,948] {taskinstance.py:1037} INFO - Dependencies all met for <TaskInstance: dbt_dag.model.iowa.general_store_facts manual__2022-03-23T19:14:12.667416+00:00 [queued]>
[2022-03-24 15:41:44,957] {taskinstance.py:1037} INFO - Dependencies all met for <TaskInstance: dbt_dag.model.iowa.general_store_facts manual__2022-03-23T19:14:12.667416+00:00 [queued]>
[2022-03-24 15:41:44,957] {taskinstance.py:1243} INFO - 
--------------------------------------------------------------------------------
[2022-03-24 15:41:44,957] {taskinstance.py:1244} INFO - Starting attempt 7 of 7
[2022-03-24 15:41:44,957] {taskinstance.py:1245} INFO - 
--------------------------------------------------------------------------------
[2022-03-24 15:41:44,967] {taskinstance.py:1264} INFO - Executing <Task(BashOperator): model.iowa.general_store_facts> on 2022-03-23 19:14:12.667416+00:00
[2022-03-24 15:41:44,969] {standard_task_runner.py:52} INFO - Started process 330 to run task
[2022-03-24 15:41:44,971] {standard_task_runner.py:76} INFO - Running: ['airflow', 'tasks', 'run', 'dbt_dag', 'model.iowa.general_store_facts', 'manual__2022-03-23T19:14:12.667416+00:00', '--job-id', '176', '--raw', '--subdir', 'DAGS_FOLDER/transform_dags.py', '--cfg-path', '/tmp/tmpbl385__3', '--error-file', '/tmp/tmpk519xa1m']
[2022-03-24 15:41:44,972] {standard_task_runner.py:77} INFO - Job 176: Subtask model.iowa.general_store_facts
[2022-03-24 15:41:45,020] {logging_mixin.py:109} INFO - Running <TaskInstance: dbt_dag.model.iowa.general_store_facts manual__2022-03-23T19:14:12.667416+00:00 [running]> on host a91ac75a8f43
[2022-03-24 15:41:45,064] {taskinstance.py:1429} INFO - Exporting the following env vars:
AIRFLOW_CTX_DAG_OWNER=airflow
AIRFLOW_CTX_DAG_ID=dbt_dag
AIRFLOW_CTX_TASK_ID=model.iowa.general_store_facts
AIRFLOW_CTX_EXECUTION_DATE=2022-03-23T19:14:12.667416+00:00
AIRFLOW_CTX_DAG_RUN_ID=manual__2022-03-23T19:14:12.667416+00:00
[2022-03-24 15:41:45,065] {subprocess.py:62} INFO - Tmp dir root location: 
 /tmp
[2022-03-24 15:41:45,065] {subprocess.py:74} INFO - Running command: ['bash', '-c', '\n            cd /opt/iowa/dbt/iowa &&\n            dbt --no-write-json run --target dev --models general_store_facts\n            ']
[2022-03-24 15:41:45,070] {subprocess.py:85} INFO - Output:
[2022-03-24 15:41:48,959] {subprocess.py:89} INFO - 15:41:48  Running with dbt=1.0.4
[2022-03-24 15:41:49,008] {subprocess.py:89} INFO - 15:41:49  Found 8 models, 2 tests, 0 snapshots, 0 analyses, 188 macros, 0 operations, 0 seed files, 1 source, 0 exposures, 0 metrics
[2022-03-24 15:41:49,010] {subprocess.py:89} INFO - 15:41:49
[2022-03-24 15:42:18,852] {subprocess.py:89} INFO - 15:42:18  Concurrency: 4 threads (target='dev')
[2022-03-24 15:42:18,852] {subprocess.py:89} INFO - 15:42:18
[2022-03-24 15:42:18,858] {subprocess.py:89} INFO - 15:42:18  1 of 1 START incremental model iowa_staging.general_store_facts................. [RUN]
[2022-03-24 15:42:26,851] {subprocess.py:89} INFO - 15:42:26  1 of 1 OK created incremental model iowa_staging.general_store_facts............ [MERGE (3.0k rows, 1.5 MB processed) in 7.99s]
[2022-03-24 15:42:26,854] {subprocess.py:89} INFO - 15:42:26
[2022-03-24 15:42:26,854] {subprocess.py:89} INFO - 15:42:26  Finished running 1 incremental model in 37.84s.
[2022-03-24 15:42:26,855] {subprocess.py:89} INFO - 15:42:26
[2022-03-24 15:42:26,856] {subprocess.py:89} INFO - 15:42:26  Completed successfully
[2022-03-24 15:42:26,856] {subprocess.py:89} INFO - 15:42:26
[2022-03-24 15:42:26,857] {subprocess.py:89} INFO - 15:42:26  Done. PASS=1 WARN=0 ERROR=0 SKIP=0 TOTAL=1
[2022-03-24 15:42:29,298] {subprocess.py:93} INFO - Command exited with return code 0
[2022-03-24 15:42:29,321] {taskinstance.py:1272} INFO - Marking task as SUCCESS. dag_id=dbt_dag, task_id=model.iowa.general_store_facts, execution_date=20220323T191412, start_date=20220324T154144, end_date=20220324T154229
[2022-03-24 15:42:29,335] {local_task_job.py:154} INFO - Task exited with return code 0
[2022-03-24 15:42:29,364] {local_task_job.py:264} INFO - 1 downstream tasks scheduled from follow-on schedule check
