[2022-03-24 11:13:17,578] {taskinstance.py:1037} INFO - Dependencies all met for <TaskInstance: dbt_dag.model.iowa.general_county_facts manual__2022-03-23T19:14:12.667416+00:00 [queued]>
[2022-03-24 11:13:17,585] {taskinstance.py:1037} INFO - Dependencies all met for <TaskInstance: dbt_dag.model.iowa.general_county_facts manual__2022-03-23T19:14:12.667416+00:00 [queued]>
[2022-03-24 11:13:17,585] {taskinstance.py:1243} INFO - 
--------------------------------------------------------------------------------
[2022-03-24 11:13:17,585] {taskinstance.py:1244} INFO - Starting attempt 1 of 1
[2022-03-24 11:13:17,586] {taskinstance.py:1245} INFO - 
--------------------------------------------------------------------------------
[2022-03-24 11:13:17,594] {taskinstance.py:1264} INFO - Executing <Task(BashOperator): model.iowa.general_county_facts> on 2022-03-23 19:14:12.667416+00:00
[2022-03-24 11:13:17,596] {standard_task_runner.py:52} INFO - Started process 301 to run task
[2022-03-24 11:13:17,598] {standard_task_runner.py:76} INFO - Running: ['airflow', 'tasks', 'run', 'dbt_dag', 'model.iowa.general_county_facts', 'manual__2022-03-23T19:14:12.667416+00:00', '--job-id', '125', '--raw', '--subdir', 'DAGS_FOLDER/transform_dags.py', '--cfg-path', '/tmp/tmp_3j5yi7k', '--error-file', '/tmp/tmpj40avx_k']
[2022-03-24 11:13:17,599] {standard_task_runner.py:77} INFO - Job 125: Subtask model.iowa.general_county_facts
[2022-03-24 11:13:17,650] {logging_mixin.py:109} INFO - Running <TaskInstance: dbt_dag.model.iowa.general_county_facts manual__2022-03-23T19:14:12.667416+00:00 [running]> on host a91ac75a8f43
[2022-03-24 11:13:17,700] {taskinstance.py:1429} INFO - Exporting the following env vars:
AIRFLOW_CTX_DAG_OWNER=airflow
AIRFLOW_CTX_DAG_ID=dbt_dag
AIRFLOW_CTX_TASK_ID=model.iowa.general_county_facts
AIRFLOW_CTX_EXECUTION_DATE=2022-03-23T19:14:12.667416+00:00
AIRFLOW_CTX_DAG_RUN_ID=manual__2022-03-23T19:14:12.667416+00:00
[2022-03-24 11:13:17,701] {subprocess.py:62} INFO - Tmp dir root location: 
 /tmp
[2022-03-24 11:13:17,702] {subprocess.py:74} INFO - Running command: ['bash', '-c', '\n            cd /opt/iowa/dbt/iowa &&\n            dbt --no-write-json run --target dev --models general_county_facts\n            ']
[2022-03-24 11:13:17,707] {subprocess.py:85} INFO - Output:
[2022-03-24 11:13:21,675] {subprocess.py:89} INFO - 11:13:21  Running with dbt=1.0.4
[2022-03-24 11:13:21,760] {subprocess.py:89} INFO - 11:13:21  Found 4 models, 0 tests, 0 snapshots, 0 analyses, 188 macros, 0 operations, 0 seed files, 1 source, 0 exposures, 0 metrics
[2022-03-24 11:13:21,763] {subprocess.py:89} INFO - 11:13:21
[2022-03-24 11:13:26,668] {subprocess.py:89} INFO - 11:13:26  Concurrency: 4 threads (target='dev')
[2022-03-24 11:13:26,669] {subprocess.py:89} INFO - 11:13:26
[2022-03-24 11:13:26,673] {subprocess.py:89} INFO - 11:13:26  1 of 1 START incremental model iowa_staging.general_county_facts................ [RUN]
[2022-03-24 11:13:32,031] {subprocess.py:89} INFO - 11:13:32  1 of 1 OK created incremental model iowa_staging.general_county_facts........... [CREATE TABLE (3.0k rows, 647.3 KB processed) in 5.36s]
[2022-03-24 11:13:32,034] {subprocess.py:89} INFO - 11:13:32
[2022-03-24 11:13:32,034] {subprocess.py:89} INFO - 11:13:32  Finished running 1 incremental model in 10.27s.
[2022-03-24 11:13:32,035] {subprocess.py:89} INFO - 11:13:32
[2022-03-24 11:13:32,035] {subprocess.py:89} INFO - 11:13:32  Completed successfully
[2022-03-24 11:13:32,036] {subprocess.py:89} INFO - 11:13:32
[2022-03-24 11:13:32,036] {subprocess.py:89} INFO - 11:13:32  Done. PASS=1 WARN=0 ERROR=0 SKIP=0 TOTAL=1
[2022-03-24 11:13:33,592] {subprocess.py:93} INFO - Command exited with return code 0
[2022-03-24 11:13:33,617] {taskinstance.py:1272} INFO - Marking task as SUCCESS. dag_id=dbt_dag, task_id=model.iowa.general_county_facts, execution_date=20220323T191412, start_date=20220324T111317, end_date=20220324T111333
[2022-03-24 11:13:33,630] {local_task_job.py:154} INFO - Task exited with return code 0
[2022-03-24 11:13:33,663] {local_task_job.py:264} INFO - 1 downstream tasks scheduled from follow-on schedule check
