[2022-03-24 12:10:15,415] {taskinstance.py:1037} INFO - Dependencies all met for <TaskInstance: dbt_dag.model.iowa.general_county_facts manual__2022-03-23T19:14:12.667416+00:00 [queued]>
[2022-03-24 12:10:15,423] {taskinstance.py:1037} INFO - Dependencies all met for <TaskInstance: dbt_dag.model.iowa.general_county_facts manual__2022-03-23T19:14:12.667416+00:00 [queued]>
[2022-03-24 12:10:15,423] {taskinstance.py:1243} INFO - 
--------------------------------------------------------------------------------
[2022-03-24 12:10:15,423] {taskinstance.py:1244} INFO - Starting attempt 4 of 4
[2022-03-24 12:10:15,423] {taskinstance.py:1245} INFO - 
--------------------------------------------------------------------------------
[2022-03-24 12:10:15,437] {taskinstance.py:1264} INFO - Executing <Task(BashOperator): model.iowa.general_county_facts> on 2022-03-23 19:14:12.667416+00:00
[2022-03-24 12:10:15,440] {standard_task_runner.py:52} INFO - Started process 646 to run task
[2022-03-24 12:10:15,444] {standard_task_runner.py:76} INFO - Running: ['airflow', 'tasks', 'run', 'dbt_dag', 'model.iowa.general_county_facts', 'manual__2022-03-23T19:14:12.667416+00:00', '--job-id', '141', '--raw', '--subdir', 'DAGS_FOLDER/transform_dags.py', '--cfg-path', '/tmp/tmprowiq5bw', '--error-file', '/tmp/tmp5fqga_sp']
[2022-03-24 12:10:15,445] {standard_task_runner.py:77} INFO - Job 141: Subtask model.iowa.general_county_facts
[2022-03-24 12:10:15,496] {logging_mixin.py:109} INFO - Running <TaskInstance: dbt_dag.model.iowa.general_county_facts manual__2022-03-23T19:14:12.667416+00:00 [running]> on host a91ac75a8f43
[2022-03-24 12:10:15,541] {taskinstance.py:1429} INFO - Exporting the following env vars:
AIRFLOW_CTX_DAG_OWNER=airflow
AIRFLOW_CTX_DAG_ID=dbt_dag
AIRFLOW_CTX_TASK_ID=model.iowa.general_county_facts
AIRFLOW_CTX_EXECUTION_DATE=2022-03-23T19:14:12.667416+00:00
AIRFLOW_CTX_DAG_RUN_ID=manual__2022-03-23T19:14:12.667416+00:00
[2022-03-24 12:10:15,542] {subprocess.py:62} INFO - Tmp dir root location: 
 /tmp
[2022-03-24 12:10:15,543] {subprocess.py:74} INFO - Running command: ['bash', '-c', '\n            cd /opt/iowa/dbt/iowa &&\n            dbt --no-write-json run --target dev --models general_county_facts\n            ']
[2022-03-24 12:10:15,548] {subprocess.py:85} INFO - Output:
[2022-03-24 12:10:18,271] {subprocess.py:89} INFO - 12:10:18  Running with dbt=1.0.4
[2022-03-24 12:10:18,318] {subprocess.py:89} INFO - 12:10:18  Found 5 models, 0 tests, 0 snapshots, 0 analyses, 188 macros, 0 operations, 0 seed files, 1 source, 0 exposures, 0 metrics
[2022-03-24 12:10:18,319] {subprocess.py:89} INFO - 12:10:18
[2022-03-24 12:10:24,543] {subprocess.py:89} INFO - 12:10:24  Concurrency: 4 threads (target='dev')
[2022-03-24 12:10:24,543] {subprocess.py:89} INFO - 12:10:24
[2022-03-24 12:10:24,548] {subprocess.py:89} INFO - 12:10:24  1 of 1 START incremental model iowa_staging.general_county_facts................ [RUN]
[2022-03-24 12:10:33,986] {subprocess.py:89} INFO - 12:10:33  1 of 1 OK created incremental model iowa_staging.general_county_facts........... [MERGE (3.0k rows, 1.4 MB processed) in 9.44s]
[2022-03-24 12:10:33,988] {subprocess.py:89} INFO - 12:10:33
[2022-03-24 12:10:33,988] {subprocess.py:89} INFO - 12:10:33  Finished running 1 incremental model in 15.67s.
[2022-03-24 12:10:33,989] {subprocess.py:89} INFO - 12:10:33
[2022-03-24 12:10:33,989] {subprocess.py:89} INFO - 12:10:33  Completed successfully
[2022-03-24 12:10:33,990] {subprocess.py:89} INFO - 12:10:33
[2022-03-24 12:10:33,990] {subprocess.py:89} INFO - 12:10:33  Done. PASS=1 WARN=0 ERROR=0 SKIP=0 TOTAL=1
[2022-03-24 12:10:38,013] {subprocess.py:93} INFO - Command exited with return code 0
[2022-03-24 12:10:38,035] {taskinstance.py:1272} INFO - Marking task as SUCCESS. dag_id=dbt_dag, task_id=model.iowa.general_county_facts, execution_date=20220323T191412, start_date=20220324T121015, end_date=20220324T121038
[2022-03-24 12:10:38,060] {local_task_job.py:154} INFO - Task exited with return code 0
[2022-03-24 12:10:38,085] {local_task_job.py:264} INFO - 1 downstream tasks scheduled from follow-on schedule check
