[2022-03-21 23:30:41,489] {taskinstance.py:1037} INFO - Dependencies all met for <TaskInstance: BQ_dag.bigquery_external_dataset_task scheduled__2012-01-01T00:00:00+00:00 [queued]>
[2022-03-21 23:30:41,497] {taskinstance.py:1037} INFO - Dependencies all met for <TaskInstance: BQ_dag.bigquery_external_dataset_task scheduled__2012-01-01T00:00:00+00:00 [queued]>
[2022-03-21 23:30:41,497] {taskinstance.py:1243} INFO - 
--------------------------------------------------------------------------------
[2022-03-21 23:30:41,497] {taskinstance.py:1244} INFO - Starting attempt 1 of 2
[2022-03-21 23:30:41,497] {taskinstance.py:1245} INFO - 
--------------------------------------------------------------------------------
[2022-03-21 23:30:41,504] {taskinstance.py:1264} INFO - Executing <Task(BigQueryCreateExternalTableOperator): bigquery_external_dataset_task> on 2012-01-01 00:00:00+00:00
[2022-03-21 23:30:41,508] {standard_task_runner.py:52} INFO - Started process 1402 to run task
[2022-03-21 23:30:41,511] {standard_task_runner.py:76} INFO - Running: ['airflow', 'tasks', 'run', 'BQ_dag', 'bigquery_external_dataset_task', 'scheduled__2012-01-01T00:00:00+00:00', '--job-id', '95', '--raw', '--subdir', 'DAGS_FOLDER/extract_load_dags.py', '--cfg-path', '/tmp/tmpyq78jdho', '--error-file', '/tmp/tmp90gidvil']
[2022-03-21 23:30:41,511] {standard_task_runner.py:77} INFO - Job 95: Subtask bigquery_external_dataset_task
[2022-03-21 23:30:41,559] {logging_mixin.py:109} INFO - Running <TaskInstance: BQ_dag.bigquery_external_dataset_task scheduled__2012-01-01T00:00:00+00:00 [running]> on host 7fae4c5ec6da
[2022-03-21 23:30:41,667] {taskinstance.py:1429} INFO - Exporting the following env vars:
AIRFLOW_CTX_DAG_OWNER=airflow
AIRFLOW_CTX_DAG_ID=BQ_dag
AIRFLOW_CTX_TASK_ID=bigquery_external_dataset_task
AIRFLOW_CTX_EXECUTION_DATE=2012-01-01T00:00:00+00:00
AIRFLOW_CTX_DAG_RUN_ID=scheduled__2012-01-01T00:00:00+00:00
[2022-03-21 23:30:41,668] {crypto.py:82} WARNING - empty cryptography key - values will not be stored encrypted.
[2022-03-21 23:30:44,661] {taskinstance.py:1272} INFO - Marking task as SUCCESS. dag_id=BQ_dag, task_id=bigquery_external_dataset_task, execution_date=20120101T000000, start_date=20220321T233041, end_date=20220321T233044
[2022-03-21 23:30:44,700] {local_task_job.py:154} INFO - Task exited with return code 0
[2022-03-21 23:30:44,729] {local_task_job.py:264} INFO - 0 downstream tasks scheduled from follow-on schedule check
