[2022-03-18 21:51:09,646] {taskinstance.py:1037} INFO - Dependencies all met for <TaskInstance: EL_dag.local_to_gcs_task scheduled__2019-03-01T00:00:00+00:00 [queued]>
[2022-03-18 21:51:09,653] {taskinstance.py:1037} INFO - Dependencies all met for <TaskInstance: EL_dag.local_to_gcs_task scheduled__2019-03-01T00:00:00+00:00 [queued]>
[2022-03-18 21:51:09,654] {taskinstance.py:1243} INFO - 
--------------------------------------------------------------------------------
[2022-03-18 21:51:09,654] {taskinstance.py:1244} INFO - Starting attempt 1 of 2
[2022-03-18 21:51:09,654] {taskinstance.py:1245} INFO - 
--------------------------------------------------------------------------------
[2022-03-18 21:51:09,661] {taskinstance.py:1264} INFO - Executing <Task(PythonOperator): local_to_gcs_task> on 2019-03-01 00:00:00+00:00
[2022-03-18 21:51:09,665] {standard_task_runner.py:52} INFO - Started process 322 to run task
[2022-03-18 21:51:09,667] {standard_task_runner.py:76} INFO - Running: ['airflow', 'tasks', 'run', 'EL_dag', 'local_to_gcs_task', 'scheduled__2019-03-01T00:00:00+00:00', '--job-id', '39', '--raw', '--subdir', 'DAGS_FOLDER/extract_load_dags.py', '--cfg-path', '/tmp/tmp63gka4z7', '--error-file', '/tmp/tmpjahj8gl5']
[2022-03-18 21:51:09,668] {standard_task_runner.py:77} INFO - Job 39: Subtask local_to_gcs_task
[2022-03-18 21:51:09,712] {logging_mixin.py:109} INFO - Running <TaskInstance: EL_dag.local_to_gcs_task scheduled__2019-03-01T00:00:00+00:00 [running]> on host d6b2ec1ac43c
[2022-03-18 21:51:09,739] {logging_mixin.py:109} WARNING - /usr/local/lib/python3.9/site-packages/airflow/utils/context.py:156 AirflowContextDeprecationWarning: Accessing 'execution_date' from the template is deprecated and will be removed in a future version. Please use 'data_interval_start' or 'logical_date' instead.
[2022-03-18 21:51:09,759] {taskinstance.py:1429} INFO - Exporting the following env vars:
AIRFLOW_CTX_DAG_OWNER=airflow
AIRFLOW_CTX_DAG_ID=EL_dag
AIRFLOW_CTX_TASK_ID=local_to_gcs_task
AIRFLOW_CTX_EXECUTION_DATE=2019-03-01T00:00:00+00:00
AIRFLOW_CTX_DAG_RUN_ID=scheduled__2019-03-01T00:00:00+00:00
[2022-03-18 21:51:11,238] {python.py:175} INFO - Done. Returned value was: None
[2022-03-18 21:51:11,249] {taskinstance.py:1272} INFO - Marking task as SUCCESS. dag_id=EL_dag, task_id=local_to_gcs_task, execution_date=20190301T000000, start_date=20220318T215109, end_date=20220318T215111
[2022-03-18 21:51:11,286] {local_task_job.py:154} INFO - Task exited with return code 0
[2022-03-18 21:51:11,312] {local_task_job.py:264} INFO - 0 downstream tasks scheduled from follow-on schedule check
