[2022-03-17 20:46:56,426] {processor.py:163} INFO - Started process (PID=370) to work on /usr/local/lib/python3.9/site-packages/airflow/example_dags/plugins/workday.py
[2022-03-17 20:46:56,427] {processor.py:642} INFO - Processing file /usr/local/lib/python3.9/site-packages/airflow/example_dags/plugins/workday.py for tasks to queue
[2022-03-17 20:46:56,427] {logging_mixin.py:109} INFO - [2022-03-17 20:46:56,427] {dagbag.py:500} INFO - Filling up the DagBag from /usr/local/lib/python3.9/site-packages/airflow/example_dags/plugins/workday.py
[2022-03-17 20:46:56,445] {processor.py:656} WARNING - No viable dags retrieved from /usr/local/lib/python3.9/site-packages/airflow/example_dags/plugins/workday.py
[2022-03-17 20:46:56,447] {processor.py:171} INFO - Processing /usr/local/lib/python3.9/site-packages/airflow/example_dags/plugins/workday.py took 0.024 seconds
[2022-03-17 20:47:26,789] {processor.py:163} INFO - Started process (PID=402) to work on /usr/local/lib/python3.9/site-packages/airflow/example_dags/plugins/workday.py
[2022-03-17 20:47:26,790] {processor.py:642} INFO - Processing file /usr/local/lib/python3.9/site-packages/airflow/example_dags/plugins/workday.py for tasks to queue
[2022-03-17 20:47:26,790] {logging_mixin.py:109} INFO - [2022-03-17 20:47:26,790] {dagbag.py:500} INFO - Filling up the DagBag from /usr/local/lib/python3.9/site-packages/airflow/example_dags/plugins/workday.py
[2022-03-17 20:47:26,806] {processor.py:656} WARNING - No viable dags retrieved from /usr/local/lib/python3.9/site-packages/airflow/example_dags/plugins/workday.py
[2022-03-17 20:47:26,807] {processor.py:171} INFO - Processing /usr/local/lib/python3.9/site-packages/airflow/example_dags/plugins/workday.py took 0.020 seconds
[2022-03-17 20:47:57,113] {processor.py:163} INFO - Started process (PID=434) to work on /usr/local/lib/python3.9/site-packages/airflow/example_dags/plugins/workday.py
[2022-03-17 20:47:57,114] {processor.py:642} INFO - Processing file /usr/local/lib/python3.9/site-packages/airflow/example_dags/plugins/workday.py for tasks to queue
[2022-03-17 20:47:57,115] {logging_mixin.py:109} INFO - [2022-03-17 20:47:57,115] {dagbag.py:500} INFO - Filling up the DagBag from /usr/local/lib/python3.9/site-packages/airflow/example_dags/plugins/workday.py
[2022-03-17 20:47:57,130] {processor.py:656} WARNING - No viable dags retrieved from /usr/local/lib/python3.9/site-packages/airflow/example_dags/plugins/workday.py
[2022-03-17 20:47:57,132] {processor.py:171} INFO - Processing /usr/local/lib/python3.9/site-packages/airflow/example_dags/plugins/workday.py took 0.021 seconds
[2022-03-17 20:48:27,459] {processor.py:163} INFO - Started process (PID=466) to work on /usr/local/lib/python3.9/site-packages/airflow/example_dags/plugins/workday.py
[2022-03-17 20:48:27,459] {processor.py:642} INFO - Processing file /usr/local/lib/python3.9/site-packages/airflow/example_dags/plugins/workday.py for tasks to queue
[2022-03-17 20:48:27,460] {logging_mixin.py:109} INFO - [2022-03-17 20:48:27,459] {dagbag.py:500} INFO - Filling up the DagBag from /usr/local/lib/python3.9/site-packages/airflow/example_dags/plugins/workday.py
[2022-03-17 20:48:27,475] {processor.py:656} WARNING - No viable dags retrieved from /usr/local/lib/python3.9/site-packages/airflow/example_dags/plugins/workday.py
[2022-03-17 20:48:27,477] {processor.py:171} INFO - Processing /usr/local/lib/python3.9/site-packages/airflow/example_dags/plugins/workday.py took 0.021 seconds
[2022-03-17 20:48:57,863] {processor.py:163} INFO - Started process (PID=498) to work on /usr/local/lib/python3.9/site-packages/airflow/example_dags/plugins/workday.py
[2022-03-17 20:48:57,864] {processor.py:642} INFO - Processing file /usr/local/lib/python3.9/site-packages/airflow/example_dags/plugins/workday.py for tasks to queue
[2022-03-17 20:48:57,865] {logging_mixin.py:109} INFO - [2022-03-17 20:48:57,865] {dagbag.py:500} INFO - Filling up the DagBag from /usr/local/lib/python3.9/site-packages/airflow/example_dags/plugins/workday.py
[2022-03-17 20:48:57,883] {processor.py:656} WARNING - No viable dags retrieved from /usr/local/lib/python3.9/site-packages/airflow/example_dags/plugins/workday.py
[2022-03-17 20:48:57,885] {processor.py:171} INFO - Processing /usr/local/lib/python3.9/site-packages/airflow/example_dags/plugins/workday.py took 0.025 seconds
[2022-03-17 20:49:28,129] {processor.py:163} INFO - Started process (PID=530) to work on /usr/local/lib/python3.9/site-packages/airflow/example_dags/plugins/workday.py
[2022-03-17 20:49:28,130] {processor.py:642} INFO - Processing file /usr/local/lib/python3.9/site-packages/airflow/example_dags/plugins/workday.py for tasks to queue
[2022-03-17 20:49:28,130] {logging_mixin.py:109} INFO - [2022-03-17 20:49:28,130] {dagbag.py:500} INFO - Filling up the DagBag from /usr/local/lib/python3.9/site-packages/airflow/example_dags/plugins/workday.py
[2022-03-17 20:49:28,145] {processor.py:656} WARNING - No viable dags retrieved from /usr/local/lib/python3.9/site-packages/airflow/example_dags/plugins/workday.py
[2022-03-17 20:49:28,147] {processor.py:171} INFO - Processing /usr/local/lib/python3.9/site-packages/airflow/example_dags/plugins/workday.py took 0.020 seconds
[2022-03-17 20:49:58,444] {processor.py:163} INFO - Started process (PID=562) to work on /usr/local/lib/python3.9/site-packages/airflow/example_dags/plugins/workday.py
[2022-03-17 20:49:58,445] {processor.py:642} INFO - Processing file /usr/local/lib/python3.9/site-packages/airflow/example_dags/plugins/workday.py for tasks to queue
[2022-03-17 20:49:58,445] {logging_mixin.py:109} INFO - [2022-03-17 20:49:58,445] {dagbag.py:500} INFO - Filling up the DagBag from /usr/local/lib/python3.9/site-packages/airflow/example_dags/plugins/workday.py
[2022-03-17 20:49:58,462] {processor.py:656} WARNING - No viable dags retrieved from /usr/local/lib/python3.9/site-packages/airflow/example_dags/plugins/workday.py
[2022-03-17 20:49:58,464] {processor.py:171} INFO - Processing /usr/local/lib/python3.9/site-packages/airflow/example_dags/plugins/workday.py took 0.023 seconds
[2022-03-17 20:50:28,876] {processor.py:163} INFO - Started process (PID=594) to work on /usr/local/lib/python3.9/site-packages/airflow/example_dags/plugins/workday.py
[2022-03-17 20:50:28,877] {processor.py:642} INFO - Processing file /usr/local/lib/python3.9/site-packages/airflow/example_dags/plugins/workday.py for tasks to queue
[2022-03-17 20:50:28,877] {logging_mixin.py:109} INFO - [2022-03-17 20:50:28,877] {dagbag.py:500} INFO - Filling up the DagBag from /usr/local/lib/python3.9/site-packages/airflow/example_dags/plugins/workday.py
[2022-03-17 20:50:28,892] {processor.py:656} WARNING - No viable dags retrieved from /usr/local/lib/python3.9/site-packages/airflow/example_dags/plugins/workday.py
[2022-03-17 20:50:28,894] {processor.py:171} INFO - Processing /usr/local/lib/python3.9/site-packages/airflow/example_dags/plugins/workday.py took 0.021 seconds
[2022-03-17 20:50:59,226] {processor.py:163} INFO - Started process (PID=626) to work on /usr/local/lib/python3.9/site-packages/airflow/example_dags/plugins/workday.py
[2022-03-17 20:50:59,227] {processor.py:642} INFO - Processing file /usr/local/lib/python3.9/site-packages/airflow/example_dags/plugins/workday.py for tasks to queue
[2022-03-17 20:50:59,228] {logging_mixin.py:109} INFO - [2022-03-17 20:50:59,227] {dagbag.py:500} INFO - Filling up the DagBag from /usr/local/lib/python3.9/site-packages/airflow/example_dags/plugins/workday.py
[2022-03-17 20:50:59,242] {processor.py:656} WARNING - No viable dags retrieved from /usr/local/lib/python3.9/site-packages/airflow/example_dags/plugins/workday.py
[2022-03-17 20:50:59,244] {processor.py:171} INFO - Processing /usr/local/lib/python3.9/site-packages/airflow/example_dags/plugins/workday.py took 0.020 seconds
[2022-03-17 20:51:29,493] {processor.py:163} INFO - Started process (PID=658) to work on /usr/local/lib/python3.9/site-packages/airflow/example_dags/plugins/workday.py
[2022-03-17 20:51:29,493] {processor.py:642} INFO - Processing file /usr/local/lib/python3.9/site-packages/airflow/example_dags/plugins/workday.py for tasks to queue
[2022-03-17 20:51:29,494] {logging_mixin.py:109} INFO - [2022-03-17 20:51:29,494] {dagbag.py:500} INFO - Filling up the DagBag from /usr/local/lib/python3.9/site-packages/airflow/example_dags/plugins/workday.py
[2022-03-17 20:51:29,509] {processor.py:656} WARNING - No viable dags retrieved from /usr/local/lib/python3.9/site-packages/airflow/example_dags/plugins/workday.py
[2022-03-17 20:51:29,511] {processor.py:171} INFO - Processing /usr/local/lib/python3.9/site-packages/airflow/example_dags/plugins/workday.py took 0.021 seconds
[2022-03-17 20:51:59,765] {processor.py:163} INFO - Started process (PID=690) to work on /usr/local/lib/python3.9/site-packages/airflow/example_dags/plugins/workday.py
[2022-03-17 20:51:59,765] {processor.py:642} INFO - Processing file /usr/local/lib/python3.9/site-packages/airflow/example_dags/plugins/workday.py for tasks to queue
[2022-03-17 20:51:59,766] {logging_mixin.py:109} INFO - [2022-03-17 20:51:59,766] {dagbag.py:500} INFO - Filling up the DagBag from /usr/local/lib/python3.9/site-packages/airflow/example_dags/plugins/workday.py
[2022-03-17 20:51:59,781] {processor.py:656} WARNING - No viable dags retrieved from /usr/local/lib/python3.9/site-packages/airflow/example_dags/plugins/workday.py
[2022-03-17 20:51:59,782] {processor.py:171} INFO - Processing /usr/local/lib/python3.9/site-packages/airflow/example_dags/plugins/workday.py took 0.020 seconds
