[2022-03-18 20:03:55,194] {taskinstance.py:1037} INFO - Dependencies all met for <TaskInstance: EL_dag.extract_task manual__2022-03-18T20:03:53.952228+00:00 [queued]>
[2022-03-18 20:03:55,203] {taskinstance.py:1037} INFO - Dependencies all met for <TaskInstance: EL_dag.extract_task manual__2022-03-18T20:03:53.952228+00:00 [queued]>
[2022-03-18 20:03:55,203] {taskinstance.py:1243} INFO - 
--------------------------------------------------------------------------------
[2022-03-18 20:03:55,203] {taskinstance.py:1244} INFO - Starting attempt 1 of 2
[2022-03-18 20:03:55,203] {taskinstance.py:1245} INFO - 
--------------------------------------------------------------------------------
[2022-03-18 20:03:55,212] {taskinstance.py:1264} INFO - Executing <Task(PythonOperator): extract_task> on 2022-03-18 20:03:53.952228+00:00
[2022-03-18 20:03:55,221] {standard_task_runner.py:52} INFO - Started process 185 to run task
[2022-03-18 20:03:55,233] {standard_task_runner.py:76} INFO - Running: ['airflow', 'tasks', 'run', 'EL_dag', 'extract_task', 'manual__2022-03-18T20:03:53.952228+00:00', '--job-id', '2', '--raw', '--subdir', 'DAGS_FOLDER/extract_load_dags.py', '--cfg-path', '/tmp/tmputmk_o70', '--error-file', '/tmp/tmpv50654co']
[2022-03-18 20:03:55,234] {standard_task_runner.py:77} INFO - Job 2: Subtask extract_task
[2022-03-18 20:03:55,438] {logging_mixin.py:109} INFO - Running <TaskInstance: EL_dag.extract_task manual__2022-03-18T20:03:53.952228+00:00 [running]> on host ec95407fa1b2
[2022-03-18 20:03:55,553] {logging_mixin.py:109} WARNING - /usr/local/lib/python3.9/site-packages/airflow/utils/context.py:156 AirflowContextDeprecationWarning: Accessing 'execution_date' from the template is deprecated and will be removed in a future version. Please use 'data_interval_start' or 'logical_date' instead.
[2022-03-18 20:03:55,585] {taskinstance.py:1429} INFO - Exporting the following env vars:
AIRFLOW_CTX_DAG_OWNER=airflow
AIRFLOW_CTX_DAG_ID=EL_dag
AIRFLOW_CTX_TASK_ID=extract_task
AIRFLOW_CTX_EXECUTION_DATE=2022-03-18T20:03:53.952228+00:00
AIRFLOW_CTX_DAG_RUN_ID=manual__2022-03-18T20:03:53.952228+00:00
[2022-03-18 20:03:57,790] {logging_mixin.py:109} INFO - the response is  400
[2022-03-18 20:03:57,791] {python.py:175} INFO - Done. Returned value was: None
[2022-03-18 20:03:57,818] {taskinstance.py:1272} INFO - Marking task as SUCCESS. dag_id=EL_dag, task_id=extract_task, execution_date=20220318T200353, start_date=20220318T200355, end_date=20220318T200357
[2022-03-18 20:03:57,858] {local_task_job.py:154} INFO - Task exited with return code 0
[2022-03-18 20:03:57,886] {local_task_job.py:264} INFO - 0 downstream tasks scheduled from follow-on schedule check
