[2022-03-24 15:46:04,637] {taskinstance.py:1037} INFO - Dependencies all met for <TaskInstance: dbt_dag.model.iowa.general_county_facts manual__2022-03-24T15:40:32.745573+00:00 [queued]>
[2022-03-24 15:46:04,645] {taskinstance.py:1037} INFO - Dependencies all met for <TaskInstance: dbt_dag.model.iowa.general_county_facts manual__2022-03-24T15:40:32.745573+00:00 [queued]>
[2022-03-24 15:46:04,646] {taskinstance.py:1243} INFO - 
--------------------------------------------------------------------------------
[2022-03-24 15:46:04,646] {taskinstance.py:1244} INFO - Starting attempt 1 of 1
[2022-03-24 15:46:04,646] {taskinstance.py:1245} INFO - 
--------------------------------------------------------------------------------
[2022-03-24 15:46:04,655] {taskinstance.py:1264} INFO - Executing <Task(BashOperator): model.iowa.general_county_facts> on 2022-03-24 15:40:32.745573+00:00
[2022-03-24 15:46:04,658] {standard_task_runner.py:52} INFO - Started process 945 to run task
[2022-03-24 15:46:04,661] {standard_task_runner.py:76} INFO - Running: ['airflow', 'tasks', 'run', 'dbt_dag', 'model.iowa.general_county_facts', 'manual__2022-03-24T15:40:32.745573+00:00', '--job-id', '193', '--raw', '--subdir', 'DAGS_FOLDER/transform_dags.py', '--cfg-path', '/tmp/tmpvrok7hnz', '--error-file', '/tmp/tmpjy3uinqe']
[2022-03-24 15:46:04,662] {standard_task_runner.py:77} INFO - Job 193: Subtask model.iowa.general_county_facts
[2022-03-24 15:46:04,726] {logging_mixin.py:109} INFO - Running <TaskInstance: dbt_dag.model.iowa.general_county_facts manual__2022-03-24T15:40:32.745573+00:00 [running]> on host a91ac75a8f43
[2022-03-24 15:46:04,785] {taskinstance.py:1429} INFO - Exporting the following env vars:
AIRFLOW_CTX_DAG_OWNER=airflow
AIRFLOW_CTX_DAG_ID=dbt_dag
AIRFLOW_CTX_TASK_ID=model.iowa.general_county_facts
AIRFLOW_CTX_EXECUTION_DATE=2022-03-24T15:40:32.745573+00:00
AIRFLOW_CTX_DAG_RUN_ID=manual__2022-03-24T15:40:32.745573+00:00
[2022-03-24 15:46:04,786] {subprocess.py:62} INFO - Tmp dir root location: 
 /tmp
[2022-03-24 15:46:04,787] {subprocess.py:74} INFO - Running command: ['bash', '-c', '\n            cd /opt/iowa/dbt/iowa &&\n            dbt --no-write-json run --target dev --models general_county_facts\n            ']
[2022-03-24 15:46:04,792] {subprocess.py:85} INFO - Output:
[2022-03-24 15:46:08,643] {subprocess.py:89} INFO - 15:46:08  Running with dbt=1.0.4
[2022-03-24 15:46:08,712] {subprocess.py:89} INFO - 15:46:08  Found 8 models, 2 tests, 0 snapshots, 0 analyses, 188 macros, 0 operations, 0 seed files, 1 source, 0 exposures, 0 metrics
[2022-03-24 15:46:08,714] {subprocess.py:89} INFO - 15:46:08
[2022-03-24 15:46:17,416] {subprocess.py:89} INFO - 15:46:17  Concurrency: 4 threads (target='dev')
[2022-03-24 15:46:17,416] {subprocess.py:89} INFO - 15:46:17
[2022-03-24 15:46:17,421] {subprocess.py:89} INFO - 15:46:17  1 of 1 START incremental model iowa_staging.general_county_facts................ [RUN]
[2022-03-24 15:46:23,766] {subprocess.py:89} INFO - 15:46:23  1 of 1 OK created incremental model iowa_staging.general_county_facts........... [MERGE (3.0k rows, 1.5 MB processed) in 6.34s]
[2022-03-24 15:46:23,768] {subprocess.py:89} INFO - 15:46:23
[2022-03-24 15:46:23,769] {subprocess.py:89} INFO - 15:46:23  Finished running 1 incremental model in 15.05s.
[2022-03-24 15:46:23,770] {subprocess.py:89} INFO - 15:46:23
[2022-03-24 15:46:23,770] {subprocess.py:89} INFO - 15:46:23  Completed successfully
[2022-03-24 15:46:23,771] {subprocess.py:89} INFO - 15:46:23
[2022-03-24 15:46:23,771] {subprocess.py:89} INFO - 15:46:23  Done. PASS=1 WARN=0 ERROR=0 SKIP=0 TOTAL=1
[2022-03-24 15:46:26,100] {subprocess.py:93} INFO - Command exited with return code 0
[2022-03-24 15:46:26,126] {taskinstance.py:1272} INFO - Marking task as SUCCESS. dag_id=dbt_dag, task_id=model.iowa.general_county_facts, execution_date=20220324T154032, start_date=20220324T154604, end_date=20220324T154626
[2022-03-24 15:46:26,173] {local_task_job.py:154} INFO - Task exited with return code 0
[2022-03-24 15:46:26,201] {local_task_job.py:264} INFO - 1 downstream tasks scheduled from follow-on schedule check
