[2022-03-21 22:03:20,063] {taskinstance.py:1037} INFO - Dependencies all met for <TaskInstance: EL_dag.remove_dataset_task scheduled__2012-01-02T01:00:00+00:00 [queued]>
[2022-03-21 22:03:20,072] {taskinstance.py:1037} INFO - Dependencies all met for <TaskInstance: EL_dag.remove_dataset_task scheduled__2012-01-02T01:00:00+00:00 [queued]>
[2022-03-21 22:03:20,073] {taskinstance.py:1243} INFO - 
--------------------------------------------------------------------------------
[2022-03-21 22:03:20,073] {taskinstance.py:1244} INFO - Starting attempt 2 of 3
[2022-03-21 22:03:20,073] {taskinstance.py:1245} INFO - 
--------------------------------------------------------------------------------
[2022-03-21 22:03:20,087] {taskinstance.py:1264} INFO - Executing <Task(BashOperator): remove_dataset_task> on 2012-01-02 01:00:00+00:00
[2022-03-21 22:03:20,091] {standard_task_runner.py:52} INFO - Started process 3688 to run task
[2022-03-21 22:03:20,094] {standard_task_runner.py:76} INFO - Running: ['airflow', 'tasks', 'run', 'EL_dag', 'remove_dataset_task', 'scheduled__2012-01-02T01:00:00+00:00', '--job-id', '50', '--raw', '--subdir', 'DAGS_FOLDER/extract_load_dags.py', '--cfg-path', '/tmp/tmpucle7h_s', '--error-file', '/tmp/tmp6il0ttuc']
[2022-03-21 22:03:20,095] {standard_task_runner.py:77} INFO - Job 50: Subtask remove_dataset_task
[2022-03-21 22:03:20,237] {logging_mixin.py:109} INFO - Running <TaskInstance: EL_dag.remove_dataset_task scheduled__2012-01-02T01:00:00+00:00 [running]> on host 7fae4c5ec6da
[2022-03-21 22:03:20,281] {logging_mixin.py:109} WARNING - /usr/local/lib/python3.9/site-packages/airflow/utils/context.py:156 AirflowContextDeprecationWarning: Accessing 'execution_date' from the template is deprecated and will be removed in a future version. Please use 'data_interval_start' or 'logical_date' instead.
[2022-03-21 22:03:20,317] {taskinstance.py:1429} INFO - Exporting the following env vars:
AIRFLOW_CTX_DAG_OWNER=airflow
AIRFLOW_CTX_DAG_ID=EL_dag
AIRFLOW_CTX_TASK_ID=remove_dataset_task
AIRFLOW_CTX_EXECUTION_DATE=2012-01-02T01:00:00+00:00
AIRFLOW_CTX_DAG_RUN_ID=scheduled__2012-01-02T01:00:00+00:00
[2022-03-21 22:03:20,317] {subprocess.py:62} INFO - Tmp dir root location: 
 /tmp
[2022-03-21 22:03:20,318] {subprocess.py:74} INFO - Running command: ['bash', '-c', 'rm /opt/iowa/data/data_2012-01.parquet ']
[2022-03-21 22:03:20,325] {subprocess.py:85} INFO - Output:
[2022-03-21 22:03:20,327] {subprocess.py:93} INFO - Command exited with return code 0
[2022-03-21 22:03:20,353] {taskinstance.py:1272} INFO - Marking task as SUCCESS. dag_id=EL_dag, task_id=remove_dataset_task, execution_date=20120102T010000, start_date=20220321T220320, end_date=20220321T220320
[2022-03-21 22:03:20,389] {local_task_job.py:154} INFO - Task exited with return code 0
[2022-03-21 22:03:20,419] {local_task_job.py:264} INFO - 0 downstream tasks scheduled from follow-on schedule check
