[2022-03-24 12:06:30,479] {taskinstance.py:1037} INFO - Dependencies all met for <TaskInstance: dbt_dag.model.iowa.staging_sales manual__2022-03-23T19:14:12.667416+00:00 [queued]>
[2022-03-24 12:06:30,484] {taskinstance.py:1037} INFO - Dependencies all met for <TaskInstance: dbt_dag.model.iowa.staging_sales manual__2022-03-23T19:14:12.667416+00:00 [queued]>
[2022-03-24 12:06:30,484] {taskinstance.py:1243} INFO - 
--------------------------------------------------------------------------------
[2022-03-24 12:06:30,484] {taskinstance.py:1244} INFO - Starting attempt 10 of 10
[2022-03-24 12:06:30,485] {taskinstance.py:1245} INFO - 
--------------------------------------------------------------------------------
[2022-03-24 12:06:30,492] {taskinstance.py:1264} INFO - Executing <Task(BashOperator): model.iowa.staging_sales> on 2022-03-23 19:14:12.667416+00:00
[2022-03-24 12:06:30,493] {standard_task_runner.py:52} INFO - Started process 264 to run task
[2022-03-24 12:06:30,496] {standard_task_runner.py:76} INFO - Running: ['airflow', 'tasks', 'run', 'dbt_dag', 'model.iowa.staging_sales', 'manual__2022-03-23T19:14:12.667416+00:00', '--job-id', '132', '--raw', '--subdir', 'DAGS_FOLDER/transform_dags.py', '--cfg-path', '/tmp/tmpgotpwpsw', '--error-file', '/tmp/tmpxp00ed7g']
[2022-03-24 12:06:30,496] {standard_task_runner.py:77} INFO - Job 132: Subtask model.iowa.staging_sales
[2022-03-24 12:06:30,540] {logging_mixin.py:109} INFO - Running <TaskInstance: dbt_dag.model.iowa.staging_sales manual__2022-03-23T19:14:12.667416+00:00 [running]> on host a91ac75a8f43
[2022-03-24 12:06:30,582] {taskinstance.py:1429} INFO - Exporting the following env vars:
AIRFLOW_CTX_DAG_OWNER=airflow
AIRFLOW_CTX_DAG_ID=dbt_dag
AIRFLOW_CTX_TASK_ID=model.iowa.staging_sales
AIRFLOW_CTX_EXECUTION_DATE=2022-03-23T19:14:12.667416+00:00
AIRFLOW_CTX_DAG_RUN_ID=manual__2022-03-23T19:14:12.667416+00:00
[2022-03-24 12:06:30,583] {subprocess.py:62} INFO - Tmp dir root location: 
 /tmp
[2022-03-24 12:06:30,585] {subprocess.py:74} INFO - Running command: ['bash', '-c', '\n            cd /opt/iowa/dbt/iowa &&\n            dbt --no-write-json run --target dev --models staging_sales\n            ']
[2022-03-24 12:06:30,589] {subprocess.py:85} INFO - Output:
[2022-03-24 12:06:33,203] {subprocess.py:89} INFO - 12:06:33  Running with dbt=1.0.4
[2022-03-24 12:06:33,226] {subprocess.py:89} INFO - 12:06:33  Unable to do partial parsing because config vars, config profile, or config target have changed
[2022-03-24 12:06:33,829] {subprocess.py:89} INFO - 12:06:33  Found 5 models, 0 tests, 0 snapshots, 0 analyses, 188 macros, 0 operations, 0 seed files, 1 source, 0 exposures, 0 metrics
[2022-03-24 12:06:33,831] {subprocess.py:89} INFO - 12:06:33
[2022-03-24 12:06:39,549] {subprocess.py:89} INFO - 12:06:39  Concurrency: 4 threads (target='dev')
[2022-03-24 12:06:39,550] {subprocess.py:89} INFO - 12:06:39
[2022-03-24 12:06:39,554] {subprocess.py:89} INFO - 12:06:39  1 of 1 START view model iowa_staging.staging_sales.............................. [RUN]
[2022-03-24 12:06:43,017] {subprocess.py:89} INFO - 12:06:43  1 of 1 OK created view model iowa_staging.staging_sales......................... [OK in 3.46s]
[2022-03-24 12:06:43,020] {subprocess.py:89} INFO - 12:06:43
[2022-03-24 12:06:43,020] {subprocess.py:89} INFO - 12:06:43  Finished running 1 view model in 9.19s.
[2022-03-24 12:06:43,021] {subprocess.py:89} INFO - 12:06:43
[2022-03-24 12:06:43,022] {subprocess.py:89} INFO - 12:06:43  Completed successfully
[2022-03-24 12:06:43,022] {subprocess.py:89} INFO - 12:06:43
[2022-03-24 12:06:43,022] {subprocess.py:89} INFO - 12:06:43  Done. PASS=1 WARN=0 ERROR=0 SKIP=0 TOTAL=1
[2022-03-24 12:06:45,389] {subprocess.py:93} INFO - Command exited with return code 0
[2022-03-24 12:06:45,414] {taskinstance.py:1272} INFO - Marking task as SUCCESS. dag_id=dbt_dag, task_id=model.iowa.staging_sales, execution_date=20220323T191412, start_date=20220324T120630, end_date=20220324T120645
[2022-03-24 12:06:45,439] {local_task_job.py:154} INFO - Task exited with return code 0
[2022-03-24 12:06:45,473] {local_task_job.py:264} INFO - 4 downstream tasks scheduled from follow-on schedule check
