[2022-03-24 14:38:21,645] {taskinstance.py:1037} INFO - Dependencies all met for <TaskInstance: dbt_dag.model.iowa.staging_sales manual__2022-03-23T19:14:12.667416+00:00 [queued]>
[2022-03-24 14:38:21,650] {taskinstance.py:1037} INFO - Dependencies all met for <TaskInstance: dbt_dag.model.iowa.staging_sales manual__2022-03-23T19:14:12.667416+00:00 [queued]>
[2022-03-24 14:38:21,651] {taskinstance.py:1243} INFO - 
--------------------------------------------------------------------------------
[2022-03-24 14:38:21,651] {taskinstance.py:1244} INFO - Starting attempt 14 of 14
[2022-03-24 14:38:21,651] {taskinstance.py:1245} INFO - 
--------------------------------------------------------------------------------
[2022-03-24 14:38:21,658] {taskinstance.py:1264} INFO - Executing <Task(BashOperator): model.iowa.staging_sales> on 2022-03-23 19:14:12.667416+00:00
[2022-03-24 14:38:21,660] {standard_task_runner.py:52} INFO - Started process 1138 to run task
[2022-03-24 14:38:21,662] {standard_task_runner.py:76} INFO - Running: ['airflow', 'tasks', 'run', 'dbt_dag', 'model.iowa.staging_sales', 'manual__2022-03-23T19:14:12.667416+00:00', '--job-id', '158', '--raw', '--subdir', 'DAGS_FOLDER/transform_dags.py', '--cfg-path', '/tmp/tmpzy47vf_g', '--error-file', '/tmp/tmphmkks3b5']
[2022-03-24 14:38:21,662] {standard_task_runner.py:77} INFO - Job 158: Subtask model.iowa.staging_sales
[2022-03-24 14:38:21,709] {logging_mixin.py:109} INFO - Running <TaskInstance: dbt_dag.model.iowa.staging_sales manual__2022-03-23T19:14:12.667416+00:00 [running]> on host a91ac75a8f43
[2022-03-24 14:38:21,750] {taskinstance.py:1429} INFO - Exporting the following env vars:
AIRFLOW_CTX_DAG_OWNER=airflow
AIRFLOW_CTX_DAG_ID=dbt_dag
AIRFLOW_CTX_TASK_ID=model.iowa.staging_sales
AIRFLOW_CTX_EXECUTION_DATE=2022-03-23T19:14:12.667416+00:00
AIRFLOW_CTX_DAG_RUN_ID=manual__2022-03-23T19:14:12.667416+00:00
[2022-03-24 14:38:21,750] {subprocess.py:62} INFO - Tmp dir root location: 
 /tmp
[2022-03-24 14:38:21,750] {subprocess.py:74} INFO - Running command: ['bash', '-c', '\n            cd /opt/iowa/dbt/iowa &&\n            dbt --no-write-json run --target dev --models staging_sales\n            ']
[2022-03-24 14:38:21,754] {subprocess.py:85} INFO - Output:
[2022-03-24 14:38:24,330] {subprocess.py:89} INFO - 14:38:24  Running with dbt=1.0.4
[2022-03-24 14:38:24,450] {subprocess.py:89} INFO - 14:38:24  Found 5 models, 2 tests, 0 snapshots, 0 analyses, 188 macros, 0 operations, 0 seed files, 1 source, 0 exposures, 0 metrics
[2022-03-24 14:38:24,451] {subprocess.py:89} INFO - 14:38:24
[2022-03-24 14:38:29,377] {subprocess.py:89} INFO - 14:38:29  Concurrency: 4 threads (target='dev')
[2022-03-24 14:38:29,377] {subprocess.py:89} INFO - 14:38:29
[2022-03-24 14:38:29,381] {subprocess.py:89} INFO - 14:38:29  1 of 1 START view model iowa_staging.staging_sales.............................. [RUN]
[2022-03-24 14:38:33,173] {subprocess.py:89} INFO - 14:38:33  1 of 1 OK created view model iowa_staging.staging_sales......................... [OK in 3.79s]
[2022-03-24 14:38:33,175] {subprocess.py:89} INFO - 14:38:33
[2022-03-24 14:38:33,176] {subprocess.py:89} INFO - 14:38:33  Finished running 1 view model in 8.72s.
[2022-03-24 14:38:33,176] {subprocess.py:89} INFO - 14:38:33
[2022-03-24 14:38:33,177] {subprocess.py:89} INFO - 14:38:33  Completed successfully
[2022-03-24 14:38:33,177] {subprocess.py:89} INFO - 14:38:33
[2022-03-24 14:38:33,177] {subprocess.py:89} INFO - 14:38:33  Done. PASS=1 WARN=0 ERROR=0 SKIP=0 TOTAL=1
[2022-03-24 14:38:35,360] {subprocess.py:93} INFO - Command exited with return code 0
[2022-03-24 14:38:35,384] {taskinstance.py:1272} INFO - Marking task as SUCCESS. dag_id=dbt_dag, task_id=model.iowa.staging_sales, execution_date=20220323T191412, start_date=20220324T143821, end_date=20220324T143835
[2022-03-24 14:38:35,402] {local_task_job.py:154} INFO - Task exited with return code 0
[2022-03-24 14:38:35,432] {local_task_job.py:264} INFO - 4 downstream tasks scheduled from follow-on schedule check
