[2022-03-24 15:40:57,290] {taskinstance.py:1037} INFO - Dependencies all met for <TaskInstance: dbt_dag.model.iowa.staging_sales manual__2022-03-23T19:14:12.667416+00:00 [queued]>
[2022-03-24 15:40:57,295] {taskinstance.py:1037} INFO - Dependencies all met for <TaskInstance: dbt_dag.model.iowa.staging_sales manual__2022-03-23T19:14:12.667416+00:00 [queued]>
[2022-03-24 15:40:57,296] {taskinstance.py:1243} INFO - 
--------------------------------------------------------------------------------
[2022-03-24 15:40:57,296] {taskinstance.py:1244} INFO - Starting attempt 15 of 15
[2022-03-24 15:40:57,296] {taskinstance.py:1245} INFO - 
--------------------------------------------------------------------------------
[2022-03-24 15:40:57,303] {taskinstance.py:1264} INFO - Executing <Task(BashOperator): model.iowa.staging_sales> on 2022-03-23 19:14:12.667416+00:00
[2022-03-24 15:40:57,305] {standard_task_runner.py:52} INFO - Started process 254 to run task
[2022-03-24 15:40:57,308] {standard_task_runner.py:76} INFO - Running: ['airflow', 'tasks', 'run', 'dbt_dag', 'model.iowa.staging_sales', 'manual__2022-03-23T19:14:12.667416+00:00', '--job-id', '173', '--raw', '--subdir', 'DAGS_FOLDER/transform_dags.py', '--cfg-path', '/tmp/tmpmg62g0op', '--error-file', '/tmp/tmpqq6lkdty']
[2022-03-24 15:40:57,308] {standard_task_runner.py:77} INFO - Job 173: Subtask model.iowa.staging_sales
[2022-03-24 15:40:57,352] {logging_mixin.py:109} INFO - Running <TaskInstance: dbt_dag.model.iowa.staging_sales manual__2022-03-23T19:14:12.667416+00:00 [running]> on host a91ac75a8f43
[2022-03-24 15:40:57,397] {taskinstance.py:1429} INFO - Exporting the following env vars:
AIRFLOW_CTX_DAG_OWNER=airflow
AIRFLOW_CTX_DAG_ID=dbt_dag
AIRFLOW_CTX_TASK_ID=model.iowa.staging_sales
AIRFLOW_CTX_EXECUTION_DATE=2022-03-23T19:14:12.667416+00:00
AIRFLOW_CTX_DAG_RUN_ID=manual__2022-03-23T19:14:12.667416+00:00
[2022-03-24 15:40:57,398] {subprocess.py:62} INFO - Tmp dir root location: 
 /tmp
[2022-03-24 15:40:57,398] {subprocess.py:74} INFO - Running command: ['bash', '-c', '\n            cd /opt/iowa/dbt/iowa &&\n            dbt --no-write-json run --target dev --models staging_sales\n            ']
[2022-03-24 15:40:57,403] {subprocess.py:85} INFO - Output:
[2022-03-24 15:41:00,082] {subprocess.py:89} INFO - 15:41:00  Running with dbt=1.0.4
[2022-03-24 15:41:00,124] {subprocess.py:89} INFO - 15:41:00  Found 8 models, 2 tests, 0 snapshots, 0 analyses, 188 macros, 0 operations, 0 seed files, 1 source, 0 exposures, 0 metrics
[2022-03-24 15:41:00,125] {subprocess.py:89} INFO - 15:41:00
[2022-03-24 15:41:33,369] {subprocess.py:89} INFO - 15:41:33  Concurrency: 4 threads (target='dev')
[2022-03-24 15:41:33,369] {subprocess.py:89} INFO - 15:41:33
[2022-03-24 15:41:33,376] {subprocess.py:89} INFO - 15:41:33  1 of 1 START view model iowa_staging.staging_sales.............................. [RUN]
[2022-03-24 15:41:38,630] {subprocess.py:89} INFO - 15:41:38  1 of 1 OK created view model iowa_staging.staging_sales......................... [OK in 5.25s]
[2022-03-24 15:41:38,632] {subprocess.py:89} INFO - 15:41:38
[2022-03-24 15:41:38,633] {subprocess.py:89} INFO - 15:41:38  Finished running 1 view model in 38.51s.
[2022-03-24 15:41:38,634] {subprocess.py:89} INFO - 15:41:38
[2022-03-24 15:41:38,634] {subprocess.py:89} INFO - 15:41:38  Completed successfully
[2022-03-24 15:41:38,634] {subprocess.py:89} INFO - 15:41:38
[2022-03-24 15:41:38,635] {subprocess.py:89} INFO - 15:41:38  Done. PASS=1 WARN=0 ERROR=0 SKIP=0 TOTAL=1
[2022-03-24 15:41:44,086] {subprocess.py:93} INFO - Command exited with return code 0
[2022-03-24 15:41:44,110] {taskinstance.py:1272} INFO - Marking task as SUCCESS. dag_id=dbt_dag, task_id=model.iowa.staging_sales, execution_date=20220323T191412, start_date=20220324T154057, end_date=20220324T154144
[2022-03-24 15:41:44,127] {local_task_job.py:154} INFO - Task exited with return code 0
[2022-03-24 15:41:44,163] {local_task_job.py:264} INFO - 5 downstream tasks scheduled from follow-on schedule check
