[2022-03-23 19:20:07,925] {taskinstance.py:1037} INFO - Dependencies all met for <TaskInstance: dbt_dag.model.iowa.staging_sales manual__2022-03-23T19:14:12.667416+00:00 [queued]>
[2022-03-23 19:20:07,934] {taskinstance.py:1037} INFO - Dependencies all met for <TaskInstance: dbt_dag.model.iowa.staging_sales manual__2022-03-23T19:14:12.667416+00:00 [queued]>
[2022-03-23 19:20:07,934] {taskinstance.py:1243} INFO - 
--------------------------------------------------------------------------------
[2022-03-23 19:20:07,934] {taskinstance.py:1244} INFO - Starting attempt 3 of 3
[2022-03-23 19:20:07,934] {taskinstance.py:1245} INFO - 
--------------------------------------------------------------------------------
[2022-03-23 19:20:07,943] {taskinstance.py:1264} INFO - Executing <Task(BashOperator): model.iowa.staging_sales> on 2022-03-23 19:14:12.667416+00:00
[2022-03-23 19:20:07,945] {standard_task_runner.py:52} INFO - Started process 297 to run task
[2022-03-23 19:20:07,947] {standard_task_runner.py:76} INFO - Running: ['airflow', 'tasks', 'run', 'dbt_dag', 'model.iowa.staging_sales', 'manual__2022-03-23T19:14:12.667416+00:00', '--job-id', '102', '--raw', '--subdir', 'DAGS_FOLDER/transform_dags.py', '--cfg-path', '/tmp/tmpnm285gq7', '--error-file', '/tmp/tmpz1v6lf48']
[2022-03-23 19:20:07,948] {standard_task_runner.py:77} INFO - Job 102: Subtask model.iowa.staging_sales
[2022-03-23 19:20:08,005] {logging_mixin.py:109} INFO - Running <TaskInstance: dbt_dag.model.iowa.staging_sales manual__2022-03-23T19:14:12.667416+00:00 [running]> on host 7fae4c5ec6da
[2022-03-23 19:20:08,060] {taskinstance.py:1429} INFO - Exporting the following env vars:
AIRFLOW_CTX_DAG_OWNER=airflow
AIRFLOW_CTX_DAG_ID=dbt_dag
AIRFLOW_CTX_TASK_ID=model.iowa.staging_sales
AIRFLOW_CTX_EXECUTION_DATE=2022-03-23T19:14:12.667416+00:00
AIRFLOW_CTX_DAG_RUN_ID=manual__2022-03-23T19:14:12.667416+00:00
[2022-03-23 19:20:08,060] {subprocess.py:62} INFO - Tmp dir root location: 
 /tmp
[2022-03-23 19:20:08,064] {subprocess.py:74} INFO - Running command: ['bash', '-c', '\n            cd /opt/iowa/dbt/iowa &&\n            dbt --no-write-json run --target prod --models staging_sales\n            ']
[2022-03-23 19:20:08,072] {subprocess.py:85} INFO - Output:
[2022-03-23 19:20:10,695] {subprocess.py:89} INFO - 19:20:10  Running with dbt=1.0.4
[2022-03-23 19:20:10,782] {subprocess.py:89} INFO - 19:20:10  Found 1 model, 0 tests, 0 snapshots, 0 analyses, 188 macros, 0 operations, 0 seed files, 1 source, 0 exposures, 0 metrics
[2022-03-23 19:20:10,783] {subprocess.py:89} INFO - 19:20:10
[2022-03-23 19:20:15,788] {subprocess.py:89} INFO - 19:20:15  Concurrency: 4 threads (target='prod')
[2022-03-23 19:20:15,788] {subprocess.py:89} INFO - 19:20:15
[2022-03-23 19:20:15,792] {subprocess.py:89} INFO - 19:20:15  1 of 1 START view model iowa_prod.staging_sales................................. [RUN]
[2022-03-23 19:20:19,488] {subprocess.py:89} INFO - 19:20:19  1 of 1 OK created view model iowa_prod.staging_sales............................ [OK in 3.70s]
[2022-03-23 19:20:19,491] {subprocess.py:89} INFO - 19:20:19
[2022-03-23 19:20:19,491] {subprocess.py:89} INFO - 19:20:19  Finished running 1 view model in 8.71s.
[2022-03-23 19:20:19,492] {subprocess.py:89} INFO - 19:20:19
[2022-03-23 19:20:19,492] {subprocess.py:89} INFO - 19:20:19  Completed successfully
[2022-03-23 19:20:19,492] {subprocess.py:89} INFO - 19:20:19
[2022-03-23 19:20:19,493] {subprocess.py:89} INFO - 19:20:19  Done. PASS=1 WARN=0 ERROR=0 SKIP=0 TOTAL=1
[2022-03-23 19:20:21,545] {subprocess.py:93} INFO - Command exited with return code 0
[2022-03-23 19:20:21,578] {taskinstance.py:1272} INFO - Marking task as SUCCESS. dag_id=dbt_dag, task_id=model.iowa.staging_sales, execution_date=20220323T191412, start_date=20220323T192007, end_date=20220323T192021
[2022-03-23 19:20:21,595] {local_task_job.py:154} INFO - Task exited with return code 0
[2022-03-23 19:20:21,623] {local_task_job.py:264} INFO - 1 downstream tasks scheduled from follow-on schedule check
