[2022-03-23 20:16:23,806] {taskinstance.py:1037} INFO - Dependencies all met for <TaskInstance: dbt_dag.model.iowa.staging_sales manual__2022-03-23T19:14:12.667416+00:00 [queued]>
[2022-03-23 20:16:23,812] {taskinstance.py:1037} INFO - Dependencies all met for <TaskInstance: dbt_dag.model.iowa.staging_sales manual__2022-03-23T19:14:12.667416+00:00 [queued]>
[2022-03-23 20:16:23,812] {taskinstance.py:1243} INFO - 
--------------------------------------------------------------------------------
[2022-03-23 20:16:23,812] {taskinstance.py:1244} INFO - Starting attempt 4 of 4
[2022-03-23 20:16:23,812] {taskinstance.py:1245} INFO - 
--------------------------------------------------------------------------------
[2022-03-23 20:16:23,821] {taskinstance.py:1264} INFO - Executing <Task(BashOperator): model.iowa.staging_sales> on 2022-03-23 19:14:12.667416+00:00
[2022-03-23 20:16:23,822] {standard_task_runner.py:52} INFO - Started process 312 to run task
[2022-03-23 20:16:23,825] {standard_task_runner.py:76} INFO - Running: ['airflow', 'tasks', 'run', 'dbt_dag', 'model.iowa.staging_sales', 'manual__2022-03-23T19:14:12.667416+00:00', '--job-id', '108', '--raw', '--subdir', 'DAGS_FOLDER/transform_dags.py', '--cfg-path', '/tmp/tmpqhl67f1v', '--error-file', '/tmp/tmpb1gc2li2']
[2022-03-23 20:16:23,826] {standard_task_runner.py:77} INFO - Job 108: Subtask model.iowa.staging_sales
[2022-03-23 20:16:23,869] {logging_mixin.py:109} INFO - Running <TaskInstance: dbt_dag.model.iowa.staging_sales manual__2022-03-23T19:14:12.667416+00:00 [running]> on host a91ac75a8f43
[2022-03-23 20:16:23,912] {taskinstance.py:1429} INFO - Exporting the following env vars:
AIRFLOW_CTX_DAG_OWNER=airflow
AIRFLOW_CTX_DAG_ID=dbt_dag
AIRFLOW_CTX_TASK_ID=model.iowa.staging_sales
AIRFLOW_CTX_EXECUTION_DATE=2022-03-23T19:14:12.667416+00:00
AIRFLOW_CTX_DAG_RUN_ID=manual__2022-03-23T19:14:12.667416+00:00
[2022-03-23 20:16:23,912] {subprocess.py:62} INFO - Tmp dir root location: 
 /tmp
[2022-03-23 20:16:23,913] {subprocess.py:74} INFO - Running command: ['bash', '-c', '\n            cd /opt/iowa/dbt/iowa &&\n            dbt --no-write-json run --target dev --models staging_sales\n            ']
[2022-03-23 20:16:23,917] {subprocess.py:85} INFO - Output:
[2022-03-23 20:16:26,549] {subprocess.py:89} INFO - 20:16:26  Running with dbt=1.0.4
[2022-03-23 20:16:26,571] {subprocess.py:89} INFO - 20:16:26  Unable to do partial parsing because config vars, config profile, or config target have changed
[2022-03-23 20:16:27,165] {subprocess.py:89} INFO - 20:16:27  Found 1 model, 0 tests, 0 snapshots, 0 analyses, 188 macros, 0 operations, 0 seed files, 1 source, 0 exposures, 0 metrics
[2022-03-23 20:16:27,167] {subprocess.py:89} INFO - 20:16:27
[2022-03-23 20:16:34,835] {subprocess.py:89} INFO - 20:16:34  Concurrency: 4 threads (target='dev')
[2022-03-23 20:16:34,836] {subprocess.py:89} INFO - 20:16:34
[2022-03-23 20:16:34,841] {subprocess.py:89} INFO - 20:16:34  1 of 1 START view model iowa_staging.staging_sales.............................. [RUN]
[2022-03-23 20:16:39,301] {subprocess.py:89} INFO - 20:16:39  1 of 1 OK created view model iowa_staging.staging_sales......................... [OK in 4.46s]
[2022-03-23 20:16:39,303] {subprocess.py:89} INFO - 20:16:39
[2022-03-23 20:16:39,304] {subprocess.py:89} INFO - 20:16:39  Finished running 1 view model in 12.14s.
[2022-03-23 20:16:39,304] {subprocess.py:89} INFO - 20:16:39
[2022-03-23 20:16:39,305] {subprocess.py:89} INFO - 20:16:39  Completed successfully
[2022-03-23 20:16:39,305] {subprocess.py:89} INFO - 20:16:39
[2022-03-23 20:16:39,306] {subprocess.py:89} INFO - 20:16:39  Done. PASS=1 WARN=0 ERROR=0 SKIP=0 TOTAL=1
[2022-03-23 20:16:41,118] {subprocess.py:93} INFO - Command exited with return code 0
[2022-03-23 20:16:41,141] {taskinstance.py:1272} INFO - Marking task as SUCCESS. dag_id=dbt_dag, task_id=model.iowa.staging_sales, execution_date=20220323T191412, start_date=20220323T201623, end_date=20220323T201641
[2022-03-23 20:16:41,166] {local_task_job.py:154} INFO - Task exited with return code 0
[2022-03-23 20:16:41,198] {local_task_job.py:264} INFO - 1 downstream tasks scheduled from follow-on schedule check
