[2022-03-23 20:43:46,989] {taskinstance.py:1037} INFO - Dependencies all met for <TaskInstance: dbt_dag.model.iowa.staging_sales manual__2022-03-23T19:14:12.667416+00:00 [queued]>
[2022-03-23 20:43:46,996] {taskinstance.py:1037} INFO - Dependencies all met for <TaskInstance: dbt_dag.model.iowa.staging_sales manual__2022-03-23T19:14:12.667416+00:00 [queued]>
[2022-03-23 20:43:46,996] {taskinstance.py:1243} INFO - 
--------------------------------------------------------------------------------
[2022-03-23 20:43:46,996] {taskinstance.py:1244} INFO - Starting attempt 5 of 5
[2022-03-23 20:43:46,996] {taskinstance.py:1245} INFO - 
--------------------------------------------------------------------------------
[2022-03-23 20:43:47,005] {taskinstance.py:1264} INFO - Executing <Task(BashOperator): model.iowa.staging_sales> on 2022-03-23 19:14:12.667416+00:00
[2022-03-23 20:43:47,006] {standard_task_runner.py:52} INFO - Started process 1528 to run task
[2022-03-23 20:43:47,009] {standard_task_runner.py:76} INFO - Running: ['airflow', 'tasks', 'run', 'dbt_dag', 'model.iowa.staging_sales', 'manual__2022-03-23T19:14:12.667416+00:00', '--job-id', '110', '--raw', '--subdir', 'DAGS_FOLDER/transform_dags.py', '--cfg-path', '/tmp/tmp70gzewir', '--error-file', '/tmp/tmplxx2_zlg']
[2022-03-23 20:43:47,010] {standard_task_runner.py:77} INFO - Job 110: Subtask model.iowa.staging_sales
[2022-03-23 20:43:47,057] {logging_mixin.py:109} INFO - Running <TaskInstance: dbt_dag.model.iowa.staging_sales manual__2022-03-23T19:14:12.667416+00:00 [running]> on host a91ac75a8f43
[2022-03-23 20:43:47,111] {taskinstance.py:1429} INFO - Exporting the following env vars:
AIRFLOW_CTX_DAG_OWNER=airflow
AIRFLOW_CTX_DAG_ID=dbt_dag
AIRFLOW_CTX_TASK_ID=model.iowa.staging_sales
AIRFLOW_CTX_EXECUTION_DATE=2022-03-23T19:14:12.667416+00:00
AIRFLOW_CTX_DAG_RUN_ID=manual__2022-03-23T19:14:12.667416+00:00
[2022-03-23 20:43:47,111] {subprocess.py:62} INFO - Tmp dir root location: 
 /tmp
[2022-03-23 20:43:47,112] {subprocess.py:74} INFO - Running command: ['bash', '-c', '\n            cd /opt/iowa/dbt/iowa &&\n            dbt --no-write-json run --target dev --models staging_sales\n            ']
[2022-03-23 20:43:47,117] {subprocess.py:85} INFO - Output:
[2022-03-23 20:43:49,757] {subprocess.py:89} INFO - 20:43:49  Running with dbt=1.0.4
[2022-03-23 20:43:49,851] {subprocess.py:89} INFO - 20:43:49  Found 2 models, 0 tests, 0 snapshots, 0 analyses, 188 macros, 0 operations, 0 seed files, 1 source, 0 exposures, 0 metrics
[2022-03-23 20:43:49,852] {subprocess.py:89} INFO - 20:43:49
[2022-03-23 20:43:54,995] {subprocess.py:89} INFO - 20:43:54  Concurrency: 4 threads (target='dev')
[2022-03-23 20:43:54,996] {subprocess.py:89} INFO - 20:43:54
[2022-03-23 20:43:55,001] {subprocess.py:89} INFO - 20:43:55  1 of 1 START view model iowa_staging.staging_sales.............................. [RUN]
[2022-03-23 20:43:58,769] {subprocess.py:89} INFO - 20:43:58  1 of 1 OK created view model iowa_staging.staging_sales......................... [OK in 3.77s]
[2022-03-23 20:43:58,771] {subprocess.py:89} INFO - 20:43:58
[2022-03-23 20:43:58,772] {subprocess.py:89} INFO - 20:43:58  Finished running 1 view model in 8.92s.
[2022-03-23 20:43:58,772] {subprocess.py:89} INFO - 20:43:58
[2022-03-23 20:43:58,773] {subprocess.py:89} INFO - 20:43:58  Completed successfully
[2022-03-23 20:43:58,773] {subprocess.py:89} INFO - 20:43:58
[2022-03-23 20:43:58,773] {subprocess.py:89} INFO - 20:43:58  Done. PASS=1 WARN=0 ERROR=0 SKIP=0 TOTAL=1
[2022-03-23 20:44:00,541] {subprocess.py:93} INFO - Command exited with return code 0
[2022-03-23 20:44:00,563] {taskinstance.py:1272} INFO - Marking task as SUCCESS. dag_id=dbt_dag, task_id=model.iowa.staging_sales, execution_date=20220323T191412, start_date=20220323T204346, end_date=20220323T204400
[2022-03-23 20:44:00,576] {local_task_job.py:154} INFO - Task exited with return code 0
[2022-03-23 20:44:00,602] {local_task_job.py:264} INFO - 1 downstream tasks scheduled from follow-on schedule check
