[2022-03-24 10:19:58,080] {taskinstance.py:1037} INFO - Dependencies all met for <TaskInstance: dbt_dag.model.iowa.staging_sales manual__2022-03-23T19:14:12.667416+00:00 [queued]>
[2022-03-24 10:19:58,086] {taskinstance.py:1037} INFO - Dependencies all met for <TaskInstance: dbt_dag.model.iowa.staging_sales manual__2022-03-23T19:14:12.667416+00:00 [queued]>
[2022-03-24 10:19:58,086] {taskinstance.py:1243} INFO - 
--------------------------------------------------------------------------------
[2022-03-24 10:19:58,086] {taskinstance.py:1244} INFO - Starting attempt 6 of 6
[2022-03-24 10:19:58,086] {taskinstance.py:1245} INFO - 
--------------------------------------------------------------------------------
[2022-03-24 10:19:58,094] {taskinstance.py:1264} INFO - Executing <Task(BashOperator): model.iowa.staging_sales> on 2022-03-23 19:14:12.667416+00:00
[2022-03-24 10:19:58,096] {standard_task_runner.py:52} INFO - Started process 203 to run task
[2022-03-24 10:19:58,098] {standard_task_runner.py:76} INFO - Running: ['airflow', 'tasks', 'run', 'dbt_dag', 'model.iowa.staging_sales', 'manual__2022-03-23T19:14:12.667416+00:00', '--job-id', '113', '--raw', '--subdir', 'DAGS_FOLDER/transform_dags.py', '--cfg-path', '/tmp/tmpg9pzovsc', '--error-file', '/tmp/tmpmtc67xz6']
[2022-03-24 10:19:58,098] {standard_task_runner.py:77} INFO - Job 113: Subtask model.iowa.staging_sales
[2022-03-24 10:19:58,142] {logging_mixin.py:109} INFO - Running <TaskInstance: dbt_dag.model.iowa.staging_sales manual__2022-03-23T19:14:12.667416+00:00 [running]> on host a91ac75a8f43
[2022-03-24 10:19:58,193] {taskinstance.py:1429} INFO - Exporting the following env vars:
AIRFLOW_CTX_DAG_OWNER=airflow
AIRFLOW_CTX_DAG_ID=dbt_dag
AIRFLOW_CTX_TASK_ID=model.iowa.staging_sales
AIRFLOW_CTX_EXECUTION_DATE=2022-03-23T19:14:12.667416+00:00
AIRFLOW_CTX_DAG_RUN_ID=manual__2022-03-23T19:14:12.667416+00:00
[2022-03-24 10:19:58,193] {subprocess.py:62} INFO - Tmp dir root location: 
 /tmp
[2022-03-24 10:19:58,194] {subprocess.py:74} INFO - Running command: ['bash', '-c', '\n            cd /opt/iowa/dbt/iowa &&\n            dbt --no-write-json run --target dev --models staging_sales\n            ']
[2022-03-24 10:19:58,199] {subprocess.py:85} INFO - Output:
[2022-03-24 10:20:00,732] {subprocess.py:89} INFO - 10:20:00  Running with dbt=1.0.4
[2022-03-24 10:20:00,753] {subprocess.py:89} INFO - 10:20:00  Unable to do partial parsing because config vars, config profile, or config target have changed
[2022-03-24 10:20:01,375] {subprocess.py:89} INFO - 10:20:01  Found 2 models, 0 tests, 0 snapshots, 0 analyses, 188 macros, 0 operations, 0 seed files, 1 source, 0 exposures, 0 metrics
[2022-03-24 10:20:01,377] {subprocess.py:89} INFO - 10:20:01
[2022-03-24 10:20:06,419] {subprocess.py:89} INFO - 10:20:06  Concurrency: 4 threads (target='dev')
[2022-03-24 10:20:06,420] {subprocess.py:89} INFO - 10:20:06
[2022-03-24 10:20:06,425] {subprocess.py:89} INFO - 10:20:06  1 of 1 START view model iowa_staging.staging_sales.............................. [RUN]
[2022-03-24 10:20:11,835] {subprocess.py:89} INFO - 10:20:11  1 of 1 OK created view model iowa_staging.staging_sales......................... [OK in 5.41s]
[2022-03-24 10:20:11,838] {subprocess.py:89} INFO - 10:20:11
[2022-03-24 10:20:11,838] {subprocess.py:89} INFO - 10:20:11  Finished running 1 view model in 10.46s.
[2022-03-24 10:20:11,839] {subprocess.py:89} INFO - 10:20:11
[2022-03-24 10:20:11,839] {subprocess.py:89} INFO - 10:20:11  Completed successfully
[2022-03-24 10:20:11,840] {subprocess.py:89} INFO - 10:20:11
[2022-03-24 10:20:11,840] {subprocess.py:89} INFO - 10:20:11  Done. PASS=1 WARN=0 ERROR=0 SKIP=0 TOTAL=1
[2022-03-24 10:20:14,384] {subprocess.py:93} INFO - Command exited with return code 0
[2022-03-24 10:20:14,405] {taskinstance.py:1272} INFO - Marking task as SUCCESS. dag_id=dbt_dag, task_id=model.iowa.staging_sales, execution_date=20220323T191412, start_date=20220324T101958, end_date=20220324T102014
[2022-03-24 10:20:14,427] {local_task_job.py:154} INFO - Task exited with return code 0
[2022-03-24 10:20:14,456] {local_task_job.py:264} INFO - 1 downstream tasks scheduled from follow-on schedule check
