[2022-03-24 10:38:40,392] {taskinstance.py:1037} INFO - Dependencies all met for <TaskInstance: dbt_dag.model.iowa.staging_sales manual__2022-03-23T19:14:12.667416+00:00 [queued]>
[2022-03-24 10:38:40,399] {taskinstance.py:1037} INFO - Dependencies all met for <TaskInstance: dbt_dag.model.iowa.staging_sales manual__2022-03-23T19:14:12.667416+00:00 [queued]>
[2022-03-24 10:38:40,399] {taskinstance.py:1243} INFO - 
--------------------------------------------------------------------------------
[2022-03-24 10:38:40,399] {taskinstance.py:1244} INFO - Starting attempt 8 of 8
[2022-03-24 10:38:40,399] {taskinstance.py:1245} INFO - 
--------------------------------------------------------------------------------
[2022-03-24 10:38:40,408] {taskinstance.py:1264} INFO - Executing <Task(BashOperator): model.iowa.staging_sales> on 2022-03-23 19:14:12.667416+00:00
[2022-03-24 10:38:40,410] {standard_task_runner.py:52} INFO - Started process 870 to run task
[2022-03-24 10:38:40,412] {standard_task_runner.py:76} INFO - Running: ['airflow', 'tasks', 'run', 'dbt_dag', 'model.iowa.staging_sales', 'manual__2022-03-23T19:14:12.667416+00:00', '--job-id', '118', '--raw', '--subdir', 'DAGS_FOLDER/transform_dags.py', '--cfg-path', '/tmp/tmp_6zgzyvr', '--error-file', '/tmp/tmpvzy9ph3n']
[2022-03-24 10:38:40,413] {standard_task_runner.py:77} INFO - Job 118: Subtask model.iowa.staging_sales
[2022-03-24 10:38:40,461] {logging_mixin.py:109} INFO - Running <TaskInstance: dbt_dag.model.iowa.staging_sales manual__2022-03-23T19:14:12.667416+00:00 [running]> on host a91ac75a8f43
[2022-03-24 10:38:40,505] {taskinstance.py:1429} INFO - Exporting the following env vars:
AIRFLOW_CTX_DAG_OWNER=airflow
AIRFLOW_CTX_DAG_ID=dbt_dag
AIRFLOW_CTX_TASK_ID=model.iowa.staging_sales
AIRFLOW_CTX_EXECUTION_DATE=2022-03-23T19:14:12.667416+00:00
AIRFLOW_CTX_DAG_RUN_ID=manual__2022-03-23T19:14:12.667416+00:00
[2022-03-24 10:38:40,505] {subprocess.py:62} INFO - Tmp dir root location: 
 /tmp
[2022-03-24 10:38:40,506] {subprocess.py:74} INFO - Running command: ['bash', '-c', '\n            cd /opt/iowa/dbt/iowa &&\n            dbt --no-write-json run --target dev --models staging_sales\n            ']
[2022-03-24 10:38:40,509] {subprocess.py:85} INFO - Output:
[2022-03-24 10:38:43,054] {subprocess.py:89} INFO - 10:38:43  Running with dbt=1.0.4
[2022-03-24 10:38:43,090] {subprocess.py:89} INFO - 10:38:43  Found 2 models, 0 tests, 0 snapshots, 0 analyses, 188 macros, 0 operations, 0 seed files, 1 source, 0 exposures, 0 metrics
[2022-03-24 10:38:43,091] {subprocess.py:89} INFO - 10:38:43
[2022-03-24 10:38:49,766] {subprocess.py:89} INFO - 10:38:49  Concurrency: 4 threads (target='dev')
[2022-03-24 10:38:49,766] {subprocess.py:89} INFO - 10:38:49
[2022-03-24 10:38:49,770] {subprocess.py:89} INFO - 10:38:49  1 of 1 START view model iowa_staging.staging_sales.............................. [RUN]
[2022-03-24 10:38:56,033] {subprocess.py:89} INFO - 10:38:56  1 of 1 OK created view model iowa_staging.staging_sales......................... [OK in 6.26s]
[2022-03-24 10:38:56,036] {subprocess.py:89} INFO - 10:38:56
[2022-03-24 10:38:56,036] {subprocess.py:89} INFO - 10:38:56  Finished running 1 view model in 12.94s.
[2022-03-24 10:38:56,037] {subprocess.py:89} INFO - 10:38:56
[2022-03-24 10:38:56,038] {subprocess.py:89} INFO - 10:38:56  Completed successfully
[2022-03-24 10:38:56,038] {subprocess.py:89} INFO - 10:38:56
[2022-03-24 10:38:56,038] {subprocess.py:89} INFO - 10:38:56  Done. PASS=1 WARN=0 ERROR=0 SKIP=0 TOTAL=1
[2022-03-24 10:38:59,531] {subprocess.py:93} INFO - Command exited with return code 0
[2022-03-24 10:38:59,556] {taskinstance.py:1272} INFO - Marking task as SUCCESS. dag_id=dbt_dag, task_id=model.iowa.staging_sales, execution_date=20220323T191412, start_date=20220324T103840, end_date=20220324T103859
[2022-03-24 10:38:59,604] {local_task_job.py:154} INFO - Task exited with return code 0
[2022-03-24 10:38:59,669] {local_task_job.py:264} INFO - 1 downstream tasks scheduled from follow-on schedule check
