[2022-03-24 11:13:03,429] {taskinstance.py:1037} INFO - Dependencies all met for <TaskInstance: dbt_dag.model.iowa.staging_sales manual__2022-03-23T19:14:12.667416+00:00 [queued]>
[2022-03-24 11:13:03,437] {taskinstance.py:1037} INFO - Dependencies all met for <TaskInstance: dbt_dag.model.iowa.staging_sales manual__2022-03-23T19:14:12.667416+00:00 [queued]>
[2022-03-24 11:13:03,437] {taskinstance.py:1243} INFO - 
--------------------------------------------------------------------------------
[2022-03-24 11:13:03,437] {taskinstance.py:1244} INFO - Starting attempt 9 of 9
[2022-03-24 11:13:03,437] {taskinstance.py:1245} INFO - 
--------------------------------------------------------------------------------
[2022-03-24 11:13:03,445] {taskinstance.py:1264} INFO - Executing <Task(BashOperator): model.iowa.staging_sales> on 2022-03-23 19:14:12.667416+00:00
[2022-03-24 11:13:03,447] {standard_task_runner.py:52} INFO - Started process 269 to run task
[2022-03-24 11:13:03,450] {standard_task_runner.py:76} INFO - Running: ['airflow', 'tasks', 'run', 'dbt_dag', 'model.iowa.staging_sales', 'manual__2022-03-23T19:14:12.667416+00:00', '--job-id', '123', '--raw', '--subdir', 'DAGS_FOLDER/transform_dags.py', '--cfg-path', '/tmp/tmpgnqrigkx', '--error-file', '/tmp/tmps6l1sqon']
[2022-03-24 11:13:03,450] {standard_task_runner.py:77} INFO - Job 123: Subtask model.iowa.staging_sales
[2022-03-24 11:13:03,498] {logging_mixin.py:109} INFO - Running <TaskInstance: dbt_dag.model.iowa.staging_sales manual__2022-03-23T19:14:12.667416+00:00 [running]> on host a91ac75a8f43
[2022-03-24 11:13:03,539] {taskinstance.py:1429} INFO - Exporting the following env vars:
AIRFLOW_CTX_DAG_OWNER=airflow
AIRFLOW_CTX_DAG_ID=dbt_dag
AIRFLOW_CTX_TASK_ID=model.iowa.staging_sales
AIRFLOW_CTX_EXECUTION_DATE=2022-03-23T19:14:12.667416+00:00
AIRFLOW_CTX_DAG_RUN_ID=manual__2022-03-23T19:14:12.667416+00:00
[2022-03-24 11:13:03,539] {subprocess.py:62} INFO - Tmp dir root location: 
 /tmp
[2022-03-24 11:13:03,540] {subprocess.py:74} INFO - Running command: ['bash', '-c', '\n            cd /opt/iowa/dbt/iowa &&\n            dbt --no-write-json run --target dev --models staging_sales\n            ']
[2022-03-24 11:13:03,544] {subprocess.py:85} INFO - Output:
[2022-03-24 11:13:06,043] {subprocess.py:89} INFO - 11:13:06  Running with dbt=1.0.4
[2022-03-24 11:13:06,068] {subprocess.py:89} INFO - 11:13:06  Unable to do partial parsing because config vars, config profile, or config target have changed
[2022-03-24 11:13:06,655] {subprocess.py:89} INFO - 11:13:06  Found 4 models, 0 tests, 0 snapshots, 0 analyses, 188 macros, 0 operations, 0 seed files, 1 source, 0 exposures, 0 metrics
[2022-03-24 11:13:06,656] {subprocess.py:89} INFO - 11:13:06
[2022-03-24 11:13:11,412] {subprocess.py:89} INFO - 11:13:11  Concurrency: 4 threads (target='dev')
[2022-03-24 11:13:11,413] {subprocess.py:89} INFO - 11:13:11
[2022-03-24 11:13:11,416] {subprocess.py:89} INFO - 11:13:11  1 of 1 START view model iowa_staging.staging_sales.............................. [RUN]
[2022-03-24 11:13:14,466] {subprocess.py:89} INFO - 11:13:14  1 of 1 OK created view model iowa_staging.staging_sales......................... [OK in 3.05s]
[2022-03-24 11:13:14,469] {subprocess.py:89} INFO - 11:13:14
[2022-03-24 11:13:14,469] {subprocess.py:89} INFO - 11:13:14  Finished running 1 view model in 7.81s.
[2022-03-24 11:13:14,470] {subprocess.py:89} INFO - 11:13:14
[2022-03-24 11:13:14,470] {subprocess.py:89} INFO - 11:13:14  Completed successfully
[2022-03-24 11:13:14,471] {subprocess.py:89} INFO - 11:13:14
[2022-03-24 11:13:14,471] {subprocess.py:89} INFO - 11:13:14  Done. PASS=1 WARN=0 ERROR=0 SKIP=0 TOTAL=1
[2022-03-24 11:13:16,657] {subprocess.py:93} INFO - Command exited with return code 0
[2022-03-24 11:13:16,678] {taskinstance.py:1272} INFO - Marking task as SUCCESS. dag_id=dbt_dag, task_id=model.iowa.staging_sales, execution_date=20220323T191412, start_date=20220324T111303, end_date=20220324T111316
[2022-03-24 11:13:16,705] {local_task_job.py:154} INFO - Task exited with return code 0
[2022-03-24 11:13:16,736] {local_task_job.py:264} INFO - 4 downstream tasks scheduled from follow-on schedule check
