[2022-03-24 10:39:01,468] {taskinstance.py:1037} INFO - Dependencies all met for <TaskInstance: dbt_dag.model.iowa.general_facts manual__2022-03-23T19:14:12.667416+00:00 [queued]>
[2022-03-24 10:39:01,475] {taskinstance.py:1037} INFO - Dependencies all met for <TaskInstance: dbt_dag.model.iowa.general_facts manual__2022-03-23T19:14:12.667416+00:00 [queued]>
[2022-03-24 10:39:01,476] {taskinstance.py:1243} INFO - 
--------------------------------------------------------------------------------
[2022-03-24 10:39:01,476] {taskinstance.py:1244} INFO - Starting attempt 1 of 1
[2022-03-24 10:39:01,476] {taskinstance.py:1245} INFO - 
--------------------------------------------------------------------------------
[2022-03-24 10:39:01,484] {taskinstance.py:1264} INFO - Executing <Task(BashOperator): model.iowa.general_facts> on 2022-03-23 19:14:12.667416+00:00
[2022-03-24 10:39:01,486] {standard_task_runner.py:52} INFO - Started process 906 to run task
[2022-03-24 10:39:01,488] {standard_task_runner.py:76} INFO - Running: ['airflow', 'tasks', 'run', 'dbt_dag', 'model.iowa.general_facts', 'manual__2022-03-23T19:14:12.667416+00:00', '--job-id', '120', '--raw', '--subdir', 'DAGS_FOLDER/transform_dags.py', '--cfg-path', '/tmp/tmp1rrtumj_', '--error-file', '/tmp/tmp4g26_1cj']
[2022-03-24 10:39:01,489] {standard_task_runner.py:77} INFO - Job 120: Subtask model.iowa.general_facts
[2022-03-24 10:39:01,536] {logging_mixin.py:109} INFO - Running <TaskInstance: dbt_dag.model.iowa.general_facts manual__2022-03-23T19:14:12.667416+00:00 [running]> on host a91ac75a8f43
[2022-03-24 10:39:01,583] {taskinstance.py:1429} INFO - Exporting the following env vars:
AIRFLOW_CTX_DAG_OWNER=airflow
AIRFLOW_CTX_DAG_ID=dbt_dag
AIRFLOW_CTX_TASK_ID=model.iowa.general_facts
AIRFLOW_CTX_EXECUTION_DATE=2022-03-23T19:14:12.667416+00:00
AIRFLOW_CTX_DAG_RUN_ID=manual__2022-03-23T19:14:12.667416+00:00
[2022-03-24 10:39:01,583] {subprocess.py:62} INFO - Tmp dir root location: 
 /tmp
[2022-03-24 10:39:01,584] {subprocess.py:74} INFO - Running command: ['bash', '-c', '\n            cd /opt/iowa/dbt/iowa &&\n            dbt --no-write-json run --target dev --models general_facts\n            ']
[2022-03-24 10:39:01,588] {subprocess.py:85} INFO - Output:
[2022-03-24 10:39:04,431] {subprocess.py:89} INFO - 10:39:04  Running with dbt=1.0.4
[2022-03-24 10:39:04,470] {subprocess.py:89} INFO - 10:39:04  Found 2 models, 0 tests, 0 snapshots, 0 analyses, 188 macros, 0 operations, 0 seed files, 1 source, 0 exposures, 0 metrics
[2022-03-24 10:39:04,472] {subprocess.py:89} INFO - 10:39:04
[2022-03-24 10:39:12,125] {subprocess.py:89} INFO - 10:39:12  Concurrency: 4 threads (target='dev')
[2022-03-24 10:39:12,125] {subprocess.py:89} INFO - 10:39:12
[2022-03-24 10:39:12,129] {subprocess.py:89} INFO - 10:39:12  1 of 1 START incremental model iowa_staging.general_facts....................... [RUN]
[2022-03-24 10:39:18,472] {subprocess.py:89} INFO - 10:39:18  1 of 1 OK created incremental model iowa_staging.general_facts.................. [CREATE TABLE (3.0k rows, 647.3 KB processed) in 6.34s]
[2022-03-24 10:39:18,474] {subprocess.py:89} INFO - 10:39:18
[2022-03-24 10:39:18,475] {subprocess.py:89} INFO - 10:39:18  Finished running 1 incremental model in 14.00s.
[2022-03-24 10:39:18,476] {subprocess.py:89} INFO - 10:39:18
[2022-03-24 10:39:18,476] {subprocess.py:89} INFO - 10:39:18  Completed successfully
[2022-03-24 10:39:18,477] {subprocess.py:89} INFO - 10:39:18
[2022-03-24 10:39:18,477] {subprocess.py:89} INFO - 10:39:18  Done. PASS=1 WARN=0 ERROR=0 SKIP=0 TOTAL=1
[2022-03-24 10:39:23,455] {subprocess.py:93} INFO - Command exited with return code 0
[2022-03-24 10:39:23,477] {taskinstance.py:1272} INFO - Marking task as SUCCESS. dag_id=dbt_dag, task_id=model.iowa.general_facts, execution_date=20220323T191412, start_date=20220324T103901, end_date=20220324T103923
[2022-03-24 10:39:23,493] {local_task_job.py:154} INFO - Task exited with return code 0
[2022-03-24 10:39:23,517] {local_task_job.py:264} INFO - 1 downstream tasks scheduled from follow-on schedule check
