[2022-03-24 15:41:44,926] {taskinstance.py:1037} INFO - Dependencies all met for <TaskInstance: dbt_dag.model.iowa.general_facts manual__2022-03-23T19:14:12.667416+00:00 [queued]>
[2022-03-24 15:41:44,934] {taskinstance.py:1037} INFO - Dependencies all met for <TaskInstance: dbt_dag.model.iowa.general_facts manual__2022-03-23T19:14:12.667416+00:00 [queued]>
[2022-03-24 15:41:44,934] {taskinstance.py:1243} INFO - 
--------------------------------------------------------------------------------
[2022-03-24 15:41:44,934] {taskinstance.py:1244} INFO - Starting attempt 10 of 10
[2022-03-24 15:41:44,934] {taskinstance.py:1245} INFO - 
--------------------------------------------------------------------------------
[2022-03-24 15:41:44,942] {taskinstance.py:1264} INFO - Executing <Task(BashOperator): model.iowa.general_facts> on 2022-03-23 19:14:12.667416+00:00
[2022-03-24 15:41:44,944] {standard_task_runner.py:52} INFO - Started process 329 to run task
[2022-03-24 15:41:44,947] {standard_task_runner.py:76} INFO - Running: ['airflow', 'tasks', 'run', 'dbt_dag', 'model.iowa.general_facts', 'manual__2022-03-23T19:14:12.667416+00:00', '--job-id', '175', '--raw', '--subdir', 'DAGS_FOLDER/transform_dags.py', '--cfg-path', '/tmp/tmp395ue280', '--error-file', '/tmp/tmpfwcco_rv']
[2022-03-24 15:41:44,948] {standard_task_runner.py:77} INFO - Job 175: Subtask model.iowa.general_facts
[2022-03-24 15:41:44,999] {logging_mixin.py:109} INFO - Running <TaskInstance: dbt_dag.model.iowa.general_facts manual__2022-03-23T19:14:12.667416+00:00 [running]> on host a91ac75a8f43
[2022-03-24 15:41:45,043] {taskinstance.py:1429} INFO - Exporting the following env vars:
AIRFLOW_CTX_DAG_OWNER=airflow
AIRFLOW_CTX_DAG_ID=dbt_dag
AIRFLOW_CTX_TASK_ID=model.iowa.general_facts
AIRFLOW_CTX_EXECUTION_DATE=2022-03-23T19:14:12.667416+00:00
AIRFLOW_CTX_DAG_RUN_ID=manual__2022-03-23T19:14:12.667416+00:00
[2022-03-24 15:41:45,044] {subprocess.py:62} INFO - Tmp dir root location: 
 /tmp
[2022-03-24 15:41:45,044] {subprocess.py:74} INFO - Running command: ['bash', '-c', '\n            cd /opt/iowa/dbt/iowa &&\n            dbt --no-write-json run --target dev --models general_facts\n            ']
[2022-03-24 15:41:45,049] {subprocess.py:85} INFO - Output:
[2022-03-24 15:41:48,990] {subprocess.py:89} INFO - 15:41:48  Running with dbt=1.0.4
[2022-03-24 15:41:49,040] {subprocess.py:89} INFO - 15:41:49  Found 8 models, 2 tests, 0 snapshots, 0 analyses, 188 macros, 0 operations, 0 seed files, 1 source, 0 exposures, 0 metrics
[2022-03-24 15:41:49,042] {subprocess.py:89} INFO - 15:41:49
[2022-03-24 15:42:16,358] {subprocess.py:89} INFO - 15:42:16  Concurrency: 4 threads (target='dev')
[2022-03-24 15:42:16,359] {subprocess.py:89} INFO - 15:42:16
[2022-03-24 15:42:16,363] {subprocess.py:89} INFO - 15:42:16  1 of 1 START incremental model iowa_staging.general_facts....................... [RUN]
[2022-03-24 15:42:26,851] {subprocess.py:89} INFO - 15:42:26  1 of 1 OK created incremental model iowa_staging.general_facts.................. [MERGE (3.0k rows, 1.5 MB processed) in 10.49s]
[2022-03-24 15:42:26,854] {subprocess.py:89} INFO - 15:42:26
[2022-03-24 15:42:26,855] {subprocess.py:89} INFO - 15:42:26  Finished running 1 incremental model in 37.81s.
[2022-03-24 15:42:26,856] {subprocess.py:89} INFO - 15:42:26
[2022-03-24 15:42:26,856] {subprocess.py:89} INFO - 15:42:26  Completed successfully
[2022-03-24 15:42:26,857] {subprocess.py:89} INFO - 15:42:26
[2022-03-24 15:42:26,857] {subprocess.py:89} INFO - 15:42:26  Done. PASS=1 WARN=0 ERROR=0 SKIP=0 TOTAL=1
[2022-03-24 15:42:29,296] {subprocess.py:93} INFO - Command exited with return code 0
[2022-03-24 15:42:29,329] {taskinstance.py:1272} INFO - Marking task as SUCCESS. dag_id=dbt_dag, task_id=model.iowa.general_facts, execution_date=20220323T191412, start_date=20220324T154144, end_date=20220324T154229
[2022-03-24 15:42:29,364] {local_task_job.py:154} INFO - Task exited with return code 0
[2022-03-24 15:42:29,402] {local_task_job.py:264} INFO - 4 downstream tasks scheduled from follow-on schedule check
