[2022-03-24 11:13:17,558] {taskinstance.py:1037} INFO - Dependencies all met for <TaskInstance: dbt_dag.model.iowa.general_facts manual__2022-03-23T19:14:12.667416+00:00 [queued]>
[2022-03-24 11:13:17,564] {taskinstance.py:1037} INFO - Dependencies all met for <TaskInstance: dbt_dag.model.iowa.general_facts manual__2022-03-23T19:14:12.667416+00:00 [queued]>
[2022-03-24 11:13:17,565] {taskinstance.py:1243} INFO - 
--------------------------------------------------------------------------------
[2022-03-24 11:13:17,565] {taskinstance.py:1244} INFO - Starting attempt 2 of 2
[2022-03-24 11:13:17,565] {taskinstance.py:1245} INFO - 
--------------------------------------------------------------------------------
[2022-03-24 11:13:17,572] {taskinstance.py:1264} INFO - Executing <Task(BashOperator): model.iowa.general_facts> on 2022-03-23 19:14:12.667416+00:00
[2022-03-24 11:13:17,574] {standard_task_runner.py:52} INFO - Started process 300 to run task
[2022-03-24 11:13:17,577] {standard_task_runner.py:76} INFO - Running: ['airflow', 'tasks', 'run', 'dbt_dag', 'model.iowa.general_facts', 'manual__2022-03-23T19:14:12.667416+00:00', '--job-id', '124', '--raw', '--subdir', 'DAGS_FOLDER/transform_dags.py', '--cfg-path', '/tmp/tmpc42kr665', '--error-file', '/tmp/tmpp1y5ecap']
[2022-03-24 11:13:17,577] {standard_task_runner.py:77} INFO - Job 124: Subtask model.iowa.general_facts
[2022-03-24 11:13:17,629] {logging_mixin.py:109} INFO - Running <TaskInstance: dbt_dag.model.iowa.general_facts manual__2022-03-23T19:14:12.667416+00:00 [running]> on host a91ac75a8f43
[2022-03-24 11:13:17,680] {taskinstance.py:1429} INFO - Exporting the following env vars:
AIRFLOW_CTX_DAG_OWNER=airflow
AIRFLOW_CTX_DAG_ID=dbt_dag
AIRFLOW_CTX_TASK_ID=model.iowa.general_facts
AIRFLOW_CTX_EXECUTION_DATE=2022-03-23T19:14:12.667416+00:00
AIRFLOW_CTX_DAG_RUN_ID=manual__2022-03-23T19:14:12.667416+00:00
[2022-03-24 11:13:17,681] {subprocess.py:62} INFO - Tmp dir root location: 
 /tmp
[2022-03-24 11:13:17,682] {subprocess.py:74} INFO - Running command: ['bash', '-c', '\n            cd /opt/iowa/dbt/iowa &&\n            dbt --no-write-json run --target dev --models general_facts\n            ']
[2022-03-24 11:13:17,687] {subprocess.py:85} INFO - Output:
[2022-03-24 11:13:21,580] {subprocess.py:89} INFO - 11:13:21  Running with dbt=1.0.4
[2022-03-24 11:13:21,817] {subprocess.py:89} INFO - 11:13:21  Found 4 models, 0 tests, 0 snapshots, 0 analyses, 188 macros, 0 operations, 0 seed files, 1 source, 0 exposures, 0 metrics
[2022-03-24 11:13:21,818] {subprocess.py:89} INFO - 11:13:21
[2022-03-24 11:13:26,332] {subprocess.py:89} INFO - 11:13:26  Concurrency: 4 threads (target='dev')
[2022-03-24 11:13:26,332] {subprocess.py:89} INFO - 11:13:26
[2022-03-24 11:13:26,337] {subprocess.py:89} INFO - 11:13:26  1 of 1 START incremental model iowa_staging.general_facts....................... [RUN]
[2022-03-24 11:13:31,768] {subprocess.py:89} INFO - 11:13:31  1 of 1 OK created incremental model iowa_staging.general_facts.................. [MERGE (3.0k rows, 647.3 KB processed) in 5.43s]
[2022-03-24 11:13:31,771] {subprocess.py:89} INFO - 11:13:31
[2022-03-24 11:13:31,771] {subprocess.py:89} INFO - 11:13:31  Finished running 1 incremental model in 9.95s.
[2022-03-24 11:13:31,772] {subprocess.py:89} INFO - 11:13:31
[2022-03-24 11:13:31,772] {subprocess.py:89} INFO - 11:13:31  Completed successfully
[2022-03-24 11:13:31,773] {subprocess.py:89} INFO - 11:13:31
[2022-03-24 11:13:31,773] {subprocess.py:89} INFO - 11:13:31  Done. PASS=1 WARN=0 ERROR=0 SKIP=0 TOTAL=1
[2022-03-24 11:13:33,243] {subprocess.py:93} INFO - Command exited with return code 0
[2022-03-24 11:13:33,266] {taskinstance.py:1272} INFO - Marking task as SUCCESS. dag_id=dbt_dag, task_id=model.iowa.general_facts, execution_date=20220323T191412, start_date=20220324T111317, end_date=20220324T111333
[2022-03-24 11:13:33,295] {local_task_job.py:154} INFO - Task exited with return code 0
[2022-03-24 11:13:33,323] {local_task_job.py:264} INFO - 1 downstream tasks scheduled from follow-on schedule check
