[2022-03-24 12:10:25,502] {taskinstance.py:1037} INFO - Dependencies all met for <TaskInstance: dbt_dag.model.iowa.general_facts manual__2022-03-23T19:14:12.667416+00:00 [queued]>
[2022-03-24 12:10:25,508] {taskinstance.py:1037} INFO - Dependencies all met for <TaskInstance: dbt_dag.model.iowa.general_facts manual__2022-03-23T19:14:12.667416+00:00 [queued]>
[2022-03-24 12:10:25,509] {taskinstance.py:1243} INFO - 
--------------------------------------------------------------------------------
[2022-03-24 12:10:25,509] {taskinstance.py:1244} INFO - Starting attempt 5 of 5
[2022-03-24 12:10:25,509] {taskinstance.py:1245} INFO - 
--------------------------------------------------------------------------------
[2022-03-24 12:10:25,516] {taskinstance.py:1264} INFO - Executing <Task(BashOperator): model.iowa.general_facts> on 2022-03-23 19:14:12.667416+00:00
[2022-03-24 12:10:25,518] {standard_task_runner.py:52} INFO - Started process 681 to run task
[2022-03-24 12:10:25,521] {standard_task_runner.py:76} INFO - Running: ['airflow', 'tasks', 'run', 'dbt_dag', 'model.iowa.general_facts', 'manual__2022-03-23T19:14:12.667416+00:00', '--job-id', '142', '--raw', '--subdir', 'DAGS_FOLDER/transform_dags.py', '--cfg-path', '/tmp/tmp5af9yww7', '--error-file', '/tmp/tmpkg9a4z4z']
[2022-03-24 12:10:25,522] {standard_task_runner.py:77} INFO - Job 142: Subtask model.iowa.general_facts
[2022-03-24 12:10:25,567] {logging_mixin.py:109} INFO - Running <TaskInstance: dbt_dag.model.iowa.general_facts manual__2022-03-23T19:14:12.667416+00:00 [running]> on host a91ac75a8f43
[2022-03-24 12:10:25,609] {taskinstance.py:1429} INFO - Exporting the following env vars:
AIRFLOW_CTX_DAG_OWNER=airflow
AIRFLOW_CTX_DAG_ID=dbt_dag
AIRFLOW_CTX_TASK_ID=model.iowa.general_facts
AIRFLOW_CTX_EXECUTION_DATE=2022-03-23T19:14:12.667416+00:00
AIRFLOW_CTX_DAG_RUN_ID=manual__2022-03-23T19:14:12.667416+00:00
[2022-03-24 12:10:25,610] {subprocess.py:62} INFO - Tmp dir root location: 
 /tmp
[2022-03-24 12:10:25,610] {subprocess.py:74} INFO - Running command: ['bash', '-c', '\n            cd /opt/iowa/dbt/iowa &&\n            dbt --no-write-json run --target dev --models general_facts\n            ']
[2022-03-24 12:10:25,614] {subprocess.py:85} INFO - Output:
[2022-03-24 12:10:28,278] {subprocess.py:89} INFO - 12:10:28  Running with dbt=1.0.4
[2022-03-24 12:10:28,316] {subprocess.py:89} INFO - 12:10:28  Found 5 models, 0 tests, 0 snapshots, 0 analyses, 188 macros, 0 operations, 0 seed files, 1 source, 0 exposures, 0 metrics
[2022-03-24 12:10:28,318] {subprocess.py:89} INFO - 12:10:28
[2022-03-24 12:10:33,693] {subprocess.py:89} INFO - 12:10:33  Concurrency: 4 threads (target='dev')
[2022-03-24 12:10:33,693] {subprocess.py:89} INFO - 12:10:33
[2022-03-24 12:10:33,699] {subprocess.py:89} INFO - 12:10:33  1 of 1 START incremental model iowa_staging.general_facts....................... [RUN]
[2022-03-24 12:10:40,636] {subprocess.py:89} INFO - 12:10:40  1 of 1 OK created incremental model iowa_staging.general_facts.................. [MERGE (6.0k rows, 2.1 MB processed) in 6.94s]
[2022-03-24 12:10:40,639] {subprocess.py:89} INFO - 12:10:40
[2022-03-24 12:10:40,639] {subprocess.py:89} INFO - 12:10:40  Finished running 1 incremental model in 12.32s.
[2022-03-24 12:10:40,640] {subprocess.py:89} INFO - 12:10:40
[2022-03-24 12:10:40,641] {subprocess.py:89} INFO - 12:10:40  Completed successfully
[2022-03-24 12:10:40,641] {subprocess.py:89} INFO - 12:10:40
[2022-03-24 12:10:40,641] {subprocess.py:89} INFO - 12:10:40  Done. PASS=1 WARN=0 ERROR=0 SKIP=0 TOTAL=1
[2022-03-24 12:10:43,538] {subprocess.py:93} INFO - Command exited with return code 0
[2022-03-24 12:10:43,565] {taskinstance.py:1272} INFO - Marking task as SUCCESS. dag_id=dbt_dag, task_id=model.iowa.general_facts, execution_date=20220323T191412, start_date=20220324T121025, end_date=20220324T121043
[2022-03-24 12:10:43,596] {local_task_job.py:154} INFO - Task exited with return code 0
[2022-03-24 12:10:43,633] {local_task_job.py:264} INFO - 2 downstream tasks scheduled from follow-on schedule check
