[2022-03-24 12:14:28,895] {taskinstance.py:1037} INFO - Dependencies all met for <TaskInstance: dbt_dag.model.iowa.general_facts manual__2022-03-23T19:14:12.667416+00:00 [queued]>
[2022-03-24 12:14:28,902] {taskinstance.py:1037} INFO - Dependencies all met for <TaskInstance: dbt_dag.model.iowa.general_facts manual__2022-03-23T19:14:12.667416+00:00 [queued]>
[2022-03-24 12:14:28,902] {taskinstance.py:1243} INFO - 
--------------------------------------------------------------------------------
[2022-03-24 12:14:28,902] {taskinstance.py:1244} INFO - Starting attempt 6 of 6
[2022-03-24 12:14:28,902] {taskinstance.py:1245} INFO - 
--------------------------------------------------------------------------------
[2022-03-24 12:14:28,909] {taskinstance.py:1264} INFO - Executing <Task(BashOperator): model.iowa.general_facts> on 2022-03-23 19:14:12.667416+00:00
[2022-03-24 12:14:28,912] {standard_task_runner.py:52} INFO - Started process 965 to run task
[2022-03-24 12:14:28,914] {standard_task_runner.py:76} INFO - Running: ['airflow', 'tasks', 'run', 'dbt_dag', 'model.iowa.general_facts', 'manual__2022-03-23T19:14:12.667416+00:00', '--job-id', '147', '--raw', '--subdir', 'DAGS_FOLDER/transform_dags.py', '--cfg-path', '/tmp/tmpf242900x', '--error-file', '/tmp/tmpdlxqvzk1']
[2022-03-24 12:14:28,915] {standard_task_runner.py:77} INFO - Job 147: Subtask model.iowa.general_facts
[2022-03-24 12:14:28,960] {logging_mixin.py:109} INFO - Running <TaskInstance: dbt_dag.model.iowa.general_facts manual__2022-03-23T19:14:12.667416+00:00 [running]> on host a91ac75a8f43
[2022-03-24 12:14:29,002] {taskinstance.py:1429} INFO - Exporting the following env vars:
AIRFLOW_CTX_DAG_OWNER=airflow
AIRFLOW_CTX_DAG_ID=dbt_dag
AIRFLOW_CTX_TASK_ID=model.iowa.general_facts
AIRFLOW_CTX_EXECUTION_DATE=2022-03-23T19:14:12.667416+00:00
AIRFLOW_CTX_DAG_RUN_ID=manual__2022-03-23T19:14:12.667416+00:00
[2022-03-24 12:14:29,003] {subprocess.py:62} INFO - Tmp dir root location: 
 /tmp
[2022-03-24 12:14:29,004] {subprocess.py:74} INFO - Running command: ['bash', '-c', '\n            cd /opt/iowa/dbt/iowa &&\n            dbt --no-write-json run --target dev --models general_facts\n            ']
[2022-03-24 12:14:29,008] {subprocess.py:85} INFO - Output:
[2022-03-24 12:14:31,670] {subprocess.py:89} INFO - 12:14:31  Running with dbt=1.0.4
[2022-03-24 12:14:31,752] {subprocess.py:89} INFO - 12:14:31  Found 5 models, 0 tests, 0 snapshots, 0 analyses, 188 macros, 0 operations, 0 seed files, 1 source, 0 exposures, 0 metrics
[2022-03-24 12:14:31,753] {subprocess.py:89} INFO - 12:14:31
[2022-03-24 12:14:42,969] {subprocess.py:89} INFO - 12:14:42  Concurrency: 4 threads (target='dev')
[2022-03-24 12:14:42,970] {subprocess.py:89} INFO - 12:14:42
[2022-03-24 12:14:42,976] {subprocess.py:89} INFO - 12:14:42  1 of 1 START incremental model iowa_staging.general_facts....................... [RUN]
[2022-03-24 12:14:51,181] {subprocess.py:89} INFO - 12:14:51  1 of 1 OK created incremental model iowa_staging.general_facts.................. [CREATE TABLE (3.0k rows, 647.3 KB processed) in 8.20s]
[2022-03-24 12:14:51,184] {subprocess.py:89} INFO - 12:14:51
[2022-03-24 12:14:51,184] {subprocess.py:89} INFO - 12:14:51  Finished running 1 incremental model in 19.43s.
[2022-03-24 12:14:51,185] {subprocess.py:89} INFO - 12:14:51
[2022-03-24 12:14:51,185] {subprocess.py:89} INFO - 12:14:51  Completed successfully
[2022-03-24 12:14:51,185] {subprocess.py:89} INFO - 12:14:51
[2022-03-24 12:14:51,186] {subprocess.py:89} INFO - 12:14:51  Done. PASS=1 WARN=0 ERROR=0 SKIP=0 TOTAL=1
[2022-03-24 12:14:53,838] {subprocess.py:93} INFO - Command exited with return code 0
[2022-03-24 12:14:53,861] {taskinstance.py:1272} INFO - Marking task as SUCCESS. dag_id=dbt_dag, task_id=model.iowa.general_facts, execution_date=20220323T191412, start_date=20220324T121428, end_date=20220324T121453
[2022-03-24 12:14:53,881] {local_task_job.py:154} INFO - Task exited with return code 0
[2022-03-24 12:14:53,910] {local_task_job.py:264} INFO - 2 downstream tasks scheduled from follow-on schedule check
