[2022-03-24 12:20:13,763] {taskinstance.py:1037} INFO - Dependencies all met for <TaskInstance: dbt_dag.model.iowa.general_facts manual__2022-03-23T19:14:12.667416+00:00 [queued]>
[2022-03-24 12:20:13,771] {taskinstance.py:1037} INFO - Dependencies all met for <TaskInstance: dbt_dag.model.iowa.general_facts manual__2022-03-23T19:14:12.667416+00:00 [queued]>
[2022-03-24 12:20:13,771] {taskinstance.py:1243} INFO - 
--------------------------------------------------------------------------------
[2022-03-24 12:20:13,771] {taskinstance.py:1244} INFO - Starting attempt 7 of 7
[2022-03-24 12:20:13,771] {taskinstance.py:1245} INFO - 
--------------------------------------------------------------------------------
[2022-03-24 12:20:13,778] {taskinstance.py:1264} INFO - Executing <Task(BashOperator): model.iowa.general_facts> on 2022-03-23 19:14:12.667416+00:00
[2022-03-24 12:20:13,780] {standard_task_runner.py:52} INFO - Started process 1296 to run task
[2022-03-24 12:20:13,783] {standard_task_runner.py:76} INFO - Running: ['airflow', 'tasks', 'run', 'dbt_dag', 'model.iowa.general_facts', 'manual__2022-03-23T19:14:12.667416+00:00', '--job-id', '150', '--raw', '--subdir', 'DAGS_FOLDER/transform_dags.py', '--cfg-path', '/tmp/tmp14f43u0p', '--error-file', '/tmp/tmpudutbmc2']
[2022-03-24 12:20:13,784] {standard_task_runner.py:77} INFO - Job 150: Subtask model.iowa.general_facts
[2022-03-24 12:20:13,831] {logging_mixin.py:109} INFO - Running <TaskInstance: dbt_dag.model.iowa.general_facts manual__2022-03-23T19:14:12.667416+00:00 [running]> on host a91ac75a8f43
[2022-03-24 12:20:13,873] {taskinstance.py:1429} INFO - Exporting the following env vars:
AIRFLOW_CTX_DAG_OWNER=airflow
AIRFLOW_CTX_DAG_ID=dbt_dag
AIRFLOW_CTX_TASK_ID=model.iowa.general_facts
AIRFLOW_CTX_EXECUTION_DATE=2022-03-23T19:14:12.667416+00:00
AIRFLOW_CTX_DAG_RUN_ID=manual__2022-03-23T19:14:12.667416+00:00
[2022-03-24 12:20:13,874] {subprocess.py:62} INFO - Tmp dir root location: 
 /tmp
[2022-03-24 12:20:13,874] {subprocess.py:74} INFO - Running command: ['bash', '-c', '\n            cd /opt/iowa/dbt/iowa &&\n            dbt --no-write-json run --target dev --models general_facts\n            ']
[2022-03-24 12:20:13,879] {subprocess.py:85} INFO - Output:
[2022-03-24 12:20:16,410] {subprocess.py:89} INFO - 12:20:16  Running with dbt=1.0.4
[2022-03-24 12:20:16,494] {subprocess.py:89} INFO - 12:20:16  Found 5 models, 0 tests, 0 snapshots, 0 analyses, 188 macros, 0 operations, 0 seed files, 1 source, 0 exposures, 0 metrics
[2022-03-24 12:20:16,495] {subprocess.py:89} INFO - 12:20:16
[2022-03-24 12:20:21,896] {subprocess.py:89} INFO - 12:20:21  Concurrency: 4 threads (target='dev')
[2022-03-24 12:20:21,896] {subprocess.py:89} INFO - 12:20:21
[2022-03-24 12:20:21,901] {subprocess.py:89} INFO - 12:20:21  1 of 1 START incremental model iowa_staging.general_facts....................... [RUN]
[2022-03-24 12:20:29,681] {subprocess.py:89} INFO - 12:20:29  1 of 1 OK created incremental model iowa_staging.general_facts.................. [MERGE (3.0k rows, 1.4 MB processed) in 7.78s]
[2022-03-24 12:20:29,683] {subprocess.py:89} INFO - 12:20:29
[2022-03-24 12:20:29,684] {subprocess.py:89} INFO - 12:20:29  Finished running 1 incremental model in 13.19s.
[2022-03-24 12:20:29,684] {subprocess.py:89} INFO - 12:20:29
[2022-03-24 12:20:29,685] {subprocess.py:89} INFO - 12:20:29  Completed successfully
[2022-03-24 12:20:29,685] {subprocess.py:89} INFO - 12:20:29
[2022-03-24 12:20:29,685] {subprocess.py:89} INFO - 12:20:29  Done. PASS=1 WARN=0 ERROR=0 SKIP=0 TOTAL=1
[2022-03-24 12:20:31,993] {subprocess.py:93} INFO - Command exited with return code 0
[2022-03-24 12:20:32,019] {taskinstance.py:1272} INFO - Marking task as SUCCESS. dag_id=dbt_dag, task_id=model.iowa.general_facts, execution_date=20220323T191412, start_date=20220324T122013, end_date=20220324T122032
[2022-03-24 12:20:32,034] {local_task_job.py:154} INFO - Task exited with return code 0
[2022-03-24 12:20:32,065] {local_task_job.py:264} INFO - 2 downstream tasks scheduled from follow-on schedule check
