[2022-03-24 14:44:14,809] {taskinstance.py:1037} INFO - Dependencies all met for <TaskInstance: dbt_dag.model.iowa.general_facts manual__2022-03-23T19:14:12.667416+00:00 [queued]>
[2022-03-24 14:44:14,817] {taskinstance.py:1037} INFO - Dependencies all met for <TaskInstance: dbt_dag.model.iowa.general_facts manual__2022-03-23T19:14:12.667416+00:00 [queued]>
[2022-03-24 14:44:14,817] {taskinstance.py:1243} INFO - 
--------------------------------------------------------------------------------
[2022-03-24 14:44:14,817] {taskinstance.py:1244} INFO - Starting attempt 9 of 9
[2022-03-24 14:44:14,817] {taskinstance.py:1245} INFO - 
--------------------------------------------------------------------------------
[2022-03-24 14:44:14,825] {taskinstance.py:1264} INFO - Executing <Task(BashOperator): model.iowa.general_facts> on 2022-03-23 19:14:12.667416+00:00
[2022-03-24 14:44:14,827] {standard_task_runner.py:52} INFO - Started process 1523 to run task
[2022-03-24 14:44:14,830] {standard_task_runner.py:76} INFO - Running: ['airflow', 'tasks', 'run', 'dbt_dag', 'model.iowa.general_facts', 'manual__2022-03-23T19:14:12.667416+00:00', '--job-id', '163', '--raw', '--subdir', 'DAGS_FOLDER/transform_dags.py', '--cfg-path', '/tmp/tmplrq56p1t', '--error-file', '/tmp/tmpyc21mma1']
[2022-03-24 14:44:14,830] {standard_task_runner.py:77} INFO - Job 163: Subtask model.iowa.general_facts
[2022-03-24 14:44:14,876] {logging_mixin.py:109} INFO - Running <TaskInstance: dbt_dag.model.iowa.general_facts manual__2022-03-23T19:14:12.667416+00:00 [running]> on host a91ac75a8f43
[2022-03-24 14:44:14,921] {taskinstance.py:1429} INFO - Exporting the following env vars:
AIRFLOW_CTX_DAG_OWNER=airflow
AIRFLOW_CTX_DAG_ID=dbt_dag
AIRFLOW_CTX_TASK_ID=model.iowa.general_facts
AIRFLOW_CTX_EXECUTION_DATE=2022-03-23T19:14:12.667416+00:00
AIRFLOW_CTX_DAG_RUN_ID=manual__2022-03-23T19:14:12.667416+00:00
[2022-03-24 14:44:14,921] {subprocess.py:62} INFO - Tmp dir root location: 
 /tmp
[2022-03-24 14:44:14,922] {subprocess.py:74} INFO - Running command: ['bash', '-c', '\n            cd /opt/iowa/dbt/iowa &&\n            dbt --no-write-json run --target dev --models general_facts\n            ']
[2022-03-24 14:44:14,925] {subprocess.py:85} INFO - Output:
[2022-03-24 14:44:17,713] {subprocess.py:89} INFO - 14:44:17  Running with dbt=1.0.4
[2022-03-24 14:44:17,780] {subprocess.py:89} INFO - 14:44:17  Found 5 models, 2 tests, 0 snapshots, 0 analyses, 188 macros, 0 operations, 0 seed files, 1 source, 0 exposures, 0 metrics
[2022-03-24 14:44:17,782] {subprocess.py:89} INFO - 14:44:17
[2022-03-24 14:44:26,096] {subprocess.py:89} INFO - 14:44:26  Concurrency: 4 threads (target='dev')
[2022-03-24 14:44:26,097] {subprocess.py:89} INFO - 14:44:26
[2022-03-24 14:44:26,100] {subprocess.py:89} INFO - 14:44:26  1 of 1 START incremental model iowa_staging.general_facts....................... [RUN]
[2022-03-24 14:44:31,787] {subprocess.py:89} INFO - 14:44:31  1 of 1 OK created incremental model iowa_staging.general_facts.................. [CREATE TABLE (3.0k rows, 711.1 KB processed) in 5.69s]
[2022-03-24 14:44:31,790] {subprocess.py:89} INFO - 14:44:31
[2022-03-24 14:44:31,790] {subprocess.py:89} INFO - 14:44:31  Finished running 1 incremental model in 14.01s.
[2022-03-24 14:44:31,791] {subprocess.py:89} INFO - 14:44:31
[2022-03-24 14:44:31,791] {subprocess.py:89} INFO - 14:44:31  Completed successfully
[2022-03-24 14:44:31,791] {subprocess.py:89} INFO - 14:44:31
[2022-03-24 14:44:31,792] {subprocess.py:89} INFO - 14:44:31  Done. PASS=1 WARN=0 ERROR=0 SKIP=0 TOTAL=1
[2022-03-24 14:44:33,725] {subprocess.py:93} INFO - Command exited with return code 0
[2022-03-24 14:44:33,749] {taskinstance.py:1272} INFO - Marking task as SUCCESS. dag_id=dbt_dag, task_id=model.iowa.general_facts, execution_date=20220323T191412, start_date=20220324T144414, end_date=20220324T144433
[2022-03-24 14:44:33,771] {local_task_job.py:154} INFO - Task exited with return code 0
[2022-03-24 14:44:33,803] {local_task_job.py:264} INFO - 2 downstream tasks scheduled from follow-on schedule check
