[2022-03-18 20:37:41,255] {taskinstance.py:1037} INFO - Dependencies all met for <TaskInstance: EL_dag.extract_task scheduled__2019-02-01T00:00:00+00:00 [queued]>
[2022-03-18 20:37:41,261] {taskinstance.py:1037} INFO - Dependencies all met for <TaskInstance: EL_dag.extract_task scheduled__2019-02-01T00:00:00+00:00 [queued]>
[2022-03-18 20:37:41,261] {taskinstance.py:1243} INFO - 
--------------------------------------------------------------------------------
[2022-03-18 20:37:41,261] {taskinstance.py:1244} INFO - Starting attempt 10 of 11
[2022-03-18 20:37:41,261] {taskinstance.py:1245} INFO - 
--------------------------------------------------------------------------------
[2022-03-18 20:37:41,269] {taskinstance.py:1264} INFO - Executing <Task(PythonOperator): extract_task> on 2019-02-01 00:00:00+00:00
[2022-03-18 20:37:41,272] {standard_task_runner.py:52} INFO - Started process 356 to run task
[2022-03-18 20:37:41,274] {standard_task_runner.py:76} INFO - Running: ['airflow', 'tasks', 'run', 'EL_dag', 'extract_task', 'scheduled__2019-02-01T00:00:00+00:00', '--job-id', '13', '--raw', '--subdir', 'DAGS_FOLDER/extract_load_dags.py', '--cfg-path', '/tmp/tmpxjrmec7u', '--error-file', '/tmp/tmp8a494vy4']
[2022-03-18 20:37:41,275] {standard_task_runner.py:77} INFO - Job 13: Subtask extract_task
[2022-03-18 20:37:41,320] {logging_mixin.py:109} INFO - Running <TaskInstance: EL_dag.extract_task scheduled__2019-02-01T00:00:00+00:00 [running]> on host cfd8f7d1d09d
[2022-03-18 20:37:41,348] {logging_mixin.py:109} WARNING - /usr/local/lib/python3.9/site-packages/airflow/utils/context.py:156 AirflowContextDeprecationWarning: Accessing 'execution_date' from the template is deprecated and will be removed in a future version. Please use 'data_interval_start' or 'logical_date' instead.
[2022-03-18 20:37:41,367] {taskinstance.py:1429} INFO - Exporting the following env vars:
AIRFLOW_CTX_DAG_OWNER=airflow
AIRFLOW_CTX_DAG_ID=EL_dag
AIRFLOW_CTX_TASK_ID=extract_task
AIRFLOW_CTX_EXECUTION_DATE=2019-02-01T00:00:00+00:00
AIRFLOW_CTX_DAG_RUN_ID=scheduled__2019-02-01T00:00:00+00:00
[2022-03-18 20:37:41,368] {logging_mixin.py:109} INFO - date................. <built-in function getcwd>
[2022-03-18 20:37:41,368] {python.py:175} INFO - Done. Returned value was: None
[2022-03-18 20:37:41,379] {taskinstance.py:1272} INFO - Marking task as SUCCESS. dag_id=EL_dag, task_id=extract_task, execution_date=20190201T000000, start_date=20220318T203741, end_date=20220318T203741
[2022-03-18 20:37:41,407] {local_task_job.py:154} INFO - Task exited with return code 0
[2022-03-18 20:37:41,431] {local_task_job.py:264} INFO - 0 downstream tasks scheduled from follow-on schedule check
