[2022-03-18 20:43:26,391] {taskinstance.py:1037} INFO - Dependencies all met for <TaskInstance: EL_dag.extract_task scheduled__2019-02-01T00:00:00+00:00 [queued]>
[2022-03-18 20:43:26,398] {taskinstance.py:1037} INFO - Dependencies all met for <TaskInstance: EL_dag.extract_task scheduled__2019-02-01T00:00:00+00:00 [queued]>
[2022-03-18 20:43:26,398] {taskinstance.py:1243} INFO - 
--------------------------------------------------------------------------------
[2022-03-18 20:43:26,398] {taskinstance.py:1244} INFO - Starting attempt 12 of 13
[2022-03-18 20:43:26,398] {taskinstance.py:1245} INFO - 
--------------------------------------------------------------------------------
[2022-03-18 20:43:26,405] {taskinstance.py:1264} INFO - Executing <Task(PythonOperator): extract_task> on 2019-02-01 00:00:00+00:00
[2022-03-18 20:43:26,408] {standard_task_runner.py:52} INFO - Started process 261 to run task
[2022-03-18 20:43:26,411] {standard_task_runner.py:76} INFO - Running: ['airflow', 'tasks', 'run', 'EL_dag', 'extract_task', 'scheduled__2019-02-01T00:00:00+00:00', '--job-id', '16', '--raw', '--subdir', 'DAGS_FOLDER/extract_load_dags.py', '--cfg-path', '/tmp/tmp93abr69l', '--error-file', '/tmp/tmpks7jg1hc']
[2022-03-18 20:43:26,412] {standard_task_runner.py:77} INFO - Job 16: Subtask extract_task
[2022-03-18 20:43:26,459] {logging_mixin.py:109} INFO - Running <TaskInstance: EL_dag.extract_task scheduled__2019-02-01T00:00:00+00:00 [running]> on host 0133ad2d7dda
[2022-03-18 20:43:26,488] {logging_mixin.py:109} WARNING - /usr/local/lib/python3.9/site-packages/airflow/utils/context.py:156 AirflowContextDeprecationWarning: Accessing 'execution_date' from the template is deprecated and will be removed in a future version. Please use 'data_interval_start' or 'logical_date' instead.
[2022-03-18 20:43:26,509] {taskinstance.py:1429} INFO - Exporting the following env vars:
AIRFLOW_CTX_DAG_OWNER=airflow
AIRFLOW_CTX_DAG_ID=EL_dag
AIRFLOW_CTX_TASK_ID=extract_task
AIRFLOW_CTX_EXECUTION_DATE=2019-02-01T00:00:00+00:00
AIRFLOW_CTX_DAG_RUN_ID=scheduled__2019-02-01T00:00:00+00:00
[2022-03-18 20:43:26,509] {logging_mixin.py:109} INFO - date................. /opt/iowa/dbt../
[2022-03-18 20:43:26,509] {python.py:175} INFO - Done. Returned value was: None
[2022-03-18 20:43:26,519] {taskinstance.py:1272} INFO - Marking task as SUCCESS. dag_id=EL_dag, task_id=extract_task, execution_date=20190201T000000, start_date=20220318T204326, end_date=20220318T204326
[2022-03-18 20:43:26,543] {local_task_job.py:154} INFO - Task exited with return code 0
[2022-03-18 20:43:26,573] {local_task_job.py:264} INFO - 0 downstream tasks scheduled from follow-on schedule check
