[2022-03-18 20:44:44,538] {taskinstance.py:1037} INFO - Dependencies all met for <TaskInstance: EL_dag.extract_task scheduled__2019-02-01T00:00:00+00:00 [queued]>
[2022-03-18 20:44:44,544] {taskinstance.py:1037} INFO - Dependencies all met for <TaskInstance: EL_dag.extract_task scheduled__2019-02-01T00:00:00+00:00 [queued]>
[2022-03-18 20:44:44,544] {taskinstance.py:1243} INFO - 
--------------------------------------------------------------------------------
[2022-03-18 20:44:44,544] {taskinstance.py:1244} INFO - Starting attempt 13 of 14
[2022-03-18 20:44:44,544] {taskinstance.py:1245} INFO - 
--------------------------------------------------------------------------------
[2022-03-18 20:44:44,551] {taskinstance.py:1264} INFO - Executing <Task(PythonOperator): extract_task> on 2019-02-01 00:00:00+00:00
[2022-03-18 20:44:44,554] {standard_task_runner.py:52} INFO - Started process 309 to run task
[2022-03-18 20:44:44,556] {standard_task_runner.py:76} INFO - Running: ['airflow', 'tasks', 'run', 'EL_dag', 'extract_task', 'scheduled__2019-02-01T00:00:00+00:00', '--job-id', '17', '--raw', '--subdir', 'DAGS_FOLDER/extract_load_dags.py', '--cfg-path', '/tmp/tmphlqhidf9', '--error-file', '/tmp/tmpg1p0bm2_']
[2022-03-18 20:44:44,557] {standard_task_runner.py:77} INFO - Job 17: Subtask extract_task
[2022-03-18 20:44:44,602] {logging_mixin.py:109} INFO - Running <TaskInstance: EL_dag.extract_task scheduled__2019-02-01T00:00:00+00:00 [running]> on host 0133ad2d7dda
[2022-03-18 20:44:44,629] {logging_mixin.py:109} WARNING - /usr/local/lib/python3.9/site-packages/airflow/utils/context.py:156 AirflowContextDeprecationWarning: Accessing 'execution_date' from the template is deprecated and will be removed in a future version. Please use 'data_interval_start' or 'logical_date' instead.
[2022-03-18 20:44:44,649] {taskinstance.py:1429} INFO - Exporting the following env vars:
AIRFLOW_CTX_DAG_OWNER=airflow
AIRFLOW_CTX_DAG_ID=EL_dag
AIRFLOW_CTX_TASK_ID=extract_task
AIRFLOW_CTX_EXECUTION_DATE=2019-02-01T00:00:00+00:00
AIRFLOW_CTX_DAG_RUN_ID=scheduled__2019-02-01T00:00:00+00:00
[2022-03-18 20:44:44,650] {logging_mixin.py:109} INFO - date................. /opt/iowa/data
[2022-03-18 20:44:44,650] {python.py:175} INFO - Done. Returned value was: None
[2022-03-18 20:44:44,661] {taskinstance.py:1272} INFO - Marking task as SUCCESS. dag_id=EL_dag, task_id=extract_task, execution_date=20190201T000000, start_date=20220318T204444, end_date=20220318T204444
[2022-03-18 20:44:44,689] {local_task_job.py:154} INFO - Task exited with return code 0
[2022-03-18 20:44:44,715] {local_task_job.py:264} INFO - 0 downstream tasks scheduled from follow-on schedule check
