[2022-03-24 12:20:32,250] {taskinstance.py:1037} INFO - Dependencies all met for <TaskInstance: dbt_dag.model.iowa.monthly_revenue manual__2022-03-23T19:14:12.667416+00:00 [queued]>
[2022-03-24 12:20:32,258] {taskinstance.py:1037} INFO - Dependencies all met for <TaskInstance: dbt_dag.model.iowa.monthly_revenue manual__2022-03-23T19:14:12.667416+00:00 [queued]>
[2022-03-24 12:20:32,258] {taskinstance.py:1243} INFO - 
--------------------------------------------------------------------------------
[2022-03-24 12:20:32,258] {taskinstance.py:1244} INFO - Starting attempt 3 of 3
[2022-03-24 12:20:32,258] {taskinstance.py:1245} INFO - 
--------------------------------------------------------------------------------
[2022-03-24 12:20:32,265] {taskinstance.py:1264} INFO - Executing <Task(BashOperator): model.iowa.monthly_revenue> on 2022-03-23 19:14:12.667416+00:00
[2022-03-24 12:20:32,267] {standard_task_runner.py:52} INFO - Started process 1359 to run task
[2022-03-24 12:20:32,270] {standard_task_runner.py:76} INFO - Running: ['airflow', 'tasks', 'run', 'dbt_dag', 'model.iowa.monthly_revenue', 'manual__2022-03-23T19:14:12.667416+00:00', '--job-id', '151', '--raw', '--subdir', 'DAGS_FOLDER/transform_dags.py', '--cfg-path', '/tmp/tmp1hcrx2y8', '--error-file', '/tmp/tmpjxziq8en']
[2022-03-24 12:20:32,271] {standard_task_runner.py:77} INFO - Job 151: Subtask model.iowa.monthly_revenue
[2022-03-24 12:20:32,314] {logging_mixin.py:109} INFO - Running <TaskInstance: dbt_dag.model.iowa.monthly_revenue manual__2022-03-23T19:14:12.667416+00:00 [running]> on host a91ac75a8f43
[2022-03-24 12:20:32,357] {taskinstance.py:1429} INFO - Exporting the following env vars:
AIRFLOW_CTX_DAG_OWNER=airflow
AIRFLOW_CTX_DAG_ID=dbt_dag
AIRFLOW_CTX_TASK_ID=model.iowa.monthly_revenue
AIRFLOW_CTX_EXECUTION_DATE=2022-03-23T19:14:12.667416+00:00
AIRFLOW_CTX_DAG_RUN_ID=manual__2022-03-23T19:14:12.667416+00:00
[2022-03-24 12:20:32,358] {subprocess.py:62} INFO - Tmp dir root location: 
 /tmp
[2022-03-24 12:20:32,358] {subprocess.py:74} INFO - Running command: ['bash', '-c', '\n            cd /opt/iowa/dbt/iowa &&\n            dbt --no-write-json run --target dev --models monthly_revenue\n            ']
[2022-03-24 12:20:32,363] {subprocess.py:85} INFO - Output:
[2022-03-24 12:20:35,261] {subprocess.py:89} INFO - 12:20:35  Running with dbt=1.0.4
[2022-03-24 12:20:35,304] {subprocess.py:89} INFO - 12:20:35  Found 5 models, 0 tests, 0 snapshots, 0 analyses, 188 macros, 0 operations, 0 seed files, 1 source, 0 exposures, 0 metrics
[2022-03-24 12:20:35,305] {subprocess.py:89} INFO - 12:20:35
[2022-03-24 12:20:42,399] {subprocess.py:89} INFO - 12:20:42  Concurrency: 4 threads (target='dev')
[2022-03-24 12:20:42,399] {subprocess.py:89} INFO - 12:20:42
[2022-03-24 12:20:42,404] {subprocess.py:89} INFO - 12:20:42  1 of 1 START incremental model iowa_staging.monthly_revenue..................... [RUN]
[2022-03-24 12:20:48,496] {subprocess.py:89} INFO - 12:20:48  1 of 1 OK created incremental model iowa_staging.monthly_revenue................ [CREATE TABLE (3.0 rows, 297.9 KB processed) in 6.09s]
[2022-03-24 12:20:48,498] {subprocess.py:89} INFO - 12:20:48
[2022-03-24 12:20:48,499] {subprocess.py:89} INFO - 12:20:48  Finished running 1 incremental model in 13.19s.
[2022-03-24 12:20:48,500] {subprocess.py:89} INFO - 12:20:48
[2022-03-24 12:20:48,500] {subprocess.py:89} INFO - 12:20:48  Completed successfully
[2022-03-24 12:20:48,500] {subprocess.py:89} INFO - 12:20:48
[2022-03-24 12:20:48,501] {subprocess.py:89} INFO - 12:20:48  Done. PASS=1 WARN=0 ERROR=0 SKIP=0 TOTAL=1
[2022-03-24 12:20:50,205] {subprocess.py:93} INFO - Command exited with return code 0
[2022-03-24 12:20:50,231] {taskinstance.py:1272} INFO - Marking task as SUCCESS. dag_id=dbt_dag, task_id=model.iowa.monthly_revenue, execution_date=20220323T191412, start_date=20220324T122032, end_date=20220324T122050
[2022-03-24 12:20:50,268] {local_task_job.py:154} INFO - Task exited with return code 0
[2022-03-24 12:20:50,298] {local_task_job.py:264} INFO - 1 downstream tasks scheduled from follow-on schedule check
