[2022-03-24 14:44:34,034] {taskinstance.py:1037} INFO - Dependencies all met for <TaskInstance: dbt_dag.model.iowa.monthly_revenue manual__2022-03-23T19:14:12.667416+00:00 [queued]>
[2022-03-24 14:44:34,041] {taskinstance.py:1037} INFO - Dependencies all met for <TaskInstance: dbt_dag.model.iowa.monthly_revenue manual__2022-03-23T19:14:12.667416+00:00 [queued]>
[2022-03-24 14:44:34,041] {taskinstance.py:1243} INFO - 
--------------------------------------------------------------------------------
[2022-03-24 14:44:34,041] {taskinstance.py:1244} INFO - Starting attempt 4 of 4
[2022-03-24 14:44:34,041] {taskinstance.py:1245} INFO - 
--------------------------------------------------------------------------------
[2022-03-24 14:44:34,052] {taskinstance.py:1264} INFO - Executing <Task(BashOperator): model.iowa.monthly_revenue> on 2022-03-23 19:14:12.667416+00:00
[2022-03-24 14:44:34,054] {standard_task_runner.py:52} INFO - Started process 1613 to run task
[2022-03-24 14:44:34,057] {standard_task_runner.py:76} INFO - Running: ['airflow', 'tasks', 'run', 'dbt_dag', 'model.iowa.monthly_revenue', 'manual__2022-03-23T19:14:12.667416+00:00', '--job-id', '166', '--raw', '--subdir', 'DAGS_FOLDER/transform_dags.py', '--cfg-path', '/tmp/tmp5l4di7ts', '--error-file', '/tmp/tmpmqsb_973']
[2022-03-24 14:44:34,058] {standard_task_runner.py:77} INFO - Job 166: Subtask model.iowa.monthly_revenue
[2022-03-24 14:44:34,108] {logging_mixin.py:109} INFO - Running <TaskInstance: dbt_dag.model.iowa.monthly_revenue manual__2022-03-23T19:14:12.667416+00:00 [running]> on host a91ac75a8f43
[2022-03-24 14:44:34,169] {taskinstance.py:1429} INFO - Exporting the following env vars:
AIRFLOW_CTX_DAG_OWNER=airflow
AIRFLOW_CTX_DAG_ID=dbt_dag
AIRFLOW_CTX_TASK_ID=model.iowa.monthly_revenue
AIRFLOW_CTX_EXECUTION_DATE=2022-03-23T19:14:12.667416+00:00
AIRFLOW_CTX_DAG_RUN_ID=manual__2022-03-23T19:14:12.667416+00:00
[2022-03-24 14:44:34,170] {subprocess.py:62} INFO - Tmp dir root location: 
 /tmp
[2022-03-24 14:44:34,171] {subprocess.py:74} INFO - Running command: ['bash', '-c', '\n            cd /opt/iowa/dbt/iowa &&\n            dbt --no-write-json run --target dev --models monthly_revenue\n            ']
[2022-03-24 14:44:34,175] {subprocess.py:85} INFO - Output:
[2022-03-24 14:44:37,271] {subprocess.py:89} INFO - 14:44:37  Running with dbt=1.0.4
[2022-03-24 14:44:37,321] {subprocess.py:89} INFO - 14:44:37  Found 5 models, 2 tests, 0 snapshots, 0 analyses, 188 macros, 0 operations, 0 seed files, 1 source, 0 exposures, 0 metrics
[2022-03-24 14:44:37,322] {subprocess.py:89} INFO - 14:44:37
[2022-03-24 14:44:44,606] {subprocess.py:89} INFO - 14:44:44  Concurrency: 4 threads (target='dev')
[2022-03-24 14:44:44,607] {subprocess.py:89} INFO - 14:44:44
[2022-03-24 14:44:44,611] {subprocess.py:89} INFO - 14:44:44  1 of 1 START incremental model iowa_staging.monthly_revenue..................... [RUN]
[2022-03-24 14:44:51,629] {subprocess.py:89} INFO - 14:44:51  1 of 1 OK created incremental model iowa_staging.monthly_revenue................ [CREATE TABLE (3.0 rows, 402.7 KB processed) in 7.02s]
[2022-03-24 14:44:51,631] {subprocess.py:89} INFO - 14:44:51
[2022-03-24 14:44:51,631] {subprocess.py:89} INFO - 14:44:51  Finished running 1 incremental model in 14.31s.
[2022-03-24 14:44:51,632] {subprocess.py:89} INFO - 14:44:51
[2022-03-24 14:44:51,633] {subprocess.py:89} INFO - 14:44:51  Completed successfully
[2022-03-24 14:44:51,633] {subprocess.py:89} INFO - 14:44:51
[2022-03-24 14:44:51,633] {subprocess.py:89} INFO - 14:44:51  Done. PASS=1 WARN=0 ERROR=0 SKIP=0 TOTAL=1
[2022-03-24 14:44:53,794] {subprocess.py:93} INFO - Command exited with return code 0
[2022-03-24 14:44:53,817] {taskinstance.py:1272} INFO - Marking task as SUCCESS. dag_id=dbt_dag, task_id=model.iowa.monthly_revenue, execution_date=20220323T191412, start_date=20220324T144434, end_date=20220324T144453
[2022-03-24 14:44:53,859] {local_task_job.py:154} INFO - Task exited with return code 0
[2022-03-24 14:44:53,891] {local_task_job.py:264} INFO - 1 downstream tasks scheduled from follow-on schedule check
