[2022-03-24 15:42:34,062] {taskinstance.py:1037} INFO - Dependencies all met for <TaskInstance: dbt_dag.model.iowa.monthly_revenue manual__2022-03-23T19:14:12.667416+00:00 [queued]>
[2022-03-24 15:42:34,069] {taskinstance.py:1037} INFO - Dependencies all met for <TaskInstance: dbt_dag.model.iowa.monthly_revenue manual__2022-03-23T19:14:12.667416+00:00 [queued]>
[2022-03-24 15:42:34,069] {taskinstance.py:1243} INFO - 
--------------------------------------------------------------------------------
[2022-03-24 15:42:34,069] {taskinstance.py:1244} INFO - Starting attempt 5 of 5
[2022-03-24 15:42:34,069] {taskinstance.py:1245} INFO - 
--------------------------------------------------------------------------------
[2022-03-24 15:42:34,079] {taskinstance.py:1264} INFO - Executing <Task(BashOperator): model.iowa.monthly_revenue> on 2022-03-23 19:14:12.667416+00:00
[2022-03-24 15:42:34,082] {standard_task_runner.py:52} INFO - Started process 534 to run task
[2022-03-24 15:42:34,084] {standard_task_runner.py:76} INFO - Running: ['airflow', 'tasks', 'run', 'dbt_dag', 'model.iowa.monthly_revenue', 'manual__2022-03-23T19:14:12.667416+00:00', '--job-id', '182', '--raw', '--subdir', 'DAGS_FOLDER/transform_dags.py', '--cfg-path', '/tmp/tmpftzds1ui', '--error-file', '/tmp/tmpkugaq7ny']
[2022-03-24 15:42:34,085] {standard_task_runner.py:77} INFO - Job 182: Subtask model.iowa.monthly_revenue
[2022-03-24 15:42:34,131] {logging_mixin.py:109} INFO - Running <TaskInstance: dbt_dag.model.iowa.monthly_revenue manual__2022-03-23T19:14:12.667416+00:00 [running]> on host a91ac75a8f43
[2022-03-24 15:42:34,173] {taskinstance.py:1429} INFO - Exporting the following env vars:
AIRFLOW_CTX_DAG_OWNER=airflow
AIRFLOW_CTX_DAG_ID=dbt_dag
AIRFLOW_CTX_TASK_ID=model.iowa.monthly_revenue
AIRFLOW_CTX_EXECUTION_DATE=2022-03-23T19:14:12.667416+00:00
AIRFLOW_CTX_DAG_RUN_ID=manual__2022-03-23T19:14:12.667416+00:00
[2022-03-24 15:42:34,174] {subprocess.py:62} INFO - Tmp dir root location: 
 /tmp
[2022-03-24 15:42:34,175] {subprocess.py:74} INFO - Running command: ['bash', '-c', '\n            cd /opt/iowa/dbt/iowa &&\n            dbt --no-write-json run --target dev --models monthly_revenue\n            ']
[2022-03-24 15:42:34,179] {subprocess.py:85} INFO - Output:
[2022-03-24 15:42:36,999] {subprocess.py:89} INFO - 15:42:36  Running with dbt=1.0.4
[2022-03-24 15:42:37,051] {subprocess.py:89} INFO - 15:42:37  Found 8 models, 2 tests, 0 snapshots, 0 analyses, 188 macros, 0 operations, 0 seed files, 1 source, 0 exposures, 0 metrics
[2022-03-24 15:42:37,052] {subprocess.py:89} INFO - 15:42:37
[2022-03-24 15:42:43,962] {subprocess.py:89} INFO - 15:42:43  Concurrency: 4 threads (target='dev')
[2022-03-24 15:42:43,962] {subprocess.py:89} INFO - 15:42:43
[2022-03-24 15:42:43,967] {subprocess.py:89} INFO - 15:42:43  1 of 1 START incremental model iowa_staging.monthly_revenue..................... [RUN]
[2022-03-24 15:42:50,430] {subprocess.py:89} INFO - 15:42:50  1 of 1 OK created incremental model iowa_staging.monthly_revenue................ [MERGE (3.0 rows, 402.7 KB processed) in 6.46s]
[2022-03-24 15:42:50,432] {subprocess.py:89} INFO - 15:42:50
[2022-03-24 15:42:50,432] {subprocess.py:89} INFO - 15:42:50  Finished running 1 incremental model in 13.38s.
[2022-03-24 15:42:50,433] {subprocess.py:89} INFO - 15:42:50
[2022-03-24 15:42:50,434] {subprocess.py:89} INFO - 15:42:50  Completed successfully
[2022-03-24 15:42:50,434] {subprocess.py:89} INFO - 15:42:50
[2022-03-24 15:42:50,434] {subprocess.py:89} INFO - 15:42:50  Done. PASS=1 WARN=0 ERROR=0 SKIP=0 TOTAL=1
[2022-03-24 15:42:56,957] {subprocess.py:93} INFO - Command exited with return code 0
[2022-03-24 15:42:56,981] {taskinstance.py:1272} INFO - Marking task as SUCCESS. dag_id=dbt_dag, task_id=model.iowa.monthly_revenue, execution_date=20220323T191412, start_date=20220324T154234, end_date=20220324T154256
[2022-03-24 15:42:57,013] {local_task_job.py:154} INFO - Task exited with return code 0
[2022-03-24 15:42:57,132] {local_task_job.py:264} INFO - 0 downstream tasks scheduled from follow-on schedule check
