[2022-03-21 22:03:20,751] {taskinstance.py:1037} INFO - Dependencies all met for <TaskInstance: EL_dag.local_to_gcs_task scheduled__2012-02-02T01:00:00+00:00 [queued]>
[2022-03-21 22:03:20,758] {taskinstance.py:1037} INFO - Dependencies all met for <TaskInstance: EL_dag.local_to_gcs_task scheduled__2012-02-02T01:00:00+00:00 [queued]>
[2022-03-21 22:03:20,758] {taskinstance.py:1243} INFO - 
--------------------------------------------------------------------------------
[2022-03-21 22:03:20,758] {taskinstance.py:1244} INFO - Starting attempt 3 of 4
[2022-03-21 22:03:20,758] {taskinstance.py:1245} INFO - 
--------------------------------------------------------------------------------
[2022-03-21 22:03:20,766] {taskinstance.py:1264} INFO - Executing <Task(PythonOperator): local_to_gcs_task> on 2012-02-02 01:00:00+00:00
[2022-03-21 22:03:20,770] {standard_task_runner.py:52} INFO - Started process 3702 to run task
[2022-03-21 22:03:20,773] {standard_task_runner.py:76} INFO - Running: ['airflow', 'tasks', 'run', 'EL_dag', 'local_to_gcs_task', 'scheduled__2012-02-02T01:00:00+00:00', '--job-id', '51', '--raw', '--subdir', 'DAGS_FOLDER/extract_load_dags.py', '--cfg-path', '/tmp/tmp31t5ew4p', '--error-file', '/tmp/tmps28iyyyh']
[2022-03-21 22:03:20,774] {standard_task_runner.py:77} INFO - Job 51: Subtask local_to_gcs_task
[2022-03-21 22:03:20,899] {logging_mixin.py:109} INFO - Running <TaskInstance: EL_dag.local_to_gcs_task scheduled__2012-02-02T01:00:00+00:00 [running]> on host 7fae4c5ec6da
[2022-03-21 22:03:20,936] {logging_mixin.py:109} WARNING - /usr/local/lib/python3.9/site-packages/airflow/utils/context.py:156 AirflowContextDeprecationWarning: Accessing 'execution_date' from the template is deprecated and will be removed in a future version. Please use 'data_interval_start' or 'logical_date' instead.
[2022-03-21 22:03:20,960] {taskinstance.py:1429} INFO - Exporting the following env vars:
AIRFLOW_CTX_DAG_OWNER=airflow
AIRFLOW_CTX_DAG_ID=EL_dag
AIRFLOW_CTX_TASK_ID=local_to_gcs_task
AIRFLOW_CTX_EXECUTION_DATE=2012-02-02T01:00:00+00:00
AIRFLOW_CTX_DAG_RUN_ID=scheduled__2012-02-02T01:00:00+00:00
[2022-03-21 22:03:22,815] {python.py:175} INFO - Done. Returned value was: None
[2022-03-21 22:03:22,829] {taskinstance.py:1272} INFO - Marking task as SUCCESS. dag_id=EL_dag, task_id=local_to_gcs_task, execution_date=20120202T010000, start_date=20220321T220320, end_date=20220321T220322
[2022-03-21 22:03:22,873] {local_task_job.py:154} INFO - Task exited with return code 0
[2022-03-21 22:03:22,952] {local_task_job.py:264} INFO - 1 downstream tasks scheduled from follow-on schedule check
