[2022-03-18 22:39:10,954] {taskinstance.py:1037} INFO - Dependencies all met for <TaskInstance: EL_dag.extract_task scheduled__2019-03-01T00:00:00+00:00 [queued]>
[2022-03-18 22:39:10,962] {taskinstance.py:1037} INFO - Dependencies all met for <TaskInstance: EL_dag.extract_task scheduled__2019-03-01T00:00:00+00:00 [queued]>
[2022-03-18 22:39:10,962] {taskinstance.py:1243} INFO - 
--------------------------------------------------------------------------------
[2022-03-18 22:39:10,962] {taskinstance.py:1244} INFO - Starting attempt 7 of 8
[2022-03-18 22:39:10,962] {taskinstance.py:1245} INFO - 
--------------------------------------------------------------------------------
[2022-03-18 22:39:10,969] {taskinstance.py:1264} INFO - Executing <Task(PythonOperator): extract_task> on 2019-03-01 00:00:00+00:00
[2022-03-18 22:39:10,973] {standard_task_runner.py:52} INFO - Started process 324 to run task
[2022-03-18 22:39:10,976] {standard_task_runner.py:76} INFO - Running: ['airflow', 'tasks', 'run', 'EL_dag', 'extract_task', 'scheduled__2019-03-01T00:00:00+00:00', '--job-id', '52', '--raw', '--subdir', 'DAGS_FOLDER/extract_load_dags.py', '--cfg-path', '/tmp/tmp0seholcp', '--error-file', '/tmp/tmpgpp6llqy']
[2022-03-18 22:39:10,977] {standard_task_runner.py:77} INFO - Job 52: Subtask extract_task
[2022-03-18 22:39:11,024] {logging_mixin.py:109} INFO - Running <TaskInstance: EL_dag.extract_task scheduled__2019-03-01T00:00:00+00:00 [running]> on host d6b2ec1ac43c
[2022-03-18 22:39:11,052] {logging_mixin.py:109} WARNING - /usr/local/lib/python3.9/site-packages/airflow/utils/context.py:156 AirflowContextDeprecationWarning: Accessing 'execution_date' from the template is deprecated and will be removed in a future version. Please use 'data_interval_start' or 'logical_date' instead.
[2022-03-18 22:39:11,074] {taskinstance.py:1429} INFO - Exporting the following env vars:
AIRFLOW_CTX_DAG_OWNER=airflow
AIRFLOW_CTX_DAG_ID=EL_dag
AIRFLOW_CTX_TASK_ID=extract_task
AIRFLOW_CTX_EXECUTION_DATE=2019-03-01T00:00:00+00:00
AIRFLOW_CTX_DAG_RUN_ID=scheduled__2019-03-01T00:00:00+00:00
[2022-03-18 22:39:11,074] {logging_mixin.py:109} INFO - 03 2019
[2022-03-18 22:39:11,075] {python.py:175} INFO - Done. Returned value was: None
[2022-03-18 22:39:11,086] {taskinstance.py:1272} INFO - Marking task as SUCCESS. dag_id=EL_dag, task_id=extract_task, execution_date=20190301T000000, start_date=20220318T223910, end_date=20220318T223911
[2022-03-18 22:39:11,108] {local_task_job.py:154} INFO - Task exited with return code 0
[2022-03-18 22:39:11,138] {local_task_job.py:264} INFO - 1 downstream tasks scheduled from follow-on schedule check
