[2022-03-18 20:11:47,583] {taskinstance.py:1037} INFO - Dependencies all met for <TaskInstance: EL_dag.extract_task scheduled__2019-01-01T00:00:00+00:00 [queued]>
[2022-03-18 20:11:47,589] {taskinstance.py:1037} INFO - Dependencies all met for <TaskInstance: EL_dag.extract_task scheduled__2019-01-01T00:00:00+00:00 [queued]>
[2022-03-18 20:11:47,589] {taskinstance.py:1243} INFO - 
--------------------------------------------------------------------------------
[2022-03-18 20:11:47,589] {taskinstance.py:1244} INFO - Starting attempt 3 of 4
[2022-03-18 20:11:47,589] {taskinstance.py:1245} INFO - 
--------------------------------------------------------------------------------
[2022-03-18 20:11:47,596] {taskinstance.py:1264} INFO - Executing <Task(PythonOperator): extract_task> on 2019-01-01 00:00:00+00:00
[2022-03-18 20:11:47,599] {standard_task_runner.py:52} INFO - Started process 478 to run task
[2022-03-18 20:11:47,601] {standard_task_runner.py:76} INFO - Running: ['airflow', 'tasks', 'run', 'EL_dag', 'extract_task', 'scheduled__2019-01-01T00:00:00+00:00', '--job-id', '7', '--raw', '--subdir', 'DAGS_FOLDER/extract_load_dags.py', '--cfg-path', '/tmp/tmp297u8ihb', '--error-file', '/tmp/tmpt7yy69ak']
[2022-03-18 20:11:47,602] {standard_task_runner.py:77} INFO - Job 7: Subtask extract_task
[2022-03-18 20:11:47,650] {logging_mixin.py:109} INFO - Running <TaskInstance: EL_dag.extract_task scheduled__2019-01-01T00:00:00+00:00 [running]> on host ec95407fa1b2
[2022-03-18 20:11:47,677] {logging_mixin.py:109} WARNING - /usr/local/lib/python3.9/site-packages/airflow/utils/context.py:156 AirflowContextDeprecationWarning: Accessing 'execution_date' from the template is deprecated and will be removed in a future version. Please use 'data_interval_start' or 'logical_date' instead.
[2022-03-18 20:11:47,698] {taskinstance.py:1429} INFO - Exporting the following env vars:
AIRFLOW_CTX_DAG_OWNER=airflow
AIRFLOW_CTX_DAG_ID=EL_dag
AIRFLOW_CTX_TASK_ID=extract_task
AIRFLOW_CTX_EXECUTION_DATE=2019-01-01T00:00:00+00:00
AIRFLOW_CTX_DAG_RUN_ID=scheduled__2019-01-01T00:00:00+00:00
[2022-03-18 20:11:47,699] {logging_mixin.py:109} INFO - date................. https://data.iowa.gov/resource/m3tr-qhgy.json?$where=date ='2019-01'
[2022-03-18 20:11:49,058] {logging_mixin.py:109} INFO - the response is  200
[2022-03-18 20:11:49,058] {python.py:175} INFO - Done. Returned value was: None
[2022-03-18 20:11:49,069] {taskinstance.py:1272} INFO - Marking task as SUCCESS. dag_id=EL_dag, task_id=extract_task, execution_date=20190101T000000, start_date=20220318T201147, end_date=20220318T201149
[2022-03-18 20:11:49,101] {local_task_job.py:154} INFO - Task exited with return code 0
[2022-03-18 20:11:49,126] {local_task_job.py:264} INFO - 0 downstream tasks scheduled from follow-on schedule check
