[2022-03-24 15:45:49,388] {taskinstance.py:1037} INFO - Dependencies all met for <TaskInstance: dbt_dag.model.iowa.staging_sales manual__2022-03-24T15:40:32.745573+00:00 [queued]>
[2022-03-24 15:45:49,394] {taskinstance.py:1037} INFO - Dependencies all met for <TaskInstance: dbt_dag.model.iowa.staging_sales manual__2022-03-24T15:40:32.745573+00:00 [queued]>
[2022-03-24 15:45:49,394] {taskinstance.py:1243} INFO - 
--------------------------------------------------------------------------------
[2022-03-24 15:45:49,395] {taskinstance.py:1244} INFO - Starting attempt 2 of 1
[2022-03-24 15:45:49,395] {taskinstance.py:1245} INFO - 
--------------------------------------------------------------------------------
[2022-03-24 15:45:49,402] {taskinstance.py:1264} INFO - Executing <Task(BashOperator): model.iowa.staging_sales> on 2022-03-24 15:40:32.745573+00:00
[2022-03-24 15:45:49,404] {standard_task_runner.py:52} INFO - Started process 908 to run task
[2022-03-24 15:45:49,406] {standard_task_runner.py:76} INFO - Running: ['airflow', 'tasks', 'run', 'dbt_dag', 'model.iowa.staging_sales', 'manual__2022-03-24T15:40:32.745573+00:00', '--job-id', '191', '--raw', '--subdir', 'DAGS_FOLDER/transform_dags.py', '--cfg-path', '/tmp/tmpage3idmh', '--error-file', '/tmp/tmpf6dk4jbi']
[2022-03-24 15:45:49,407] {standard_task_runner.py:77} INFO - Job 191: Subtask model.iowa.staging_sales
[2022-03-24 15:45:49,455] {logging_mixin.py:109} INFO - Running <TaskInstance: dbt_dag.model.iowa.staging_sales manual__2022-03-24T15:40:32.745573+00:00 [running]> on host a91ac75a8f43
[2022-03-24 15:45:49,503] {taskinstance.py:1429} INFO - Exporting the following env vars:
AIRFLOW_CTX_DAG_OWNER=airflow
AIRFLOW_CTX_DAG_ID=dbt_dag
AIRFLOW_CTX_TASK_ID=model.iowa.staging_sales
AIRFLOW_CTX_EXECUTION_DATE=2022-03-24T15:40:32.745573+00:00
AIRFLOW_CTX_DAG_RUN_ID=manual__2022-03-24T15:40:32.745573+00:00
[2022-03-24 15:45:49,504] {subprocess.py:62} INFO - Tmp dir root location: 
 /tmp
[2022-03-24 15:45:49,504] {subprocess.py:74} INFO - Running command: ['bash', '-c', '\n            cd /opt/iowa/dbt/iowa &&\n            dbt --no-write-json run --target dev --models staging_sales\n            ']
[2022-03-24 15:45:49,509] {subprocess.py:85} INFO - Output:
[2022-03-24 15:45:52,201] {subprocess.py:89} INFO - 15:45:52  Running with dbt=1.0.4
[2022-03-24 15:45:52,259] {subprocess.py:89} INFO - 15:45:52  Found 8 models, 2 tests, 0 snapshots, 0 analyses, 188 macros, 0 operations, 0 seed files, 1 source, 0 exposures, 0 metrics
[2022-03-24 15:45:52,261] {subprocess.py:89} INFO - 15:45:52
[2022-03-24 15:45:58,238] {subprocess.py:89} INFO - 15:45:58  Concurrency: 4 threads (target='dev')
[2022-03-24 15:45:58,238] {subprocess.py:89} INFO - 15:45:58
[2022-03-24 15:45:58,242] {subprocess.py:89} INFO - 15:45:58  1 of 1 START view model iowa_staging.staging_sales.............................. [RUN]
[2022-03-24 15:46:02,039] {subprocess.py:89} INFO - 15:46:02  1 of 1 OK created view model iowa_staging.staging_sales......................... [OK in 3.80s]
[2022-03-24 15:46:02,041] {subprocess.py:89} INFO - 15:46:02
[2022-03-24 15:46:02,042] {subprocess.py:89} INFO - 15:46:02  Finished running 1 view model in 9.78s.
[2022-03-24 15:46:02,043] {subprocess.py:89} INFO - 15:46:02
[2022-03-24 15:46:02,043] {subprocess.py:89} INFO - 15:46:02  Completed successfully
[2022-03-24 15:46:02,043] {subprocess.py:89} INFO - 15:46:02
[2022-03-24 15:46:02,044] {subprocess.py:89} INFO - 15:46:02  Done. PASS=1 WARN=0 ERROR=0 SKIP=0 TOTAL=1
[2022-03-24 15:46:04,273] {subprocess.py:93} INFO - Command exited with return code 0
[2022-03-24 15:46:04,296] {taskinstance.py:1272} INFO - Marking task as SUCCESS. dag_id=dbt_dag, task_id=model.iowa.staging_sales, execution_date=20220324T154032, start_date=20220324T154549, end_date=20220324T154604
[2022-03-24 15:46:04,309] {local_task_job.py:154} INFO - Task exited with return code 0
[2022-03-24 15:46:04,345] {local_task_job.py:264} INFO - 5 downstream tasks scheduled from follow-on schedule check
