[2022-03-23 20:15:09,707] {taskinstance.py:1037} INFO - Dependencies all met for <TaskInstance: EL_dag.local_to_gcs_task scheduled__2012-03-02T01:00:00+00:00 [queued]>
[2022-03-23 20:15:09,718] {taskinstance.py:1037} INFO - Dependencies all met for <TaskInstance: EL_dag.local_to_gcs_task scheduled__2012-03-02T01:00:00+00:00 [queued]>
[2022-03-23 20:15:09,718] {taskinstance.py:1243} INFO - 
--------------------------------------------------------------------------------
[2022-03-23 20:15:09,718] {taskinstance.py:1244} INFO - Starting attempt 1 of 2
[2022-03-23 20:15:09,718] {taskinstance.py:1245} INFO - 
--------------------------------------------------------------------------------
[2022-03-23 20:15:09,726] {taskinstance.py:1264} INFO - Executing <Task(PythonOperator): local_to_gcs_task> on 2012-03-02 01:00:00+00:00
[2022-03-23 20:15:09,730] {standard_task_runner.py:52} INFO - Started process 246 to run task
[2022-03-23 20:15:09,733] {standard_task_runner.py:76} INFO - Running: ['airflow', 'tasks', 'run', 'EL_dag', 'local_to_gcs_task', 'scheduled__2012-03-02T01:00:00+00:00', '--job-id', '106', '--raw', '--subdir', 'DAGS_FOLDER/extract_load_dags.py', '--cfg-path', '/tmp/tmp80jkhiue', '--error-file', '/tmp/tmpsmpvxbp6']
[2022-03-23 20:15:09,733] {standard_task_runner.py:77} INFO - Job 106: Subtask local_to_gcs_task
[2022-03-23 20:15:09,854] {logging_mixin.py:109} INFO - Running <TaskInstance: EL_dag.local_to_gcs_task scheduled__2012-03-02T01:00:00+00:00 [running]> on host a91ac75a8f43
[2022-03-23 20:15:09,885] {logging_mixin.py:109} WARNING - /usr/local/lib/python3.9/site-packages/airflow/utils/context.py:156 AirflowContextDeprecationWarning: Accessing 'execution_date' from the template is deprecated and will be removed in a future version. Please use 'data_interval_start' or 'logical_date' instead.
[2022-03-23 20:15:09,904] {taskinstance.py:1429} INFO - Exporting the following env vars:
AIRFLOW_CTX_DAG_OWNER=airflow
AIRFLOW_CTX_DAG_ID=EL_dag
AIRFLOW_CTX_TASK_ID=local_to_gcs_task
AIRFLOW_CTX_EXECUTION_DATE=2012-03-02T01:00:00+00:00
AIRFLOW_CTX_DAG_RUN_ID=scheduled__2012-03-02T01:00:00+00:00
[2022-03-23 20:15:12,309] {python.py:175} INFO - Done. Returned value was: None
[2022-03-23 20:15:12,321] {taskinstance.py:1272} INFO - Marking task as SUCCESS. dag_id=EL_dag, task_id=local_to_gcs_task, execution_date=20120302T010000, start_date=20220323T201509, end_date=20220323T201512
[2022-03-23 20:15:12,358] {local_task_job.py:154} INFO - Task exited with return code 0
[2022-03-23 20:15:12,447] {local_task_job.py:264} INFO - 1 downstream tasks scheduled from follow-on schedule check
