[2022-03-21 22:03:25,071] {taskinstance.py:1037} INFO - Dependencies all met for <TaskInstance: BQ_dag.external_task_sensor scheduled__2012-01-01T00:00:00+00:00 [queued]>
[2022-03-21 22:03:25,077] {taskinstance.py:1037} INFO - Dependencies all met for <TaskInstance: BQ_dag.external_task_sensor scheduled__2012-01-01T00:00:00+00:00 [queued]>
[2022-03-21 22:03:25,078] {taskinstance.py:1243} INFO - 
--------------------------------------------------------------------------------
[2022-03-21 22:03:25,078] {taskinstance.py:1244} INFO - Starting attempt 3 of 5
[2022-03-21 22:03:25,078] {taskinstance.py:1245} INFO - 
--------------------------------------------------------------------------------
[2022-03-21 22:03:25,085] {taskinstance.py:1264} INFO - Executing <Task(ExternalTaskSensor): external_task_sensor> on 2012-01-01 00:00:00+00:00
[2022-03-21 22:03:25,088] {standard_task_runner.py:52} INFO - Started process 3731 to run task
[2022-03-21 22:03:25,091] {standard_task_runner.py:76} INFO - Running: ['airflow', 'tasks', 'run', 'BQ_dag', 'external_task_sensor', 'scheduled__2012-01-01T00:00:00+00:00', '--job-id', '53', '--raw', '--subdir', 'DAGS_FOLDER/extract_load_dags.py', '--cfg-path', '/tmp/tmpj3sy7sqc', '--error-file', '/tmp/tmpgm7la7b4']
[2022-03-21 22:03:25,092] {standard_task_runner.py:77} INFO - Job 53: Subtask external_task_sensor
[2022-03-21 22:03:25,203] {logging_mixin.py:109} INFO - Running <TaskInstance: BQ_dag.external_task_sensor scheduled__2012-01-01T00:00:00+00:00 [running]> on host 7fae4c5ec6da
[2022-03-21 22:03:25,242] {taskinstance.py:1429} INFO - Exporting the following env vars:
AIRFLOW_CTX_DAG_OWNER=airflow
AIRFLOW_CTX_DAG_ID=BQ_dag
AIRFLOW_CTX_TASK_ID=external_task_sensor
AIRFLOW_CTX_EXECUTION_DATE=2012-01-01T00:00:00+00:00
AIRFLOW_CTX_DAG_RUN_ID=scheduled__2012-01-01T00:00:00+00:00
[2022-03-21 22:03:25,242] {external_task.py:169} INFO - Poking for tasks None in dag EL_dag on 2011-12-31T23:55:00+00:00 ... 
[2022-03-21 22:04:25,296] {external_task.py:169} INFO - Poking for tasks None in dag EL_dag on 2011-12-31T23:55:00+00:00 ... 
[2022-03-21 22:05:25,351] {external_task.py:169} INFO - Poking for tasks None in dag EL_dag on 2011-12-31T23:55:00+00:00 ... 
[2022-03-21 22:06:25,414] {external_task.py:169} INFO - Poking for tasks None in dag EL_dag on 2011-12-31T23:55:00+00:00 ... 
[2022-03-21 22:06:25,422] {taskinstance.py:1718} ERROR - Task failed with exception
Traceback (most recent call last):
  File "/usr/local/lib/python3.9/site-packages/airflow/models/taskinstance.py", line 1334, in _run_raw_task
    self._execute_task_with_callbacks(context)
  File "/usr/local/lib/python3.9/site-packages/airflow/models/taskinstance.py", line 1460, in _execute_task_with_callbacks
    result = self._execute_task(context, self.task)
  File "/usr/local/lib/python3.9/site-packages/airflow/models/taskinstance.py", line 1516, in _execute_task
    result = execute_callable(context=context)
  File "/usr/local/lib/python3.9/site-packages/airflow/sensors/base.py", line 242, in execute
    raise AirflowSensorTimeout(f"Snap. Time is OUT. DAG id: {log_dag_id}")
airflow.exceptions.AirflowSensorTimeout: Snap. Time is OUT. DAG id: BQ_dag
[2022-03-21 22:06:25,433] {taskinstance.py:1272} INFO - Immediate failure requested. Marking task as FAILED. dag_id=BQ_dag, task_id=external_task_sensor, execution_date=20120101T000000, start_date=20220321T220325, end_date=20220321T220625
[2022-03-21 22:06:25,441] {standard_task_runner.py:89} ERROR - Failed to execute job 53 for task external_task_sensor
Traceback (most recent call last):
  File "/usr/local/lib/python3.9/site-packages/airflow/task/task_runner/standard_task_runner.py", line 85, in _start_by_fork
    args.func(args, dag=self.dag)
  File "/usr/local/lib/python3.9/site-packages/airflow/cli/cli_parser.py", line 48, in command
    return func(*args, **kwargs)
  File "/usr/local/lib/python3.9/site-packages/airflow/utils/cli.py", line 92, in wrapper
    return f(*args, **kwargs)
  File "/usr/local/lib/python3.9/site-packages/airflow/cli/commands/task_command.py", line 298, in task_run
    _run_task_by_selected_method(args, dag, ti)
  File "/usr/local/lib/python3.9/site-packages/airflow/cli/commands/task_command.py", line 107, in _run_task_by_selected_method
    _run_raw_task(args, ti)
  File "/usr/local/lib/python3.9/site-packages/airflow/cli/commands/task_command.py", line 180, in _run_raw_task
    ti._run_raw_task(
  File "/usr/local/lib/python3.9/site-packages/airflow/utils/session.py", line 70, in wrapper
    return func(*args, session=session, **kwargs)
  File "/usr/local/lib/python3.9/site-packages/airflow/models/taskinstance.py", line 1334, in _run_raw_task
    self._execute_task_with_callbacks(context)
  File "/usr/local/lib/python3.9/site-packages/airflow/models/taskinstance.py", line 1460, in _execute_task_with_callbacks
    result = self._execute_task(context, self.task)
  File "/usr/local/lib/python3.9/site-packages/airflow/models/taskinstance.py", line 1516, in _execute_task
    result = execute_callable(context=context)
  File "/usr/local/lib/python3.9/site-packages/airflow/sensors/base.py", line 242, in execute
    raise AirflowSensorTimeout(f"Snap. Time is OUT. DAG id: {log_dag_id}")
airflow.exceptions.AirflowSensorTimeout: Snap. Time is OUT. DAG id: BQ_dag
[2022-03-21 22:06:25,464] {local_task_job.py:154} INFO - Task exited with return code 1
[2022-03-21 22:06:25,507] {local_task_job.py:264} INFO - 0 downstream tasks scheduled from follow-on schedule check
[2022-03-21 22:40:49,585] {taskinstance.py:1037} INFO - Dependencies all met for <TaskInstance: BQ_dag.external_task_sensor scheduled__2012-01-01T00:00:00+00:00 [queued]>
[2022-03-21 22:40:49,595] {taskinstance.py:1037} INFO - Dependencies all met for <TaskInstance: BQ_dag.external_task_sensor scheduled__2012-01-01T00:00:00+00:00 [queued]>
[2022-03-21 22:40:49,595] {taskinstance.py:1243} INFO - 
--------------------------------------------------------------------------------
[2022-03-21 22:40:49,595] {taskinstance.py:1244} INFO - Starting attempt 3 of 5
[2022-03-21 22:40:49,595] {taskinstance.py:1245} INFO - 
--------------------------------------------------------------------------------
[2022-03-21 22:40:49,604] {taskinstance.py:1264} INFO - Executing <Task(ExternalTaskSensor): external_task_sensor> on 2012-01-01 00:00:00+00:00
[2022-03-21 22:40:49,609] {standard_task_runner.py:52} INFO - Started process 866 to run task
[2022-03-21 22:40:49,611] {standard_task_runner.py:76} INFO - Running: ['airflow', 'tasks', 'run', 'BQ_dag', 'external_task_sensor', 'scheduled__2012-01-01T00:00:00+00:00', '--job-id', '68', '--raw', '--subdir', 'DAGS_FOLDER/extract_load_dags.py', '--cfg-path', '/tmp/tmpof_rvj8s', '--error-file', '/tmp/tmphuppwls6']
[2022-03-21 22:40:49,612] {standard_task_runner.py:77} INFO - Job 68: Subtask external_task_sensor
[2022-03-21 22:40:49,733] {logging_mixin.py:109} INFO - Running <TaskInstance: BQ_dag.external_task_sensor scheduled__2012-01-01T00:00:00+00:00 [running]> on host 7fae4c5ec6da
[2022-03-21 22:40:49,776] {taskinstance.py:1429} INFO - Exporting the following env vars:
AIRFLOW_CTX_DAG_OWNER=airflow
AIRFLOW_CTX_DAG_ID=BQ_dag
AIRFLOW_CTX_TASK_ID=external_task_sensor
AIRFLOW_CTX_EXECUTION_DATE=2012-01-01T00:00:00+00:00
AIRFLOW_CTX_DAG_RUN_ID=scheduled__2012-01-01T00:00:00+00:00
[2022-03-21 22:40:49,776] {external_task.py:169} INFO - Poking for tasks ['remove_dataset_task'] in dag EL_dag on 2012-01-02T00:10:00+00:00 ... 
[2022-03-21 22:41:49,848] {external_task.py:169} INFO - Poking for tasks ['remove_dataset_task'] in dag EL_dag on 2012-01-02T00:10:00+00:00 ... 
[2022-03-21 22:42:49,868] {external_task.py:169} INFO - Poking for tasks ['remove_dataset_task'] in dag EL_dag on 2012-01-02T00:10:00+00:00 ... 
[2022-03-21 22:43:49,934] {external_task.py:169} INFO - Poking for tasks ['remove_dataset_task'] in dag EL_dag on 2012-01-02T00:10:00+00:00 ... 
[2022-03-21 22:43:49,943] {taskinstance.py:1718} ERROR - Task failed with exception
Traceback (most recent call last):
  File "/usr/local/lib/python3.9/site-packages/airflow/models/taskinstance.py", line 1334, in _run_raw_task
    self._execute_task_with_callbacks(context)
  File "/usr/local/lib/python3.9/site-packages/airflow/models/taskinstance.py", line 1460, in _execute_task_with_callbacks
    result = self._execute_task(context, self.task)
  File "/usr/local/lib/python3.9/site-packages/airflow/models/taskinstance.py", line 1516, in _execute_task
    result = execute_callable(context=context)
  File "/usr/local/lib/python3.9/site-packages/airflow/sensors/base.py", line 242, in execute
    raise AirflowSensorTimeout(f"Snap. Time is OUT. DAG id: {log_dag_id}")
airflow.exceptions.AirflowSensorTimeout: Snap. Time is OUT. DAG id: BQ_dag
[2022-03-21 22:43:49,955] {taskinstance.py:1272} INFO - Immediate failure requested. Marking task as FAILED. dag_id=BQ_dag, task_id=external_task_sensor, execution_date=20120101T000000, start_date=20220321T224049, end_date=20220321T224349
[2022-03-21 22:43:49,965] {standard_task_runner.py:89} ERROR - Failed to execute job 68 for task external_task_sensor
Traceback (most recent call last):
  File "/usr/local/lib/python3.9/site-packages/airflow/task/task_runner/standard_task_runner.py", line 85, in _start_by_fork
    args.func(args, dag=self.dag)
  File "/usr/local/lib/python3.9/site-packages/airflow/cli/cli_parser.py", line 48, in command
    return func(*args, **kwargs)
  File "/usr/local/lib/python3.9/site-packages/airflow/utils/cli.py", line 92, in wrapper
    return f(*args, **kwargs)
  File "/usr/local/lib/python3.9/site-packages/airflow/cli/commands/task_command.py", line 298, in task_run
    _run_task_by_selected_method(args, dag, ti)
  File "/usr/local/lib/python3.9/site-packages/airflow/cli/commands/task_command.py", line 107, in _run_task_by_selected_method
    _run_raw_task(args, ti)
  File "/usr/local/lib/python3.9/site-packages/airflow/cli/commands/task_command.py", line 180, in _run_raw_task
    ti._run_raw_task(
  File "/usr/local/lib/python3.9/site-packages/airflow/utils/session.py", line 70, in wrapper
    return func(*args, session=session, **kwargs)
  File "/usr/local/lib/python3.9/site-packages/airflow/models/taskinstance.py", line 1334, in _run_raw_task
    self._execute_task_with_callbacks(context)
  File "/usr/local/lib/python3.9/site-packages/airflow/models/taskinstance.py", line 1460, in _execute_task_with_callbacks
    result = self._execute_task(context, self.task)
  File "/usr/local/lib/python3.9/site-packages/airflow/models/taskinstance.py", line 1516, in _execute_task
    result = execute_callable(context=context)
  File "/usr/local/lib/python3.9/site-packages/airflow/sensors/base.py", line 242, in execute
    raise AirflowSensorTimeout(f"Snap. Time is OUT. DAG id: {log_dag_id}")
airflow.exceptions.AirflowSensorTimeout: Snap. Time is OUT. DAG id: BQ_dag
[2022-03-21 22:43:50,009] {local_task_job.py:154} INFO - Task exited with return code 1
[2022-03-21 22:43:50,046] {local_task_job.py:264} INFO - 0 downstream tasks scheduled from follow-on schedule check
