[2022-03-21 22:09:40,754] {taskinstance.py:1037} INFO - Dependencies all met for <TaskInstance: BQ_dag.external_task_sensor scheduled__2012-01-01T00:00:00+00:00 [queued]>
[2022-03-21 22:09:40,760] {taskinstance.py:1037} INFO - Dependencies all met for <TaskInstance: BQ_dag.external_task_sensor scheduled__2012-01-01T00:00:00+00:00 [queued]>
[2022-03-21 22:09:40,761] {taskinstance.py:1243} INFO - 
--------------------------------------------------------------------------------
[2022-03-21 22:09:40,761] {taskinstance.py:1244} INFO - Starting attempt 4 of 6
[2022-03-21 22:09:40,761] {taskinstance.py:1245} INFO - 
--------------------------------------------------------------------------------
[2022-03-21 22:09:40,768] {taskinstance.py:1264} INFO - Executing <Task(ExternalTaskSensor): external_task_sensor> on 2012-01-01 00:00:00+00:00
[2022-03-21 22:09:40,771] {standard_task_runner.py:52} INFO - Started process 4023 to run task
[2022-03-21 22:09:40,773] {standard_task_runner.py:76} INFO - Running: ['airflow', 'tasks', 'run', 'BQ_dag', 'external_task_sensor', 'scheduled__2012-01-01T00:00:00+00:00', '--job-id', '55', '--raw', '--subdir', 'DAGS_FOLDER/extract_load_dags.py', '--cfg-path', '/tmp/tmp7s7lnmxd', '--error-file', '/tmp/tmpwh9ada0v']
[2022-03-21 22:09:40,774] {standard_task_runner.py:77} INFO - Job 55: Subtask external_task_sensor
[2022-03-21 22:09:40,899] {logging_mixin.py:109} INFO - Running <TaskInstance: BQ_dag.external_task_sensor scheduled__2012-01-01T00:00:00+00:00 [running]> on host 7fae4c5ec6da
[2022-03-21 22:09:40,942] {taskinstance.py:1429} INFO - Exporting the following env vars:
AIRFLOW_CTX_DAG_OWNER=airflow
AIRFLOW_CTX_DAG_ID=BQ_dag
AIRFLOW_CTX_TASK_ID=external_task_sensor
AIRFLOW_CTX_EXECUTION_DATE=2012-01-01T00:00:00+00:00
AIRFLOW_CTX_DAG_RUN_ID=scheduled__2012-01-01T00:00:00+00:00
[2022-03-21 22:09:40,943] {external_task.py:169} INFO - Poking for tasks None in dag EL_dag on 2011-12-31T23:55:00+00:00 ... 
[2022-03-21 22:09:55,973] {local_task_job.py:211} WARNING - State of this instance has been externally set to None. Terminating instance.
[2022-03-21 22:09:55,974] {process_utils.py:120} INFO - Sending Signals.SIGTERM to group 4023. PIDs of all processes in the group: [4023]
[2022-03-21 22:09:55,974] {process_utils.py:75} INFO - Sending the signal Signals.SIGTERM to group 4023
[2022-03-21 22:09:55,975] {taskinstance.py:1413} ERROR - Received SIGTERM. Terminating subprocesses.
[2022-03-21 22:09:55,987] {taskinstance.py:1718} ERROR - Task failed with exception
Traceback (most recent call last):
  File "/usr/local/lib/python3.9/site-packages/airflow/models/taskinstance.py", line 1334, in _run_raw_task
    self._execute_task_with_callbacks(context)
  File "/usr/local/lib/python3.9/site-packages/airflow/models/taskinstance.py", line 1460, in _execute_task_with_callbacks
    result = self._execute_task(context, self.task)
  File "/usr/local/lib/python3.9/site-packages/airflow/models/taskinstance.py", line 1516, in _execute_task
    result = execute_callable(context=context)
  File "/usr/local/lib/python3.9/site-packages/airflow/sensors/base.py", line 249, in execute
    time.sleep(self._get_next_poke_interval(started_at, run_duration, try_number))
  File "/usr/local/lib/python3.9/site-packages/airflow/models/taskinstance.py", line 1415, in signal_handler
    raise AirflowException("Task received SIGTERM signal")
airflow.exceptions.AirflowException: Task received SIGTERM signal
[2022-03-21 22:09:55,992] {taskinstance.py:1272} INFO - Marking task as UP_FOR_RETRY. dag_id=BQ_dag, task_id=external_task_sensor, execution_date=20120101T000000, start_date=20220321T220940, end_date=20220321T220955
[2022-03-21 22:09:56,004] {standard_task_runner.py:89} ERROR - Failed to execute job 55 for task external_task_sensor
Traceback (most recent call last):
  File "/usr/local/lib/python3.9/site-packages/airflow/task/task_runner/standard_task_runner.py", line 85, in _start_by_fork
    args.func(args, dag=self.dag)
  File "/usr/local/lib/python3.9/site-packages/airflow/cli/cli_parser.py", line 48, in command
    return func(*args, **kwargs)
  File "/usr/local/lib/python3.9/site-packages/airflow/utils/cli.py", line 92, in wrapper
    return f(*args, **kwargs)
  File "/usr/local/lib/python3.9/site-packages/airflow/cli/commands/task_command.py", line 298, in task_run
    _run_task_by_selected_method(args, dag, ti)
  File "/usr/local/lib/python3.9/site-packages/airflow/cli/commands/task_command.py", line 107, in _run_task_by_selected_method
    _run_raw_task(args, ti)
  File "/usr/local/lib/python3.9/site-packages/airflow/cli/commands/task_command.py", line 180, in _run_raw_task
    ti._run_raw_task(
  File "/usr/local/lib/python3.9/site-packages/airflow/utils/session.py", line 70, in wrapper
    return func(*args, session=session, **kwargs)
  File "/usr/local/lib/python3.9/site-packages/airflow/models/taskinstance.py", line 1334, in _run_raw_task
    self._execute_task_with_callbacks(context)
  File "/usr/local/lib/python3.9/site-packages/airflow/models/taskinstance.py", line 1460, in _execute_task_with_callbacks
    result = self._execute_task(context, self.task)
  File "/usr/local/lib/python3.9/site-packages/airflow/models/taskinstance.py", line 1516, in _execute_task
    result = execute_callable(context=context)
  File "/usr/local/lib/python3.9/site-packages/airflow/sensors/base.py", line 249, in execute
    time.sleep(self._get_next_poke_interval(started_at, run_duration, try_number))
  File "/usr/local/lib/python3.9/site-packages/airflow/models/taskinstance.py", line 1415, in signal_handler
    raise AirflowException("Task received SIGTERM signal")
airflow.exceptions.AirflowException: Task received SIGTERM signal
[2022-03-21 22:09:56,027] {process_utils.py:70} INFO - Process psutil.Process(pid=4023, status='terminated', exitcode=1, started='22:09:39') (4023) terminated with exit code 1
[2022-03-21 22:52:51,832] {taskinstance.py:1037} INFO - Dependencies all met for <TaskInstance: BQ_dag.external_task_sensor scheduled__2012-01-01T00:00:00+00:00 [queued]>
[2022-03-21 22:52:51,842] {taskinstance.py:1037} INFO - Dependencies all met for <TaskInstance: BQ_dag.external_task_sensor scheduled__2012-01-01T00:00:00+00:00 [queued]>
[2022-03-21 22:52:51,842] {taskinstance.py:1243} INFO - 
--------------------------------------------------------------------------------
[2022-03-21 22:52:51,842] {taskinstance.py:1244} INFO - Starting attempt 4 of 6
[2022-03-21 22:52:51,843] {taskinstance.py:1245} INFO - 
--------------------------------------------------------------------------------
[2022-03-21 22:52:51,850] {taskinstance.py:1264} INFO - Executing <Task(ExternalTaskSensor): external_task_sensor> on 2012-01-01 00:00:00+00:00
[2022-03-21 22:52:51,854] {standard_task_runner.py:52} INFO - Started process 1413 to run task
[2022-03-21 22:52:51,856] {standard_task_runner.py:76} INFO - Running: ['airflow', 'tasks', 'run', 'BQ_dag', 'external_task_sensor', 'scheduled__2012-01-01T00:00:00+00:00', '--job-id', '69', '--raw', '--subdir', 'DAGS_FOLDER/extract_load_dags.py', '--cfg-path', '/tmp/tmpqwo3i49i', '--error-file', '/tmp/tmpud7y94i0']
[2022-03-21 22:52:51,857] {standard_task_runner.py:77} INFO - Job 69: Subtask external_task_sensor
[2022-03-21 22:52:51,981] {logging_mixin.py:109} INFO - Running <TaskInstance: BQ_dag.external_task_sensor scheduled__2012-01-01T00:00:00+00:00 [running]> on host 7fae4c5ec6da
[2022-03-21 22:52:52,023] {taskinstance.py:1429} INFO - Exporting the following env vars:
AIRFLOW_CTX_DAG_OWNER=airflow
AIRFLOW_CTX_DAG_ID=BQ_dag
AIRFLOW_CTX_TASK_ID=external_task_sensor
AIRFLOW_CTX_EXECUTION_DATE=2012-01-01T00:00:00+00:00
AIRFLOW_CTX_DAG_RUN_ID=scheduled__2012-01-01T00:00:00+00:00
[2022-03-21 22:52:52,024] {external_task.py:169} INFO - Poking for tasks ['remove_dataset_task'] in dag EL_dag on 2012-01-02T00:10:00+00:00 ... 
[2022-03-21 22:53:52,043] {external_task.py:169} INFO - Poking for tasks ['remove_dataset_task'] in dag EL_dag on 2012-01-02T00:10:00+00:00 ... 
[2022-03-21 22:54:52,072] {external_task.py:169} INFO - Poking for tasks ['remove_dataset_task'] in dag EL_dag on 2012-01-02T00:10:00+00:00 ... 
[2022-03-21 22:55:52,145] {external_task.py:169} INFO - Poking for tasks ['remove_dataset_task'] in dag EL_dag on 2012-01-02T00:10:00+00:00 ... 
[2022-03-21 22:55:52,154] {taskinstance.py:1718} ERROR - Task failed with exception
Traceback (most recent call last):
  File "/usr/local/lib/python3.9/site-packages/airflow/models/taskinstance.py", line 1334, in _run_raw_task
    self._execute_task_with_callbacks(context)
  File "/usr/local/lib/python3.9/site-packages/airflow/models/taskinstance.py", line 1460, in _execute_task_with_callbacks
    result = self._execute_task(context, self.task)
  File "/usr/local/lib/python3.9/site-packages/airflow/models/taskinstance.py", line 1516, in _execute_task
    result = execute_callable(context=context)
  File "/usr/local/lib/python3.9/site-packages/airflow/sensors/base.py", line 242, in execute
    raise AirflowSensorTimeout(f"Snap. Time is OUT. DAG id: {log_dag_id}")
airflow.exceptions.AirflowSensorTimeout: Snap. Time is OUT. DAG id: BQ_dag
[2022-03-21 22:55:52,165] {taskinstance.py:1272} INFO - Immediate failure requested. Marking task as FAILED. dag_id=BQ_dag, task_id=external_task_sensor, execution_date=20120101T000000, start_date=20220321T225251, end_date=20220321T225552
[2022-03-21 22:55:52,174] {standard_task_runner.py:89} ERROR - Failed to execute job 69 for task external_task_sensor
Traceback (most recent call last):
  File "/usr/local/lib/python3.9/site-packages/airflow/task/task_runner/standard_task_runner.py", line 85, in _start_by_fork
    args.func(args, dag=self.dag)
  File "/usr/local/lib/python3.9/site-packages/airflow/cli/cli_parser.py", line 48, in command
    return func(*args, **kwargs)
  File "/usr/local/lib/python3.9/site-packages/airflow/utils/cli.py", line 92, in wrapper
    return f(*args, **kwargs)
  File "/usr/local/lib/python3.9/site-packages/airflow/cli/commands/task_command.py", line 298, in task_run
    _run_task_by_selected_method(args, dag, ti)
  File "/usr/local/lib/python3.9/site-packages/airflow/cli/commands/task_command.py", line 107, in _run_task_by_selected_method
    _run_raw_task(args, ti)
  File "/usr/local/lib/python3.9/site-packages/airflow/cli/commands/task_command.py", line 180, in _run_raw_task
    ti._run_raw_task(
  File "/usr/local/lib/python3.9/site-packages/airflow/utils/session.py", line 70, in wrapper
    return func(*args, session=session, **kwargs)
  File "/usr/local/lib/python3.9/site-packages/airflow/models/taskinstance.py", line 1334, in _run_raw_task
    self._execute_task_with_callbacks(context)
  File "/usr/local/lib/python3.9/site-packages/airflow/models/taskinstance.py", line 1460, in _execute_task_with_callbacks
    result = self._execute_task(context, self.task)
  File "/usr/local/lib/python3.9/site-packages/airflow/models/taskinstance.py", line 1516, in _execute_task
    result = execute_callable(context=context)
  File "/usr/local/lib/python3.9/site-packages/airflow/sensors/base.py", line 242, in execute
    raise AirflowSensorTimeout(f"Snap. Time is OUT. DAG id: {log_dag_id}")
airflow.exceptions.AirflowSensorTimeout: Snap. Time is OUT. DAG id: BQ_dag
[2022-03-21 22:55:52,205] {local_task_job.py:154} INFO - Task exited with return code 1
[2022-03-21 22:55:52,235] {local_task_job.py:264} INFO - 0 downstream tasks scheduled from follow-on schedule check
