[2022-03-21 22:12:10,074] {taskinstance.py:1037} INFO - Dependencies all met for <TaskInstance: BQ_dag.external_task_sensor scheduled__2012-01-01T00:00:00+00:00 [queued]>
[2022-03-21 22:12:10,081] {taskinstance.py:1037} INFO - Dependencies all met for <TaskInstance: BQ_dag.external_task_sensor scheduled__2012-01-01T00:00:00+00:00 [queued]>
[2022-03-21 22:12:10,081] {taskinstance.py:1243} INFO - 
--------------------------------------------------------------------------------
[2022-03-21 22:12:10,081] {taskinstance.py:1244} INFO - Starting attempt 5 of 7
[2022-03-21 22:12:10,081] {taskinstance.py:1245} INFO - 
--------------------------------------------------------------------------------
[2022-03-21 22:12:10,088] {taskinstance.py:1264} INFO - Executing <Task(ExternalTaskSensor): external_task_sensor> on 2012-01-01 00:00:00+00:00
[2022-03-21 22:12:10,092] {standard_task_runner.py:52} INFO - Started process 4177 to run task
[2022-03-21 22:12:10,095] {standard_task_runner.py:76} INFO - Running: ['airflow', 'tasks', 'run', 'BQ_dag', 'external_task_sensor', 'scheduled__2012-01-01T00:00:00+00:00', '--job-id', '56', '--raw', '--subdir', 'DAGS_FOLDER/extract_load_dags.py', '--cfg-path', '/tmp/tmpmx_1dfoh', '--error-file', '/tmp/tmpxgou7xmc']
[2022-03-21 22:12:10,095] {standard_task_runner.py:77} INFO - Job 56: Subtask external_task_sensor
[2022-03-21 22:12:10,226] {logging_mixin.py:109} INFO - Running <TaskInstance: BQ_dag.external_task_sensor scheduled__2012-01-01T00:00:00+00:00 [running]> on host 7fae4c5ec6da
[2022-03-21 22:12:10,273] {taskinstance.py:1429} INFO - Exporting the following env vars:
AIRFLOW_CTX_DAG_OWNER=airflow
AIRFLOW_CTX_DAG_ID=BQ_dag
AIRFLOW_CTX_TASK_ID=external_task_sensor
AIRFLOW_CTX_EXECUTION_DATE=2012-01-01T00:00:00+00:00
AIRFLOW_CTX_DAG_RUN_ID=scheduled__2012-01-01T00:00:00+00:00
[2022-03-21 22:12:10,274] {external_task.py:169} INFO - Poking for tasks None in dag EL_dag on 2011-12-31T23:55:00+00:00 ... 
[2022-03-21 22:12:30,356] {local_task_job.py:211} WARNING - State of this instance has been externally set to failed. Terminating instance.
[2022-03-21 22:12:30,357] {process_utils.py:120} INFO - Sending Signals.SIGTERM to group 4177. PIDs of all processes in the group: [4177]
[2022-03-21 22:12:30,357] {process_utils.py:75} INFO - Sending the signal Signals.SIGTERM to group 4177
[2022-03-21 22:12:30,357] {taskinstance.py:1413} ERROR - Received SIGTERM. Terminating subprocesses.
[2022-03-21 22:12:30,384] {process_utils.py:70} INFO - Process psutil.Process(pid=4177, status='terminated', exitcode=0, started='22:12:09') (4177) terminated with exit code 0
